<?xml version="1.0" encoding="utf-8"?>
<coverage line-rate="1" branch-rate="0" complexity="0" branches-covered="0" branches-valid="0" timestamp="1761326813" lines-covered="12" lines-valid="12" version="0">
  <sources>
    <source>C:</source>
  </sources>
  <packages>
    <package name="C:\Users\ahmet\OneDrive\Masaüstü\DataStructure\cen207-2025-2026-5-Mustafa-Yildirimm-cpp\build_win\tests\Debug\unit_tests.exe" line-rate="1" branch-rate="0" complexity="0">
      <classes>
        <class name="CoverageAnchor.cpp" filename="Users\ahmet\OneDrive\Masaüstü\DataStructure\cen207-2025-2026-5-Mustafa-Yildirimm-cpp\src\coverage_anchor\CoverageAnchor.cpp" line-rate="1" branch-rate="0" complexity="0">
          <methods/>
          <lines>
            <line number="6" hits="1"/>
            <line number="8" hits="1"/>
            <line number="9" hits="1"/>
            <line number="10" hits="1"/>
            <line number="11" hits="1"/>
            <line number="13" hits="1"/>
            <line number="14" hits="1"/>
            <line number="15" hits="1"/>
            <line number="18" hits="1"/>
            <line number="21" hits="1"/>
            <line number="22" hits="1"/>
            <line number="23" hits="1"/>
          </lines>
        </class>
      </classes>
    </package>
  </packages>
</coverage>
