<?xml version="1.0" encoding="UTF-8"?>
<testsuite name="(empty)"
	tests="99"
	failures="4"
	disabled="0"
	skipped="0"
	hostname=""
	time="0"
	timestamp="2025-10-24T19:29:55"
	>
	<testcase name="LanguageTranslatorTest.BasicWordTranslation" classname="LanguageTranslatorTest.BasicWordTranslation" time="0.0287493" status="run">
		<properties/>
		<system-out>Running main() from C:\Users\ahmet\OneDrive\Masaüstü\DataStructure\cen207-2025-2026-5-Mustafa-Yildirimm-cpp\build_win\_deps\googletest-src\googletest\src\gtest_main.cc
Note: Google Test filter = LanguageTranslatorTest.BasicWordTranslation
[==========] Running 1 test from 1 test suite.
[----------] Global test environment set-up.
[----------] 1 test from LanguageTranslatorTest
[ RUN      ] LanguageTranslatorTest.BasicWordTranslation
[       OK ] LanguageTranslatorTest.BasicWordTranslation (0 ms)
[----------] 1 test from LanguageTranslatorTest (0 ms total)

[----------] Global test environment tear-down
[==========] 1 test from 1 test suite ran. (0 ms total)
[  PASSED  ] 1 test.
</system-out>
	</testcase>
	<testcase name="LanguageTranslatorTest.PhraseTranslation" classname="LanguageTranslatorTest.PhraseTranslation" time="0.0223643" status="run">
		<properties/>
		<system-out>Running main() from C:\Users\ahmet\OneDrive\Masaüstü\DataStructure\cen207-2025-2026-5-Mustafa-Yildirimm-cpp\build_win\_deps\googletest-src\googletest\src\gtest_main.cc
Note: Google Test filter = LanguageTranslatorTest.PhraseTranslation
[==========] Running 1 test from 1 test suite.
[----------] Global test environment set-up.
[----------] 1 test from LanguageTranslatorTest
[ RUN      ] LanguageTranslatorTest.PhraseTranslation
[       OK ] LanguageTranslatorTest.PhraseTranslation (0 ms)
[----------] 1 test from LanguageTranslatorTest (0 ms total)

[----------] Global test environment tear-down
[==========] 1 test from 1 test suite ran. (0 ms total)
[  PASSED  ] 1 test.
</system-out>
	</testcase>
	<testcase name="LanguageTranslatorTest.UnknownWordHandling" classname="LanguageTranslatorTest.UnknownWordHandling" time="0.0299787" status="run">
		<properties/>
		<system-out>Running main() from C:\Users\ahmet\OneDrive\Masaüstü\DataStructure\cen207-2025-2026-5-Mustafa-Yildirimm-cpp\build_win\_deps\googletest-src\googletest\src\gtest_main.cc
Note: Google Test filter = LanguageTranslatorTest.UnknownWordHandling
[==========] Running 1 test from 1 test suite.
[----------] Global test environment set-up.
[----------] 1 test from LanguageTranslatorTest
[ RUN      ] LanguageTranslatorTest.UnknownWordHandling
[       OK ] LanguageTranslatorTest.UnknownWordHandling (0 ms)
[----------] 1 test from LanguageTranslatorTest (0 ms total)

[----------] Global test environment tear-down
[==========] 1 test from 1 test suite ran. (0 ms total)
[  PASSED  ] 1 test.
</system-out>
	</testcase>
	<testcase name="LanguageTranslatorTest.MixedKnownUnknownWords" classname="LanguageTranslatorTest.MixedKnownUnknownWords" time="0.0222075" status="run">
		<properties/>
		<system-out>Running main() from C:\Users\ahmet\OneDrive\Masaüstü\DataStructure\cen207-2025-2026-5-Mustafa-Yildirimm-cpp\build_win\_deps\googletest-src\googletest\src\gtest_main.cc
Note: Google Test filter = LanguageTranslatorTest.MixedKnownUnknownWords
[==========] Running 1 test from 1 test suite.
[----------] Global test environment set-up.
[----------] 1 test from LanguageTranslatorTest
[ RUN      ] LanguageTranslatorTest.MixedKnownUnknownWords
[       OK ] LanguageTranslatorTest.MixedKnownUnknownWords (0 ms)
[----------] 1 test from LanguageTranslatorTest (0 ms total)

[----------] Global test environment tear-down
[==========] 1 test from 1 test suite ran. (0 ms total)
[  PASSED  ] 1 test.
</system-out>
	</testcase>
	<testcase name="LanguageTranslatorTest.SameLanguageTranslation" classname="LanguageTranslatorTest.SameLanguageTranslation" time="0.0302379" status="run">
		<properties/>
		<system-out>Running main() from C:\Users\ahmet\OneDrive\Masaüstü\DataStructure\cen207-2025-2026-5-Mustafa-Yildirimm-cpp\build_win\_deps\googletest-src\googletest\src\gtest_main.cc
Note: Google Test filter = LanguageTranslatorTest.SameLanguageTranslation
[==========] Running 1 test from 1 test suite.
[----------] Global test environment set-up.
[----------] 1 test from LanguageTranslatorTest
[ RUN      ] LanguageTranslatorTest.SameLanguageTranslation
Source language set to: English
Target language set to: English
[       OK ] LanguageTranslatorTest.SameLanguageTranslation (0 ms)
[----------] 1 test from LanguageTranslatorTest (0 ms total)

[----------] Global test environment tear-down
[==========] 1 test from 1 test suite ran. (0 ms total)
[  PASSED  ] 1 test.
</system-out>
	</testcase>
	<testcase name="LanguageTranslatorTest.LanguageSwitching" classname="LanguageTranslatorTest.LanguageSwitching" time="0.030023" status="run">
		<properties/>
		<system-out>Running main() from C:\Users\ahmet\OneDrive\Masaüstü\DataStructure\cen207-2025-2026-5-Mustafa-Yildirimm-cpp\build_win\_deps\googletest-src\googletest\src\gtest_main.cc
Note: Google Test filter = LanguageTranslatorTest.LanguageSwitching
[==========] Running 1 test from 1 test suite.
[----------] Global test environment set-up.
[----------] 1 test from LanguageTranslatorTest
[ RUN      ] LanguageTranslatorTest.LanguageSwitching
Source language set to: English
Target language set to: Turkish
Source language set to: English
Target language set to: Spanish
[       OK ] LanguageTranslatorTest.LanguageSwitching (0 ms)
[----------] 1 test from LanguageTranslatorTest (0 ms total)

[----------] Global test environment tear-down
[==========] 1 test from 1 test suite ran. (0 ms total)
[  PASSED  ] 1 test.
</system-out>
	</testcase>
	<testcase name="LanguageTranslatorTest.GetSupportedLanguages" classname="LanguageTranslatorTest.GetSupportedLanguages" time="0.0239012" status="run">
		<properties/>
		<system-out>Running main() from C:\Users\ahmet\OneDrive\Masaüstü\DataStructure\cen207-2025-2026-5-Mustafa-Yildirimm-cpp\build_win\_deps\googletest-src\googletest\src\gtest_main.cc
Note: Google Test filter = LanguageTranslatorTest.GetSupportedLanguages
[==========] Running 1 test from 1 test suite.
[----------] Global test environment set-up.
[----------] 1 test from LanguageTranslatorTest
[ RUN      ] LanguageTranslatorTest.GetSupportedLanguages
[       OK ] LanguageTranslatorTest.GetSupportedLanguages (0 ms)
[----------] 1 test from LanguageTranslatorTest (0 ms total)

[----------] Global test environment tear-down
[==========] 1 test from 1 test suite ran. (0 ms total)
[  PASSED  ] 1 test.
</system-out>
	</testcase>
	<testcase name="LanguageTranslatorTest.AddNewLanguage" classname="LanguageTranslatorTest.AddNewLanguage" time="0.0326271" status="run">
		<properties/>
		<system-out>Running main() from C:\Users\ahmet\OneDrive\Masaüstü\DataStructure\cen207-2025-2026-5-Mustafa-Yildirimm-cpp\build_win\_deps\googletest-src\googletest\src\gtest_main.cc
Note: Google Test filter = LanguageTranslatorTest.AddNewLanguage
[==========] Running 1 test from 1 test suite.
[----------] Global test environment set-up.
[----------] 1 test from LanguageTranslatorTest
[ RUN      ] LanguageTranslatorTest.AddNewLanguage
Language added: Japanese
[       OK ] LanguageTranslatorTest.AddNewLanguage (0 ms)
[----------] 1 test from LanguageTranslatorTest (0 ms total)

[----------] Global test environment tear-down
[==========] 1 test from 1 test suite ran. (0 ms total)
[  PASSED  ] 1 test.
</system-out>
	</testcase>
	<testcase name="LanguageTranslatorTest.UserLogin" classname="LanguageTranslatorTest.UserLogin" time="0.0219364" status="run">
		<properties/>
		<system-out>Running main() from C:\Users\ahmet\OneDrive\Masaüstü\DataStructure\cen207-2025-2026-5-Mustafa-Yildirimm-cpp\build_win\_deps\googletest-src\googletest\src\gtest_main.cc
Note: Google Test filter = LanguageTranslatorTest.UserLogin
[==========] Running 1 test from 1 test suite.
[----------] Global test environment set-up.
[----------] 1 test from LanguageTranslatorTest
[ RUN      ] LanguageTranslatorTest.UserLogin
[       OK ] LanguageTranslatorTest.UserLogin (0 ms)
[----------] 1 test from LanguageTranslatorTest (0 ms total)

[----------] Global test environment tear-down
[==========] 1 test from 1 test suite ran. (0 ms total)
[  PASSED  ] 1 test.
</system-out>
	</testcase>
	<testcase name="LanguageTranslatorTest.UserLogout" classname="LanguageTranslatorTest.UserLogout" time="0.0295902" status="run">
		<properties/>
		<system-out>Running main() from C:\Users\ahmet\OneDrive\Masaüstü\DataStructure\cen207-2025-2026-5-Mustafa-Yildirimm-cpp\build_win\_deps\googletest-src\googletest\src\gtest_main.cc
Note: Google Test filter = LanguageTranslatorTest.UserLogout
[==========] Running 1 test from 1 test suite.
[----------] Global test environment set-up.
[----------] 1 test from LanguageTranslatorTest
[ RUN      ] LanguageTranslatorTest.UserLogout
[       OK ] LanguageTranslatorTest.UserLogout (0 ms)
[----------] 1 test from LanguageTranslatorTest (0 ms total)

[----------] Global test environment tear-down
[==========] 1 test from 1 test suite ran. (0 ms total)
[  PASSED  ] 1 test.
</system-out>
	</testcase>
	<testcase name="LanguageTranslatorTest.InvalidLogin" classname="LanguageTranslatorTest.InvalidLogin" time="0.0338497" status="run">
		<properties/>
		<system-out>Running main() from C:\Users\ahmet\OneDrive\Masaüstü\DataStructure\cen207-2025-2026-5-Mustafa-Yildirimm-cpp\build_win\_deps\googletest-src\googletest\src\gtest_main.cc
Note: Google Test filter = LanguageTranslatorTest.InvalidLogin
[==========] Running 1 test from 1 test suite.
[----------] Global test environment set-up.
[----------] 1 test from LanguageTranslatorTest
[ RUN      ] LanguageTranslatorTest.InvalidLogin
[       OK ] LanguageTranslatorTest.InvalidLogin (0 ms)
[----------] 1 test from LanguageTranslatorTest (0 ms total)

[----------] Global test environment tear-down
[==========] 1 test from 1 test suite ran. (0 ms total)
[  PASSED  ] 1 test.
</system-out>
	</testcase>
	<testcase name="LanguageTranslatorTest.UserRegistration" classname="LanguageTranslatorTest.UserRegistration" time="0.0219679" status="run">
		<properties/>
		<system-out>Running main() from C:\Users\ahmet\OneDrive\Masaüstü\DataStructure\cen207-2025-2026-5-Mustafa-Yildirimm-cpp\build_win\_deps\googletest-src\googletest\src\gtest_main.cc
Note: Google Test filter = LanguageTranslatorTest.UserRegistration
[==========] Running 1 test from 1 test suite.
[----------] Global test environment set-up.
[----------] 1 test from LanguageTranslatorTest
[ RUN      ] LanguageTranslatorTest.UserRegistration
[       OK ] LanguageTranslatorTest.UserRegistration (1 ms)
[----------] 1 test from LanguageTranslatorTest (1 ms total)

[----------] Global test environment tear-down
[==========] 1 test from 1 test suite ran. (2 ms total)
[  PASSED  ] 1 test.
</system-out>
	</testcase>
	<testcase name="LanguageTranslatorTest.TranslateWordFunction" classname="LanguageTranslatorTest.TranslateWordFunction" time="0.0288103" status="run">
		<properties/>
		<system-out>Running main() from C:\Users\ahmet\OneDrive\Masaüstü\DataStructure\cen207-2025-2026-5-Mustafa-Yildirimm-cpp\build_win\_deps\googletest-src\googletest\src\gtest_main.cc
Note: Google Test filter = LanguageTranslatorTest.TranslateWordFunction
[==========] Running 1 test from 1 test suite.
[----------] Global test environment set-up.
[----------] 1 test from LanguageTranslatorTest
[ RUN      ] LanguageTranslatorTest.TranslateWordFunction
[       OK ] LanguageTranslatorTest.TranslateWordFunction (0 ms)
[----------] 1 test from LanguageTranslatorTest (0 ms total)

[----------] Global test environment tear-down
[==========] 1 test from 1 test suite ran. (0 ms total)
[  PASSED  ] 1 test.
</system-out>
	</testcase>
	<testcase name="LanguageTranslatorTest.TranslatePhraseFunction" classname="LanguageTranslatorTest.TranslatePhraseFunction" time="0.0452095" status="run">
		<properties/>
		<system-out>Running main() from C:\Users\ahmet\OneDrive\Masaüstü\DataStructure\cen207-2025-2026-5-Mustafa-Yildirimm-cpp\build_win\_deps\googletest-src\googletest\src\gtest_main.cc
Note: Google Test filter = LanguageTranslatorTest.TranslatePhraseFunction
[==========] Running 1 test from 1 test suite.
[----------] Global test environment set-up.
[----------] 1 test from LanguageTranslatorTest
[ RUN      ] LanguageTranslatorTest.TranslatePhraseFunction
[       OK ] LanguageTranslatorTest.TranslatePhraseFunction (0 ms)
[----------] 1 test from LanguageTranslatorTest (0 ms total)

[----------] Global test environment tear-down
[==========] 1 test from 1 test suite ran. (1 ms total)
[  PASSED  ] 1 test.
</system-out>
	</testcase>
	<testcase name="LanguageTranslatorTest.APIModeToggle" classname="LanguageTranslatorTest.APIModeToggle" time="0.0232927" status="run">
		<properties/>
		<system-out>Running main() from C:\Users\ahmet\OneDrive\Masaüstü\DataStructure\cen207-2025-2026-5-Mustafa-Yildirimm-cpp\build_win\_deps\googletest-src\googletest\src\gtest_main.cc
Note: Google Test filter = LanguageTranslatorTest.APIModeToggle
[==========] Running 1 test from 1 test suite.
[----------] Global test environment set-up.
[----------] 1 test from LanguageTranslatorTest
[ RUN      ] LanguageTranslatorTest.APIModeToggle
[       OK ] LanguageTranslatorTest.APIModeToggle (0 ms)
[----------] 1 test from LanguageTranslatorTest (0 ms total)

[----------] Global test environment tear-down
[==========] 1 test from 1 test suite ran. (0 ms total)
[  PASSED  ] 1 test.
</system-out>
	</testcase>
	<testcase name="LanguageTranslatorTest.APIKeyManagement" classname="LanguageTranslatorTest.APIKeyManagement" time="0.0243339" status="run">
		<properties/>
		<system-out>Running main() from C:\Users\ahmet\OneDrive\Masaüstü\DataStructure\cen207-2025-2026-5-Mustafa-Yildirimm-cpp\build_win\_deps\googletest-src\googletest\src\gtest_main.cc
Note: Google Test filter = LanguageTranslatorTest.APIKeyManagement
[==========] Running 1 test from 1 test suite.
[----------] Global test environment set-up.
[----------] 1 test from LanguageTranslatorTest
[ RUN      ] LanguageTranslatorTest.APIKeyManagement
[       OK ] LanguageTranslatorTest.APIKeyManagement (0 ms)
[----------] 1 test from LanguageTranslatorTest (0 ms total)

[----------] Global test environment tear-down
[==========] 1 test from 1 test suite ran. (0 ms total)
[  PASSED  ] 1 test.
</system-out>
	</testcase>
	<testcase name="LanguageTranslatorTest.EmptyStringTranslation" classname="LanguageTranslatorTest.EmptyStringTranslation" time="0.0240961" status="run">
		<properties/>
		<system-out>Running main() from C:\Users\ahmet\OneDrive\Masaüstü\DataStructure\cen207-2025-2026-5-Mustafa-Yildirimm-cpp\build_win\_deps\googletest-src\googletest\src\gtest_main.cc
Note: Google Test filter = LanguageTranslatorTest.EmptyStringTranslation
[==========] Running 1 test from 1 test suite.
[----------] Global test environment set-up.
[----------] 1 test from LanguageTranslatorTest
[ RUN      ] LanguageTranslatorTest.EmptyStringTranslation
[       OK ] LanguageTranslatorTest.EmptyStringTranslation (0 ms)
[----------] 1 test from LanguageTranslatorTest (0 ms total)

[----------] Global test environment tear-down
[==========] 1 test from 1 test suite ran. (0 ms total)
[  PASSED  ] 1 test.
</system-out>
	</testcase>
	<testcase name="LanguageTranslatorTest.WhitespaceHandling" classname="LanguageTranslatorTest.WhitespaceHandling" time="0.0420245" status="run">
		<properties/>
		<system-out>Running main() from C:\Users\ahmet\OneDrive\Masaüstü\DataStructure\cen207-2025-2026-5-Mustafa-Yildirimm-cpp\build_win\_deps\googletest-src\googletest\src\gtest_main.cc
Note: Google Test filter = LanguageTranslatorTest.WhitespaceHandling
[==========] Running 1 test from 1 test suite.
[----------] Global test environment set-up.
[----------] 1 test from LanguageTranslatorTest
[ RUN      ] LanguageTranslatorTest.WhitespaceHandling
[       OK ] LanguageTranslatorTest.WhitespaceHandling (0 ms)
[----------] 1 test from LanguageTranslatorTest (0 ms total)

[----------] Global test environment tear-down
[==========] 1 test from 1 test suite ran. (0 ms total)
[  PASSED  ] 1 test.
</system-out>
	</testcase>
	<testcase name="LanguageTranslatorTest.SpecialCharacters" classname="LanguageTranslatorTest.SpecialCharacters" time="0.0582537" status="run">
		<properties/>
		<system-out>Running main() from C:\Users\ahmet\OneDrive\Masaüstü\DataStructure\cen207-2025-2026-5-Mustafa-Yildirimm-cpp\build_win\_deps\googletest-src\googletest\src\gtest_main.cc
Note: Google Test filter = LanguageTranslatorTest.SpecialCharacters
[==========] Running 1 test from 1 test suite.
[----------] Global test environment set-up.
[----------] 1 test from LanguageTranslatorTest
[ RUN      ] LanguageTranslatorTest.SpecialCharacters
[       OK ] LanguageTranslatorTest.SpecialCharacters (0 ms)
[----------] 1 test from LanguageTranslatorTest (0 ms total)

[----------] Global test environment tear-down
[==========] 1 test from 1 test suite ran. (0 ms total)
[  PASSED  ] 1 test.
</system-out>
	</testcase>
	<testcase name="LanguageTranslatorTest.CaseInsensitiveTranslation" classname="LanguageTranslatorTest.CaseInsensitiveTranslation" time="0.0313232" status="run">
		<properties/>
		<system-out>Running main() from C:\Users\ahmet\OneDrive\Masaüstü\DataStructure\cen207-2025-2026-5-Mustafa-Yildirimm-cpp\build_win\_deps\googletest-src\googletest\src\gtest_main.cc
Note: Google Test filter = LanguageTranslatorTest.CaseInsensitiveTranslation
[==========] Running 1 test from 1 test suite.
[----------] Global test environment set-up.
[----------] 1 test from LanguageTranslatorTest
[ RUN      ] LanguageTranslatorTest.CaseInsensitiveTranslation
[       OK ] LanguageTranslatorTest.CaseInsensitiveTranslation (0 ms)
[----------] 1 test from LanguageTranslatorTest (0 ms total)

[----------] Global test environment tear-down
[==========] 1 test from 1 test suite ran. (0 ms total)
[  PASSED  ] 1 test.
</system-out>
	</testcase>
	<testcase name="LanguageTranslatorTest.DataInitialization" classname="LanguageTranslatorTest.DataInitialization" time="0.0350714" status="run">
		<properties/>
		<system-out>Running main() from C:\Users\ahmet\OneDrive\Masaüstü\DataStructure\cen207-2025-2026-5-Mustafa-Yildirimm-cpp\build_win\_deps\googletest-src\googletest\src\gtest_main.cc
Note: Google Test filter = LanguageTranslatorTest.DataInitialization
[==========] Running 1 test from 1 test suite.
[----------] Global test environment set-up.
[----------] 1 test from LanguageTranslatorTest
[ RUN      ] LanguageTranslatorTest.DataInitialization
[       OK ] LanguageTranslatorTest.DataInitialization (0 ms)
[----------] 1 test from LanguageTranslatorTest (0 ms total)

[----------] Global test environment tear-down
[==========] 1 test from 1 test suite ran. (0 ms total)
[  PASSED  ] 1 test.
</system-out>
	</testcase>
	<testcase name="LanguageTranslatorTest.DataSaveLoad" classname="LanguageTranslatorTest.DataSaveLoad" time="0.0357349" status="run">
		<properties/>
		<system-out>Running main() from C:\Users\ahmet\OneDrive\Masaüstü\DataStructure\cen207-2025-2026-5-Mustafa-Yildirimm-cpp\build_win\_deps\googletest-src\googletest\src\gtest_main.cc
Note: Google Test filter = LanguageTranslatorTest.DataSaveLoad
[==========] Running 1 test from 1 test suite.
[----------] Global test environment set-up.
[----------] 1 test from LanguageTranslatorTest
[ RUN      ] LanguageTranslatorTest.DataSaveLoad
Data saved successfully.
Data loaded successfully.
Warning: Could not open dictionary file: dictionaries/en_tr.txt
Warning: Could not open dictionary file: dictionaries/en_es.txt
Warning: Could not open dictionary file: dictionaries/en_fr.txt
Warning: Could not open dictionary file: dictionaries/tr_en.txt
[       OK ] LanguageTranslatorTest.DataSaveLoad (3 ms)
[----------] 1 test from LanguageTranslatorTest (3 ms total)

[----------] Global test environment tear-down
[==========] 1 test from 1 test suite ran. (3 ms total)
[  PASSED  ] 1 test.
</system-out>
	</testcase>
	<testcase name="LanguageTranslatorTest.DictionaryFileLoading" classname="LanguageTranslatorTest.DictionaryFileLoading" time="0.0243676" status="run">
		<properties/>
		<system-out>Running main() from C:\Users\ahmet\OneDrive\Masaüstü\DataStructure\cen207-2025-2026-5-Mustafa-Yildirimm-cpp\build_win\_deps\googletest-src\googletest\src\gtest_main.cc
Note: Google Test filter = LanguageTranslatorTest.DictionaryFileLoading
[==========] Running 1 test from 1 test suite.
[----------] Global test environment set-up.
[----------] 1 test from LanguageTranslatorTest
[ RUN      ] LanguageTranslatorTest.DictionaryFileLoading
Warning: Could not open dictionary file: nonexistent_file.txt
[       OK ] LanguageTranslatorTest.DictionaryFileLoading (0 ms)
[----------] 1 test from LanguageTranslatorTest (0 ms total)

[----------] Global test environment tear-down
[==========] 1 test from 1 test suite ran. (0 ms total)
[  PASSED  ] 1 test.
</system-out>
	</testcase>
	<testcase name="LanguageTranslatorTest.LoadAllDictionaries" classname="LanguageTranslatorTest.LoadAllDictionaries" time="0.0226918" status="run">
		<properties/>
		<system-out>Running main() from C:\Users\ahmet\OneDrive\Masaüstü\DataStructure\cen207-2025-2026-5-Mustafa-Yildirimm-cpp\build_win\_deps\googletest-src\googletest\src\gtest_main.cc
Note: Google Test filter = LanguageTranslatorTest.LoadAllDictionaries
[==========] Running 1 test from 1 test suite.
[----------] Global test environment set-up.
[----------] 1 test from LanguageTranslatorTest
[ RUN      ] LanguageTranslatorTest.LoadAllDictionaries
Warning: Could not open dictionary file: dictionaries/en_tr.txt
Warning: Could not open dictionary file: dictionaries/en_es.txt
Warning: Could not open dictionary file: dictionaries/en_fr.txt
Warning: Could not open dictionary file: dictionaries/tr_en.txt
[       OK ] LanguageTranslatorTest.LoadAllDictionaries (0 ms)
[----------] 1 test from LanguageTranslatorTest (0 ms total)

[----------] Global test environment tear-down
[==========] 1 test from 1 test suite ran. (0 ms total)
[  PASSED  ] 1 test.
</system-out>
	</testcase>
	<testcase name="LanguageTranslatorTest.LongTextTranslation" classname="LanguageTranslatorTest.LongTextTranslation" time="0.033686" status="run">
		<properties/>
		<system-out>Running main() from C:\Users\ahmet\OneDrive\Masaüstü\DataStructure\cen207-2025-2026-5-Mustafa-Yildirimm-cpp\build_win\_deps\googletest-src\googletest\src\gtest_main.cc
Note: Google Test filter = LanguageTranslatorTest.LongTextTranslation
[==========] Running 1 test from 1 test suite.
[----------] Global test environment set-up.
[----------] 1 test from LanguageTranslatorTest
[ RUN      ] LanguageTranslatorTest.LongTextTranslation
[       OK ] LanguageTranslatorTest.LongTextTranslation (0 ms)
[----------] 1 test from LanguageTranslatorTest (0 ms total)

[----------] Global test environment tear-down
[==========] 1 test from 1 test suite ran. (0 ms total)
[  PASSED  ] 1 test.
</system-out>
	</testcase>
	<testcase name="LanguageTranslatorTest.RepeatedTranslation" classname="LanguageTranslatorTest.RepeatedTranslation" time="0.030536" status="run">
		<properties/>
		<system-out>Running main() from C:\Users\ahmet\OneDrive\Masaüstü\DataStructure\cen207-2025-2026-5-Mustafa-Yildirimm-cpp\build_win\_deps\googletest-src\googletest\src\gtest_main.cc
Note: Google Test filter = LanguageTranslatorTest.RepeatedTranslation
[==========] Running 1 test from 1 test suite.
[----------] Global test environment set-up.
[----------] 1 test from LanguageTranslatorTest
[ RUN      ] LanguageTranslatorTest.RepeatedTranslation
[       OK ] LanguageTranslatorTest.RepeatedTranslation (0 ms)
[----------] 1 test from LanguageTranslatorTest (0 ms total)

[----------] Global test environment tear-down
[==========] 1 test from 1 test suite ran. (0 ms total)
[  PASSED  ] 1 test.
</system-out>
	</testcase>
	<testcase name="LanguageTranslatorTest.FullTranslationWorkflow" classname="LanguageTranslatorTest.FullTranslationWorkflow" time="0.034327" status="run">
		<properties/>
		<system-out>Running main() from C:\Users\ahmet\OneDrive\Masaüstü\DataStructure\cen207-2025-2026-5-Mustafa-Yildirimm-cpp\build_win\_deps\googletest-src\googletest\src\gtest_main.cc
Note: Google Test filter = LanguageTranslatorTest.FullTranslationWorkflow
[==========] Running 1 test from 1 test suite.
[----------] Global test environment set-up.
[----------] 1 test from LanguageTranslatorTest
[ RUN      ] LanguageTranslatorTest.FullTranslationWorkflow
Source language set to: English
Target language set to: Turkish
Target language set to: Spanish
[       OK ] LanguageTranslatorTest.FullTranslationWorkflow (0 ms)
[----------] 1 test from LanguageTranslatorTest (0 ms total)

[----------] Global test environment tear-down
[==========] 1 test from 1 test suite ran. (0 ms total)
[  PASSED  ] 1 test.
</system-out>
	</testcase>
	<testcase name="LanguageTranslatorComprehensiveTest.TestConstructor" classname="LanguageTranslatorComprehensiveTest.TestConstructor" time="0.0384915" status="run">
		<properties/>
		<system-out>Running main() from C:\Users\ahmet\OneDrive\Masaüstü\DataStructure\cen207-2025-2026-5-Mustafa-Yildirimm-cpp\build_win\_deps\googletest-src\googletest\src\gtest_main.cc
Note: Google Test filter = LanguageTranslatorComprehensiveTest.TestConstructor
[==========] Running 1 test from 1 test suite.
[----------] Global test environment set-up.
[----------] 1 test from LanguageTranslatorComprehensiveTest
[ RUN      ] LanguageTranslatorComprehensiveTest.TestConstructor
[       OK ] LanguageTranslatorComprehensiveTest.TestConstructor (0 ms)
[----------] 1 test from LanguageTranslatorComprehensiveTest (0 ms total)

[----------] Global test environment tear-down
[==========] 1 test from 1 test suite ran. (0 ms total)
[  PASSED  ] 1 test.
</system-out>
	</testcase>
	<testcase name="LanguageTranslatorComprehensiveTest.TestLanguageManagement" classname="LanguageTranslatorComprehensiveTest.TestLanguageManagement" time="0.0291014" status="run">
		<properties/>
		<system-out>Running main() from C:\Users\ahmet\OneDrive\Masaüstü\DataStructure\cen207-2025-2026-5-Mustafa-Yildirimm-cpp\build_win\_deps\googletest-src\googletest\src\gtest_main.cc
Note: Google Test filter = LanguageTranslatorComprehensiveTest.TestLanguageManagement
[==========] Running 1 test from 1 test suite.
[----------] Global test environment set-up.
[----------] 1 test from LanguageTranslatorComprehensiveTest
[ RUN      ] LanguageTranslatorComprehensiveTest.TestLanguageManagement
Source language set to: Spanish
Target language set to: French
Language already exists: German
[       OK ] LanguageTranslatorComprehensiveTest.TestLanguageManagement (0 ms)
[----------] 1 test from LanguageTranslatorComprehensiveTest (0 ms total)

[----------] Global test environment tear-down
[==========] 1 test from 1 test suite ran. (0 ms total)
[  PASSED  ] 1 test.
</system-out>
	</testcase>
	<testcase name="LanguageTranslatorComprehensiveTest.TestUserManagement" classname="LanguageTranslatorComprehensiveTest.TestUserManagement" time="0.0328193" status="run">
		<properties/>
		<system-out>Running main() from C:\Users\ahmet\OneDrive\Masaüstü\DataStructure\cen207-2025-2026-5-Mustafa-Yildirimm-cpp\build_win\_deps\googletest-src\googletest\src\gtest_main.cc
Note: Google Test filter = LanguageTranslatorComprehensiveTest.TestUserManagement
[==========] Running 1 test from 1 test suite.
[----------] Global test environment set-up.
[----------] 1 test from LanguageTranslatorComprehensiveTest
[ RUN      ] LanguageTranslatorComprehensiveTest.TestUserManagement
[       OK ] LanguageTranslatorComprehensiveTest.TestUserManagement (2 ms)
[----------] 1 test from LanguageTranslatorComprehensiveTest (2 ms total)

[----------] Global test environment tear-down
[==========] 1 test from 1 test suite ran. (2 ms total)
[  PASSED  ] 1 test.
</system-out>
	</testcase>
	<testcase name="LanguageTranslatorComprehensiveTest.TestPhraseLibrary" classname="LanguageTranslatorComprehensiveTest.TestPhraseLibrary" time="0.0311787" status="run">
		<properties/>
		<system-out>Running main() from C:\Users\ahmet\OneDrive\Masaüstü\DataStructure\cen207-2025-2026-5-Mustafa-Yildirimm-cpp\build_win\_deps\googletest-src\googletest\src\gtest_main.cc
Note: Google Test filter = LanguageTranslatorComprehensiveTest.TestPhraseLibrary
[==========] Running 1 test from 1 test suite.
[----------] Global test environment set-up.
[----------] 1 test from LanguageTranslatorComprehensiveTest
[ RUN      ] LanguageTranslatorComprehensiveTest.TestPhraseLibrary
Phrase added: Hello, how are you? (Category: greetings)
Phrase added: Thank you very much (Category: politeness)
Phrase added: Where is the bathroom? (Category: travel)
[       OK ] LanguageTranslatorComprehensiveTest.TestPhraseLibrary (0 ms)
[----------] 1 test from LanguageTranslatorComprehensiveTest (0 ms total)

[----------] Global test environment tear-down
[==========] 1 test from 1 test suite ran. (0 ms total)
[  PASSED  ] 1 test.
</system-out>
	</testcase>
	<testcase name="LanguageTranslatorComprehensiveTest.TestLearningTips" classname="LanguageTranslatorComprehensiveTest.TestLearningTips" time="0.0227721" status="run">
		<properties/>
		<system-out>Running main() from C:\Users\ahmet\OneDrive\Masaüstü\DataStructure\cen207-2025-2026-5-Mustafa-Yildirimm-cpp\build_win\_deps\googletest-src\googletest\src\gtest_main.cc
Note: Google Test filter = LanguageTranslatorComprehensiveTest.TestLearningTips
[==========] Running 1 test from 1 test suite.
[----------] Global test environment set-up.
[----------] 1 test from LanguageTranslatorComprehensiveTest
[ RUN      ] LanguageTranslatorComprehensiveTest.TestLearningTips
Learning tip added: Practice daily for better results
Learning tip added: Use flashcards for vocabulary
Learning tip added: Listen to native speakers

=== Learning Tips ===
1. Practice daily for at least 15 minutes
2. Use flashcards for vocabulary building
3. Listen to native speakers regularly
4. Practice speaking with others
5. Read books and articles in the target language
6. Watch movies with subtitles
7. Join language exchange groups
8. Keep a vocabulary notebook
9. Use language learning apps
10. Don't be afraid to make mistakes
11. Practice da...
[This part of the test output was removed since it exceeds the threshold of 1024 bytes.]
</system-out>
	</testcase>
	<testcase name="LanguageTranslatorComprehensiveTest.TestPronunciationGuide" classname="LanguageTranslatorComprehensiveTest.TestPronunciationGuide" time="0.0332269" status="run">
		<properties/>
		<system-out>Running main() from C:\Users\ahmet\OneDrive\Masaüstü\DataStructure\cen207-2025-2026-5-Mustafa-Yildirimm-cpp\build_win\_deps\googletest-src\googletest\src\gtest_main.cc
Note: Google Test filter = LanguageTranslatorComprehensiveTest.TestPronunciationGuide
[==========] Running 1 test from 1 test suite.
[----------] Global test environment set-up.
[----------] 1 test from LanguageTranslatorComprehensiveTest
[ RUN      ] LanguageTranslatorComprehensiveTest.TestPronunciationGuide
Pronunciation added: hello -&gt; heh-LOH
Pronunciation added: world -&gt; wurld
Pronunciation added: thank you -&gt; thangk yoo

=== Pronunciation Guide ===
thank -&gt; θæŋk
world -&gt; wurld
hello -&gt; heh-LOH
thank you -&gt; thangk yoo
good -&gt; ɡʊd
morning -&gt; ˈmɔːrnɪŋ
you -&gt; juː
[       OK ] LanguageTranslatorComprehensiveTest.TestPronunciationGuide (0 ms)
[----------] 1 test from LanguageTranslatorComprehensiveTest (0 ms total)

[----------] Global test environment tear-down
[==========] 1 test from 1 test suite ran. (0 ms total)
[  PASSED  ] 1...
[This part of the test output was removed since it exceeds the threshold of 1024 bytes.]
</system-out>
	</testcase>
	<testcase name="LanguageTranslatorComprehensiveTest.TestDataManagement" classname="LanguageTranslatorComprehensiveTest.TestDataManagement" time="0.0246604" status="run">
		<properties/>
		<system-out>Running main() from C:\Users\ahmet\OneDrive\Masaüstü\DataStructure\cen207-2025-2026-5-Mustafa-Yildirimm-cpp\build_win\_deps\googletest-src\googletest\src\gtest_main.cc
Note: Google Test filter = LanguageTranslatorComprehensiveTest.TestDataManagement
[==========] Running 1 test from 1 test suite.
[----------] Global test environment set-up.
[----------] 1 test from LanguageTranslatorComprehensiveTest
[ RUN      ] LanguageTranslatorComprehensiveTest.TestDataManagement
Data saved successfully.
Data loaded successfully.
Warning: Could not open dictionary file: dictionaries/en_tr.txt
Warning: Could not open dictionary file: dictionaries/en_es.txt
Warning: Could not open dictionary file: dictionaries/en_fr.txt
Warning: Could not open dictionary file: dictionaries/tr_en.txt
[       OK ] LanguageTranslatorComprehensiveTest.TestDataManagement (2 ms)
[----------] 1 test from LanguageTranslatorComprehensiveTest (2 ms total)

[----------] Global test environment tear-down
[==========] 1 test from 1 test suite ran. (2 m...
[This part of the test output was removed since it exceeds the threshold of 1024 bytes.]
</system-out>
	</testcase>
	<testcase name="LanguageTranslatorComprehensiveTest.TestDictionaryManagement" classname="LanguageTranslatorComprehensiveTest.TestDictionaryManagement" time="0.0423564" status="run">
		<properties/>
		<system-out>Running main() from C:\Users\ahmet\OneDrive\Masaüstü\DataStructure\cen207-2025-2026-5-Mustafa-Yildirimm-cpp\build_win\_deps\googletest-src\googletest\src\gtest_main.cc
Note: Google Test filter = LanguageTranslatorComprehensiveTest.TestDictionaryManagement
[==========] Running 1 test from 1 test suite.
[----------] Global test environment set-up.
[----------] 1 test from LanguageTranslatorComprehensiveTest
[ RUN      ] LanguageTranslatorComprehensiveTest.TestDictionaryManagement
Warning: Could not open dictionary file: dictionaries/en_tr.txt
Warning: Could not open dictionary file: dictionaries/en_es.txt
Warning: Could not open dictionary file: dictionaries/en_fr.txt
Warning: Could not open dictionary file: dictionaries/tr_en.txt
Warning: Could not open dictionary file: nonexistent.txt
Loaded 0 words from dictionaries/test_en_de.txt
[       OK ] LanguageTranslatorComprehensiveTest.TestDictionaryManagement (18 ms)
[----------] 1 test from LanguageTranslatorComprehensiveTest (18 ms total)

[----------] Global ...
[This part of the test output was removed since it exceeds the threshold of 1024 bytes.]
</system-out>
	</testcase>
	<testcase name="LanguageTranslatorComprehensiveTest.TestAPIFunctions" classname="LanguageTranslatorComprehensiveTest.TestAPIFunctions" time="0.0668349" status="run">
		<properties/>
		<system-out>Running main() from C:\Users\ahmet\OneDrive\Masaüstü\DataStructure\cen207-2025-2026-5-Mustafa-Yildirimm-cpp\build_win\_deps\googletest-src\googletest\src\gtest_main.cc
Note: Google Test filter = LanguageTranslatorComprehensiveTest.TestAPIFunctions
[==========] Running 1 test from 1 test suite.
[----------] Global test environment set-up.
[----------] 1 test from LanguageTranslatorComprehensiveTest
[ RUN      ] LanguageTranslatorComprehensiveTest.TestAPIFunctions
Google API not implemented yet
Microsoft API not implemented yet
[       OK ] LanguageTranslatorComprehensiveTest.TestAPIFunctions (0 ms)
[----------] 1 test from LanguageTranslatorComprehensiveTest (0 ms total)

[----------] Global test environment tear-down
[==========] 1 test from 1 test suite ran. (0 ms total)
[  PASSED  ] 1 test.
</system-out>
	</testcase>
	<testcase name="LanguageTranslatorComprehensiveTest.TestTranslationFunctions" classname="LanguageTranslatorComprehensiveTest.TestTranslationFunctions" time="0.0322865" status="run">
		<properties/>
		<system-out>Running main() from C:\Users\ahmet\OneDrive\Masaüstü\DataStructure\cen207-2025-2026-5-Mustafa-Yildirimm-cpp\build_win\_deps\googletest-src\googletest\src\gtest_main.cc
Note: Google Test filter = LanguageTranslatorComprehensiveTest.TestTranslationFunctions
[==========] Running 1 test from 1 test suite.
[----------] Global test environment set-up.
[----------] 1 test from LanguageTranslatorComprehensiveTest
[ RUN      ] LanguageTranslatorComprehensiveTest.TestTranslationFunctions
[       OK ] LanguageTranslatorComprehensiveTest.TestTranslationFunctions (0 ms)
[----------] 1 test from LanguageTranslatorComprehensiveTest (0 ms total)

[----------] Global test environment tear-down
[==========] 1 test from 1 test suite ran. (0 ms total)
[  PASSED  ] 1 test.
</system-out>
	</testcase>
	<testcase name="LanguageTranslatorComprehensiveTest.TestEdgeCases" classname="LanguageTranslatorComprehensiveTest.TestEdgeCases" time="0.0693157" status="run">
		<properties/>
		<system-out>Running main() from C:\Users\ahmet\OneDrive\Masaüstü\DataStructure\cen207-2025-2026-5-Mustafa-Yildirimm-cpp\build_win\_deps\googletest-src\googletest\src\gtest_main.cc
Note: Google Test filter = LanguageTranslatorComprehensiveTest.TestEdgeCases
[==========] Running 1 test from 1 test suite.
[----------] Global test environment set-up.
[----------] 1 test from LanguageTranslatorComprehensiveTest
[ RUN      ] LanguageTranslatorComprehensiveTest.TestEdgeCases
[       OK ] LanguageTranslatorComprehensiveTest.TestEdgeCases (0 ms)
[----------] 1 test from LanguageTranslatorComprehensiveTest (0 ms total)

[----------] Global test environment tear-down
[==========] 1 test from 1 test suite ran. (0 ms total)
[  PASSED  ] 1 test.
</system-out>
	</testcase>
	<testcase name="LanguageTranslatorComprehensiveTest.TestMenuHandling" classname="LanguageTranslatorComprehensiveTest.TestMenuHandling" time="0.0343647" status="run">
		<properties/>
		<system-out>Running main() from C:\Users\ahmet\OneDrive\Masaüstü\DataStructure\cen207-2025-2026-5-Mustafa-Yildirimm-cpp\build_win\_deps\googletest-src\googletest\src\gtest_main.cc
Note: Google Test filter = LanguageTranslatorComprehensiveTest.TestMenuHandling
[==========] Running 1 test from 1 test suite.
[----------] Global test environment set-up.
[----------] 1 test from LanguageTranslatorComprehensiveTest
[ RUN      ] LanguageTranslatorComprehensiveTest.TestMenuHandling
Exiting application. Goodbye!
Enter username: Enter password: Invalid username or password.
Enter new username: Enter new password: Registration successful! You can now log in.
Invalid choice. Please try again.
Invalid choice. Please try again.
Invalid choice. Please try again.
Invalid choice. Please try again.
Invalid choice. Please try again.
[       OK ] LanguageTranslatorComprehensiveTest.TestMenuHandling (3 ms)
[----------] 1 test from LanguageTranslatorComprehensiveTest (3 ms total)

[----------] Global test environment tear-down
[==========] ...
[This part of the test output was removed since it exceeds the threshold of 1024 bytes.]
</system-out>
	</testcase>
	<testcase name="LanguageTranslatorComprehensiveTest.TestLanguageSelection" classname="LanguageTranslatorComprehensiveTest.TestLanguageSelection" time="0.0359235" status="run">
		<properties/>
		<system-out>Running main() from C:\Users\ahmet\OneDrive\Masaüstü\DataStructure\cen207-2025-2026-5-Mustafa-Yildirimm-cpp\build_win\_deps\googletest-src\googletest\src\gtest_main.cc
Note: Google Test filter = LanguageTranslatorComprehensiveTest.TestLanguageSelection
[==========] Running 1 test from 1 test suite.
[----------] Global test environment set-up.
[----------] 1 test from LanguageTranslatorComprehensiveTest
[ RUN      ] LanguageTranslatorComprehensiveTest.TestLanguageSelection

=== Language Selection ===
Supported Languages:
1. English
2. Turkish
3. Spanish
4. French
5. German
6. Italian

Current: English -&gt; Turkish
1. Change Source Language
2. Change Target Language
0. Back to Main Menu
Enter your choice: [       OK ] LanguageTranslatorComprehensiveTest.TestLanguageSelection (0 ms)
[----------] 1 test from LanguageTranslatorComprehensiveTest (0 ms total)

[----------] Global test environment tear-down
[==========] 1 test from 1 test suite ran. (0 ms total)
[  PASSED  ] 1 test.
</system-out>
	</testcase>
	<testcase name="LanguageTranslatorComprehensiveTest.TestPhraseLibraryDisplay" classname="LanguageTranslatorComprehensiveTest.TestPhraseLibraryDisplay" time="0.0279193" status="run">
		<properties/>
		<system-out>Running main() from C:\Users\ahmet\OneDrive\Masaüstü\DataStructure\cen207-2025-2026-5-Mustafa-Yildirimm-cpp\build_win\_deps\googletest-src\googletest\src\gtest_main.cc
Note: Google Test filter = LanguageTranslatorComprehensiveTest.TestPhraseLibraryDisplay
[==========] Running 1 test from 1 test suite.
[----------] Global test environment set-up.
[----------] 1 test from LanguageTranslatorComprehensiveTest
[ RUN      ] LanguageTranslatorComprehensiveTest.TestPhraseLibraryDisplay

=== Phrase Library ===
Current Language Pair: English -&gt; Turkish

Phrase Dictionary:
you're welcome -&gt; rica ederim
thank you -&gt; teşekkür ederim
good morning -&gt; günaydın
good evening -&gt; iyi akşamlar
i'm fine -&gt; iyiyim
how are you -&gt; nasılsın
excuse me -&gt; özür dilerim
nice to meet you -&gt; tanıştığımıza memnun oldum
see you later -&gt; görüşürüz
have a nice day -&gt; iyi günler
i am from -&gt; ben ...'danım
good night -&gt; iyi geceler
what's your name -&gt; adın ne
my name is -&gt; adım
where are you from -&gt; nerelisin

Common Phr...
[This part of the test output was removed since it exceeds the threshold of 1024 bytes.]
</system-out>
	</testcase>
	<testcase name="LanguageTranslatorComprehensiveTest.TestLanguageCombinations" classname="LanguageTranslatorComprehensiveTest.TestLanguageCombinations" time="0.0344782" status="run">
		<properties/>
		<system-out>Running main() from C:\Users\ahmet\OneDrive\Masaüstü\DataStructure\cen207-2025-2026-5-Mustafa-Yildirimm-cpp\build_win\_deps\googletest-src\googletest\src\gtest_main.cc
Note: Google Test filter = LanguageTranslatorComprehensiveTest.TestLanguageCombinations
[==========] Running 1 test from 1 test suite.
[----------] Global test environment set-up.
[----------] 1 test from LanguageTranslatorComprehensiveTest
[ RUN      ] LanguageTranslatorComprehensiveTest.TestLanguageCombinations
Source language set to: English
Target language set to: Turkish
Source language set to: English
Target language set to: Spanish
Source language set to: English
Target language set to: French
Source language set to: Turkish
Target language set to: English
[       OK ] LanguageTranslatorComprehensiveTest.TestLanguageCombinations (0 ms)
[----------] 1 test from LanguageTranslatorComprehensiveTest (0 ms total)

[----------] Global test environment tear-down
[==========] 1 test from 1 test suite ran. (0 ms total)
[  PASSED  ] 1 test.
</system-out>
	</testcase>
	<testcase name="LanguageTranslatorComprehensiveTest.TestPerformance" classname="LanguageTranslatorComprehensiveTest.TestPerformance" time="0.0452009" status="run">
		<properties/>
		<system-out>Running main() from C:\Users\ahmet\OneDrive\Masaüstü\DataStructure\cen207-2025-2026-5-Mustafa-Yildirimm-cpp\build_win\_deps\googletest-src\googletest\src\gtest_main.cc
Note: Google Test filter = LanguageTranslatorComprehensiveTest.TestPerformance
[==========] Running 1 test from 1 test suite.
[----------] Global test environment set-up.
[----------] 1 test from LanguageTranslatorComprehensiveTest
[ RUN      ] LanguageTranslatorComprehensiveTest.TestPerformance
Phrase added: phrase 0 (Category: category0)
Phrase added: phrase 1 (Category: category1)
Phrase added: phrase 2 (Category: category2)
Phrase added: phrase 3 (Category: category3)
Phrase added: phrase 4 (Category: category4)
Phrase added: phrase 5 (Category: category0)
Phrase added: phrase 6 (Category: category1)
Phrase added: phrase 7 (Category: category2)
Phrase added: phrase 8 (Category: category3)
Phrase added: phrase 9 (Category: category4)
Phrase added: phrase 10 (Category: category0)
Phrase added: phrase 11 (Category: category1)
Phrase added: p...
[This part of the test output was removed since it exceeds the threshold of 1024 bytes.]
</system-out>
	</testcase>
	<testcase name="LanguageTranslatorExtra.RegisterExistingUserFails" classname="LanguageTranslatorExtra.RegisterExistingUserFails" time="0.0215527" status="run">
		<properties/>
		<system-out>Running main() from C:\Users\ahmet\OneDrive\Masaüstü\DataStructure\cen207-2025-2026-5-Mustafa-Yildirimm-cpp\build_win\_deps\googletest-src\googletest\src\gtest_main.cc
Note: Google Test filter = LanguageTranslatorExtra.RegisterExistingUserFails
[==========] Running 1 test from 1 test suite.
[----------] Global test environment set-up.
[----------] 1 test from LanguageTranslatorExtra
[ RUN      ] LanguageTranslatorExtra.RegisterExistingUserFails
[       OK ] LanguageTranslatorExtra.RegisterExistingUserFails (0 ms)
[----------] 1 test from LanguageTranslatorExtra (0 ms total)

[----------] Global test environment tear-down
[==========] 1 test from 1 test suite ran. (0 ms total)
[  PASSED  ] 1 test.
</system-out>
	</testcase>
	<testcase name="LanguageTranslatorExtra.LoadDictionaryFromRealFile" classname="LanguageTranslatorExtra.LoadDictionaryFromRealFile" time="0.0234984" status="run">
		<properties/>
		<system-out>Running main() from C:\Users\ahmet\OneDrive\Masaüstü\DataStructure\cen207-2025-2026-5-Mustafa-Yildirimm-cpp\build_win\_deps\googletest-src\googletest\src\gtest_main.cc
Note: Google Test filter = LanguageTranslatorExtra.LoadDictionaryFromRealFile
[==========] Running 1 test from 1 test suite.
[----------] Global test environment set-up.
[----------] 1 test from LanguageTranslatorExtra
[ RUN      ] LanguageTranslatorExtra.LoadDictionaryFromRealFile
Source language set to: English
Target language set to: Turkish
Loaded 2 words from temp_en_tr_dict_test.txt
[       OK ] LanguageTranslatorExtra.LoadDictionaryFromRealFile (1 ms)
[----------] 1 test from LanguageTranslatorExtra (1 ms total)

[----------] Global test environment tear-down
[==========] 1 test from 1 test suite ran. (2 ms total)
[  PASSED  ] 1 test.
</system-out>
	</testcase>
	<testcase name="LanguageTranslatorExtra.AddLanguageNoDuplicate" classname="LanguageTranslatorExtra.AddLanguageNoDuplicate" time="0.0302966" status="run">
		<properties/>
		<system-out>Running main() from C:\Users\ahmet\OneDrive\Masaüstü\DataStructure\cen207-2025-2026-5-Mustafa-Yildirimm-cpp\build_win\_deps\googletest-src\googletest\src\gtest_main.cc
Note: Google Test filter = LanguageTranslatorExtra.AddLanguageNoDuplicate
[==========] Running 1 test from 1 test suite.
[----------] Global test environment set-up.
[----------] 1 test from LanguageTranslatorExtra
[ RUN      ] LanguageTranslatorExtra.AddLanguageNoDuplicate
Language added: Klingon
Language already exists: Klingon
[       OK ] LanguageTranslatorExtra.AddLanguageNoDuplicate (0 ms)
[----------] 1 test from LanguageTranslatorExtra (0 ms total)

[----------] Global test environment tear-down
[==========] 1 test from 1 test suite ran. (0 ms total)
[  PASSED  ] 1 test.
</system-out>
	</testcase>
	<testcase name="ParserErrors.MissingRParen" classname="ParserErrors.MissingRParen" time="0.0478168" status="run">
		<properties/>
		<system-out>Running main() from C:\Users\ahmet\OneDrive\Masaüstü\DataStructure\cen207-2025-2026-5-Mustafa-Yildirimm-cpp\build_win\_deps\googletest-src\googletest\src\gtest_main.cc
Note: Google Test filter = ParserErrors.MissingRParen
[==========] Running 1 test from 1 test suite.
[----------] Global test environment set-up.
[----------] 1 test from ParserErrors
[ RUN      ] ParserErrors.MissingRParen
[       OK ] ParserErrors.MissingRParen (0 ms)
[----------] 1 test from ParserErrors (0 ms total)

[----------] Global test environment tear-down
[==========] 1 test from 1 test suite ran. (0 ms total)
[  PASSED  ] 1 test.
</system-out>
	</testcase>
	<testcase name="ParserErrors.UnknownStatement" classname="ParserErrors.UnknownStatement" time="0.0256534" status="run">
		<properties/>
		<system-out>Running main() from C:\Users\ahmet\OneDrive\Masaüstü\DataStructure\cen207-2025-2026-5-Mustafa-Yildirimm-cpp\build_win\_deps\googletest-src\googletest\src\gtest_main.cc
Note: Google Test filter = ParserErrors.UnknownStatement
[==========] Running 1 test from 1 test suite.
[----------] Global test environment set-up.
[----------] 1 test from ParserErrors
[ RUN      ] ParserErrors.UnknownStatement
[       OK ] ParserErrors.UnknownStatement (0 ms)
[----------] 1 test from ParserErrors (0 ms total)

[----------] Global test environment tear-down
[==========] 1 test from 1 test suite ran. (0 ms total)
[  PASSED  ] 1 test.
</system-out>
	</testcase>
	<testcase name="ParserErrors.LetMissingAssign" classname="ParserErrors.LetMissingAssign" time="0.0243076" status="run">
		<properties/>
		<system-out>Running main() from C:\Users\ahmet\OneDrive\Masaüstü\DataStructure\cen207-2025-2026-5-Mustafa-Yildirimm-cpp\build_win\_deps\googletest-src\googletest\src\gtest_main.cc
Note: Google Test filter = ParserErrors.LetMissingAssign
[==========] Running 1 test from 1 test suite.
[----------] Global test environment set-up.
[----------] 1 test from ParserErrors
[ RUN      ] ParserErrors.LetMissingAssign
[       OK ] ParserErrors.LetMissingAssign (0 ms)
[----------] 1 test from ParserErrors (0 ms total)

[----------] Global test environment tear-down
[==========] 1 test from 1 test suite ran. (0 ms total)
[  PASSED  ] 1 test.
</system-out>
	</testcase>
	<testcase name="ParserErrors.InputNeedsIdentifier" classname="ParserErrors.InputNeedsIdentifier" time="0.0339498" status="run">
		<properties/>
		<system-out>Running main() from C:\Users\ahmet\OneDrive\Masaüstü\DataStructure\cen207-2025-2026-5-Mustafa-Yildirimm-cpp\build_win\_deps\googletest-src\googletest\src\gtest_main.cc
Note: Google Test filter = ParserErrors.InputNeedsIdentifier
[==========] Running 1 test from 1 test suite.
[----------] Global test environment set-up.
[----------] 1 test from ParserErrors
[ RUN      ] ParserErrors.InputNeedsIdentifier
[       OK ] ParserErrors.InputNeedsIdentifier (0 ms)
[----------] 1 test from ParserErrors (0 ms total)

[----------] Global test environment tear-down
[==========] 1 test from 1 test suite ran. (0 ms total)
[  PASSED  ] 1 test.
</system-out>
	</testcase>
	<testcase name="ParserErrors.IfRequiresThen" classname="ParserErrors.IfRequiresThen" time="0.034057" status="run">
		<properties/>
		<system-out>Running main() from C:\Users\ahmet\OneDrive\Masaüstü\DataStructure\cen207-2025-2026-5-Mustafa-Yildirimm-cpp\build_win\_deps\googletest-src\googletest\src\gtest_main.cc
Note: Google Test filter = ParserErrors.IfRequiresThen
[==========] Running 1 test from 1 test suite.
[----------] Global test environment set-up.
[----------] 1 test from ParserErrors
[ RUN      ] ParserErrors.IfRequiresThen
[       OK ] ParserErrors.IfRequiresThen (0 ms)
[----------] 1 test from ParserErrors (0 ms total)

[----------] Global test environment tear-down
[==========] 1 test from 1 test suite ran. (0 ms total)
[  PASSED  ] 1 test.
</system-out>
	</testcase>
	<testcase name="ParserErrors.IfThenRequiresNumber" classname="ParserErrors.IfThenRequiresNumber" time="0.0341323" status="run">
		<properties/>
		<system-out>Running main() from C:\Users\ahmet\OneDrive\Masaüstü\DataStructure\cen207-2025-2026-5-Mustafa-Yildirimm-cpp\build_win\_deps\googletest-src\googletest\src\gtest_main.cc
Note: Google Test filter = ParserErrors.IfThenRequiresNumber
[==========] Running 1 test from 1 test suite.
[----------] Global test environment set-up.
[----------] 1 test from ParserErrors
[ RUN      ] ParserErrors.IfThenRequiresNumber
[       OK ] ParserErrors.IfThenRequiresNumber (0 ms)
[----------] 1 test from ParserErrors (0 ms total)

[----------] Global test environment tear-down
[==========] 1 test from 1 test suite ran. (0 ms total)
[  PASSED  ] 1 test.
</system-out>
	</testcase>
	<testcase name="ParserErrors.GotoRequiresNumber" classname="ParserErrors.GotoRequiresNumber" time="0.0330339" status="run">
		<properties/>
		<system-out>Running main() from C:\Users\ahmet\OneDrive\Masaüstü\DataStructure\cen207-2025-2026-5-Mustafa-Yildirimm-cpp\build_win\_deps\googletest-src\googletest\src\gtest_main.cc
Note: Google Test filter = ParserErrors.GotoRequiresNumber
[==========] Running 1 test from 1 test suite.
[----------] Global test environment set-up.
[----------] 1 test from ParserErrors
[ RUN      ] ParserErrors.GotoRequiresNumber
[       OK ] ParserErrors.GotoRequiresNumber (0 ms)
[----------] 1 test from ParserErrors (0 ms total)

[----------] Global test environment tear-down
[==========] 1 test from 1 test suite ran. (0 ms total)
[  PASSED  ] 1 test.
</system-out>
	</testcase>
	<testcase name="ParserProgram.AutoLabelsWhenMissing" classname="ParserProgram.AutoLabelsWhenMissing" time="0.0325759" status="run">
		<properties/>
		<system-out>Running main() from C:\Users\ahmet\OneDrive\Masaüstü\DataStructure\cen207-2025-2026-5-Mustafa-Yildirimm-cpp\build_win\_deps\googletest-src\googletest\src\gtest_main.cc
Note: Google Test filter = ParserProgram.AutoLabelsWhenMissing
[==========] Running 1 test from 1 test suite.
[----------] Global test environment set-up.
[----------] 1 test from ParserProgram
[ RUN      ] ParserProgram.AutoLabelsWhenMissing
[       OK ] ParserProgram.AutoLabelsWhenMissing (0 ms)
[----------] 1 test from ParserProgram (0 ms total)

[----------] Global test environment tear-down
[==========] 1 test from 1 test suite ran. (0 ms total)
[  PASSED  ] 1 test.
</system-out>
	</testcase>
	<testcase name="Lexer.UnknownCharIsIgnored" classname="Lexer.UnknownCharIsIgnored" time="0.0374382" status="run">
		<properties/>
		<system-out>Running main() from C:\Users\ahmet\OneDrive\Masaüstü\DataStructure\cen207-2025-2026-5-Mustafa-Yildirimm-cpp\build_win\_deps\googletest-src\googletest\src\gtest_main.cc
Note: Google Test filter = Lexer.UnknownCharIsIgnored
[==========] Running 1 test from 1 test suite.
[----------] Global test environment set-up.
[----------] 1 test from Lexer
[ RUN      ] Lexer.UnknownCharIsIgnored
[       OK ] Lexer.UnknownCharIsIgnored (0 ms)
[----------] 1 test from Lexer (0 ms total)

[----------] Global test environment tear-down
[==========] 1 test from 1 test suite ran. (0 ms total)
[  PASSED  ] 1 test.
</system-out>
	</testcase>
	<testcase name="CodegenPaths.EmptyProgramReturnsEarly" classname="CodegenPaths.EmptyProgramReturnsEarly" time="0.0245638" status="run">
		<properties/>
		<system-out>Running main() from C:\Users\ahmet\OneDrive\Masaüstü\DataStructure\cen207-2025-2026-5-Mustafa-Yildirimm-cpp\build_win\_deps\googletest-src\googletest\src\gtest_main.cc
Note: Google Test filter = CodegenPaths.EmptyProgramReturnsEarly
[==========] Running 1 test from 1 test suite.
[----------] Global test environment set-up.
[----------] 1 test from CodegenPaths
[ RUN      ] CodegenPaths.EmptyProgramReturnsEarly
[       OK ] CodegenPaths.EmptyProgramReturnsEarly (0 ms)
[----------] 1 test from CodegenPaths (0 ms total)

[----------] Global test environment tear-down
[==========] 1 test from 1 test suite ran. (0 ms total)
[  PASSED  ] 1 test.
</system-out>
	</testcase>
	<testcase name="CodegenPaths.InputGotoIfGosubReturn" classname="CodegenPaths.InputGotoIfGosubReturn" time="0.03358" status="run">
		<properties/>
		<system-out>Running main() from C:\Users\ahmet\OneDrive\Masaüstü\DataStructure\cen207-2025-2026-5-Mustafa-Yildirimm-cpp\build_win\_deps\googletest-src\googletest\src\gtest_main.cc
Note: Google Test filter = CodegenPaths.InputGotoIfGosubReturn
[==========] Running 1 test from 1 test suite.
[----------] Global test environment set-up.
[----------] 1 test from CodegenPaths
[ RUN      ] CodegenPaths.InputGotoIfGosubReturn
[       OK ] CodegenPaths.InputGotoIfGosubReturn (0 ms)
[----------] 1 test from CodegenPaths (0 ms total)

[----------] Global test environment tear-down
[==========] 1 test from 1 test suite ran. (0 ms total)
[  PASSED  ] 1 test.
</system-out>
	</testcase>
	<testcase name="SafeChronoCalculatorTest.TestSafeDurationCalculation" classname="SafeChronoCalculatorTest.TestSafeDurationCalculation" time="0.0313738" status="run">
		<properties/>
		<system-out>Running main() from C:\Users\ahmet\OneDrive\Masaüstü\DataStructure\cen207-2025-2026-5-Mustafa-Yildirimm-cpp\build_win\_deps\googletest-src\googletest\src\gtest_main.cc
Note: Google Test filter = SafeChronoCalculatorTest.TestSafeDurationCalculation
[==========] Running 1 test from 1 test suite.
[----------] Global test environment set-up.
[----------] 1 test from SafeChronoCalculatorTest
[ RUN      ] SafeChronoCalculatorTest.TestSafeDurationCalculation
[       OK ] SafeChronoCalculatorTest.TestSafeDurationCalculation (0 ms)
[----------] 1 test from SafeChronoCalculatorTest (0 ms total)

[----------] Global test environment tear-down
[==========] 1 test from 1 test suite ran. (0 ms total)
[  PASSED  ] 1 test.
</system-out>
	</testcase>
	<testcase name="SafeChronoCalculatorTest.Test10MHzCalculation" classname="SafeChronoCalculatorTest.Test10MHzCalculation" time="0.0222578" status="run">
		<properties/>
		<system-out>Running main() from C:\Users\ahmet\OneDrive\Masaüstü\DataStructure\cen207-2025-2026-5-Mustafa-Yildirimm-cpp\build_win\_deps\googletest-src\googletest\src\gtest_main.cc
Note: Google Test filter = SafeChronoCalculatorTest.Test10MHzCalculation
[==========] Running 1 test from 1 test suite.
[----------] Global test environment set-up.
[----------] 1 test from SafeChronoCalculatorTest
[ RUN      ] SafeChronoCalculatorTest.Test10MHzCalculation
[       OK ] SafeChronoCalculatorTest.Test10MHzCalculation (0 ms)
[----------] 1 test from SafeChronoCalculatorTest (0 ms total)

[----------] Global test environment tear-down
[==========] 1 test from 1 test suite ran. (0 ms total)
[  PASSED  ] 1 test.
</system-out>
	</testcase>
	<testcase name="SafeChronoCalculatorTest.Test24MHzCalculation" classname="SafeChronoCalculatorTest.Test24MHzCalculation" time="0.0599882" status="run">
		<properties/>
		<system-out>Running main() from C:\Users\ahmet\OneDrive\Masaüstü\DataStructure\cen207-2025-2026-5-Mustafa-Yildirimm-cpp\build_win\_deps\googletest-src\googletest\src\gtest_main.cc
Note: Google Test filter = SafeChronoCalculatorTest.Test24MHzCalculation
[==========] Running 1 test from 1 test suite.
[----------] Global test environment set-up.
[----------] 1 test from SafeChronoCalculatorTest
[ RUN      ] SafeChronoCalculatorTest.Test24MHzCalculation
[       OK ] SafeChronoCalculatorTest.Test24MHzCalculation (0 ms)
[----------] 1 test from SafeChronoCalculatorTest (0 ms total)

[----------] Global test environment tear-down
[==========] 1 test from 1 test suite ran. (0 ms total)
[  PASSED  ] 1 test.
</system-out>
	</testcase>
	<testcase name="SafeChronoCalculatorTest.TestOverflowDetection" classname="SafeChronoCalculatorTest.TestOverflowDetection" time="0.0321706" status="run">
		<properties/>
		<system-out>Running main() from C:\Users\ahmet\OneDrive\Masaüstü\DataStructure\cen207-2025-2026-5-Mustafa-Yildirimm-cpp\build_win\_deps\googletest-src\googletest\src\gtest_main.cc
Note: Google Test filter = SafeChronoCalculatorTest.TestOverflowDetection
[==========] Running 1 test from 1 test suite.
[----------] Global test environment set-up.
[----------] 1 test from SafeChronoCalculatorTest
[ RUN      ] SafeChronoCalculatorTest.TestOverflowDetection
[       OK ] SafeChronoCalculatorTest.TestOverflowDetection (0 ms)
[----------] 1 test from SafeChronoCalculatorTest (0 ms total)

[----------] Global test environment tear-down
[==========] 1 test from 1 test suite ran. (0 ms total)
[  PASSED  ] 1 test.
</system-out>
	</testcase>
	<testcase name="SafeChronoCalculatorTest.TestErrorHandling" classname="SafeChronoCalculatorTest.TestErrorHandling" time="0.0572545" status="run">
		<properties/>
		<system-out>Running main() from C:\Users\ahmet\OneDrive\Masaüstü\DataStructure\cen207-2025-2026-5-Mustafa-Yildirimm-cpp\build_win\_deps\googletest-src\googletest\src\gtest_main.cc
Note: Google Test filter = SafeChronoCalculatorTest.TestErrorHandling
[==========] Running 1 test from 1 test suite.
[----------] Global test environment set-up.
[----------] 1 test from SafeChronoCalculatorTest
[ RUN      ] SafeChronoCalculatorTest.TestErrorHandling
[       OK ] SafeChronoCalculatorTest.TestErrorHandling (0 ms)
[----------] 1 test from SafeChronoCalculatorTest (0 ms total)

[----------] Global test environment tear-down
[==========] 1 test from 1 test suite ran. (0 ms total)
[  PASSED  ] 1 test.
</system-out>
	</testcase>
	<testcase name="SafeChronoCalculatorTest.TestEdgeCases" classname="SafeChronoCalculatorTest.TestEdgeCases" time="0.0250654" status="fail">
		<failure message="Failed"/>
		<properties/>
		<system-out>Running main() from C:\Users\ahmet\OneDrive\Masaüstü\DataStructure\cen207-2025-2026-5-Mustafa-Yildirimm-cpp\build_win\_deps\googletest-src\googletest\src\gtest_main.cc
Note: Google Test filter = SafeChronoCalculatorTest.TestEdgeCases
[==========] Running 1 test from 1 test suite.
[----------] Global test environment set-up.
[----------] 1 test from SafeChronoCalculatorTest
[ RUN      ] SafeChronoCalculatorTest.TestEdgeCases
C:\Users\ahmet\OneDrive\Masa[NON-UTF-8-BYTE-0xFC]st[NON-UTF-8-BYTE-0xFC]\DataStructure\cen207-2025-2026-5-Mustafa-Yildirimm-cpp\tests\test_safe_chrono_calculator.cpp(120): error: Expected: (result.count()) &gt; (0), actual: -1000 vs 0

[  FAILED  ] SafeChronoCalculatorTest.TestEdgeCases (0 ms)
[----------] 1 test from SafeChronoCalculatorTest (0 ms total)

[----------] Global test environment tear-down
[==========] 1 test from 1 test suite ran. (0 ms total)
[  PASSED  ] 0 tests.
[  FAILED  ] 1 test, listed below:
[  FAILED  ] SafeChronoCalculatorTest.TestEdgeCases

 1 FAILED TEST
</system-out>
	</testcase>
	<testcase name="SafeChronoCalculatorTest.TestPerformance" classname="SafeChronoCalculatorTest.TestPerformance" time="0.034272" status="run">
		<properties/>
		<system-out>Running main() from C:\Users\ahmet\OneDrive\Masaüstü\DataStructure\cen207-2025-2026-5-Mustafa-Yildirimm-cpp\build_win\_deps\googletest-src\googletest\src\gtest_main.cc
Note: Google Test filter = SafeChronoCalculatorTest.TestPerformance
[==========] Running 1 test from 1 test suite.
[----------] Global test environment set-up.
[----------] 1 test from SafeChronoCalculatorTest
[ RUN      ] SafeChronoCalculatorTest.TestPerformance
[       OK ] SafeChronoCalculatorTest.TestPerformance (0 ms)
[----------] 1 test from SafeChronoCalculatorTest (0 ms total)

[----------] Global test environment tear-down
[==========] 1 test from 1 test suite ran. (0 ms total)
[  PASSED  ] 1 test.
</system-out>
	</testcase>
	<testcase name="SafeChronoCalculatorTest.TestDifferentFrequencies" classname="SafeChronoCalculatorTest.TestDifferentFrequencies" time="0.0372625" status="run">
		<properties/>
		<system-out>Running main() from C:\Users\ahmet\OneDrive\Masaüstü\DataStructure\cen207-2025-2026-5-Mustafa-Yildirimm-cpp\build_win\_deps\googletest-src\googletest\src\gtest_main.cc
Note: Google Test filter = SafeChronoCalculatorTest.TestDifferentFrequencies
[==========] Running 1 test from 1 test suite.
[----------] Global test environment set-up.
[----------] 1 test from SafeChronoCalculatorTest
[ RUN      ] SafeChronoCalculatorTest.TestDifferentFrequencies
[       OK ] SafeChronoCalculatorTest.TestDifferentFrequencies (0 ms)
[----------] 1 test from SafeChronoCalculatorTest (0 ms total)

[----------] Global test environment tear-down
[==========] 1 test from 1 test suite ran. (0 ms total)
[  PASSED  ] 1 test.
</system-out>
	</testcase>
	<testcase name="SafeChronoCalculatorTest.TestOverflowErrorHandling" classname="SafeChronoCalculatorTest.TestOverflowErrorHandling" time="0.0282862" status="run">
		<properties/>
		<system-out>Running main() from C:\Users\ahmet\OneDrive\Masaüstü\DataStructure\cen207-2025-2026-5-Mustafa-Yildirimm-cpp\build_win\_deps\googletest-src\googletest\src\gtest_main.cc
Note: Google Test filter = SafeChronoCalculatorTest.TestOverflowErrorHandling
[==========] Running 1 test from 1 test suite.
[----------] Global test environment set-up.
[----------] 1 test from SafeChronoCalculatorTest
[ RUN      ] SafeChronoCalculatorTest.TestOverflowErrorHandling
[       OK ] SafeChronoCalculatorTest.TestOverflowErrorHandling (0 ms)
[----------] 1 test from SafeChronoCalculatorTest (0 ms total)

[----------] Global test environment tear-down
[==========] 1 test from 1 test suite ran. (0 ms total)
[  PASSED  ] 1 test.
</system-out>
	</testcase>
	<testcase name="SafeChronoCalculatorTest.TestConsistency" classname="SafeChronoCalculatorTest.TestConsistency" time="0.0326741" status="run">
		<properties/>
		<system-out>Running main() from C:\Users\ahmet\OneDrive\Masaüstü\DataStructure\cen207-2025-2026-5-Mustafa-Yildirimm-cpp\build_win\_deps\googletest-src\googletest\src\gtest_main.cc
Note: Google Test filter = SafeChronoCalculatorTest.TestConsistency
[==========] Running 1 test from 1 test suite.
[----------] Global test environment set-up.
[----------] 1 test from SafeChronoCalculatorTest
[ RUN      ] SafeChronoCalculatorTest.TestConsistency
[       OK ] SafeChronoCalculatorTest.TestConsistency (0 ms)
[----------] 1 test from SafeChronoCalculatorTest (0 ms total)

[----------] Global test environment tear-down
[==========] 1 test from 1 test suite ran. (0 ms total)
[  PASSED  ] 1 test.
</system-out>
	</testcase>
	<testcase name="SafeChronoCalculatorTest.TestBoundaryValues" classname="SafeChronoCalculatorTest.TestBoundaryValues" time="0.0338152" status="run">
		<properties/>
		<system-out>Running main() from C:\Users\ahmet\OneDrive\Masaüstü\DataStructure\cen207-2025-2026-5-Mustafa-Yildirimm-cpp\build_win\_deps\googletest-src\googletest\src\gtest_main.cc
Note: Google Test filter = SafeChronoCalculatorTest.TestBoundaryValues
[==========] Running 1 test from 1 test suite.
[----------] Global test environment set-up.
[----------] 1 test from SafeChronoCalculatorTest
[ RUN      ] SafeChronoCalculatorTest.TestBoundaryValues
[       OK ] SafeChronoCalculatorTest.TestBoundaryValues (0 ms)
[----------] 1 test from SafeChronoCalculatorTest (0 ms total)

[----------] Global test environment tear-down
[==========] 1 test from 1 test suite ran. (0 ms total)
[  PASSED  ] 1 test.
</system-out>
	</testcase>
	<testcase name="OverflowProtectionTest.TestSafeMultiplication" classname="OverflowProtectionTest.TestSafeMultiplication" time="0.0200554" status="run">
		<properties/>
		<system-out>Running main() from C:\Users\ahmet\OneDrive\Masaüstü\DataStructure\cen207-2025-2026-5-Mustafa-Yildirimm-cpp\build_win\_deps\googletest-src\googletest\src\gtest_main.cc
Note: Google Test filter = OverflowProtectionTest.TestSafeMultiplication
[==========] Running 1 test from 1 test suite.
[----------] Global test environment set-up.
[----------] 1 test from OverflowProtectionTest
[ RUN      ] OverflowProtectionTest.TestSafeMultiplication
[       OK ] OverflowProtectionTest.TestSafeMultiplication (0 ms)
[----------] 1 test from OverflowProtectionTest (0 ms total)

[----------] Global test environment tear-down
[==========] 1 test from 1 test suite ran. (0 ms total)
[  PASSED  ] 1 test.
</system-out>
	</testcase>
	<testcase name="OverflowProtectionTest.TestOverflowDetection" classname="OverflowProtectionTest.TestOverflowDetection" time="0.03093" status="run">
		<properties/>
		<system-out>Running main() from C:\Users\ahmet\OneDrive\Masaüstü\DataStructure\cen207-2025-2026-5-Mustafa-Yildirimm-cpp\build_win\_deps\googletest-src\googletest\src\gtest_main.cc
Note: Google Test filter = OverflowProtectionTest.TestOverflowDetection
[==========] Running 1 test from 1 test suite.
[----------] Global test environment set-up.
[----------] 1 test from OverflowProtectionTest
[ RUN      ] OverflowProtectionTest.TestOverflowDetection
[       OK ] OverflowProtectionTest.TestOverflowDetection (0 ms)
[----------] 1 test from OverflowProtectionTest (0 ms total)

[----------] Global test environment tear-down
[==========] 1 test from 1 test suite ran. (0 ms total)
[  PASSED  ] 1 test.
</system-out>
	</testcase>
	<testcase name="OverflowProtectionTest.TestChronoOverflowProtection" classname="OverflowProtectionTest.TestChronoOverflowProtection" time="0.0356717" status="run">
		<properties/>
		<system-out>Running main() from C:\Users\ahmet\OneDrive\Masaüstü\DataStructure\cen207-2025-2026-5-Mustafa-Yildirimm-cpp\build_win\_deps\googletest-src\googletest\src\gtest_main.cc
Note: Google Test filter = OverflowProtectionTest.TestChronoOverflowProtection
[==========] Running 1 test from 1 test suite.
[----------] Global test environment set-up.
[----------] 1 test from OverflowProtectionTest
[ RUN      ] OverflowProtectionTest.TestChronoOverflowProtection
[       OK ] OverflowProtectionTest.TestChronoOverflowProtection (0 ms)
[----------] 1 test from OverflowProtectionTest (0 ms total)

[----------] Global test environment tear-down
[==========] 1 test from 1 test suite ran. (0 ms total)
[  PASSED  ] 1 test.
</system-out>
	</testcase>
	<testcase name="OverflowProtectionTest.TestLargeValueHandling" classname="OverflowProtectionTest.TestLargeValueHandling" time="0.0282146" status="run">
		<properties/>
		<system-out>Running main() from C:\Users\ahmet\OneDrive\Masaüstü\DataStructure\cen207-2025-2026-5-Mustafa-Yildirimm-cpp\build_win\_deps\googletest-src\googletest\src\gtest_main.cc
Note: Google Test filter = OverflowProtectionTest.TestLargeValueHandling
[==========] Running 1 test from 1 test suite.
[----------] Global test environment set-up.
[----------] 1 test from OverflowProtectionTest
[ RUN      ] OverflowProtectionTest.TestLargeValueHandling
[       OK ] OverflowProtectionTest.TestLargeValueHandling (0 ms)
[----------] 1 test from OverflowProtectionTest (0 ms total)

[----------] Global test environment tear-down
[==========] 1 test from 1 test suite ran. (0 ms total)
[  PASSED  ] 1 test.
</system-out>
	</testcase>
	<testcase name="OverflowProtectionTest.TestFrequencySpecificCalculations" classname="OverflowProtectionTest.TestFrequencySpecificCalculations" time="0.03158" status="run">
		<properties/>
		<system-out>Running main() from C:\Users\ahmet\OneDrive\Masaüstü\DataStructure\cen207-2025-2026-5-Mustafa-Yildirimm-cpp\build_win\_deps\googletest-src\googletest\src\gtest_main.cc
Note: Google Test filter = OverflowProtectionTest.TestFrequencySpecificCalculations
[==========] Running 1 test from 1 test suite.
[----------] Global test environment set-up.
[----------] 1 test from OverflowProtectionTest
[ RUN      ] OverflowProtectionTest.TestFrequencySpecificCalculations
[       OK ] OverflowProtectionTest.TestFrequencySpecificCalculations (0 ms)
[----------] 1 test from OverflowProtectionTest (0 ms total)

[----------] Global test environment tear-down
[==========] 1 test from 1 test suite ran. (0 ms total)
[  PASSED  ] 1 test.
</system-out>
	</testcase>
	<testcase name="OverflowProtectionTest.TestOverflowPreventionAlgorithm" classname="OverflowProtectionTest.TestOverflowPreventionAlgorithm" time="0.0236579" status="run">
		<properties/>
		<system-out>Running main() from C:\Users\ahmet\OneDrive\Masaüstü\DataStructure\cen207-2025-2026-5-Mustafa-Yildirimm-cpp\build_win\_deps\googletest-src\googletest\src\gtest_main.cc
Note: Google Test filter = OverflowProtectionTest.TestOverflowPreventionAlgorithm
[==========] Running 1 test from 1 test suite.
[----------] Global test environment set-up.
[----------] 1 test from OverflowProtectionTest
[ RUN      ] OverflowProtectionTest.TestOverflowPreventionAlgorithm
[       OK ] OverflowProtectionTest.TestOverflowPreventionAlgorithm (0 ms)
[----------] 1 test from OverflowProtectionTest (0 ms total)

[----------] Global test environment tear-down
[==========] 1 test from 1 test suite ran. (0 ms total)
[  PASSED  ] 1 test.
</system-out>
	</testcase>
	<testcase name="OverflowProtectionTest.TestEdgeCases" classname="OverflowProtectionTest.TestEdgeCases" time="0.0195018" status="fail">
		<failure message="Failed"/>
		<properties/>
		<system-out>Running main() from C:\Users\ahmet\OneDrive\Masaüstü\DataStructure\cen207-2025-2026-5-Mustafa-Yildirimm-cpp\build_win\_deps\googletest-src\googletest\src\gtest_main.cc
Note: Google Test filter = OverflowProtectionTest.TestEdgeCases
[==========] Running 1 test from 1 test suite.
[----------] Global test environment set-up.
[----------] 1 test from OverflowProtectionTest
[ RUN      ] OverflowProtectionTest.TestEdgeCases
unknown file: error: SEH exception with code 0xc0000094 thrown in the test body.
Stack trace:


[  FAILED  ] OverflowProtectionTest.TestEdgeCases (0 ms)
[----------] 1 test from OverflowProtectionTest (0 ms total)

[----------] Global test environment tear-down
[==========] 1 test from 1 test suite ran. (0 ms total)
[  PASSED  ] 0 tests.
[  FAILED  ] 1 test, listed below:
[  FAILED  ] OverflowProtectionTest.TestEdgeCases

 1 FAILED TEST
</system-out>
	</testcase>
	<testcase name="SimpleCoverageBoostTest.TestSafeChronoCalculator" classname="SimpleCoverageBoostTest.TestSafeChronoCalculator" time="0.0459661" status="run">
		<properties/>
		<system-out>Running main() from C:\Users\ahmet\OneDrive\Masaüstü\DataStructure\cen207-2025-2026-5-Mustafa-Yildirimm-cpp\build_win\_deps\googletest-src\googletest\src\gtest_main.cc
Note: Google Test filter = SimpleCoverageBoostTest.TestSafeChronoCalculator
[==========] Running 1 test from 1 test suite.
[----------] Global test environment set-up.
[----------] 1 test from SimpleCoverageBoostTest
[ RUN      ] SimpleCoverageBoostTest.TestSafeChronoCalculator
[       OK ] SimpleCoverageBoostTest.TestSafeChronoCalculator (0 ms)
[----------] 1 test from SimpleCoverageBoostTest (0 ms total)

[----------] Global test environment tear-down
[==========] 1 test from 1 test suite ran. (0 ms total)
[  PASSED  ] 1 test.
</system-out>
	</testcase>
	<testcase name="SimpleCoverageBoostTest.TestSafeChronoCalculatorErrors" classname="SimpleCoverageBoostTest.TestSafeChronoCalculatorErrors" time="0.028631" status="run">
		<properties/>
		<system-out>Running main() from C:\Users\ahmet\OneDrive\Masaüstü\DataStructure\cen207-2025-2026-5-Mustafa-Yildirimm-cpp\build_win\_deps\googletest-src\googletest\src\gtest_main.cc
Note: Google Test filter = SimpleCoverageBoostTest.TestSafeChronoCalculatorErrors
[==========] Running 1 test from 1 test suite.
[----------] Global test environment set-up.
[----------] 1 test from SimpleCoverageBoostTest
[ RUN      ] SimpleCoverageBoostTest.TestSafeChronoCalculatorErrors
[       OK ] SimpleCoverageBoostTest.TestSafeChronoCalculatorErrors (0 ms)
[----------] 1 test from SimpleCoverageBoostTest (0 ms total)

[----------] Global test environment tear-down
[==========] 1 test from 1 test suite ran. (0 ms total)
[  PASSED  ] 1 test.
</system-out>
	</testcase>
	<testcase name="SimpleCoverageBoostTest.TestSafeChronoCalculatorEdgeCases" classname="SimpleCoverageBoostTest.TestSafeChronoCalculatorEdgeCases" time="0.0283138" status="fail">
		<failure message="Failed"/>
		<properties/>
		<system-out>Running main() from C:\Users\ahmet\OneDrive\Masaüstü\DataStructure\cen207-2025-2026-5-Mustafa-Yildirimm-cpp\build_win\_deps\googletest-src\googletest\src\gtest_main.cc
Note: Google Test filter = SimpleCoverageBoostTest.TestSafeChronoCalculatorEdgeCases
[==========] Running 1 test from 1 test suite.
[----------] Global test environment set-up.
[----------] 1 test from SimpleCoverageBoostTest
[ RUN      ] SimpleCoverageBoostTest.TestSafeChronoCalculatorEdgeCases
C:\Users\ahmet\OneDrive\Masa[NON-UTF-8-BYTE-0xFC]st[NON-UTF-8-BYTE-0xFC]\DataStructure\cen207-2025-2026-5-Mustafa-Yildirimm-cpp\tests\test_simple_coverage_boost.cpp(83): error: Expected: (result.count()) &gt; (0), actual: -1000 vs 0

[  FAILED  ] SimpleCoverageBoostTest.TestSafeChronoCalculatorEdgeCases (0 ms)
[----------] 1 test from SimpleCoverageBoostTest (0 ms total)

[----------] Global test environment tear-down
[==========] 1 test from 1 test suite ran. (0 ms total)
[  PASSED  ] 0 tests.
[  FAILED  ] 1 test, listed below:
[  FAILED  ] SimpleCoverageBoostTest.TestSafeChronoCalculatorEdgeCases

 1 FAILED TEST
</system-out>
	</testcase>
	<testcase name="SimpleCoverageBoostTest.TestSafeChronoCalculatorPerformance" classname="SimpleCoverageBoostTest.TestSafeChronoCalculatorPerformance" time="0.0303429" status="fail">
		<failure message="Failed"/>
		<properties/>
		<system-out>Running main() from C:\Users\ahmet\OneDrive\Masaüstü\DataStructure\cen207-2025-2026-5-Mustafa-Yildirimm-cpp\build_win\_deps\googletest-src\googletest\src\gtest_main.cc
Note: Google Test filter = SimpleCoverageBoostTest.TestSafeChronoCalculatorPerformance
[==========] Running 1 test from 1 test suite.
[----------] Global test environment set-up.
[----------] 1 test from SimpleCoverageBoostTest
[ RUN      ] SimpleCoverageBoostTest.TestSafeChronoCalculatorPerformance
C:\Users\ahmet\OneDrive\Masa[NON-UTF-8-BYTE-0xFC]st[NON-UTF-8-BYTE-0xFC]\DataStructure\cen207-2025-2026-5-Mustafa-Yildirimm-cpp\tests\test_simple_coverage_boost.cpp(93): error: Expected: (result.count()) &gt; (0), actual: 0 vs 0

[  FAILED  ] SimpleCoverageBoostTest.TestSafeChronoCalculatorPerformance (0 ms)
[----------] 1 test from SimpleCoverageBoostTest (0 ms total)

[----------] Global test environment tear-down
[==========] 1 test from 1 test suite ran. (0 ms total)
[  PASSED  ] 0 tests.
[  FAILED  ] 1 test, listed below:
[  FAILED  ] SimpleCoverageBoostTest.TestSafeChronoCalculatorPerformance

 1 FAILED TEST
</system-out>
	</testcase>
	<testcase name="SimpleCoverageBoostTest.TestLanguageTranslatorAppBasic" classname="SimpleCoverageBoostTest.TestLanguageTranslatorAppBasic" time="0.0215773" status="run">
		<properties/>
		<system-out>Running main() from C:\Users\ahmet\OneDrive\Masaüstü\DataStructure\cen207-2025-2026-5-Mustafa-Yildirimm-cpp\build_win\_deps\googletest-src\googletest\src\gtest_main.cc
Note: Google Test filter = SimpleCoverageBoostTest.TestLanguageTranslatorAppBasic
[==========] Running 1 test from 1 test suite.
[----------] Global test environment set-up.
[----------] 1 test from SimpleCoverageBoostTest
[ RUN      ] SimpleCoverageBoostTest.TestLanguageTranslatorAppBasic
Source language set to: Spanish
Target language set to: French
[       OK ] SimpleCoverageBoostTest.TestLanguageTranslatorAppBasic (2 ms)
[----------] 1 test from SimpleCoverageBoostTest (2 ms total)

[----------] Global test environment tear-down
[==========] 1 test from 1 test suite ran. (2 ms total)
[  PASSED  ] 1 test.
</system-out>
	</testcase>
	<testcase name="SimpleCoverageBoostTest.TestLanguageTranslatorAppTranslation" classname="SimpleCoverageBoostTest.TestLanguageTranslatorAppTranslation" time="0.0254683" status="run">
		<properties/>
		<system-out>Running main() from C:\Users\ahmet\OneDrive\Masaüstü\DataStructure\cen207-2025-2026-5-Mustafa-Yildirimm-cpp\build_win\_deps\googletest-src\googletest\src\gtest_main.cc
Note: Google Test filter = SimpleCoverageBoostTest.TestLanguageTranslatorAppTranslation
[==========] Running 1 test from 1 test suite.
[----------] Global test environment set-up.
[----------] 1 test from SimpleCoverageBoostTest
[ RUN      ] SimpleCoverageBoostTest.TestLanguageTranslatorAppTranslation
[       OK ] SimpleCoverageBoostTest.TestLanguageTranslatorAppTranslation (0 ms)
[----------] 1 test from SimpleCoverageBoostTest (0 ms total)

[----------] Global test environment tear-down
[==========] 1 test from 1 test suite ran. (0 ms total)
[  PASSED  ] 1 test.
</system-out>
	</testcase>
	<testcase name="SimpleCoverageBoostTest.TestLanguageTranslatorAppDataManagement" classname="SimpleCoverageBoostTest.TestLanguageTranslatorAppDataManagement" time="0.0469961" status="run">
		<properties/>
		<system-out>Running main() from C:\Users\ahmet\OneDrive\Masaüstü\DataStructure\cen207-2025-2026-5-Mustafa-Yildirimm-cpp\build_win\_deps\googletest-src\googletest\src\gtest_main.cc
Note: Google Test filter = SimpleCoverageBoostTest.TestLanguageTranslatorAppDataManagement
[==========] Running 1 test from 1 test suite.
[----------] Global test environment set-up.
[----------] 1 test from SimpleCoverageBoostTest
[ RUN      ] SimpleCoverageBoostTest.TestLanguageTranslatorAppDataManagement
Data saved successfully.
Data loaded successfully.
Warning: Could not open dictionary file: dictionaries/en_tr.txt
Warning: Could not open dictionary file: dictionaries/en_es.txt
Warning: Could not open dictionary file: dictionaries/en_fr.txt
Warning: Could not open dictionary file: dictionaries/tr_en.txt
Warning: Could not open dictionary file: dictionaries/en_tr.txt
Warning: Could not open dictionary file: dictionaries/en_es.txt
Warning: Could not open dictionary file: dictionaries/en_fr.txt
Warning: Could not open dictionary file: dicti...
[This part of the test output was removed since it exceeds the threshold of 1024 bytes.]
</system-out>
	</testcase>
	<testcase name="SimpleCoverageBoostTest.TestLanguageTranslatorAppAPI" classname="SimpleCoverageBoostTest.TestLanguageTranslatorAppAPI" time="0.0322391" status="run">
		<properties/>
		<system-out>Running main() from C:\Users\ahmet\OneDrive\Masaüstü\DataStructure\cen207-2025-2026-5-Mustafa-Yildirimm-cpp\build_win\_deps\googletest-src\googletest\src\gtest_main.cc
Note: Google Test filter = SimpleCoverageBoostTest.TestLanguageTranslatorAppAPI
[==========] Running 1 test from 1 test suite.
[----------] Global test environment set-up.
[----------] 1 test from SimpleCoverageBoostTest
[ RUN      ] SimpleCoverageBoostTest.TestLanguageTranslatorAppAPI
Google API not implemented yet
Microsoft API not implemented yet
[       OK ] SimpleCoverageBoostTest.TestLanguageTranslatorAppAPI (0 ms)
[----------] 1 test from SimpleCoverageBoostTest (0 ms total)

[----------] Global test environment tear-down
[==========] 1 test from 1 test suite ran. (0 ms total)
[  PASSED  ] 1 test.
</system-out>
	</testcase>
	<testcase name="SimpleCoverageBoostTest.TestLanguageTranslatorAppPhraseLibrary" classname="SimpleCoverageBoostTest.TestLanguageTranslatorAppPhraseLibrary" time="0.026081" status="run">
		<properties/>
		<system-out>Running main() from C:\Users\ahmet\OneDrive\Masaüstü\DataStructure\cen207-2025-2026-5-Mustafa-Yildirimm-cpp\build_win\_deps\googletest-src\googletest\src\gtest_main.cc
Note: Google Test filter = SimpleCoverageBoostTest.TestLanguageTranslatorAppPhraseLibrary
[==========] Running 1 test from 1 test suite.
[----------] Global test environment set-up.
[----------] 1 test from SimpleCoverageBoostTest
[ RUN      ] SimpleCoverageBoostTest.TestLanguageTranslatorAppPhraseLibrary
Phrase added: Hello, how are you? (Category: greetings)
Phrase added: Thank you very much (Category: politeness)
[       OK ] SimpleCoverageBoostTest.TestLanguageTranslatorAppPhraseLibrary (0 ms)
[----------] 1 test from SimpleCoverageBoostTest (0 ms total)

[----------] Global test environment tear-down
[==========] 1 test from 1 test suite ran. (0 ms total)
[  PASSED  ] 1 test.
</system-out>
	</testcase>
	<testcase name="SimpleCoverageBoostTest.TestLanguageTranslatorAppLearningTips" classname="SimpleCoverageBoostTest.TestLanguageTranslatorAppLearningTips" time="0.0282011" status="run">
		<properties/>
		<system-out>Running main() from C:\Users\ahmet\OneDrive\Masaüstü\DataStructure\cen207-2025-2026-5-Mustafa-Yildirimm-cpp\build_win\_deps\googletest-src\googletest\src\gtest_main.cc
Note: Google Test filter = SimpleCoverageBoostTest.TestLanguageTranslatorAppLearningTips
[==========] Running 1 test from 1 test suite.
[----------] Global test environment set-up.
[----------] 1 test from SimpleCoverageBoostTest
[ RUN      ] SimpleCoverageBoostTest.TestLanguageTranslatorAppLearningTips
Learning tip added: Practice daily for better results
Learning tip added: Use flashcards for vocabulary

=== Learning Tips ===
1. Practice daily for at least 15 minutes
2. Use flashcards for vocabulary building
3. Listen to native speakers regularly
4. Practice speaking with others
5. Read books and articles in the target language
6. Watch movies with subtitles
7. Join language exchange groups
8. Keep a vocabulary notebook
9. Use language learning apps
10. Don't be afraid to make mistakes
11. Practice daily for better results
12. Use flashcard...
[This part of the test output was removed since it exceeds the threshold of 1024 bytes.]
</system-out>
	</testcase>
	<testcase name="SimpleCoverageBoostTest.TestLanguageTranslatorAppPronunciationGuide" classname="SimpleCoverageBoostTest.TestLanguageTranslatorAppPronunciationGuide" time="0.0251175" status="run">
		<properties/>
		<system-out>Running main() from C:\Users\ahmet\OneDrive\Masaüstü\DataStructure\cen207-2025-2026-5-Mustafa-Yildirimm-cpp\build_win\_deps\googletest-src\googletest\src\gtest_main.cc
Note: Google Test filter = SimpleCoverageBoostTest.TestLanguageTranslatorAppPronunciationGuide
[==========] Running 1 test from 1 test suite.
[----------] Global test environment set-up.
[----------] 1 test from SimpleCoverageBoostTest
[ RUN      ] SimpleCoverageBoostTest.TestLanguageTranslatorAppPronunciationGuide
Pronunciation added: hello -&gt; heh-LOH
Pronunciation added: world -&gt; wurld

=== Pronunciation Guide ===
thank -&gt; θæŋk
world -&gt; wurld
hello -&gt; heh-LOH
good -&gt; ɡʊd
morning -&gt; ˈmɔːrnɪŋ
you -&gt; juː
[       OK ] SimpleCoverageBoostTest.TestLanguageTranslatorAppPronunciationGuide (0 ms)
[----------] 1 test from SimpleCoverageBoostTest (0 ms total)

[----------] Global test environment tear-down
[==========] 1 test from 1 test suite ran. (0 ms total)
[  PASSED  ] 1 test.
</system-out>
	</testcase>
	<testcase name="SimpleCoverageBoostTest.TestLanguageTranslatorAppLanguageSelection" classname="SimpleCoverageBoostTest.TestLanguageTranslatorAppLanguageSelection" time="0.0249263" status="run">
		<properties/>
		<system-out>Running main() from C:\Users\ahmet\OneDrive\Masaüstü\DataStructure\cen207-2025-2026-5-Mustafa-Yildirimm-cpp\build_win\_deps\googletest-src\googletest\src\gtest_main.cc
Note: Google Test filter = SimpleCoverageBoostTest.TestLanguageTranslatorAppLanguageSelection
[==========] Running 1 test from 1 test suite.
[----------] Global test environment set-up.
[----------] 1 test from SimpleCoverageBoostTest
[ RUN      ] SimpleCoverageBoostTest.TestLanguageTranslatorAppLanguageSelection

=== Language Selection ===
Supported Languages:
1. English
2. Turkish
3. Spanish
4. French
5. German
6. Italian

Current: English -&gt; Turkish
1. Change Source Language
2. Change Target Language
0. Back to Main Menu
Enter your choice: 
=== Phrase Library ===
Current Language Pair: English -&gt; Turkish

Phrase Dictionary:
you're welcome -&gt; rica ederim
thank you -&gt; teşekkür ederim
good morning -&gt; günaydın
good evening -&gt; iyi akşamlar
i'm fine -&gt; iyiyim
how are you -&gt; nasılsın
excuse me -&gt; özür dilerim
nice to meet you -&gt; tanışt...
[This part of the test output was removed since it exceeds the threshold of 1024 bytes.]
</system-out>
	</testcase>
	<testcase name="SimpleCoverageBoostTest.TestLanguageTranslatorAppEdgeCases" classname="SimpleCoverageBoostTest.TestLanguageTranslatorAppEdgeCases" time="0.049193" status="run">
		<properties/>
		<system-out>Running main() from C:\Users\ahmet\OneDrive\Masaüstü\DataStructure\cen207-2025-2026-5-Mustafa-Yildirimm-cpp\build_win\_deps\googletest-src\googletest\src\gtest_main.cc
Note: Google Test filter = SimpleCoverageBoostTest.TestLanguageTranslatorAppEdgeCases
[==========] Running 1 test from 1 test suite.
[----------] Global test environment set-up.
[----------] 1 test from SimpleCoverageBoostTest
[ RUN      ] SimpleCoverageBoostTest.TestLanguageTranslatorAppEdgeCases
[       OK ] SimpleCoverageBoostTest.TestLanguageTranslatorAppEdgeCases (0 ms)
[----------] 1 test from SimpleCoverageBoostTest (0 ms total)

[----------] Global test environment tear-down
[==========] 1 test from 1 test suite ran. (0 ms total)
[  PASSED  ] 1 test.
</system-out>
	</testcase>
	<testcase name="SimpleCoverageBoostTest.TestLanguageTranslatorAppMenuHandling" classname="SimpleCoverageBoostTest.TestLanguageTranslatorAppMenuHandling" time="0.0783477" status="run">
		<properties/>
		<system-out>Running main() from C:\Users\ahmet\OneDrive\Masaüstü\DataStructure\cen207-2025-2026-5-Mustafa-Yildirimm-cpp\build_win\_deps\googletest-src\googletest\src\gtest_main.cc
Note: Google Test filter = SimpleCoverageBoostTest.TestLanguageTranslatorAppMenuHandling
[==========] Running 1 test from 1 test suite.
[----------] Global test environment set-up.
[----------] 1 test from SimpleCoverageBoostTest
[ RUN      ] SimpleCoverageBoostTest.TestLanguageTranslatorAppMenuHandling
Exiting application. Goodbye!
Enter username: Enter password: Invalid username or password.
Enter new username: Enter new password: Registration successful! You can now log in.
Invalid choice. Please try again.
Invalid choice. Please try again.
Invalid choice. Please try again.
Invalid choice. Please try again.
Invalid choice. Please try again.
[       OK ] SimpleCoverageBoostTest.TestLanguageTranslatorAppMenuHandling (3 ms)
[----------] 1 test from SimpleCoverageBoostTest (3 ms total)

[----------] Global test environment tear-down
[=========...
[This part of the test output was removed since it exceeds the threshold of 1024 bytes.]
</system-out>
	</testcase>
	<testcase name="SimpleCoverageBoostTest.TestLanguageTranslatorAppPerformance" classname="SimpleCoverageBoostTest.TestLanguageTranslatorAppPerformance" time="0.0502043" status="run">
		<properties/>
		<system-out>Running main() from C:\Users\ahmet\OneDrive\Masaüstü\DataStructure\cen207-2025-2026-5-Mustafa-Yildirimm-cpp\build_win\_deps\googletest-src\googletest\src\gtest_main.cc
Note: Google Test filter = SimpleCoverageBoostTest.TestLanguageTranslatorAppPerformance
[==========] Running 1 test from 1 test suite.
[----------] Global test environment set-up.
[----------] 1 test from SimpleCoverageBoostTest
[ RUN      ] SimpleCoverageBoostTest.TestLanguageTranslatorAppPerformance
Phrase added: phrase 0 (Category: category0)
Phrase added: phrase 1 (Category: category1)
Phrase added: phrase 2 (Category: category2)
Phrase added: phrase 3 (Category: category3)
Phrase added: phrase 4 (Category: category4)
Phrase added: phrase 5 (Category: category0)
Phrase added: phrase 6 (Category: category1)
Phrase added: phrase 7 (Category: category2)
Phrase added: phrase 8 (Category: category3)
Phrase added: phrase 9 (Category: category4)
Phrase added: phrase 10 (Category: category0)
Phrase added: phrase 11 (Category: category1)
Phrase ad...
[This part of the test output was removed since it exceeds the threshold of 1024 bytes.]
</system-out>
	</testcase>
	<testcase name="SimpleCoverageBoostTest.TestLanguageTranslatorAppConsistency" classname="SimpleCoverageBoostTest.TestLanguageTranslatorAppConsistency" time="0.0199143" status="run">
		<properties/>
		<system-out>Running main() from C:\Users\ahmet\OneDrive\Masaüstü\DataStructure\cen207-2025-2026-5-Mustafa-Yildirimm-cpp\build_win\_deps\googletest-src\googletest\src\gtest_main.cc
Note: Google Test filter = SimpleCoverageBoostTest.TestLanguageTranslatorAppConsistency
[==========] Running 1 test from 1 test suite.
[----------] Global test environment set-up.
[----------] 1 test from SimpleCoverageBoostTest
[ RUN      ] SimpleCoverageBoostTest.TestLanguageTranslatorAppConsistency
[       OK ] SimpleCoverageBoostTest.TestLanguageTranslatorAppConsistency (0 ms)
[----------] 1 test from SimpleCoverageBoostTest (0 ms total)

[----------] Global test environment tear-down
[==========] 1 test from 1 test suite ran. (0 ms total)
[  PASSED  ] 1 test.
</system-out>
	</testcase>
	<testcase name="SimpleCoverageBoostTest.TestLanguageTranslatorAppLanguageCombinations" classname="SimpleCoverageBoostTest.TestLanguageTranslatorAppLanguageCombinations" time="0.0312163" status="run">
		<properties/>
		<system-out>Running main() from C:\Users\ahmet\OneDrive\Masaüstü\DataStructure\cen207-2025-2026-5-Mustafa-Yildirimm-cpp\build_win\_deps\googletest-src\googletest\src\gtest_main.cc
Note: Google Test filter = SimpleCoverageBoostTest.TestLanguageTranslatorAppLanguageCombinations
[==========] Running 1 test from 1 test suite.
[----------] Global test environment set-up.
[----------] 1 test from SimpleCoverageBoostTest
[ RUN      ] SimpleCoverageBoostTest.TestLanguageTranslatorAppLanguageCombinations
Source language set to: English
Target language set to: Turkish
Source language set to: English
Target language set to: Spanish
Source language set to: English
Target language set to: French
Source language set to: Turkish
Target language set to: English
[       OK ] SimpleCoverageBoostTest.TestLanguageTranslatorAppLanguageCombinations (0 ms)
[----------] 1 test from SimpleCoverageBoostTest (0 ms total)

[----------] Global test environment tear-down
[==========] 1 test from 1 test suite ran. (0 ms total)
[  PASSED  ] 1 test.
</system-out>
	</testcase>
	<testcase name="MathUtilityTest.MeanMedianOddEven" classname="MathUtilityTest.MeanMedianOddEven" time="0.0213014" status="run">
		<properties/>
		<system-out>Running main() from C:\Users\ahmet\OneDrive\Masaüstü\DataStructure\cen207-2025-2026-5-Mustafa-Yildirimm-cpp\build_win\_deps\googletest-src\googletest\src\gtest_main.cc
Note: Google Test filter = MathUtilityTest.MeanMedianOddEven
[==========] Running 1 test from 1 test suite.
[----------] Global test environment set-up.
[----------] 1 test from MathUtilityTest
[ RUN      ] MathUtilityTest.MeanMedianOddEven
[       OK ] MathUtilityTest.MeanMedianOddEven (0 ms)
[----------] 1 test from MathUtilityTest (0 ms total)

[----------] Global test environment tear-down
[==========] 1 test from 1 test suite ran. (0 ms total)
[  PASSED  ] 1 test.
</system-out>
	</testcase>
	<testcase name="MathUtilityTest.MinMaxAndComparator" classname="MathUtilityTest.MinMaxAndComparator" time="0.0236403" status="run">
		<properties/>
		<system-out>Running main() from C:\Users\ahmet\OneDrive\Masaüstü\DataStructure\cen207-2025-2026-5-Mustafa-Yildirimm-cpp\build_win\_deps\googletest-src\googletest\src\gtest_main.cc
Note: Google Test filter = MathUtilityTest.MinMaxAndComparator
[==========] Running 1 test from 1 test suite.
[----------] Global test environment set-up.
[----------] 1 test from MathUtilityTest
[ RUN      ] MathUtilityTest.MinMaxAndComparator
[       OK ] MathUtilityTest.MinMaxAndComparator (0 ms)
[----------] 1 test from MathUtilityTest (0 ms total)

[----------] Global test environment tear-down
[==========] 1 test from 1 test suite ran. (0 ms total)
[  PASSED  ] 1 test.
</system-out>
	</testcase>
	<testcase name="TranslatorCoverageTopOff.Lexer_StringAndPunctuators" classname="TranslatorCoverageTopOff.Lexer_StringAndPunctuators" time="0.0251482" status="run">
		<properties/>
		<system-out>Running main() from C:\Users\ahmet\OneDrive\Masaüstü\DataStructure\cen207-2025-2026-5-Mustafa-Yildirimm-cpp\build_win\_deps\googletest-src\googletest\src\gtest_main.cc
Note: Google Test filter = TranslatorCoverageTopOff.Lexer_StringAndPunctuators
[==========] Running 1 test from 1 test suite.
[----------] Global test environment set-up.
[----------] 1 test from TranslatorCoverageTopOff
[ RUN      ] TranslatorCoverageTopOff.Lexer_StringAndPunctuators
[       OK ] TranslatorCoverageTopOff.Lexer_StringAndPunctuators (0 ms)
[----------] 1 test from TranslatorCoverageTopOff (0 ms total)

[----------] Global test environment tear-down
[==========] 1 test from 1 test suite ran. (0 ms total)
[  PASSED  ] 1 test.
</system-out>
	</testcase>
	<testcase name="TranslatorCoverageTopOff.Lexer_Identifier_And_SimpleString" classname="TranslatorCoverageTopOff.Lexer_Identifier_And_SimpleString" time="0.0277013" status="run">
		<properties/>
		<system-out>Running main() from C:\Users\ahmet\OneDrive\Masaüstü\DataStructure\cen207-2025-2026-5-Mustafa-Yildirimm-cpp\build_win\_deps\googletest-src\googletest\src\gtest_main.cc
Note: Google Test filter = TranslatorCoverageTopOff.Lexer_Identifier_And_SimpleString
[==========] Running 1 test from 1 test suite.
[----------] Global test environment set-up.
[----------] 1 test from TranslatorCoverageTopOff
[ RUN      ] TranslatorCoverageTopOff.Lexer_Identifier_And_SimpleString
[       OK ] TranslatorCoverageTopOff.Lexer_Identifier_And_SimpleString (0 ms)
[----------] 1 test from TranslatorCoverageTopOff (0 ms total)

[----------] Global test environment tear-down
[==========] 1 test from 1 test suite ran. (0 ms total)
[  PASSED  ] 1 test.
</system-out>
	</testcase>
	<testcase name="TranslatorCoverageTopOff.Lexer_EmptyString" classname="TranslatorCoverageTopOff.Lexer_EmptyString" time="0.028244" status="run">
		<properties/>
		<system-out>Running main() from C:\Users\ahmet\OneDrive\Masaüstü\DataStructure\cen207-2025-2026-5-Mustafa-Yildirimm-cpp\build_win\_deps\googletest-src\googletest\src\gtest_main.cc
Note: Google Test filter = TranslatorCoverageTopOff.Lexer_EmptyString
[==========] Running 1 test from 1 test suite.
[----------] Global test environment set-up.
[----------] 1 test from TranslatorCoverageTopOff
[ RUN      ] TranslatorCoverageTopOff.Lexer_EmptyString
[       OK ] TranslatorCoverageTopOff.Lexer_EmptyString (0 ms)
[----------] 1 test from TranslatorCoverageTopOff (0 ms total)

[----------] Global test environment tear-down
[==========] 1 test from 1 test suite ran. (0 ms total)
[  PASSED  ] 1 test.
</system-out>
	</testcase>
	<testcase name="TranslatorCoverageTopOff.Parser_MulDiv_And_CodegenLet" classname="TranslatorCoverageTopOff.Parser_MulDiv_And_CodegenLet" time="0.0237996" status="run">
		<properties/>
		<system-out>Running main() from C:\Users\ahmet\OneDrive\Masaüstü\DataStructure\cen207-2025-2026-5-Mustafa-Yildirimm-cpp\build_win\_deps\googletest-src\googletest\src\gtest_main.cc
Note: Google Test filter = TranslatorCoverageTopOff.Parser_MulDiv_And_CodegenLet
[==========] Running 1 test from 1 test suite.
[----------] Global test environment set-up.
[----------] 1 test from TranslatorCoverageTopOff
[ RUN      ] TranslatorCoverageTopOff.Parser_MulDiv_And_CodegenLet
[       OK ] TranslatorCoverageTopOff.Parser_MulDiv_And_CodegenLet (0 ms)
[----------] 1 test from TranslatorCoverageTopOff (0 ms total)

[----------] Global test environment tear-down
[==========] 1 test from 1 test suite ran. (0 ms total)
[  PASSED  ] 1 test.
</system-out>
	</testcase>
	<testcase name="TranslatorCoverageTopOff.Parser_UnexpectedTokenInFactor" classname="TranslatorCoverageTopOff.Parser_UnexpectedTokenInFactor" time="0.039169" status="run">
		<properties/>
		<system-out>Running main() from C:\Users\ahmet\OneDrive\Masaüstü\DataStructure\cen207-2025-2026-5-Mustafa-Yildirimm-cpp\build_win\_deps\googletest-src\googletest\src\gtest_main.cc
Note: Google Test filter = TranslatorCoverageTopOff.Parser_UnexpectedTokenInFactor
[==========] Running 1 test from 1 test suite.
[----------] Global test environment set-up.
[----------] 1 test from TranslatorCoverageTopOff
[ RUN      ] TranslatorCoverageTopOff.Parser_UnexpectedTokenInFactor
[       OK ] TranslatorCoverageTopOff.Parser_UnexpectedTokenInFactor (0 ms)
[----------] 1 test from TranslatorCoverageTopOff (0 ms total)

[----------] Global test environment tear-down
[==========] 1 test from 1 test suite ran. (0 ms total)
[  PASSED  ] 1 test.
</system-out>
	</testcase>
</testsuite>
