<?xml version="1.0" encoding="UTF-8"?>
<testsuite name="(empty)"
	tests="171"
	failures="16"
	disabled="0"
	skipped="0"
	hostname=""
	time="1"
	timestamp="2025-10-24T01:58:55"
	>
	<testcase name="LanguageTranslatorTest.BasicWordTranslation" classname="LanguageTranslatorTest.BasicWordTranslation" time="0.034596" status="run">
		<properties/>
		<system-out>Running main() from C:\Users\ahmet\OneDrive\Masaüstü\DataStructure\cen207-2025-2026-5-Mustafa-Yildirimm-cpp\build_win\_deps\googletest-src\googletest\src\gtest_main.cc
Note: Google Test filter = LanguageTranslatorTest.BasicWordTranslation
[==========] Running 1 test from 1 test suite.
[----------] Global test environment set-up.
[----------] 1 test from LanguageTranslatorTest
[ RUN      ] LanguageTranslatorTest.BasicWordTranslation
[       OK ] LanguageTranslatorTest.BasicWordTranslation (0 ms)
[----------] 1 test from LanguageTranslatorTest (0 ms total)

[----------] Global test environment tear-down
[==========] 1 test from 1 test suite ran. (0 ms total)
[  PASSED  ] 1 test.
</system-out>
	</testcase>
	<testcase name="LanguageTranslatorTest.PhraseTranslation" classname="LanguageTranslatorTest.PhraseTranslation" time="0.026369" status="run">
		<properties/>
		<system-out>Running main() from C:\Users\ahmet\OneDrive\Masaüstü\DataStructure\cen207-2025-2026-5-Mustafa-Yildirimm-cpp\build_win\_deps\googletest-src\googletest\src\gtest_main.cc
Note: Google Test filter = LanguageTranslatorTest.PhraseTranslation
[==========] Running 1 test from 1 test suite.
[----------] Global test environment set-up.
[----------] 1 test from LanguageTranslatorTest
[ RUN      ] LanguageTranslatorTest.PhraseTranslation
[       OK ] LanguageTranslatorTest.PhraseTranslation (0 ms)
[----------] 1 test from LanguageTranslatorTest (0 ms total)

[----------] Global test environment tear-down
[==========] 1 test from 1 test suite ran. (0 ms total)
[  PASSED  ] 1 test.
</system-out>
	</testcase>
	<testcase name="LanguageTranslatorTest.UnknownWordHandling" classname="LanguageTranslatorTest.UnknownWordHandling" time="0.0399757" status="run">
		<properties/>
		<system-out>Running main() from C:\Users\ahmet\OneDrive\Masaüstü\DataStructure\cen207-2025-2026-5-Mustafa-Yildirimm-cpp\build_win\_deps\googletest-src\googletest\src\gtest_main.cc
Note: Google Test filter = LanguageTranslatorTest.UnknownWordHandling
[==========] Running 1 test from 1 test suite.
[----------] Global test environment set-up.
[----------] 1 test from LanguageTranslatorTest
[ RUN      ] LanguageTranslatorTest.UnknownWordHandling
[       OK ] LanguageTranslatorTest.UnknownWordHandling (0 ms)
[----------] 1 test from LanguageTranslatorTest (0 ms total)

[----------] Global test environment tear-down
[==========] 1 test from 1 test suite ran. (0 ms total)
[  PASSED  ] 1 test.
</system-out>
	</testcase>
	<testcase name="LanguageTranslatorTest.MixedKnownUnknownWords" classname="LanguageTranslatorTest.MixedKnownUnknownWords" time="0.0392231" status="run">
		<properties/>
		<system-out>Running main() from C:\Users\ahmet\OneDrive\Masaüstü\DataStructure\cen207-2025-2026-5-Mustafa-Yildirimm-cpp\build_win\_deps\googletest-src\googletest\src\gtest_main.cc
Note: Google Test filter = LanguageTranslatorTest.MixedKnownUnknownWords
[==========] Running 1 test from 1 test suite.
[----------] Global test environment set-up.
[----------] 1 test from LanguageTranslatorTest
[ RUN      ] LanguageTranslatorTest.MixedKnownUnknownWords
[       OK ] LanguageTranslatorTest.MixedKnownUnknownWords (0 ms)
[----------] 1 test from LanguageTranslatorTest (0 ms total)

[----------] Global test environment tear-down
[==========] 1 test from 1 test suite ran. (0 ms total)
[  PASSED  ] 1 test.
</system-out>
	</testcase>
	<testcase name="LanguageTranslatorTest.SameLanguageTranslation" classname="LanguageTranslatorTest.SameLanguageTranslation" time="0.0398579" status="run">
		<properties/>
		<system-out>Running main() from C:\Users\ahmet\OneDrive\Masaüstü\DataStructure\cen207-2025-2026-5-Mustafa-Yildirimm-cpp\build_win\_deps\googletest-src\googletest\src\gtest_main.cc
Note: Google Test filter = LanguageTranslatorTest.SameLanguageTranslation
[==========] Running 1 test from 1 test suite.
[----------] Global test environment set-up.
[----------] 1 test from LanguageTranslatorTest
[ RUN      ] LanguageTranslatorTest.SameLanguageTranslation
Source language set to: English
Target language set to: English
[       OK ] LanguageTranslatorTest.SameLanguageTranslation (0 ms)
[----------] 1 test from LanguageTranslatorTest (0 ms total)

[----------] Global test environment tear-down
[==========] 1 test from 1 test suite ran. (0 ms total)
[  PASSED  ] 1 test.
</system-out>
	</testcase>
	<testcase name="LanguageTranslatorTest.LanguageSwitching" classname="LanguageTranslatorTest.LanguageSwitching" time="0.0355408" status="run">
		<properties/>
		<system-out>Running main() from C:\Users\ahmet\OneDrive\Masaüstü\DataStructure\cen207-2025-2026-5-Mustafa-Yildirimm-cpp\build_win\_deps\googletest-src\googletest\src\gtest_main.cc
Note: Google Test filter = LanguageTranslatorTest.LanguageSwitching
[==========] Running 1 test from 1 test suite.
[----------] Global test environment set-up.
[----------] 1 test from LanguageTranslatorTest
[ RUN      ] LanguageTranslatorTest.LanguageSwitching
Source language set to: English
Target language set to: Turkish
Source language set to: English
Target language set to: Spanish
[       OK ] LanguageTranslatorTest.LanguageSwitching (0 ms)
[----------] 1 test from LanguageTranslatorTest (0 ms total)

[----------] Global test environment tear-down
[==========] 1 test from 1 test suite ran. (0 ms total)
[  PASSED  ] 1 test.
</system-out>
	</testcase>
	<testcase name="LanguageTranslatorTest.GetSupportedLanguages" classname="LanguageTranslatorTest.GetSupportedLanguages" time="0.125504" status="run">
		<properties/>
		<system-out>Running main() from C:\Users\ahmet\OneDrive\Masaüstü\DataStructure\cen207-2025-2026-5-Mustafa-Yildirimm-cpp\build_win\_deps\googletest-src\googletest\src\gtest_main.cc
Note: Google Test filter = LanguageTranslatorTest.GetSupportedLanguages
[==========] Running 1 test from 1 test suite.
[----------] Global test environment set-up.
[----------] 1 test from LanguageTranslatorTest
[ RUN      ] LanguageTranslatorTest.GetSupportedLanguages
[       OK ] LanguageTranslatorTest.GetSupportedLanguages (0 ms)
[----------] 1 test from LanguageTranslatorTest (0 ms total)

[----------] Global test environment tear-down
[==========] 1 test from 1 test suite ran. (0 ms total)
[  PASSED  ] 1 test.
</system-out>
	</testcase>
	<testcase name="LanguageTranslatorTest.AddNewLanguage" classname="LanguageTranslatorTest.AddNewLanguage" time="0.0249585" status="run">
		<properties/>
		<system-out>Running main() from C:\Users\ahmet\OneDrive\Masaüstü\DataStructure\cen207-2025-2026-5-Mustafa-Yildirimm-cpp\build_win\_deps\googletest-src\googletest\src\gtest_main.cc
Note: Google Test filter = LanguageTranslatorTest.AddNewLanguage
[==========] Running 1 test from 1 test suite.
[----------] Global test environment set-up.
[----------] 1 test from LanguageTranslatorTest
[ RUN      ] LanguageTranslatorTest.AddNewLanguage
Language added: Japanese
[       OK ] LanguageTranslatorTest.AddNewLanguage (0 ms)
[----------] 1 test from LanguageTranslatorTest (0 ms total)

[----------] Global test environment tear-down
[==========] 1 test from 1 test suite ran. (0 ms total)
[  PASSED  ] 1 test.
</system-out>
	</testcase>
	<testcase name="LanguageTranslatorTest.UserLogin" classname="LanguageTranslatorTest.UserLogin" time="0.0278203" status="run">
		<properties/>
		<system-out>Running main() from C:\Users\ahmet\OneDrive\Masaüstü\DataStructure\cen207-2025-2026-5-Mustafa-Yildirimm-cpp\build_win\_deps\googletest-src\googletest\src\gtest_main.cc
Note: Google Test filter = LanguageTranslatorTest.UserLogin
[==========] Running 1 test from 1 test suite.
[----------] Global test environment set-up.
[----------] 1 test from LanguageTranslatorTest
[ RUN      ] LanguageTranslatorTest.UserLogin
[       OK ] LanguageTranslatorTest.UserLogin (0 ms)
[----------] 1 test from LanguageTranslatorTest (0 ms total)

[----------] Global test environment tear-down
[==========] 1 test from 1 test suite ran. (0 ms total)
[  PASSED  ] 1 test.
</system-out>
	</testcase>
	<testcase name="LanguageTranslatorTest.UserLogout" classname="LanguageTranslatorTest.UserLogout" time="0.0437537" status="run">
		<properties/>
		<system-out>Running main() from C:\Users\ahmet\OneDrive\Masaüstü\DataStructure\cen207-2025-2026-5-Mustafa-Yildirimm-cpp\build_win\_deps\googletest-src\googletest\src\gtest_main.cc
Note: Google Test filter = LanguageTranslatorTest.UserLogout
[==========] Running 1 test from 1 test suite.
[----------] Global test environment set-up.
[----------] 1 test from LanguageTranslatorTest
[ RUN      ] LanguageTranslatorTest.UserLogout
[       OK ] LanguageTranslatorTest.UserLogout (0 ms)
[----------] 1 test from LanguageTranslatorTest (0 ms total)

[----------] Global test environment tear-down
[==========] 1 test from 1 test suite ran. (0 ms total)
[  PASSED  ] 1 test.
</system-out>
	</testcase>
	<testcase name="LanguageTranslatorTest.InvalidLogin" classname="LanguageTranslatorTest.InvalidLogin" time="0.0273605" status="run">
		<properties/>
		<system-out>Running main() from C:\Users\ahmet\OneDrive\Masaüstü\DataStructure\cen207-2025-2026-5-Mustafa-Yildirimm-cpp\build_win\_deps\googletest-src\googletest\src\gtest_main.cc
Note: Google Test filter = LanguageTranslatorTest.InvalidLogin
[==========] Running 1 test from 1 test suite.
[----------] Global test environment set-up.
[----------] 1 test from LanguageTranslatorTest
[ RUN      ] LanguageTranslatorTest.InvalidLogin
[       OK ] LanguageTranslatorTest.InvalidLogin (0 ms)
[----------] 1 test from LanguageTranslatorTest (0 ms total)

[----------] Global test environment tear-down
[==========] 1 test from 1 test suite ran. (0 ms total)
[  PASSED  ] 1 test.
</system-out>
	</testcase>
	<testcase name="LanguageTranslatorTest.UserRegistration" classname="LanguageTranslatorTest.UserRegistration" time="0.0265982" status="run">
		<properties/>
		<system-out>Running main() from C:\Users\ahmet\OneDrive\Masaüstü\DataStructure\cen207-2025-2026-5-Mustafa-Yildirimm-cpp\build_win\_deps\googletest-src\googletest\src\gtest_main.cc
Note: Google Test filter = LanguageTranslatorTest.UserRegistration
[==========] Running 1 test from 1 test suite.
[----------] Global test environment set-up.
[----------] 1 test from LanguageTranslatorTest
[ RUN      ] LanguageTranslatorTest.UserRegistration
[       OK ] LanguageTranslatorTest.UserRegistration (0 ms)
[----------] 1 test from LanguageTranslatorTest (0 ms total)

[----------] Global test environment tear-down
[==========] 1 test from 1 test suite ran. (0 ms total)
[  PASSED  ] 1 test.
</system-out>
	</testcase>
	<testcase name="LanguageTranslatorTest.TranslateWordFunction" classname="LanguageTranslatorTest.TranslateWordFunction" time="0.0428555" status="run">
		<properties/>
		<system-out>Running main() from C:\Users\ahmet\OneDrive\Masaüstü\DataStructure\cen207-2025-2026-5-Mustafa-Yildirimm-cpp\build_win\_deps\googletest-src\googletest\src\gtest_main.cc
Note: Google Test filter = LanguageTranslatorTest.TranslateWordFunction
[==========] Running 1 test from 1 test suite.
[----------] Global test environment set-up.
[----------] 1 test from LanguageTranslatorTest
[ RUN      ] LanguageTranslatorTest.TranslateWordFunction
[       OK ] LanguageTranslatorTest.TranslateWordFunction (0 ms)
[----------] 1 test from LanguageTranslatorTest (0 ms total)

[----------] Global test environment tear-down
[==========] 1 test from 1 test suite ran. (0 ms total)
[  PASSED  ] 1 test.
</system-out>
	</testcase>
	<testcase name="LanguageTranslatorTest.TranslatePhraseFunction" classname="LanguageTranslatorTest.TranslatePhraseFunction" time="0.037017" status="run">
		<properties/>
		<system-out>Running main() from C:\Users\ahmet\OneDrive\Masaüstü\DataStructure\cen207-2025-2026-5-Mustafa-Yildirimm-cpp\build_win\_deps\googletest-src\googletest\src\gtest_main.cc
Note: Google Test filter = LanguageTranslatorTest.TranslatePhraseFunction
[==========] Running 1 test from 1 test suite.
[----------] Global test environment set-up.
[----------] 1 test from LanguageTranslatorTest
[ RUN      ] LanguageTranslatorTest.TranslatePhraseFunction
[       OK ] LanguageTranslatorTest.TranslatePhraseFunction (0 ms)
[----------] 1 test from LanguageTranslatorTest (0 ms total)

[----------] Global test environment tear-down
[==========] 1 test from 1 test suite ran. (0 ms total)
[  PASSED  ] 1 test.
</system-out>
	</testcase>
	<testcase name="LanguageTranslatorTest.APIModeToggle" classname="LanguageTranslatorTest.APIModeToggle" time="0.0377076" status="run">
		<properties/>
		<system-out>Running main() from C:\Users\ahmet\OneDrive\Masaüstü\DataStructure\cen207-2025-2026-5-Mustafa-Yildirimm-cpp\build_win\_deps\googletest-src\googletest\src\gtest_main.cc
Note: Google Test filter = LanguageTranslatorTest.APIModeToggle
[==========] Running 1 test from 1 test suite.
[----------] Global test environment set-up.
[----------] 1 test from LanguageTranslatorTest
[ RUN      ] LanguageTranslatorTest.APIModeToggle
[       OK ] LanguageTranslatorTest.APIModeToggle (0 ms)
[----------] 1 test from LanguageTranslatorTest (0 ms total)

[----------] Global test environment tear-down
[==========] 1 test from 1 test suite ran. (0 ms total)
[  PASSED  ] 1 test.
</system-out>
	</testcase>
	<testcase name="LanguageTranslatorTest.APIKeyManagement" classname="LanguageTranslatorTest.APIKeyManagement" time="0.0368269" status="run">
		<properties/>
		<system-out>Running main() from C:\Users\ahmet\OneDrive\Masaüstü\DataStructure\cen207-2025-2026-5-Mustafa-Yildirimm-cpp\build_win\_deps\googletest-src\googletest\src\gtest_main.cc
Note: Google Test filter = LanguageTranslatorTest.APIKeyManagement
[==========] Running 1 test from 1 test suite.
[----------] Global test environment set-up.
[----------] 1 test from LanguageTranslatorTest
[ RUN      ] LanguageTranslatorTest.APIKeyManagement
[       OK ] LanguageTranslatorTest.APIKeyManagement (0 ms)
[----------] 1 test from LanguageTranslatorTest (0 ms total)

[----------] Global test environment tear-down
[==========] 1 test from 1 test suite ran. (0 ms total)
[  PASSED  ] 1 test.
</system-out>
	</testcase>
	<testcase name="LanguageTranslatorTest.EmptyStringTranslation" classname="LanguageTranslatorTest.EmptyStringTranslation" time="0.0380395" status="run">
		<properties/>
		<system-out>Running main() from C:\Users\ahmet\OneDrive\Masaüstü\DataStructure\cen207-2025-2026-5-Mustafa-Yildirimm-cpp\build_win\_deps\googletest-src\googletest\src\gtest_main.cc
Note: Google Test filter = LanguageTranslatorTest.EmptyStringTranslation
[==========] Running 1 test from 1 test suite.
[----------] Global test environment set-up.
[----------] 1 test from LanguageTranslatorTest
[ RUN      ] LanguageTranslatorTest.EmptyStringTranslation
[       OK ] LanguageTranslatorTest.EmptyStringTranslation (0 ms)
[----------] 1 test from LanguageTranslatorTest (0 ms total)

[----------] Global test environment tear-down
[==========] 1 test from 1 test suite ran. (0 ms total)
[  PASSED  ] 1 test.
</system-out>
	</testcase>
	<testcase name="LanguageTranslatorTest.WhitespaceHandling" classname="LanguageTranslatorTest.WhitespaceHandling" time="0.0282391" status="run">
		<properties/>
		<system-out>Running main() from C:\Users\ahmet\OneDrive\Masaüstü\DataStructure\cen207-2025-2026-5-Mustafa-Yildirimm-cpp\build_win\_deps\googletest-src\googletest\src\gtest_main.cc
Note: Google Test filter = LanguageTranslatorTest.WhitespaceHandling
[==========] Running 1 test from 1 test suite.
[----------] Global test environment set-up.
[----------] 1 test from LanguageTranslatorTest
[ RUN      ] LanguageTranslatorTest.WhitespaceHandling
[       OK ] LanguageTranslatorTest.WhitespaceHandling (0 ms)
[----------] 1 test from LanguageTranslatorTest (0 ms total)

[----------] Global test environment tear-down
[==========] 1 test from 1 test suite ran. (0 ms total)
[  PASSED  ] 1 test.
</system-out>
	</testcase>
	<testcase name="LanguageTranslatorTest.SpecialCharacters" classname="LanguageTranslatorTest.SpecialCharacters" time="0.0353887" status="run">
		<properties/>
		<system-out>Running main() from C:\Users\ahmet\OneDrive\Masaüstü\DataStructure\cen207-2025-2026-5-Mustafa-Yildirimm-cpp\build_win\_deps\googletest-src\googletest\src\gtest_main.cc
Note: Google Test filter = LanguageTranslatorTest.SpecialCharacters
[==========] Running 1 test from 1 test suite.
[----------] Global test environment set-up.
[----------] 1 test from LanguageTranslatorTest
[ RUN      ] LanguageTranslatorTest.SpecialCharacters
[       OK ] LanguageTranslatorTest.SpecialCharacters (0 ms)
[----------] 1 test from LanguageTranslatorTest (0 ms total)

[----------] Global test environment tear-down
[==========] 1 test from 1 test suite ran. (0 ms total)
[  PASSED  ] 1 test.
</system-out>
	</testcase>
	<testcase name="LanguageTranslatorTest.CaseInsensitiveTranslation" classname="LanguageTranslatorTest.CaseInsensitiveTranslation" time="0.0347608" status="run">
		<properties/>
		<system-out>Running main() from C:\Users\ahmet\OneDrive\Masaüstü\DataStructure\cen207-2025-2026-5-Mustafa-Yildirimm-cpp\build_win\_deps\googletest-src\googletest\src\gtest_main.cc
Note: Google Test filter = LanguageTranslatorTest.CaseInsensitiveTranslation
[==========] Running 1 test from 1 test suite.
[----------] Global test environment set-up.
[----------] 1 test from LanguageTranslatorTest
[ RUN      ] LanguageTranslatorTest.CaseInsensitiveTranslation
[       OK ] LanguageTranslatorTest.CaseInsensitiveTranslation (0 ms)
[----------] 1 test from LanguageTranslatorTest (0 ms total)

[----------] Global test environment tear-down
[==========] 1 test from 1 test suite ran. (0 ms total)
[  PASSED  ] 1 test.
</system-out>
	</testcase>
	<testcase name="LanguageTranslatorTest.DataInitialization" classname="LanguageTranslatorTest.DataInitialization" time="0.035361" status="run">
		<properties/>
		<system-out>Running main() from C:\Users\ahmet\OneDrive\Masaüstü\DataStructure\cen207-2025-2026-5-Mustafa-Yildirimm-cpp\build_win\_deps\googletest-src\googletest\src\gtest_main.cc
Note: Google Test filter = LanguageTranslatorTest.DataInitialization
[==========] Running 1 test from 1 test suite.
[----------] Global test environment set-up.
[----------] 1 test from LanguageTranslatorTest
[ RUN      ] LanguageTranslatorTest.DataInitialization
[       OK ] LanguageTranslatorTest.DataInitialization (0 ms)
[----------] 1 test from LanguageTranslatorTest (0 ms total)

[----------] Global test environment tear-down
[==========] 1 test from 1 test suite ran. (0 ms total)
[  PASSED  ] 1 test.
</system-out>
	</testcase>
	<testcase name="LanguageTranslatorTest.DataSaveLoad" classname="LanguageTranslatorTest.DataSaveLoad" time="0.0343897" status="run">
		<properties/>
		<system-out>Running main() from C:\Users\ahmet\OneDrive\Masaüstü\DataStructure\cen207-2025-2026-5-Mustafa-Yildirimm-cpp\build_win\_deps\googletest-src\googletest\src\gtest_main.cc
Note: Google Test filter = LanguageTranslatorTest.DataSaveLoad
[==========] Running 1 test from 1 test suite.
[----------] Global test environment set-up.
[----------] 1 test from LanguageTranslatorTest
[ RUN      ] LanguageTranslatorTest.DataSaveLoad
Data saved successfully.
Data loaded successfully.
Warning: Could not open dictionary file: dictionaries/en_tr.txt
Warning: Could not open dictionary file: dictionaries/en_es.txt
Warning: Could not open dictionary file: dictionaries/en_fr.txt
Warning: Could not open dictionary file: dictionaries/tr_en.txt
[       OK ] LanguageTranslatorTest.DataSaveLoad (0 ms)
[----------] 1 test from LanguageTranslatorTest (0 ms total)

[----------] Global test environment tear-down
[==========] 1 test from 1 test suite ran. (0 ms total)
[  PASSED  ] 1 test.
</system-out>
	</testcase>
	<testcase name="LanguageTranslatorTest.DictionaryFileLoading" classname="LanguageTranslatorTest.DictionaryFileLoading" time="0.0329111" status="run">
		<properties/>
		<system-out>Running main() from C:\Users\ahmet\OneDrive\Masaüstü\DataStructure\cen207-2025-2026-5-Mustafa-Yildirimm-cpp\build_win\_deps\googletest-src\googletest\src\gtest_main.cc
Note: Google Test filter = LanguageTranslatorTest.DictionaryFileLoading
[==========] Running 1 test from 1 test suite.
[----------] Global test environment set-up.
[----------] 1 test from LanguageTranslatorTest
[ RUN      ] LanguageTranslatorTest.DictionaryFileLoading
Warning: Could not open dictionary file: nonexistent_file.txt
[       OK ] LanguageTranslatorTest.DictionaryFileLoading (0 ms)
[----------] 1 test from LanguageTranslatorTest (0 ms total)

[----------] Global test environment tear-down
[==========] 1 test from 1 test suite ran. (0 ms total)
[  PASSED  ] 1 test.
</system-out>
	</testcase>
	<testcase name="LanguageTranslatorTest.LoadAllDictionaries" classname="LanguageTranslatorTest.LoadAllDictionaries" time="0.0407834" status="run">
		<properties/>
		<system-out>Running main() from C:\Users\ahmet\OneDrive\Masaüstü\DataStructure\cen207-2025-2026-5-Mustafa-Yildirimm-cpp\build_win\_deps\googletest-src\googletest\src\gtest_main.cc
Note: Google Test filter = LanguageTranslatorTest.LoadAllDictionaries
[==========] Running 1 test from 1 test suite.
[----------] Global test environment set-up.
[----------] 1 test from LanguageTranslatorTest
[ RUN      ] LanguageTranslatorTest.LoadAllDictionaries
Warning: Could not open dictionary file: dictionaries/en_tr.txt
Warning: Could not open dictionary file: dictionaries/en_es.txt
Warning: Could not open dictionary file: dictionaries/en_fr.txt
Warning: Could not open dictionary file: dictionaries/tr_en.txt
[       OK ] LanguageTranslatorTest.LoadAllDictionaries (0 ms)
[----------] 1 test from LanguageTranslatorTest (0 ms total)

[----------] Global test environment tear-down
[==========] 1 test from 1 test suite ran. (0 ms total)
[  PASSED  ] 1 test.
</system-out>
	</testcase>
	<testcase name="LanguageTranslatorTest.LongTextTranslation" classname="LanguageTranslatorTest.LongTextTranslation" time="0.0268265" status="fail">
		<failure message="Failed"/>
		<properties/>
		<system-out>Running main() from C:\Users\ahmet\OneDrive\Masaüstü\DataStructure\cen207-2025-2026-5-Mustafa-Yildirimm-cpp\build_win\_deps\googletest-src\googletest\src\gtest_main.cc
Note: Google Test filter = LanguageTranslatorTest.LongTextTranslation
[==========] Running 1 test from 1 test suite.
[----------] Global test environment set-up.
[----------] 1 test from LanguageTranslatorTest
[ RUN      ] LanguageTranslatorTest.LongTextTranslation
C:\Users\ahmet\OneDrive\Masa[NON-UTF-8-BYTE-0xFC]st[NON-UTF-8-BYTE-0xFC]\DataStructure\cen207-2025-2026-5-Mustafa-Yildirimm-cpp\tests\LanguageTranslator_test.cpp(221): error: Value of: result.find("günaydın") != std::string::npos
  Actual: false
Expected: true

[  FAILED  ] LanguageTranslatorTest.LongTextTranslation (0 ms)
[----------] 1 test from LanguageTranslatorTest (0 ms total)

[----------] Global test environment tear-down
[==========] 1 test from 1 test suite ran. (0 ms total)
[  PASSED  ] 0 tests.
[  FAILED  ] 1 test, listed below:
[  FAILED  ] LanguageTranslatorTest.LongTextTranslation

 1 FAILED TEST
</system-out>
	</testcase>
	<testcase name="LanguageTranslatorTest.RepeatedTranslation" classname="LanguageTranslatorTest.RepeatedTranslation" time="0.0330536" status="run">
		<properties/>
		<system-out>Running main() from C:\Users\ahmet\OneDrive\Masaüstü\DataStructure\cen207-2025-2026-5-Mustafa-Yildirimm-cpp\build_win\_deps\googletest-src\googletest\src\gtest_main.cc
Note: Google Test filter = LanguageTranslatorTest.RepeatedTranslation
[==========] Running 1 test from 1 test suite.
[----------] Global test environment set-up.
[----------] 1 test from LanguageTranslatorTest
[ RUN      ] LanguageTranslatorTest.RepeatedTranslation
[       OK ] LanguageTranslatorTest.RepeatedTranslation (0 ms)
[----------] 1 test from LanguageTranslatorTest (0 ms total)

[----------] Global test environment tear-down
[==========] 1 test from 1 test suite ran. (0 ms total)
[  PASSED  ] 1 test.
</system-out>
	</testcase>
	<testcase name="LanguageTranslatorTest.FullTranslationWorkflow" classname="LanguageTranslatorTest.FullTranslationWorkflow" time="0.0357959" status="run">
		<properties/>
		<system-out>Running main() from C:\Users\ahmet\OneDrive\Masaüstü\DataStructure\cen207-2025-2026-5-Mustafa-Yildirimm-cpp\build_win\_deps\googletest-src\googletest\src\gtest_main.cc
Note: Google Test filter = LanguageTranslatorTest.FullTranslationWorkflow
[==========] Running 1 test from 1 test suite.
[----------] Global test environment set-up.
[----------] 1 test from LanguageTranslatorTest
[ RUN      ] LanguageTranslatorTest.FullTranslationWorkflow
Source language set to: English
Target language set to: Turkish
Target language set to: Spanish
[       OK ] LanguageTranslatorTest.FullTranslationWorkflow (0 ms)
[----------] 1 test from LanguageTranslatorTest (0 ms total)

[----------] Global test environment tear-down
[==========] 1 test from 1 test suite ran. (0 ms total)
[  PASSED  ] 1 test.
</system-out>
	</testcase>
	<testcase name="ChronoAdvancedCoverageTest.TestChronoTypeTraits" classname="ChronoAdvancedCoverageTest.TestChronoTypeTraits" time="0.0260949" status="run">
		<properties/>
		<system-out>Running main() from C:\Users\ahmet\OneDrive\Masaüstü\DataStructure\cen207-2025-2026-5-Mustafa-Yildirimm-cpp\build_win\_deps\googletest-src\googletest\src\gtest_main.cc
Note: Google Test filter = ChronoAdvancedCoverageTest.TestChronoTypeTraits
[==========] Running 1 test from 1 test suite.
[----------] Global test environment set-up.
[----------] 1 test from ChronoAdvancedCoverageTest
[ RUN      ] ChronoAdvancedCoverageTest.TestChronoTypeTraits
[       OK ] ChronoAdvancedCoverageTest.TestChronoTypeTraits (0 ms)
[----------] 1 test from ChronoAdvancedCoverageTest (0 ms total)

[----------] Global test environment tear-down
[==========] 1 test from 1 test suite ran. (0 ms total)
[  PASSED  ] 1 test.
</system-out>
	</testcase>
	<testcase name="ChronoAdvancedCoverageTest.TestChronoRatioOperations" classname="ChronoAdvancedCoverageTest.TestChronoRatioOperations" time="0.0242543" status="run">
		<properties/>
		<system-out>Running main() from C:\Users\ahmet\OneDrive\Masaüstü\DataStructure\cen207-2025-2026-5-Mustafa-Yildirimm-cpp\build_win\_deps\googletest-src\googletest\src\gtest_main.cc
Note: Google Test filter = ChronoAdvancedCoverageTest.TestChronoRatioOperations
[==========] Running 1 test from 1 test suite.
[----------] Global test environment set-up.
[----------] 1 test from ChronoAdvancedCoverageTest
[ RUN      ] ChronoAdvancedCoverageTest.TestChronoRatioOperations
[       OK ] ChronoAdvancedCoverageTest.TestChronoRatioOperations (0 ms)
[----------] 1 test from ChronoAdvancedCoverageTest (0 ms total)

[----------] Global test environment tear-down
[==========] 1 test from 1 test suite ran. (0 ms total)
[  PASSED  ] 1 test.
</system-out>
	</testcase>
	<testcase name="ChronoAdvancedCoverageTest.TestChronoClockComparison" classname="ChronoAdvancedCoverageTest.TestChronoClockComparison" time="0.0178095" status="run">
		<properties/>
		<system-out>Running main() from C:\Users\ahmet\OneDrive\Masaüstü\DataStructure\cen207-2025-2026-5-Mustafa-Yildirimm-cpp\build_win\_deps\googletest-src\googletest\src\gtest_main.cc
Note: Google Test filter = ChronoAdvancedCoverageTest.TestChronoClockComparison
[==========] Running 1 test from 1 test suite.
[----------] Global test environment set-up.
[----------] 1 test from ChronoAdvancedCoverageTest
[ RUN      ] ChronoAdvancedCoverageTest.TestChronoClockComparison
[       OK ] ChronoAdvancedCoverageTest.TestChronoClockComparison (1 ms)
[----------] 1 test from ChronoAdvancedCoverageTest (1 ms total)

[----------] Global test environment tear-down
[==========] 1 test from 1 test suite ran. (1 ms total)
[  PASSED  ] 1 test.
</system-out>
	</testcase>
	<testcase name="ChronoAdvancedCoverageTest.TestChronoDurationComparison" classname="ChronoAdvancedCoverageTest.TestChronoDurationComparison" time="0.0248714" status="run">
		<properties/>
		<system-out>Running main() from C:\Users\ahmet\OneDrive\Masaüstü\DataStructure\cen207-2025-2026-5-Mustafa-Yildirimm-cpp\build_win\_deps\googletest-src\googletest\src\gtest_main.cc
Note: Google Test filter = ChronoAdvancedCoverageTest.TestChronoDurationComparison
[==========] Running 1 test from 1 test suite.
[----------] Global test environment set-up.
[----------] 1 test from ChronoAdvancedCoverageTest
[ RUN      ] ChronoAdvancedCoverageTest.TestChronoDurationComparison
[       OK ] ChronoAdvancedCoverageTest.TestChronoDurationComparison (0 ms)
[----------] 1 test from ChronoAdvancedCoverageTest (0 ms total)

[----------] Global test environment tear-down
[==========] 1 test from 1 test suite ran. (0 ms total)
[  PASSED  ] 1 test.
</system-out>
	</testcase>
	<testcase name="ChronoAdvancedCoverageTest.TestChronoDurationArithmeticAdvanced" classname="ChronoAdvancedCoverageTest.TestChronoDurationArithmeticAdvanced" time="0.0396526" status="run">
		<properties/>
		<system-out>Running main() from C:\Users\ahmet\OneDrive\Masaüstü\DataStructure\cen207-2025-2026-5-Mustafa-Yildirimm-cpp\build_win\_deps\googletest-src\googletest\src\gtest_main.cc
Note: Google Test filter = ChronoAdvancedCoverageTest.TestChronoDurationArithmeticAdvanced
[==========] Running 1 test from 1 test suite.
[----------] Global test environment set-up.
[----------] 1 test from ChronoAdvancedCoverageTest
[ RUN      ] ChronoAdvancedCoverageTest.TestChronoDurationArithmeticAdvanced
[       OK ] ChronoAdvancedCoverageTest.TestChronoDurationArithmeticAdvanced (0 ms)
[----------] 1 test from ChronoAdvancedCoverageTest (0 ms total)

[----------] Global test environment tear-down
[==========] 1 test from 1 test suite ran. (0 ms total)
[  PASSED  ] 1 test.
</system-out>
	</testcase>
	<testcase name="ChronoAdvancedCoverageTest.TestChronoTimePointArithmeticAdvanced" classname="ChronoAdvancedCoverageTest.TestChronoTimePointArithmeticAdvanced" time="0.0252049" status="run">
		<properties/>
		<system-out>Running main() from C:\Users\ahmet\OneDrive\Masaüstü\DataStructure\cen207-2025-2026-5-Mustafa-Yildirimm-cpp\build_win\_deps\googletest-src\googletest\src\gtest_main.cc
Note: Google Test filter = ChronoAdvancedCoverageTest.TestChronoTimePointArithmeticAdvanced
[==========] Running 1 test from 1 test suite.
[----------] Global test environment set-up.
[----------] 1 test from ChronoAdvancedCoverageTest
[ RUN      ] ChronoAdvancedCoverageTest.TestChronoTimePointArithmeticAdvanced
[       OK ] ChronoAdvancedCoverageTest.TestChronoTimePointArithmeticAdvanced (0 ms)
[----------] 1 test from ChronoAdvancedCoverageTest (0 ms total)

[----------] Global test environment tear-down
[==========] 1 test from 1 test suite ran. (0 ms total)
[  PASSED  ] 1 test.
</system-out>
	</testcase>
	<testcase name="ChronoAdvancedCoverageTest.TestChronoDurationCastAdvanced" classname="ChronoAdvancedCoverageTest.TestChronoDurationCastAdvanced" time="0.132786" status="run">
		<properties/>
		<system-out>Running main() from C:\Users\ahmet\OneDrive\Masaüstü\DataStructure\cen207-2025-2026-5-Mustafa-Yildirimm-cpp\build_win\_deps\googletest-src\googletest\src\gtest_main.cc
Note: Google Test filter = ChronoAdvancedCoverageTest.TestChronoDurationCastAdvanced
[==========] Running 1 test from 1 test suite.
[----------] Global test environment set-up.
[----------] 1 test from ChronoAdvancedCoverageTest
[ RUN      ] ChronoAdvancedCoverageTest.TestChronoDurationCastAdvanced
[       OK ] ChronoAdvancedCoverageTest.TestChronoDurationCastAdvanced (0 ms)
[----------] 1 test from ChronoAdvancedCoverageTest (0 ms total)

[----------] Global test environment tear-down
[==========] 1 test from 1 test suite ran. (0 ms total)
[  PASSED  ] 1 test.
</system-out>
	</testcase>
	<testcase name="ChronoAdvancedCoverageTest.TestChronoClockResolution" classname="ChronoAdvancedCoverageTest.TestChronoClockResolution" time="0.0283773" status="run">
		<properties/>
		<system-out>Running main() from C:\Users\ahmet\OneDrive\Masaüstü\DataStructure\cen207-2025-2026-5-Mustafa-Yildirimm-cpp\build_win\_deps\googletest-src\googletest\src\gtest_main.cc
Note: Google Test filter = ChronoAdvancedCoverageTest.TestChronoClockResolution
[==========] Running 1 test from 1 test suite.
[----------] Global test environment set-up.
[----------] 1 test from ChronoAdvancedCoverageTest
[ RUN      ] ChronoAdvancedCoverageTest.TestChronoClockResolution
[       OK ] ChronoAdvancedCoverageTest.TestChronoClockResolution (0 ms)
[----------] 1 test from ChronoAdvancedCoverageTest (0 ms total)

[----------] Global test environment tear-down
[==========] 1 test from 1 test suite ran. (0 ms total)
[  PASSED  ] 1 test.
</system-out>
	</testcase>
	<testcase name="ChronoAdvancedCoverageTest.TestChronoDurationLimits" classname="ChronoAdvancedCoverageTest.TestChronoDurationLimits" time="0.0335651" status="run">
		<properties/>
		<system-out>Running main() from C:\Users\ahmet\OneDrive\Masaüstü\DataStructure\cen207-2025-2026-5-Mustafa-Yildirimm-cpp\build_win\_deps\googletest-src\googletest\src\gtest_main.cc
Note: Google Test filter = ChronoAdvancedCoverageTest.TestChronoDurationLimits
[==========] Running 1 test from 1 test suite.
[----------] Global test environment set-up.
[----------] 1 test from ChronoAdvancedCoverageTest
[ RUN      ] ChronoAdvancedCoverageTest.TestChronoDurationLimits
[       OK ] ChronoAdvancedCoverageTest.TestChronoDurationLimits (0 ms)
[----------] 1 test from ChronoAdvancedCoverageTest (0 ms total)

[----------] Global test environment tear-down
[==========] 1 test from 1 test suite ran. (0 ms total)
[  PASSED  ] 1 test.
</system-out>
	</testcase>
	<testcase name="ChronoAdvancedCoverageTest.TestChronoDurationArithmeticOverflow" classname="ChronoAdvancedCoverageTest.TestChronoDurationArithmeticOverflow" time="0.025018" status="run">
		<properties/>
		<system-out>Running main() from C:\Users\ahmet\OneDrive\Masaüstü\DataStructure\cen207-2025-2026-5-Mustafa-Yildirimm-cpp\build_win\_deps\googletest-src\googletest\src\gtest_main.cc
Note: Google Test filter = ChronoAdvancedCoverageTest.TestChronoDurationArithmeticOverflow
[==========] Running 1 test from 1 test suite.
[----------] Global test environment set-up.
[----------] 1 test from ChronoAdvancedCoverageTest
[ RUN      ] ChronoAdvancedCoverageTest.TestChronoDurationArithmeticOverflow
[       OK ] ChronoAdvancedCoverageTest.TestChronoDurationArithmeticOverflow (0 ms)
[----------] 1 test from ChronoAdvancedCoverageTest (0 ms total)

[----------] Global test environment tear-down
[==========] 1 test from 1 test suite ran. (0 ms total)
[  PASSED  ] 1 test.
</system-out>
	</testcase>
	<testcase name="ChronoAdvancedCoverageTest.TestChronoTimePointConversion" classname="ChronoAdvancedCoverageTest.TestChronoTimePointConversion" time="0.0392861" status="run">
		<properties/>
		<system-out>Running main() from C:\Users\ahmet\OneDrive\Masaüstü\DataStructure\cen207-2025-2026-5-Mustafa-Yildirimm-cpp\build_win\_deps\googletest-src\googletest\src\gtest_main.cc
Note: Google Test filter = ChronoAdvancedCoverageTest.TestChronoTimePointConversion
[==========] Running 1 test from 1 test suite.
[----------] Global test environment set-up.
[----------] 1 test from ChronoAdvancedCoverageTest
[ RUN      ] ChronoAdvancedCoverageTest.TestChronoTimePointConversion
[       OK ] ChronoAdvancedCoverageTest.TestChronoTimePointConversion (0 ms)
[----------] 1 test from ChronoAdvancedCoverageTest (0 ms total)

[----------] Global test environment tear-down
[==========] 1 test from 1 test suite ran. (0 ms total)
[  PASSED  ] 1 test.
</system-out>
	</testcase>
	<testcase name="ChronoAdvancedCoverageTest.TestChronoDurationSpecialValues" classname="ChronoAdvancedCoverageTest.TestChronoDurationSpecialValues" time="0.0266324" status="run">
		<properties/>
		<system-out>Running main() from C:\Users\ahmet\OneDrive\Masaüstü\DataStructure\cen207-2025-2026-5-Mustafa-Yildirimm-cpp\build_win\_deps\googletest-src\googletest\src\gtest_main.cc
Note: Google Test filter = ChronoAdvancedCoverageTest.TestChronoDurationSpecialValues
[==========] Running 1 test from 1 test suite.
[----------] Global test environment set-up.
[----------] 1 test from ChronoAdvancedCoverageTest
[ RUN      ] ChronoAdvancedCoverageTest.TestChronoDurationSpecialValues
[       OK ] ChronoAdvancedCoverageTest.TestChronoDurationSpecialValues (0 ms)
[----------] 1 test from ChronoAdvancedCoverageTest (0 ms total)

[----------] Global test environment tear-down
[==========] 1 test from 1 test suite ran. (0 ms total)
[  PASSED  ] 1 test.
</system-out>
	</testcase>
	<testcase name="ChronoAdvancedCoverageTest.TestChronoDurationArithmeticPrecision" classname="ChronoAdvancedCoverageTest.TestChronoDurationArithmeticPrecision" time="0.0251671" status="run">
		<properties/>
		<system-out>Running main() from C:\Users\ahmet\OneDrive\Masaüstü\DataStructure\cen207-2025-2026-5-Mustafa-Yildirimm-cpp\build_win\_deps\googletest-src\googletest\src\gtest_main.cc
Note: Google Test filter = ChronoAdvancedCoverageTest.TestChronoDurationArithmeticPrecision
[==========] Running 1 test from 1 test suite.
[----------] Global test environment set-up.
[----------] 1 test from ChronoAdvancedCoverageTest
[ RUN      ] ChronoAdvancedCoverageTest.TestChronoDurationArithmeticPrecision
[       OK ] ChronoAdvancedCoverageTest.TestChronoDurationArithmeticPrecision (0 ms)
[----------] 1 test from ChronoAdvancedCoverageTest (0 ms total)

[----------] Global test environment tear-down
[==========] 1 test from 1 test suite ran. (0 ms total)
[  PASSED  ] 1 test.
</system-out>
	</testcase>
	<testcase name="ChronoCoverageTest.TestHighResolutionClock" classname="ChronoCoverageTest.TestHighResolutionClock" time="0.0215034" status="run">
		<properties/>
		<system-out>Running main() from C:\Users\ahmet\OneDrive\Masaüstü\DataStructure\cen207-2025-2026-5-Mustafa-Yildirimm-cpp\build_win\_deps\googletest-src\googletest\src\gtest_main.cc
Note: Google Test filter = ChronoCoverageTest.TestHighResolutionClock
[==========] Running 1 test from 1 test suite.
[----------] Global test environment set-up.
[----------] 1 test from ChronoCoverageTest
[ RUN      ] ChronoCoverageTest.TestHighResolutionClock
[       OK ] ChronoCoverageTest.TestHighResolutionClock (5 ms)
[----------] 1 test from ChronoCoverageTest (5 ms total)

[----------] Global test environment tear-down
[==========] 1 test from 1 test suite ran. (5 ms total)
[  PASSED  ] 1 test.
</system-out>
	</testcase>
	<testcase name="ChronoCoverageTest.TestSteadyClock" classname="ChronoCoverageTest.TestSteadyClock" time="0.0307144" status="run">
		<properties/>
		<system-out>Running main() from C:\Users\ahmet\OneDrive\Masaüstü\DataStructure\cen207-2025-2026-5-Mustafa-Yildirimm-cpp\build_win\_deps\googletest-src\googletest\src\gtest_main.cc
Note: Google Test filter = ChronoCoverageTest.TestSteadyClock
[==========] Running 1 test from 1 test suite.
[----------] Global test environment set-up.
[----------] 1 test from ChronoCoverageTest
[ RUN      ] ChronoCoverageTest.TestSteadyClock
[       OK ] ChronoCoverageTest.TestSteadyClock (14 ms)
[----------] 1 test from ChronoCoverageTest (14 ms total)

[----------] Global test environment tear-down
[==========] 1 test from 1 test suite ran. (14 ms total)
[  PASSED  ] 1 test.
</system-out>
	</testcase>
	<testcase name="ChronoCoverageTest.TestSystemClock" classname="ChronoCoverageTest.TestSystemClock" time="0.0289623" status="run">
		<properties/>
		<system-out>Running main() from C:\Users\ahmet\OneDrive\Masaüstü\DataStructure\cen207-2025-2026-5-Mustafa-Yildirimm-cpp\build_win\_deps\googletest-src\googletest\src\gtest_main.cc
Note: Google Test filter = ChronoCoverageTest.TestSystemClock
[==========] Running 1 test from 1 test suite.
[----------] Global test environment set-up.
[----------] 1 test from ChronoCoverageTest
[ RUN      ] ChronoCoverageTest.TestSystemClock
[       OK ] ChronoCoverageTest.TestSystemClock (0 ms)
[----------] 1 test from ChronoCoverageTest (0 ms total)

[----------] Global test environment tear-down
[==========] 1 test from 1 test suite ran. (0 ms total)
[  PASSED  ] 1 test.
</system-out>
	</testcase>
	<testcase name="ChronoCoverageTest.TestDurationOperations" classname="ChronoCoverageTest.TestDurationOperations" time="0.0358702" status="run">
		<properties/>
		<system-out>Running main() from C:\Users\ahmet\OneDrive\Masaüstü\DataStructure\cen207-2025-2026-5-Mustafa-Yildirimm-cpp\build_win\_deps\googletest-src\googletest\src\gtest_main.cc
Note: Google Test filter = ChronoCoverageTest.TestDurationOperations
[==========] Running 1 test from 1 test suite.
[----------] Global test environment set-up.
[----------] 1 test from ChronoCoverageTest
[ RUN      ] ChronoCoverageTest.TestDurationOperations
[       OK ] ChronoCoverageTest.TestDurationOperations (0 ms)
[----------] 1 test from ChronoCoverageTest (0 ms total)

[----------] Global test environment tear-down
[==========] 1 test from 1 test suite ran. (0 ms total)
[  PASSED  ] 1 test.
</system-out>
	</testcase>
	<testcase name="ChronoCoverageTest.TestTimePointOperations" classname="ChronoCoverageTest.TestTimePointOperations" time="0.0282694" status="run">
		<properties/>
		<system-out>Running main() from C:\Users\ahmet\OneDrive\Masaüstü\DataStructure\cen207-2025-2026-5-Mustafa-Yildirimm-cpp\build_win\_deps\googletest-src\googletest\src\gtest_main.cc
Note: Google Test filter = ChronoCoverageTest.TestTimePointOperations
[==========] Running 1 test from 1 test suite.
[----------] Global test environment set-up.
[----------] 1 test from ChronoCoverageTest
[ RUN      ] ChronoCoverageTest.TestTimePointOperations
[       OK ] ChronoCoverageTest.TestTimePointOperations (0 ms)
[----------] 1 test from ChronoCoverageTest (0 ms total)

[----------] Global test environment tear-down
[==========] 1 test from 1 test suite ran. (0 ms total)
[  PASSED  ] 1 test.
</system-out>
	</testcase>
	<testcase name="ChronoCoverageTest.TestDurationCast" classname="ChronoCoverageTest.TestDurationCast" time="0.0404408" status="run">
		<properties/>
		<system-out>Running main() from C:\Users\ahmet\OneDrive\Masaüstü\DataStructure\cen207-2025-2026-5-Mustafa-Yildirimm-cpp\build_win\_deps\googletest-src\googletest\src\gtest_main.cc
Note: Google Test filter = ChronoCoverageTest.TestDurationCast
[==========] Running 1 test from 1 test suite.
[----------] Global test environment set-up.
[----------] 1 test from ChronoCoverageTest
[ RUN      ] ChronoCoverageTest.TestDurationCast
[       OK ] ChronoCoverageTest.TestDurationCast (0 ms)
[----------] 1 test from ChronoCoverageTest (0 ms total)

[----------] Global test environment tear-down
[==========] 1 test from 1 test suite ran. (0 ms total)
[  PASSED  ] 1 test.
</system-out>
	</testcase>
	<testcase name="ChronoCoverageTest.TestClockProperties" classname="ChronoCoverageTest.TestClockProperties" time="0.0378002" status="run">
		<properties/>
		<system-out>Running main() from C:\Users\ahmet\OneDrive\Masaüstü\DataStructure\cen207-2025-2026-5-Mustafa-Yildirimm-cpp\build_win\_deps\googletest-src\googletest\src\gtest_main.cc
Note: Google Test filter = ChronoCoverageTest.TestClockProperties
[==========] Running 1 test from 1 test suite.
[----------] Global test environment set-up.
[----------] 1 test from ChronoCoverageTest
[ RUN      ] ChronoCoverageTest.TestClockProperties
[       OK ] ChronoCoverageTest.TestClockProperties (0 ms)
[----------] 1 test from ChronoCoverageTest (0 ms total)

[----------] Global test environment tear-down
[==========] 1 test from 1 test suite ran. (0 ms total)
[  PASSED  ] 1 test.
</system-out>
	</testcase>
	<testcase name="ChronoCoverageTest.TestEdgeCases" classname="ChronoCoverageTest.TestEdgeCases" time="0.0365148" status="run">
		<properties/>
		<system-out>Running main() from C:\Users\ahmet\OneDrive\Masaüstü\DataStructure\cen207-2025-2026-5-Mustafa-Yildirimm-cpp\build_win\_deps\googletest-src\googletest\src\gtest_main.cc
Note: Google Test filter = ChronoCoverageTest.TestEdgeCases
[==========] Running 1 test from 1 test suite.
[----------] Global test environment set-up.
[----------] 1 test from ChronoCoverageTest
[ RUN      ] ChronoCoverageTest.TestEdgeCases
[       OK ] ChronoCoverageTest.TestEdgeCases (0 ms)
[----------] 1 test from ChronoCoverageTest (0 ms total)

[----------] Global test environment tear-down
[==========] 1 test from 1 test suite ran. (0 ms total)
[  PASSED  ] 1 test.
</system-out>
	</testcase>
	<testcase name="ChronoCoverageTest.TestChronoLiterals" classname="ChronoCoverageTest.TestChronoLiterals" time="0.0347764" status="run">
		<properties/>
		<system-out>Running main() from C:\Users\ahmet\OneDrive\Masaüstü\DataStructure\cen207-2025-2026-5-Mustafa-Yildirimm-cpp\build_win\_deps\googletest-src\googletest\src\gtest_main.cc
Note: Google Test filter = ChronoCoverageTest.TestChronoLiterals
[==========] Running 1 test from 1 test suite.
[----------] Global test environment set-up.
[----------] 1 test from ChronoCoverageTest
[ RUN      ] ChronoCoverageTest.TestChronoLiterals
[       OK ] ChronoCoverageTest.TestChronoLiterals (0 ms)
[----------] 1 test from ChronoCoverageTest (0 ms total)

[----------] Global test environment tear-down
[==========] 1 test from 1 test suite ran. (0 ms total)
[  PASSED  ] 1 test.
</system-out>
	</testcase>
	<testcase name="ChronoCoverageTest.TestChronoComparison" classname="ChronoCoverageTest.TestChronoComparison" time="0.0365608" status="run">
		<properties/>
		<system-out>Running main() from C:\Users\ahmet\OneDrive\Masaüstü\DataStructure\cen207-2025-2026-5-Mustafa-Yildirimm-cpp\build_win\_deps\googletest-src\googletest\src\gtest_main.cc
Note: Google Test filter = ChronoCoverageTest.TestChronoComparison
[==========] Running 1 test from 1 test suite.
[----------] Global test environment set-up.
[----------] 1 test from ChronoCoverageTest
[ RUN      ] ChronoCoverageTest.TestChronoComparison
[       OK ] ChronoCoverageTest.TestChronoComparison (0 ms)
[----------] 1 test from ChronoCoverageTest (0 ms total)

[----------] Global test environment tear-down
[==========] 1 test from 1 test suite ran. (0 ms total)
[  PASSED  ] 1 test.
</system-out>
	</testcase>
	<testcase name="ChronoCoverageTest.TestChronoArithmetic" classname="ChronoCoverageTest.TestChronoArithmetic" time="0.0391151" status="run">
		<properties/>
		<system-out>Running main() from C:\Users\ahmet\OneDrive\Masaüstü\DataStructure\cen207-2025-2026-5-Mustafa-Yildirimm-cpp\build_win\_deps\googletest-src\googletest\src\gtest_main.cc
Note: Google Test filter = ChronoCoverageTest.TestChronoArithmetic
[==========] Running 1 test from 1 test suite.
[----------] Global test environment set-up.
[----------] 1 test from ChronoCoverageTest
[ RUN      ] ChronoCoverageTest.TestChronoArithmetic
[       OK ] ChronoCoverageTest.TestChronoArithmetic (0 ms)
[----------] 1 test from ChronoCoverageTest (0 ms total)

[----------] Global test environment tear-down
[==========] 1 test from 1 test suite ran. (0 ms total)
[  PASSED  ] 1 test.
</system-out>
	</testcase>
	<testcase name="ChronoCoverageTest.TestAdvancedDurationOperations" classname="ChronoCoverageTest.TestAdvancedDurationOperations" time="0.0342893" status="run">
		<properties/>
		<system-out>Running main() from C:\Users\ahmet\OneDrive\Masaüstü\DataStructure\cen207-2025-2026-5-Mustafa-Yildirimm-cpp\build_win\_deps\googletest-src\googletest\src\gtest_main.cc
Note: Google Test filter = ChronoCoverageTest.TestAdvancedDurationOperations
[==========] Running 1 test from 1 test suite.
[----------] Global test environment set-up.
[----------] 1 test from ChronoCoverageTest
[ RUN      ] ChronoCoverageTest.TestAdvancedDurationOperations
[       OK ] ChronoCoverageTest.TestAdvancedDurationOperations (0 ms)
[----------] 1 test from ChronoCoverageTest (0 ms total)

[----------] Global test environment tear-down
[==========] 1 test from 1 test suite ran. (0 ms total)
[  PASSED  ] 1 test.
</system-out>
	</testcase>
	<testcase name="ChronoCoverageTest.TestClockPrecision" classname="ChronoCoverageTest.TestClockPrecision" time="0.0354491" status="run">
		<properties/>
		<system-out>Running main() from C:\Users\ahmet\OneDrive\Masaüstü\DataStructure\cen207-2025-2026-5-Mustafa-Yildirimm-cpp\build_win\_deps\googletest-src\googletest\src\gtest_main.cc
Note: Google Test filter = ChronoCoverageTest.TestClockPrecision
[==========] Running 1 test from 1 test suite.
[----------] Global test environment set-up.
[----------] 1 test from ChronoCoverageTest
[ RUN      ] ChronoCoverageTest.TestClockPrecision
[       OK ] ChronoCoverageTest.TestClockPrecision (11 ms)
[----------] 1 test from ChronoCoverageTest (11 ms total)

[----------] Global test environment tear-down
[==========] 1 test from 1 test suite ran. (11 ms total)
[  PASSED  ] 1 test.
</system-out>
	</testcase>
	<testcase name="ChronoCoverageTest.TestTimePointArithmetic" classname="ChronoCoverageTest.TestTimePointArithmetic" time="0.0379506" status="run">
		<properties/>
		<system-out>Running main() from C:\Users\ahmet\OneDrive\Masaüstü\DataStructure\cen207-2025-2026-5-Mustafa-Yildirimm-cpp\build_win\_deps\googletest-src\googletest\src\gtest_main.cc
Note: Google Test filter = ChronoCoverageTest.TestTimePointArithmetic
[==========] Running 1 test from 1 test suite.
[----------] Global test environment set-up.
[----------] 1 test from ChronoCoverageTest
[ RUN      ] ChronoCoverageTest.TestTimePointArithmetic
[       OK ] ChronoCoverageTest.TestTimePointArithmetic (0 ms)
[----------] 1 test from ChronoCoverageTest (0 ms total)

[----------] Global test environment tear-down
[==========] 1 test from 1 test suite ran. (0 ms total)
[  PASSED  ] 1 test.
</system-out>
	</testcase>
	<testcase name="ChronoCoverageTest.TestDurationSpecialCases" classname="ChronoCoverageTest.TestDurationSpecialCases" time="0.0346676" status="run">
		<properties/>
		<system-out>Running main() from C:\Users\ahmet\OneDrive\Masaüstü\DataStructure\cen207-2025-2026-5-Mustafa-Yildirimm-cpp\build_win\_deps\googletest-src\googletest\src\gtest_main.cc
Note: Google Test filter = ChronoCoverageTest.TestDurationSpecialCases
[==========] Running 1 test from 1 test suite.
[----------] Global test environment set-up.
[----------] 1 test from ChronoCoverageTest
[ RUN      ] ChronoCoverageTest.TestDurationSpecialCases
[       OK ] ChronoCoverageTest.TestDurationSpecialCases (0 ms)
[----------] 1 test from ChronoCoverageTest (0 ms total)

[----------] Global test environment tear-down
[==========] 1 test from 1 test suite ran. (0 ms total)
[  PASSED  ] 1 test.
</system-out>
	</testcase>
	<testcase name="ChronoCoverageTest.TestClockConversion" classname="ChronoCoverageTest.TestClockConversion" time="0.038936" status="run">
		<properties/>
		<system-out>Running main() from C:\Users\ahmet\OneDrive\Masaüstü\DataStructure\cen207-2025-2026-5-Mustafa-Yildirimm-cpp\build_win\_deps\googletest-src\googletest\src\gtest_main.cc
Note: Google Test filter = ChronoCoverageTest.TestClockConversion
[==========] Running 1 test from 1 test suite.
[----------] Global test environment set-up.
[----------] 1 test from ChronoCoverageTest
[ RUN      ] ChronoCoverageTest.TestClockConversion
[       OK ] ChronoCoverageTest.TestClockConversion (0 ms)
[----------] 1 test from ChronoCoverageTest (0 ms total)

[----------] Global test environment tear-down
[==========] 1 test from 1 test suite ran. (0 ms total)
[  PASSED  ] 1 test.
</system-out>
	</testcase>
	<testcase name="ChronoCoverageTest.TestChronoLiteralsAdvanced" classname="ChronoCoverageTest.TestChronoLiteralsAdvanced" time="0.0459142" status="run">
		<properties/>
		<system-out>Running main() from C:\Users\ahmet\OneDrive\Masaüstü\DataStructure\cen207-2025-2026-5-Mustafa-Yildirimm-cpp\build_win\_deps\googletest-src\googletest\src\gtest_main.cc
Note: Google Test filter = ChronoCoverageTest.TestChronoLiteralsAdvanced
[==========] Running 1 test from 1 test suite.
[----------] Global test environment set-up.
[----------] 1 test from ChronoCoverageTest
[ RUN      ] ChronoCoverageTest.TestChronoLiteralsAdvanced
[       OK ] ChronoCoverageTest.TestChronoLiteralsAdvanced (0 ms)
[----------] 1 test from ChronoCoverageTest (0 ms total)

[----------] Global test environment tear-down
[==========] 1 test from 1 test suite ran. (0 ms total)
[  PASSED  ] 1 test.
</system-out>
	</testcase>
	<testcase name="ChronoCoverageTest.TestClockPropertiesAdvanced" classname="ChronoCoverageTest.TestClockPropertiesAdvanced" time="0.0383899" status="run">
		<properties/>
		<system-out>Running main() from C:\Users\ahmet\OneDrive\Masaüstü\DataStructure\cen207-2025-2026-5-Mustafa-Yildirimm-cpp\build_win\_deps\googletest-src\googletest\src\gtest_main.cc
Note: Google Test filter = ChronoCoverageTest.TestClockPropertiesAdvanced
[==========] Running 1 test from 1 test suite.
[----------] Global test environment set-up.
[----------] 1 test from ChronoCoverageTest
[ RUN      ] ChronoCoverageTest.TestClockPropertiesAdvanced
[       OK ] ChronoCoverageTest.TestClockPropertiesAdvanced (0 ms)
[----------] 1 test from ChronoCoverageTest (0 ms total)

[----------] Global test environment tear-down
[==========] 1 test from 1 test suite ran. (0 ms total)
[  PASSED  ] 1 test.
</system-out>
	</testcase>
	<testcase name="ChronoCoverageTest.TestChronoErrorHandling" classname="ChronoCoverageTest.TestChronoErrorHandling" time="0.0265796" status="run">
		<properties/>
		<system-out>Running main() from C:\Users\ahmet\OneDrive\Masaüstü\DataStructure\cen207-2025-2026-5-Mustafa-Yildirimm-cpp\build_win\_deps\googletest-src\googletest\src\gtest_main.cc
Note: Google Test filter = ChronoCoverageTest.TestChronoErrorHandling
[==========] Running 1 test from 1 test suite.
[----------] Global test environment set-up.
[----------] 1 test from ChronoCoverageTest
[ RUN      ] ChronoCoverageTest.TestChronoErrorHandling
[       OK ] ChronoCoverageTest.TestChronoErrorHandling (0 ms)
[----------] 1 test from ChronoCoverageTest (0 ms total)

[----------] Global test environment tear-down
[==========] 1 test from 1 test suite ran. (0 ms total)
[  PASSED  ] 1 test.
</system-out>
	</testcase>
	<testcase name="ChronoCoverageTest.TestChronoPerformance" classname="ChronoCoverageTest.TestChronoPerformance" time="0.0986787" status="run">
		<properties/>
		<system-out>Running main() from C:\Users\ahmet\OneDrive\Masaüstü\DataStructure\cen207-2025-2026-5-Mustafa-Yildirimm-cpp\build_win\_deps\googletest-src\googletest\src\gtest_main.cc
Note: Google Test filter = ChronoCoverageTest.TestChronoPerformance
[==========] Running 1 test from 1 test suite.
[----------] Global test environment set-up.
[----------] 1 test from ChronoCoverageTest
[ RUN      ] ChronoCoverageTest.TestChronoPerformance
[       OK ] ChronoCoverageTest.TestChronoPerformance (74 ms)
[----------] 1 test from ChronoCoverageTest (74 ms total)

[----------] Global test environment tear-down
[==========] 1 test from 1 test suite ran. (74 ms total)
[  PASSED  ] 1 test.
</system-out>
	</testcase>
	<testcase name="DoublyLinkedList.InsertAndTraverse" classname="DoublyLinkedList.InsertAndTraverse" time="0.0385836" status="run">
		<properties/>
		<system-out>Running main() from C:\Users\ahmet\OneDrive\Masaüstü\DataStructure\cen207-2025-2026-5-Mustafa-Yildirimm-cpp\build_win\_deps\googletest-src\googletest\src\gtest_main.cc
Note: Google Test filter = DoublyLinkedList.InsertAndTraverse
[==========] Running 1 test from 1 test suite.
[----------] Global test environment set-up.
[----------] 1 test from DoublyLinkedList
[ RUN      ] DoublyLinkedList.InsertAndTraverse
[       OK ] DoublyLinkedList.InsertAndTraverse (0 ms)
[----------] 1 test from DoublyLinkedList (0 ms total)

[----------] Global test environment tear-down
[==========] 1 test from 1 test suite ran. (0 ms total)
[  PASSED  ] 1 test.
</system-out>
	</testcase>
	<testcase name="DoublyLinkedList.EdgeCases" classname="DoublyLinkedList.EdgeCases" time="0.0425055" status="run">
		<properties/>
		<system-out>Running main() from C:\Users\ahmet\OneDrive\Masaüstü\DataStructure\cen207-2025-2026-5-Mustafa-Yildirimm-cpp\build_win\_deps\googletest-src\googletest\src\gtest_main.cc
Note: Google Test filter = DoublyLinkedList.EdgeCases
[==========] Running 1 test from 1 test suite.
[----------] Global test environment set-up.
[----------] 1 test from DoublyLinkedList
[ RUN      ] DoublyLinkedList.EdgeCases
[       OK ] DoublyLinkedList.EdgeCases (0 ms)
[----------] 1 test from DoublyLinkedList (0 ms total)

[----------] Global test environment tear-down
[==========] 1 test from 1 test suite ran. (0 ms total)
[  PASSED  ] 1 test.
</system-out>
	</testcase>
	<testcase name="Graph.BFSandDFS" classname="Graph.BFSandDFS" time="0.0280511" status="run">
		<properties/>
		<system-out>Running main() from C:\Users\ahmet\OneDrive\Masaüstü\DataStructure\cen207-2025-2026-5-Mustafa-Yildirimm-cpp\build_win\_deps\googletest-src\googletest\src\gtest_main.cc
Note: Google Test filter = Graph.BFSandDFS
[==========] Running 1 test from 1 test suite.
[----------] Global test environment set-up.
[----------] 1 test from Graph
[ RUN      ] Graph.BFSandDFS
[       OK ] Graph.BFSandDFS (0 ms)
[----------] 1 test from Graph (0 ms total)

[----------] Global test environment tear-down
[==========] 1 test from 1 test suite ran. (0 ms total)
[  PASSED  ] 1 test.
</system-out>
	</testcase>
	<testcase name="HashTable.InsertFindErase" classname="HashTable.InsertFindErase" time="0.014489" status="run">
		<properties/>
		<system-out>Running main() from C:\Users\ahmet\OneDrive\Masaüstü\DataStructure\cen207-2025-2026-5-Mustafa-Yildirimm-cpp\build_win\_deps\googletest-src\googletest\src\gtest_main.cc
Note: Google Test filter = HashTable.InsertFindErase
[==========] Running 1 test from 1 test suite.
[----------] Global test environment set-up.
[----------] 1 test from HashTable
[ RUN      ] HashTable.InsertFindErase
[       OK ] HashTable.InsertFindErase (0 ms)
[----------] 1 test from HashTable (0 ms total)

[----------] Global test environment tear-down
[==========] 1 test from 1 test suite ran. (0 ms total)
[  PASSED  ] 1 test.
</system-out>
	</testcase>
	<testcase name="BinaryHeap.PushPopOrder" classname="BinaryHeap.PushPopOrder" time="0.037306" status="run">
		<properties/>
		<system-out>Running main() from C:\Users\ahmet\OneDrive\Masaüstü\DataStructure\cen207-2025-2026-5-Mustafa-Yildirimm-cpp\build_win\_deps\googletest-src\googletest\src\gtest_main.cc
Note: Google Test filter = BinaryHeap.PushPopOrder
[==========] Running 1 test from 1 test suite.
[----------] Global test environment set-up.
[----------] 1 test from BinaryHeap
[ RUN      ] BinaryHeap.PushPopOrder
[       OK ] BinaryHeap.PushPopOrder (0 ms)
[----------] 1 test from BinaryHeap (0 ms total)

[----------] Global test environment tear-down
[==========] 1 test from 1 test suite ran. (0 ms total)
[  PASSED  ] 1 test.
</system-out>
	</testcase>
	<testcase name="BinaryHeap.HeapSort" classname="BinaryHeap.HeapSort" time="0.0281941" status="run">
		<properties/>
		<system-out>Running main() from C:\Users\ahmet\OneDrive\Masaüstü\DataStructure\cen207-2025-2026-5-Mustafa-Yildirimm-cpp\build_win\_deps\googletest-src\googletest\src\gtest_main.cc
Note: Google Test filter = BinaryHeap.HeapSort
[==========] Running 1 test from 1 test suite.
[----------] Global test environment set-up.
[----------] 1 test from BinaryHeap
[ RUN      ] BinaryHeap.HeapSort
[       OK ] BinaryHeap.HeapSort (0 ms)
[----------] 1 test from BinaryHeap (0 ms total)

[----------] Global test environment tear-down
[==========] 1 test from 1 test suite ran. (0 ms total)
[  PASSED  ] 1 test.
</system-out>
	</testcase>
	<testcase name="LanguageTranslatorComprehensiveTest.TestConstructor" classname="LanguageTranslatorComprehensiveTest.TestConstructor" time="0.0217198" status="fail">
		<failure message="Failed"/>
		<properties/>
		<system-out>Running main() from C:\Users\ahmet\OneDrive\Masaüstü\DataStructure\cen207-2025-2026-5-Mustafa-Yildirimm-cpp\build_win\_deps\googletest-src\googletest\src\gtest_main.cc
Note: Google Test filter = LanguageTranslatorComprehensiveTest.TestConstructor
[==========] Running 1 test from 1 test suite.
[----------] Global test environment set-up.
[----------] 1 test from LanguageTranslatorComprehensiveTest
[ RUN      ] LanguageTranslatorComprehensiveTest.TestConstructor
C:\Users\ahmet\OneDrive\Masa[NON-UTF-8-BYTE-0xFC]st[NON-UTF-8-BYTE-0xFC]\DataStructure\cen207-2025-2026-5-Mustafa-Yildirimm-cpp\tests\test_language_translator_comprehensive.cpp(33): error: Expected equality of these values:
  app-&gt;getSupportedLanguages().size()
    Which is: 6
  4

[  FAILED  ] LanguageTranslatorComprehensiveTest.TestConstructor (0 ms)
[----------] 1 test from LanguageTranslatorComprehensiveTest (0 ms total)

[----------] Global test environment tear-down
[==========] 1 test from 1 test suite ran. (0 ms total)
[  PASSED  ] 0 tests.
[  FAILED  ] 1 test, listed below:
[  FAILED  ] LanguageTranslatorComprehensiveTest.TestConstructor

 1 FAILED TEST
</system-out>
	</testcase>
	<testcase name="LanguageTranslatorComprehensiveTest.TestLanguageManagement" classname="LanguageTranslatorComprehensiveTest.TestLanguageManagement" time="0.0243436" status="run">
		<properties/>
		<system-out>Running main() from C:\Users\ahmet\OneDrive\Masaüstü\DataStructure\cen207-2025-2026-5-Mustafa-Yildirimm-cpp\build_win\_deps\googletest-src\googletest\src\gtest_main.cc
Note: Google Test filter = LanguageTranslatorComprehensiveTest.TestLanguageManagement
[==========] Running 1 test from 1 test suite.
[----------] Global test environment set-up.
[----------] 1 test from LanguageTranslatorComprehensiveTest
[ RUN      ] LanguageTranslatorComprehensiveTest.TestLanguageManagement
Source language set to: Spanish
Target language set to: French
Language already exists: German
[       OK ] LanguageTranslatorComprehensiveTest.TestLanguageManagement (0 ms)
[----------] 1 test from LanguageTranslatorComprehensiveTest (0 ms total)

[----------] Global test environment tear-down
[==========] 1 test from 1 test suite ran. (0 ms total)
[  PASSED  ] 1 test.
</system-out>
	</testcase>
	<testcase name="LanguageTranslatorComprehensiveTest.TestUserManagement" classname="LanguageTranslatorComprehensiveTest.TestUserManagement" time="0.0301762" status="fail">
		<failure message="Failed"/>
		<properties/>
		<system-out>Running main() from C:\Users\ahmet\OneDrive\Masaüstü\DataStructure\cen207-2025-2026-5-Mustafa-Yildirimm-cpp\build_win\_deps\googletest-src\googletest\src\gtest_main.cc
Note: Google Test filter = LanguageTranslatorComprehensiveTest.TestUserManagement
[==========] Running 1 test from 1 test suite.
[----------] Global test environment set-up.
[----------] 1 test from LanguageTranslatorComprehensiveTest
[ RUN      ] LanguageTranslatorComprehensiveTest.TestUserManagement
C:\Users\ahmet\OneDrive\Masa[NON-UTF-8-BYTE-0xFC]st[NON-UTF-8-BYTE-0xFC]\DataStructure\cen207-2025-2026-5-Mustafa-Yildirimm-cpp\tests\test_language_translator_comprehensive.cpp(55): error: Value of: app-&gt;login("testuser", "password123")
  Actual: false
Expected: true

C:\Users\ahmet\OneDrive\Masa[NON-UTF-8-BYTE-0xFC]st[NON-UTF-8-BYTE-0xFC]\DataStructure\cen207-2025-2026-5-Mustafa-Yildirimm-cpp\tests\test_language_translator_comprehensive.cpp(56): error: Value of: app-&gt;isUserLoggedIn()
  Actual: false
Expected: true

[  FAILED  ] LanguageTranslatorComprehensiveTest.TestUserManagement (0 ms)
[----------] 1 test from LanguageTranslatorComprehensiveTest (0 ms total)

[----------] Global test environment tear-down
[==========] 1 test from 1 test suite ran. (0 ms total)
[  PASSED  ] 0 tests.
[  FAILED  ] 1 test, listed below:
[  FAILED  ] LanguageTranslatorComprehensiveTest.TestUserManagement

 1 FAILED TEST
</system-out>
	</testcase>
	<testcase name="LanguageTranslatorComprehensiveTest.TestPhraseLibrary" classname="LanguageTranslatorComprehensiveTest.TestPhraseLibrary" time="0.0265367" status="run">
		<properties/>
		<system-out>Running main() from C:\Users\ahmet\OneDrive\Masaüstü\DataStructure\cen207-2025-2026-5-Mustafa-Yildirimm-cpp\build_win\_deps\googletest-src\googletest\src\gtest_main.cc
Note: Google Test filter = LanguageTranslatorComprehensiveTest.TestPhraseLibrary
[==========] Running 1 test from 1 test suite.
[----------] Global test environment set-up.
[----------] 1 test from LanguageTranslatorComprehensiveTest
[ RUN      ] LanguageTranslatorComprehensiveTest.TestPhraseLibrary
Phrase added: Hello, how are you? (Category: greetings)
Phrase added: Thank you very much (Category: politeness)
Phrase added: Where is the bathroom? (Category: travel)
[       OK ] LanguageTranslatorComprehensiveTest.TestPhraseLibrary (0 ms)
[----------] 1 test from LanguageTranslatorComprehensiveTest (0 ms total)

[----------] Global test environment tear-down
[==========] 1 test from 1 test suite ran. (0 ms total)
[  PASSED  ] 1 test.
</system-out>
	</testcase>
	<testcase name="LanguageTranslatorComprehensiveTest.TestLearningTips" classname="LanguageTranslatorComprehensiveTest.TestLearningTips" time="0.0315073" status="run">
		<properties/>
		<system-out>Running main() from C:\Users\ahmet\OneDrive\Masaüstü\DataStructure\cen207-2025-2026-5-Mustafa-Yildirimm-cpp\build_win\_deps\googletest-src\googletest\src\gtest_main.cc
Note: Google Test filter = LanguageTranslatorComprehensiveTest.TestLearningTips
[==========] Running 1 test from 1 test suite.
[----------] Global test environment set-up.
[----------] 1 test from LanguageTranslatorComprehensiveTest
[ RUN      ] LanguageTranslatorComprehensiveTest.TestLearningTips
Learning tip added: Practice daily for better results
Learning tip added: Use flashcards for vocabulary
Learning tip added: Listen to native speakers

=== Learning Tips ===
1. Practice daily for at least 15 minutes
2. Use flashcards for vocabulary building
3. Listen to native speakers regularly
4. Practice speaking with others
5. Read books and articles in the target language
6. Watch movies with subtitles
7. Join language exchange groups
8. Keep a vocabulary notebook
9. Use language learning apps
10. Don't be afraid to make mistakes
11. Practice da...
[This part of the test output was removed since it exceeds the threshold of 1024 bytes.]
</system-out>
	</testcase>
	<testcase name="LanguageTranslatorComprehensiveTest.TestPronunciationGuide" classname="LanguageTranslatorComprehensiveTest.TestPronunciationGuide" time="0.0398053" status="run">
		<properties/>
		<system-out>Running main() from C:\Users\ahmet\OneDrive\Masaüstü\DataStructure\cen207-2025-2026-5-Mustafa-Yildirimm-cpp\build_win\_deps\googletest-src\googletest\src\gtest_main.cc
Note: Google Test filter = LanguageTranslatorComprehensiveTest.TestPronunciationGuide
[==========] Running 1 test from 1 test suite.
[----------] Global test environment set-up.
[----------] 1 test from LanguageTranslatorComprehensiveTest
[ RUN      ] LanguageTranslatorComprehensiveTest.TestPronunciationGuide
Pronunciation added: hello -&gt; heh-LOH
Pronunciation added: world -&gt; wurld
Pronunciation added: thank you -&gt; thangk yoo

=== Pronunciation Guide ===
thank -&gt; θæŋk
world -&gt; wurld
hello -&gt; heh-LOH
thank you -&gt; thangk yoo
good -&gt; ɡʊd
morning -&gt; ˈmɔːrnɪŋ
you -&gt; juː
[       OK ] LanguageTranslatorComprehensiveTest.TestPronunciationGuide (0 ms)
[----------] 1 test from LanguageTranslatorComprehensiveTest (0 ms total)

[----------] Global test environment tear-down
[==========] 1 test from 1 test suite ran. (0 ms total)
[  PASSED  ] 1...
[This part of the test output was removed since it exceeds the threshold of 1024 bytes.]
</system-out>
	</testcase>
	<testcase name="LanguageTranslatorComprehensiveTest.TestDataManagement" classname="LanguageTranslatorComprehensiveTest.TestDataManagement" time="0.0382326" status="run">
		<properties/>
		<system-out>Running main() from C:\Users\ahmet\OneDrive\Masaüstü\DataStructure\cen207-2025-2026-5-Mustafa-Yildirimm-cpp\build_win\_deps\googletest-src\googletest\src\gtest_main.cc
Note: Google Test filter = LanguageTranslatorComprehensiveTest.TestDataManagement
[==========] Running 1 test from 1 test suite.
[----------] Global test environment set-up.
[----------] 1 test from LanguageTranslatorComprehensiveTest
[ RUN      ] LanguageTranslatorComprehensiveTest.TestDataManagement
Data saved successfully.
Data loaded successfully.
Warning: Could not open dictionary file: dictionaries/en_tr.txt
Warning: Could not open dictionary file: dictionaries/en_es.txt
Warning: Could not open dictionary file: dictionaries/en_fr.txt
Warning: Could not open dictionary file: dictionaries/tr_en.txt
[       OK ] LanguageTranslatorComprehensiveTest.TestDataManagement (0 ms)
[----------] 1 test from LanguageTranslatorComprehensiveTest (0 ms total)

[----------] Global test environment tear-down
[==========] 1 test from 1 test suite ran. (0 m...
[This part of the test output was removed since it exceeds the threshold of 1024 bytes.]
</system-out>
	</testcase>
	<testcase name="LanguageTranslatorComprehensiveTest.TestDictionaryManagement" classname="LanguageTranslatorComprehensiveTest.TestDictionaryManagement" time="0.0372928" status="run">
		<properties/>
		<system-out>Running main() from C:\Users\ahmet\OneDrive\Masaüstü\DataStructure\cen207-2025-2026-5-Mustafa-Yildirimm-cpp\build_win\_deps\googletest-src\googletest\src\gtest_main.cc
Note: Google Test filter = LanguageTranslatorComprehensiveTest.TestDictionaryManagement
[==========] Running 1 test from 1 test suite.
[----------] Global test environment set-up.
[----------] 1 test from LanguageTranslatorComprehensiveTest
[ RUN      ] LanguageTranslatorComprehensiveTest.TestDictionaryManagement
Warning: Could not open dictionary file: dictionaries/en_tr.txt
Warning: Could not open dictionary file: dictionaries/en_es.txt
Warning: Could not open dictionary file: dictionaries/en_fr.txt
Warning: Could not open dictionary file: dictionaries/tr_en.txt
Warning: Could not open dictionary file: nonexistent.txt
Loaded 0 words from dictionaries/test_en_de.txt
[       OK ] LanguageTranslatorComprehensiveTest.TestDictionaryManagement (19 ms)
[----------] 1 test from LanguageTranslatorComprehensiveTest (19 ms total)

[----------] Global ...
[This part of the test output was removed since it exceeds the threshold of 1024 bytes.]
</system-out>
	</testcase>
	<testcase name="LanguageTranslatorComprehensiveTest.TestAPIFunctions" classname="LanguageTranslatorComprehensiveTest.TestAPIFunctions" time="0.0227039" status="run">
		<properties/>
		<system-out>Running main() from C:\Users\ahmet\OneDrive\Masaüstü\DataStructure\cen207-2025-2026-5-Mustafa-Yildirimm-cpp\build_win\_deps\googletest-src\googletest\src\gtest_main.cc
Note: Google Test filter = LanguageTranslatorComprehensiveTest.TestAPIFunctions
[==========] Running 1 test from 1 test suite.
[----------] Global test environment set-up.
[----------] 1 test from LanguageTranslatorComprehensiveTest
[ RUN      ] LanguageTranslatorComprehensiveTest.TestAPIFunctions
Google API not implemented yet
Microsoft API not implemented yet
[       OK ] LanguageTranslatorComprehensiveTest.TestAPIFunctions (0 ms)
[----------] 1 test from LanguageTranslatorComprehensiveTest (0 ms total)

[----------] Global test environment tear-down
[==========] 1 test from 1 test suite ran. (0 ms total)
[  PASSED  ] 1 test.
</system-out>
	</testcase>
	<testcase name="LanguageTranslatorComprehensiveTest.TestTranslationFunctions" classname="LanguageTranslatorComprehensiveTest.TestTranslationFunctions" time="0.0389491" status="run">
		<properties/>
		<system-out>Running main() from C:\Users\ahmet\OneDrive\Masaüstü\DataStructure\cen207-2025-2026-5-Mustafa-Yildirimm-cpp\build_win\_deps\googletest-src\googletest\src\gtest_main.cc
Note: Google Test filter = LanguageTranslatorComprehensiveTest.TestTranslationFunctions
[==========] Running 1 test from 1 test suite.
[----------] Global test environment set-up.
[----------] 1 test from LanguageTranslatorComprehensiveTest
[ RUN      ] LanguageTranslatorComprehensiveTest.TestTranslationFunctions
[       OK ] LanguageTranslatorComprehensiveTest.TestTranslationFunctions (0 ms)
[----------] 1 test from LanguageTranslatorComprehensiveTest (0 ms total)

[----------] Global test environment tear-down
[==========] 1 test from 1 test suite ran. (0 ms total)
[  PASSED  ] 1 test.
</system-out>
	</testcase>
	<testcase name="LanguageTranslatorComprehensiveTest.TestEdgeCases" classname="LanguageTranslatorComprehensiveTest.TestEdgeCases" time="0.0354597" status="run">
		<properties/>
		<system-out>Running main() from C:\Users\ahmet\OneDrive\Masaüstü\DataStructure\cen207-2025-2026-5-Mustafa-Yildirimm-cpp\build_win\_deps\googletest-src\googletest\src\gtest_main.cc
Note: Google Test filter = LanguageTranslatorComprehensiveTest.TestEdgeCases
[==========] Running 1 test from 1 test suite.
[----------] Global test environment set-up.
[----------] 1 test from LanguageTranslatorComprehensiveTest
[ RUN      ] LanguageTranslatorComprehensiveTest.TestEdgeCases
[       OK ] LanguageTranslatorComprehensiveTest.TestEdgeCases (0 ms)
[----------] 1 test from LanguageTranslatorComprehensiveTest (0 ms total)

[----------] Global test environment tear-down
[==========] 1 test from 1 test suite ran. (0 ms total)
[  PASSED  ] 1 test.
</system-out>
	</testcase>
	<testcase name="LanguageTranslatorComprehensiveTest.TestMenuHandling" classname="LanguageTranslatorComprehensiveTest.TestMenuHandling" time="0.0338789" status="run">
		<properties/>
		<system-out>Running main() from C:\Users\ahmet\OneDrive\Masaüstü\DataStructure\cen207-2025-2026-5-Mustafa-Yildirimm-cpp\build_win\_deps\googletest-src\googletest\src\gtest_main.cc
Note: Google Test filter = LanguageTranslatorComprehensiveTest.TestMenuHandling
[==========] Running 1 test from 1 test suite.
[----------] Global test environment set-up.
[----------] 1 test from LanguageTranslatorComprehensiveTest
[ RUN      ] LanguageTranslatorComprehensiveTest.TestMenuHandling
Exiting application. Goodbye!
Enter username: Enter password: Invalid username or password.
Enter new username: Enter new password: Registration successful! You can now log in.
Invalid choice. Please try again.
Invalid choice. Please try again.
Invalid choice. Please try again.
Invalid choice. Please try again.
Invalid choice. Please try again.
[       OK ] LanguageTranslatorComprehensiveTest.TestMenuHandling (0 ms)
[----------] 1 test from LanguageTranslatorComprehensiveTest (0 ms total)

[----------] Global test environment tear-down
[==========] ...
[This part of the test output was removed since it exceeds the threshold of 1024 bytes.]
</system-out>
	</testcase>
	<testcase name="LanguageTranslatorComprehensiveTest.TestLanguageSelection" classname="LanguageTranslatorComprehensiveTest.TestLanguageSelection" time="0.0241798" status="run">
		<properties/>
		<system-out>Running main() from C:\Users\ahmet\OneDrive\Masaüstü\DataStructure\cen207-2025-2026-5-Mustafa-Yildirimm-cpp\build_win\_deps\googletest-src\googletest\src\gtest_main.cc
Note: Google Test filter = LanguageTranslatorComprehensiveTest.TestLanguageSelection
[==========] Running 1 test from 1 test suite.
[----------] Global test environment set-up.
[----------] 1 test from LanguageTranslatorComprehensiveTest
[ RUN      ] LanguageTranslatorComprehensiveTest.TestLanguageSelection

=== Language Selection ===
Supported Languages:
1. English
2. Turkish
3. Spanish
4. French
5. German
6. Italian

Current: English -&gt; Turkish
1. Change Source Language
2. Change Target Language
0. Back to Main Menu
Enter your choice: [       OK ] LanguageTranslatorComprehensiveTest.TestLanguageSelection (0 ms)
[----------] 1 test from LanguageTranslatorComprehensiveTest (0 ms total)

[----------] Global test environment tear-down
[==========] 1 test from 1 test suite ran. (0 ms total)
[  PASSED  ] 1 test.
</system-out>
	</testcase>
	<testcase name="LanguageTranslatorComprehensiveTest.TestPhraseLibraryDisplay" classname="LanguageTranslatorComprehensiveTest.TestPhraseLibraryDisplay" time="0.039495" status="run">
		<properties/>
		<system-out>Running main() from C:\Users\ahmet\OneDrive\Masaüstü\DataStructure\cen207-2025-2026-5-Mustafa-Yildirimm-cpp\build_win\_deps\googletest-src\googletest\src\gtest_main.cc
Note: Google Test filter = LanguageTranslatorComprehensiveTest.TestPhraseLibraryDisplay
[==========] Running 1 test from 1 test suite.
[----------] Global test environment set-up.
[----------] 1 test from LanguageTranslatorComprehensiveTest
[ RUN      ] LanguageTranslatorComprehensiveTest.TestPhraseLibraryDisplay

=== Phrase Library ===
Current Language Pair: English -&gt; Turkish

Phrase Dictionary:
you're welcome -&gt; rica ederim
thank you -&gt; teşekkür ederim
good morning -&gt; günaydın
good evening -&gt; iyi akşamlar
i'm fine -&gt; iyiyim
how are you -&gt; nasılsın
excuse me -&gt; özür dilerim
nice to meet you -&gt; tanıştığımıza memnun oldum
see you later -&gt; görüşürüz
have a nice day -&gt; iyi günler
i am from -&gt; ben ...'danım
good night -&gt; iyi geceler
what's your name -&gt; adın ne
my name is -&gt; adım
where are you from -&gt; nerelisin

Common Phr...
[This part of the test output was removed since it exceeds the threshold of 1024 bytes.]
</system-out>
	</testcase>
	<testcase name="LanguageTranslatorComprehensiveTest.TestLanguageCombinations" classname="LanguageTranslatorComprehensiveTest.TestLanguageCombinations" time="0.0363364" status="run">
		<properties/>
		<system-out>Running main() from C:\Users\ahmet\OneDrive\Masaüstü\DataStructure\cen207-2025-2026-5-Mustafa-Yildirimm-cpp\build_win\_deps\googletest-src\googletest\src\gtest_main.cc
Note: Google Test filter = LanguageTranslatorComprehensiveTest.TestLanguageCombinations
[==========] Running 1 test from 1 test suite.
[----------] Global test environment set-up.
[----------] 1 test from LanguageTranslatorComprehensiveTest
[ RUN      ] LanguageTranslatorComprehensiveTest.TestLanguageCombinations
Source language set to: English
Target language set to: Turkish
Source language set to: English
Target language set to: Spanish
Source language set to: English
Target language set to: French
Source language set to: Turkish
Target language set to: English
[       OK ] LanguageTranslatorComprehensiveTest.TestLanguageCombinations (0 ms)
[----------] 1 test from LanguageTranslatorComprehensiveTest (0 ms total)

[----------] Global test environment tear-down
[==========] 1 test from 1 test suite ran. (0 ms total)
[  PASSED  ] 1 test.
</system-out>
	</testcase>
	<testcase name="LanguageTranslatorComprehensiveTest.TestPerformance" classname="LanguageTranslatorComprehensiveTest.TestPerformance" time="0.0747599" status="run">
		<properties/>
		<system-out>Running main() from C:\Users\ahmet\OneDrive\Masaüstü\DataStructure\cen207-2025-2026-5-Mustafa-Yildirimm-cpp\build_win\_deps\googletest-src\googletest\src\gtest_main.cc
Note: Google Test filter = LanguageTranslatorComprehensiveTest.TestPerformance
[==========] Running 1 test from 1 test suite.
[----------] Global test environment set-up.
[----------] 1 test from LanguageTranslatorComprehensiveTest
[ RUN      ] LanguageTranslatorComprehensiveTest.TestPerformance
Phrase added: phrase 0 (Category: category0)
Phrase added: phrase 1 (Category: category1)
Phrase added: phrase 2 (Category: category2)
Phrase added: phrase 3 (Category: category3)
Phrase added: phrase 4 (Category: category4)
Phrase added: phrase 5 (Category: category0)
Phrase added: phrase 6 (Category: category1)
Phrase added: phrase 7 (Category: category2)
Phrase added: phrase 8 (Category: category3)
Phrase added: phrase 9 (Category: category4)
Phrase added: phrase 10 (Category: category0)
Phrase added: phrase 11 (Category: category1)
Phrase added: p...
[...]
		<properties/>
		<system-out>Running main() from C:\Users\ahmet\OneDrive\Masaüstü\DataStructure\cen207-2025-2026-5-Mustafa-Yildirimm-cpp\build_win\_deps\googletest-src\googletest\src\gtest_main.cc
Note: Google Test filter = StringViewCoverageTest.TestStringViewConstexpr
[==========] Running 1 test from 1 test suite.
[----------] Global test environment set-up.
[----------] 1 test from StringViewCoverageTest
[ RUN      ] StringViewCoverageTest.TestStringViewConstexpr
[       OK ] StringViewCoverageTest.TestStringViewConstexpr (0 ms)
[----------] 1 test from StringViewCoverageTest (0 ms total)

[----------] Global test environment tear-down
[==========] 1 test from 1 test suite ran. (0 ms total)
[  PASSED  ] 1 test.
</system-out>
	</testcase>
	<testcase name="StringViewCoverageTest.TestStringViewPerformance" classname="StringViewCoverageTest.TestStringViewPerformance" time="0.0298235" status="run">
		<properties/>
		<system-out>Running main() from C:\Users\ahmet\OneDrive\Masaüstü\DataStructure\cen207-2025-2026-5-Mustafa-Yildirimm-cpp\build_win\_deps\googletest-src\googletest\src\gtest_main.cc
Note: Google Test filter = StringViewCoverageTest.TestStringViewPerformance
[==========] Running 1 test from 1 test suite.
[----------] Global test environment set-up.
[----------] 1 test from StringViewCoverageTest
[ RUN      ] StringViewCoverageTest.TestStringViewPerformance
[       OK ] StringViewCoverageTest.TestStringViewPerformance (0 ms)
[----------] 1 test from StringViewCoverageTest (0 ms total)

[----------] Global test environment tear-down
[==========] 1 test from 1 test suite ran. (0 ms total)
[  PASSED  ] 1 test.
</system-out>
	</testcase>
	<testcase name="StringViewInternalUtilitiesTest.TestStringViewLengthFunction" classname="StringViewInternalUtilitiesTest.TestStringViewLengthFunction" time="0.03393" status="run">
		<properties/>
		<system-out>Running main() from C:\Users\ahmet\OneDrive\Masaüstü\DataStructure\cen207-2025-2026-5-Mustafa-Yildirimm-cpp\build_win\_deps\googletest-src\googletest\src\gtest_main.cc
Note: Google Test filter = StringViewInternalUtilitiesTest.TestStringViewLengthFunction
[==========] Running 1 test from 1 test suite.
[----------] Global test environment set-up.
[----------] 1 test from StringViewInternalUtilitiesTest
[ RUN      ] StringViewInternalUtilitiesTest.TestStringViewLengthFunction
[       OK ] StringViewInternalUtilitiesTest.TestStringViewLengthFunction (0 ms)
[----------] 1 test from StringViewInternalUtilitiesTest (0 ms total)

[----------] Global test environment tear-down
[==========] 1 test from 1 test suite ran. (0 ms total)
[  PASSED  ] 1 test.
</system-out>
	</testcase>
	<testcase name="StringViewInternalUtilitiesTest.TestStringViewFindFunction" classname="StringViewInternalUtilitiesTest.TestStringViewFindFunction" time="0.0355994" status="fail">
		<failure message="Failed"/>
		<properties/>
		<system-out>Running main() from C:\Users\ahmet\OneDrive\Masaüstü\DataStructure\cen207-2025-2026-5-Mustafa-Yildirimm-cpp\build_win\_deps\googletest-src\googletest\src\gtest_main.cc
Note: Google Test filter = StringViewInternalUtilitiesTest.TestStringViewFindFunction
[==========] Running 1 test from 1 test suite.
[----------] Global test environment set-up.
[----------] 1 test from StringViewInternalUtilitiesTest
[ RUN      ] StringViewInternalUtilitiesTest.TestStringViewFindFunction
C:\Users\ahmet\OneDrive\Masa[NON-UTF-8-BYTE-0xFC]st[NON-UTF-8-BYTE-0xFC]\DataStructure\cen207-2025-2026-5-Mustafa-Yildirimm-cpp\tests\test_string_view_internal_utilities.cpp(128): error: Expected equality of these values:
  sv.find('l', 4)
    Which is: 10
  9

[  FAILED  ] StringViewInternalUtilitiesTest.TestStringViewFindFunction (0 ms)
[----------] 1 test from StringViewInternalUtilitiesTest (0 ms total)

[----------] Global test environment tear-down
[==========] 1 test from 1 test suite ran. (0 ms total)
[  PASSED  ] 0 tests.
[  FAILED  ] 1 test, listed below:
[  FAILED  ] StringViewInternalUtilitiesTest.TestStringViewFindFunction

 1 FAILED TEST
</system-out>
	</testcase>
	<testcase name="StringViewInternalUtilitiesTest.TestStringViewAssignFunction" classname="StringViewInternalUtilitiesTest.TestStringViewAssignFunction" time="0.0431472" status="run">
		<properties/>
		<system-out>Running main() from C:\Users\ahmet\OneDrive\Masaüstü\DataStructure\cen207-2025-2026-5-Mustafa-Yildirimm-cpp\build_win\_deps\googletest-src\googletest\src\gtest_main.cc
Note: Google Test filter = StringViewInternalUtilitiesTest.TestStringViewAssignFunction
[==========] Running 1 test from 1 test suite.
[----------] Global test environment set-up.
[----------] 1 test from StringViewInternalUtilitiesTest
[ RUN      ] StringViewInternalUtilitiesTest.TestStringViewAssignFunction
[       OK ] StringViewInternalUtilitiesTest.TestStringViewAssignFunction (0 ms)
[----------] 1 test from StringViewInternalUtilitiesTest (0 ms total)

[----------] Global test environment tear-down
[==========] 1 test from 1 test suite ran. (0 ms total)
[  PASSED  ] 1 test.
</system-out>
	</testcase>
	<testcase name="StringViewInternalUtilitiesTest.TestStringViewInternalOperations" classname="StringViewInternalUtilitiesTest.TestStringViewInternalOperations" time="0.0341201" status="fail">
		<failure message="Failed"/>
		<properties/>
		<system-out>Running main() from C:\Users\ahmet\OneDrive\Masaüstü\DataStructure\cen207-2025-2026-5-Mustafa-Yildirimm-cpp\build_win\_deps\googletest-src\googletest\src\gtest_main.cc
Note: Google Test filter = StringViewInternalUtilitiesTest.TestStringViewInternalOperations
[==========] Running 1 test from 1 test suite.
[----------] Global test environment set-up.
[----------] 1 test from StringViewInternalUtilitiesTest
[ RUN      ] StringViewInternalUtilitiesTest.TestStringViewInternalOperations
C:\Users\ahmet\OneDrive\Masa[NON-UTF-8-BYTE-0xFC]st[NON-UTF-8-BYTE-0xFC]\DataStructure\cen207-2025-2026-5-Mustafa-Yildirimm-cpp\tests\test_string_view_internal_utilities.cpp(273): error: Expected equality of these values:
  wsv.find(L't')
    Which is: 6
  5

C:\Users\ahmet\OneDrive\Masa[NON-UTF-8-BYTE-0xFC]st[NON-UTF-8-BYTE-0xFC]\DataStructure\cen207-2025-2026-5-Mustafa-Yildirimm-cpp\tests\test_string_view_internal_utilities.cpp(279): error: Expected equality of these values:
  sv16.find(u't')
    Which is: 8
  7

C:\Users\ahmet\OneDrive\Masa[NON-UTF-8-BYTE-0xFC]st[NON-UTF-8-BYTE-0xFC]\DataStructure\cen207-2025-2026-5-Mustafa-Yildirimm-cpp\tests\test_string_view_internal_utilities.cpp(285): error: Expected equality of these values:
  sv32.find(U't')
    Which is: 8
  7

[  FAILED  ] StringViewInternalUtilitiesTest.TestStringViewInternalOperations (0 ms)
[----------] 1 test from StringViewInternalUtilitiesTest (0 ms total)

[----------] Global test environment tear-down
[==========] 1 test from 1 test suite ran. (0 ms total)
[  PASSED  ] 0 tests.
[  FAILED  ] 1 test, listed below:
[  FAILED  ] StringViewInternalUtilitiesTest.TestStringViewInternalOperations

 1 FAILED TEST
</system-out>
	</testcase>
	<testcase name="StringViewInternalUtilitiesTest.TestStringViewEdgeCasesForInternalFunctions" classname="StringViewInternalUtilitiesTest.TestStringViewEdgeCasesForInternalFunctions" time="0.0340872" status="run">
		<properties/>
		<system-out>Running main() from C:\Users\ahmet\OneDrive\Masaüstü\DataStructure\cen207-2025-2026-5-Mustafa-Yildirimm-cpp\build_win\_deps\googletest-src\googletest\src\gtest_main.cc
Note: Google Test filter = StringViewInternalUtilitiesTest.TestStringViewEdgeCasesForInternalFunctions
[==========] Running 1 test from 1 test suite.
[----------] Global test environment set-up.
[----------] 1 test from StringViewInternalUtilitiesTest
[ RUN      ] StringViewInternalUtilitiesTest.TestStringViewEdgeCasesForInternalFunctions
[       OK ] StringViewInternalUtilitiesTest.TestStringViewEdgeCasesForInternalFunctions (0 ms)
[----------] 1 test from StringViewInternalUtilitiesTest (0 ms total)

[----------] Global test environment tear-down
[==========] 1 test from 1 test suite ran. (0 ms total)
[  PASSED  ] 1 test.
</system-out>
	</testcase>
	<testcase name="StringViewInternalUtilitiesTest.TestStringViewConstexprInternalFunctions" classname="StringViewInternalUtilitiesTest.TestStringViewConstexprInternalFunctions" time="0.0367466" status="run">
		<properties/>
		<system-out>Running main() from C:\Users\ahmet\OneDrive\Masaüstü\DataStructure\cen207-2025-2026-5-Mustafa-Yildirimm-cpp\build_win\_deps\googletest-src\googletest\src\gtest_main.cc
Note: Google Test filter = StringViewInternalUtilitiesTest.TestStringViewConstexprInternalFunctions
[==========] Running 1 test from 1 test suite.
[----------] Global test environment set-up.
[----------] 1 test from StringViewInternalUtilitiesTest
[ RUN      ] StringViewInternalUtilitiesTest.TestStringViewConstexprInternalFunctions
[       OK ] StringViewInternalUtilitiesTest.TestStringViewConstexprInternalFunctions (0 ms)
[----------] 1 test from StringViewInternalUtilitiesTest (0 ms total)

[----------] Global test environment tear-down
[==========] 1 test from 1 test suite ran. (0 ms total)
[  PASSED  ] 1 test.
</system-out>
	</testcase>
	<testcase name="StringViewInternalUtilitiesTest.TestStringViewPerformanceInternalFunctions" classname="StringViewInternalUtilitiesTest.TestStringViewPerformanceInternalFunctions" time="0.0331924" status="run">
		<properties/>
		<system-out>Running main() from C:\Users\ahmet\OneDrive\Masaüstü\DataStructure\cen207-2025-2026-5-Mustafa-Yildirimm-cpp\build_win\_deps\googletest-src\googletest\src\gtest_main.cc
Note: Google Test filter = StringViewInternalUtilitiesTest.TestStringViewPerformanceInternalFunctions
[==========] Running 1 test from 1 test suite.
[----------] Global test environment set-up.
[----------] 1 test from StringViewInternalUtilitiesTest
[ RUN      ] StringViewInternalUtilitiesTest.TestStringViewPerformanceInternalFunctions
[       OK ] StringViewInternalUtilitiesTest.TestStringViewPerformanceInternalFunctions (0 ms)
[----------] 1 test from StringViewInternalUtilitiesTest (0 ms total)

[----------] Global test environment tear-down
[==========] 1 test from 1 test suite ran. (0 ms total)
[  PASSED  ] 1 test.
</system-out>
	</testcase>
	<testcase name="ParserErrors.MissingRParen" classname="ParserErrors.MissingRParen" time="0.0237033" status="run">
		<properties/>
		<system-out>Running main() from C:\Users\ahmet\OneDrive\Masaüstü\DataStructure\cen207-2025-2026-5-Mustafa-Yildirimm-cpp\build_win\_deps\googletest-src\googletest\src\gtest_main.cc
Note: Google Test filter = ParserErrors.MissingRParen
[==========] Running 1 test from 1 test suite.
[----------] Global test environment set-up.
[----------] 1 test from ParserErrors
[ RUN      ] ParserErrors.MissingRParen
[       OK ] ParserErrors.MissingRParen (0 ms)
[----------] 1 test from ParserErrors (0 ms total)

[----------] Global test environment tear-down
[==========] 1 test from 1 test suite ran. (0 ms total)
[  PASSED  ] 1 test.
</system-out>
	</testcase>
	<testcase name="ParserErrors.UnknownStatement" classname="ParserErrors.UnknownStatement" time="0.0337432" status="run">
		<properties/>
		<system-out>Running main() from C:\Users\ahmet\OneDrive\Masaüstü\DataStructure\cen207-2025-2026-5-Mustafa-Yildirimm-cpp\build_win\_deps\googletest-src\googletest\src\gtest_main.cc
Note: Google Test filter = ParserErrors.UnknownStatement
[==========] Running 1 test from 1 test suite.
[----------] Global test environment set-up.
[----------] 1 test from ParserErrors
[ RUN      ] ParserErrors.UnknownStatement
[       OK ] ParserErrors.UnknownStatement (0 ms)
[----------] 1 test from ParserErrors (0 ms total)

[----------] Global test environment tear-down
[==========] 1 test from 1 test suite ran. (0 ms total)
[  PASSED  ] 1 test.
</system-out>
	</testcase>
	<testcase name="ParserErrors.LetMissingAssign" classname="ParserErrors.LetMissingAssign" time="0.0328738" status="run">
		<properties/>
		<system-out>Running main() from C:\Users\ahmet\OneDrive\Masaüstü\DataStructure\cen207-2025-2026-5-Mustafa-Yildirimm-cpp\build_win\_deps\googletest-src\googletest\src\gtest_main.cc
Note: Google Test filter = ParserErrors.LetMissingAssign
[==========] Running 1 test from 1 test suite.
[----------] Global test environment set-up.
[----------] 1 test from ParserErrors
[ RUN      ] ParserErrors.LetMissingAssign
[       OK ] ParserErrors.LetMissingAssign (0 ms)
[----------] 1 test from ParserErrors (0 ms total)

[----------] Global test environment tear-down
[==========] 1 test from 1 test suite ran. (0 ms total)
[  PASSED  ] 1 test.
</system-out>
	</testcase>
	<testcase name="ParserErrors.InputNeedsIdentifier" classname="ParserErrors.InputNeedsIdentifier" time="0.0241442" status="run">
		<properties/>
		<system-out>Running main() from C:\Users\ahmet\OneDrive\Masaüstü\DataStructure\cen207-2025-2026-5-Mustafa-Yildirimm-cpp\build_win\_deps\googletest-src\googletest\src\gtest_main.cc
Note: Google Test filter = ParserErrors.InputNeedsIdentifier
[==========] Running 1 test from 1 test suite.
[----------] Global test environment set-up.
[----------] 1 test from ParserErrors
[ RUN      ] ParserErrors.InputNeedsIdentifier
[       OK ] ParserErrors.InputNeedsIdentifier (0 ms)
[----------] 1 test from ParserErrors (0 ms total)

[----------] Global test environment tear-down
[==========] 1 test from 1 test suite ran. (0 ms total)
[  PASSED  ] 1 test.
</system-out>
	</testcase>
	<testcase name="ParserErrors.IfRequiresThen" classname="ParserErrors.IfRequiresThen" time="0.0475341" status="run">
		<properties/>
		<system-out>Running main() from C:\Users\ahmet\OneDrive\Masaüstü\DataStructure\cen207-2025-2026-5-Mustafa-Yildirimm-cpp\build_win\_deps\googletest-src\googletest\src\gtest_main.cc
Note: Google Test filter = ParserErrors.IfRequiresThen
[==========] Running 1 test from 1 test suite.
[----------] Global test environment set-up.
[----------] 1 test from ParserErrors
[ RUN      ] ParserErrors.IfRequiresThen
[       OK ] ParserErrors.IfRequiresThen (0 ms)
[----------] 1 test from ParserErrors (0 ms total)

[----------] Global test environment tear-down
[==========] 1 test from 1 test suite ran. (0 ms total)
[  PASSED  ] 1 test.
</system-out>
	</testcase>
	<testcase name="ParserErrors.IfThenRequiresNumber" classname="ParserErrors.IfThenRequiresNumber" time="0.0503287" status="run">
		<properties/>
		<system-out>Running main() from C:\Users\ahmet\OneDrive\Masaüstü\DataStructure\cen207-2025-2026-5-Mustafa-Yildirimm-cpp\build_win\_deps\googletest-src\googletest\src\gtest_main.cc
Note: Google Test filter = ParserErrors.IfThenRequiresNumber
[==========] Running 1 test from 1 test suite.
[----------] Global test environment set-up.
[----------] 1 test from ParserErrors
[ RUN      ] ParserErrors.IfThenRequiresNumber
[       OK ] ParserErrors.IfThenRequiresNumber (0 ms)
[----------] 1 test from ParserErrors (0 ms total)

[----------] Global test environment tear-down
[==========] 1 test from 1 test suite ran. (0 ms total)
[  PASSED  ] 1 test.
</system-out>
	</testcase>
	<testcase name="ParserErrors.GotoRequiresNumber" classname="ParserErrors.GotoRequiresNumber" time="0.0416381" status="run">
		<properties/>
		<system-out>Running main() from C:\Users\ahmet\OneDrive\Masaüstü\DataStructure\cen207-2025-2026-5-Mustafa-Yildirimm-cpp\build_win\_deps\googletest-src\googletest\src\gtest_main.cc
Note: Google Test filter = ParserErrors.GotoRequiresNumber
[==========] Running 1 test from 1 test suite.
[----------] Global test environment set-up.
[----------] 1 test from ParserErrors
[ RUN      ] ParserErrors.GotoRequiresNumber
[       OK ] ParserErrors.GotoRequiresNumber (0 ms)
[----------] 1 test from ParserErrors (0 ms total)

[----------] Global test environment tear-down
[==========] 1 test from 1 test suite ran. (0 ms total)
[  PASSED  ] 1 test.
</system-out>
	</testcase>
	<testcase name="ParserProgram.AutoLabelsWhenMissing" classname="ParserProgram.AutoLabelsWhenMissing" time="0.0524274" status="run">
		<properties/>
		<system-out>Running main() from C:\Users\ahmet\OneDrive\Masaüstü\DataStructure\cen207-2025-2026-5-Mustafa-Yildirimm-cpp\build_win\_deps\googletest-src\googletest\src\gtest_main.cc
Note: Google Test filter = ParserProgram.AutoLabelsWhenMissing
[==========] Running 1 test from 1 test suite.
[----------] Global test environment set-up.
[----------] 1 test from ParserProgram
[ RUN      ] ParserProgram.AutoLabelsWhenMissing
[       OK ] ParserProgram.AutoLabelsWhenMissing (0 ms)
[----------] 1 test from ParserProgram (0 ms total)

[----------] Global test environment tear-down
[==========] 1 test from 1 test suite ran. (0 ms total)
[  PASSED  ] 1 test.
</system-out>
	</testcase>
	<testcase name="Lexer.UnknownCharIsIgnored" classname="Lexer.UnknownCharIsIgnored" time="0.0290338" status="run">
		<properties/>
		<system-out>Running main() from C:\Users\ahmet\OneDrive\Masaüstü\DataStructure\cen207-2025-2026-5-Mustafa-Yildirimm-cpp\build_win\_deps\googletest-src\googletest\src\gtest_main.cc
Note: Google Test filter = Lexer.UnknownCharIsIgnored
[==========] Running 1 test from 1 test suite.
[----------] Global test environment set-up.
[----------] 1 test from Lexer
[ RUN      ] Lexer.UnknownCharIsIgnored
[       OK ] Lexer.UnknownCharIsIgnored (0 ms)
[----------] 1 test from Lexer (0 ms total)

[----------] Global test environment tear-down
[==========] 1 test from 1 test suite ran. (0 ms total)
[  PASSED  ] 1 test.
</system-out>
	</testcase>
	<testcase name="CodegenPaths.EmptyProgramReturnsEarly" classname="CodegenPaths.EmptyProgramReturnsEarly" time="0.0181619" status="run">
		<properties/>
		<system-out>Running main() from C:\Users\ahmet\OneDrive\Masaüstü\DataStructure\cen207-2025-2026-5-Mustafa-Yildirimm-cpp\build_win\_deps\googletest-src\googletest\src\gtest_main.cc
Note: Google Test filter = CodegenPaths.EmptyProgramReturnsEarly
[==========] Running 1 test from 1 test suite.
[----------] Global test environment set-up.
[----------] 1 test from CodegenPaths
[ RUN      ] CodegenPaths.EmptyProgramReturnsEarly
[       OK ] CodegenPaths.EmptyProgramReturnsEarly (0 ms)
[----------] 1 test from CodegenPaths (0 ms total)

[----------] Global test environment tear-down
[==========] 1 test from 1 test suite ran. (0 ms total)
[  PASSED  ] 1 test.
</system-out>
	</testcase>
	<testcase name="CodegenPaths.InputGotoIfGosubReturn" classname="CodegenPaths.InputGotoIfGosubReturn" time="0.0168551" status="run">
		<properties/>
		<system-out>Running main() from C:\Users\ahmet\OneDrive\Masaüstü\DataStructure\cen207-2025-2026-5-Mustafa-Yildirimm-cpp\build_win\_deps\googletest-src\googletest\src\gtest_main.cc
Note: Google Test filter = CodegenPaths.InputGotoIfGosubReturn
[==========] Running 1 test from 1 test suite.
[----------] Global test environment set-up.
[----------] 1 test from CodegenPaths
[ RUN      ] CodegenPaths.InputGotoIfGosubReturn
[       OK ] CodegenPaths.InputGotoIfGosubReturn (0 ms)
[----------] 1 test from CodegenPaths (0 ms total)

[----------] Global test environment tear-down
[==========] 1 test from 1 test suite ran. (0 ms total)
[  PASSED  ] 1 test.
</system-out>
	</testcase>
	<testcase name="XORLinkedList.InsertDeleteNavigate" classname="XORLinkedList.InsertDeleteNavigate" time="0.0403123" status="run">
		<properties/>
		<system-out>Running main() from C:\Users\ahmet\OneDrive\Masaüstü\DataStructure\cen207-2025-2026-5-Mustafa-Yildirimm-cpp\build_win\_deps\googletest-src\googletest\src\gtest_main.cc
Note: Google Test filter = XORLinkedList.InsertDeleteNavigate
[==========] Running 1 test from 1 test suite.
[----------] Global test environment set-up.
[----------] 1 test from XORLinkedList
[ RUN      ] XORLinkedList.InsertDeleteNavigate
[       OK ] XORLinkedList.InsertDeleteNavigate (0 ms)
[----------] 1 test from XORLinkedList (0 ms total)

[----------] Global test environment tear-down
[==========] 1 test from 1 test suite ran. (0 ms total)
[  PASSED  ] 1 test.
</system-out>
	</testcase>
</testsuite>
