<?xml version="1.0" encoding="UTF-8"?>
<testsuite name="(empty)"
	tests="86"
	failures="12"
	disabled="0"
	skipped="0"
	hostname=""
	time="0"
	timestamp="2025-10-23T20:51:18"
	>
	<testcase name="ChronoAdvancedCoverageTest.TestChronoTypeTraits" classname="ChronoAdvancedCoverageTest.TestChronoTypeTraits" time="0.0242373" status="run">
		<properties/>
		<system-out>Running main() from C:\Users\ahmet\OneDrive\Masaüstü\DataStructure\cen207-2025-2026-5-Mustafa-Yildirimm-cpp\build_win\_deps\googletest-src\googletest\src\gtest_main.cc
Note: Google Test filter = ChronoAdvancedCoverageTest.TestChronoTypeTraits
[==========] Running 1 test from 1 test suite.
[----------] Global test environment set-up.
[----------] 1 test from ChronoAdvancedCoverageTest
[ RUN      ] ChronoAdvancedCoverageTest.TestChronoTypeTraits
[       OK ] ChronoAdvancedCoverageTest.TestChronoTypeTraits (0 ms)
[----------] 1 test from ChronoAdvancedCoverageTest (0 ms total)

[----------] Global test environment tear-down
[==========] 1 test from 1 test suite ran. (0 ms total)
[  PASSED  ] 1 test.
</system-out>
	</testcase>
	<testcase name="ChronoAdvancedCoverageTest.TestChronoRatioOperations" classname="ChronoAdvancedCoverageTest.TestChronoRatioOperations" time="0.0240889" status="run">
		<properties/>
		<system-out>Running main() from C:\Users\ahmet\OneDrive\Masaüstü\DataStructure\cen207-2025-2026-5-Mustafa-Yildirimm-cpp\build_win\_deps\googletest-src\googletest\src\gtest_main.cc
Note: Google Test filter = ChronoAdvancedCoverageTest.TestChronoRatioOperations
[==========] Running 1 test from 1 test suite.
[----------] Global test environment set-up.
[----------] 1 test from ChronoAdvancedCoverageTest
[ RUN      ] ChronoAdvancedCoverageTest.TestChronoRatioOperations
[       OK ] ChronoAdvancedCoverageTest.TestChronoRatioOperations (0 ms)
[----------] 1 test from ChronoAdvancedCoverageTest (0 ms total)

[----------] Global test environment tear-down
[==========] 1 test from 1 test suite ran. (0 ms total)
[  PASSED  ] 1 test.
</system-out>
	</testcase>
	<testcase name="ChronoAdvancedCoverageTest.TestChronoClockComparison" classname="ChronoAdvancedCoverageTest.TestChronoClockComparison" time="0.0600537" status="run">
		<properties/>
		<system-out>Running main() from C:\Users\ahmet\OneDrive\Masaüstü\DataStructure\cen207-2025-2026-5-Mustafa-Yildirimm-cpp\build_win\_deps\googletest-src\googletest\src\gtest_main.cc
Note: Google Test filter = ChronoAdvancedCoverageTest.TestChronoClockComparison
[==========] Running 1 test from 1 test suite.
[----------] Global test environment set-up.
[----------] 1 test from ChronoAdvancedCoverageTest
[ RUN      ] ChronoAdvancedCoverageTest.TestChronoClockComparison
[       OK ] ChronoAdvancedCoverageTest.TestChronoClockComparison (10 ms)
[----------] 1 test from ChronoAdvancedCoverageTest (10 ms total)

[----------] Global test environment tear-down
[==========] 1 test from 1 test suite ran. (10 ms total)
[  PASSED  ] 1 test.
</system-out>
	</testcase>
	<testcase name="ChronoAdvancedCoverageTest.TestChronoDurationComparison" classname="ChronoAdvancedCoverageTest.TestChronoDurationComparison" time="0.037511" status="run">
		<properties/>
		<system-out>Running main() from C:\Users\ahmet\OneDrive\Masaüstü\DataStructure\cen207-2025-2026-5-Mustafa-Yildirimm-cpp\build_win\_deps\googletest-src\googletest\src\gtest_main.cc
Note: Google Test filter = ChronoAdvancedCoverageTest.TestChronoDurationComparison
[==========] Running 1 test from 1 test suite.
[----------] Global test environment set-up.
[----------] 1 test from ChronoAdvancedCoverageTest
[ RUN      ] ChronoAdvancedCoverageTest.TestChronoDurationComparison
[       OK ] ChronoAdvancedCoverageTest.TestChronoDurationComparison (0 ms)
[----------] 1 test from ChronoAdvancedCoverageTest (0 ms total)

[----------] Global test environment tear-down
[==========] 1 test from 1 test suite ran. (0 ms total)
[  PASSED  ] 1 test.
</system-out>
	</testcase>
	<testcase name="ChronoAdvancedCoverageTest.TestChronoDurationArithmeticAdvanced" classname="ChronoAdvancedCoverageTest.TestChronoDurationArithmeticAdvanced" time="0.0217397" status="run">
		<properties/>
		<system-out>Running main() from C:\Users\ahmet\OneDrive\Masaüstü\DataStructure\cen207-2025-2026-5-Mustafa-Yildirimm-cpp\build_win\_deps\googletest-src\googletest\src\gtest_main.cc
Note: Google Test filter = ChronoAdvancedCoverageTest.TestChronoDurationArithmeticAdvanced
[==========] Running 1 test from 1 test suite.
[----------] Global test environment set-up.
[----------] 1 test from ChronoAdvancedCoverageTest
[ RUN      ] ChronoAdvancedCoverageTest.TestChronoDurationArithmeticAdvanced
[       OK ] ChronoAdvancedCoverageTest.TestChronoDurationArithmeticAdvanced (0 ms)
[----------] 1 test from ChronoAdvancedCoverageTest (0 ms total)

[----------] Global test environment tear-down
[==========] 1 test from 1 test suite ran. (0 ms total)
[  PASSED  ] 1 test.
</system-out>
	</testcase>
	<testcase name="ChronoAdvancedCoverageTest.TestChronoTimePointArithmeticAdvanced" classname="ChronoAdvancedCoverageTest.TestChronoTimePointArithmeticAdvanced" time="0.0251419" status="run">
		<properties/>
		<system-out>Running main() from C:\Users\ahmet\OneDrive\Masaüstü\DataStructure\cen207-2025-2026-5-Mustafa-Yildirimm-cpp\build_win\_deps\googletest-src\googletest\src\gtest_main.cc
Note: Google Test filter = ChronoAdvancedCoverageTest.TestChronoTimePointArithmeticAdvanced
[==========] Running 1 test from 1 test suite.
[----------] Global test environment set-up.
[----------] 1 test from ChronoAdvancedCoverageTest
[ RUN      ] ChronoAdvancedCoverageTest.TestChronoTimePointArithmeticAdvanced
[       OK ] ChronoAdvancedCoverageTest.TestChronoTimePointArithmeticAdvanced (0 ms)
[----------] 1 test from ChronoAdvancedCoverageTest (0 ms total)

[----------] Global test environment tear-down
[==========] 1 test from 1 test suite ran. (0 ms total)
[  PASSED  ] 1 test.
</system-out>
	</testcase>
	<testcase name="ChronoAdvancedCoverageTest.TestChronoDurationCastAdvanced" classname="ChronoAdvancedCoverageTest.TestChronoDurationCastAdvanced" time="0.0384831" status="run">
		<properties/>
		<system-out>Running main() from C:\Users\ahmet\OneDrive\Masaüstü\DataStructure\cen207-2025-2026-5-Mustafa-Yildirimm-cpp\build_win\_deps\googletest-src\googletest\src\gtest_main.cc
Note: Google Test filter = ChronoAdvancedCoverageTest.TestChronoDurationCastAdvanced
[==========] Running 1 test from 1 test suite.
[----------] Global test environment set-up.
[----------] 1 test from ChronoAdvancedCoverageTest
[ RUN      ] ChronoAdvancedCoverageTest.TestChronoDurationCastAdvanced
[       OK ] ChronoAdvancedCoverageTest.TestChronoDurationCastAdvanced (0 ms)
[----------] 1 test from ChronoAdvancedCoverageTest (0 ms total)

[----------] Global test environment tear-down
[==========] 1 test from 1 test suite ran. (0 ms total)
[  PASSED  ] 1 test.
</system-out>
	</testcase>
	<testcase name="ChronoAdvancedCoverageTest.TestChronoClockResolution" classname="ChronoAdvancedCoverageTest.TestChronoClockResolution" time="0.0322961" status="run">
		<properties/>
		<system-out>Running main() from C:\Users\ahmet\OneDrive\Masaüstü\DataStructure\cen207-2025-2026-5-Mustafa-Yildirimm-cpp\build_win\_deps\googletest-src\googletest\src\gtest_main.cc
Note: Google Test filter = ChronoAdvancedCoverageTest.TestChronoClockResolution
[==========] Running 1 test from 1 test suite.
[----------] Global test environment set-up.
[----------] 1 test from ChronoAdvancedCoverageTest
[ RUN      ] ChronoAdvancedCoverageTest.TestChronoClockResolution
[       OK ] ChronoAdvancedCoverageTest.TestChronoClockResolution (0 ms)
[----------] 1 test from ChronoAdvancedCoverageTest (0 ms total)

[----------] Global test environment tear-down
[==========] 1 test from 1 test suite ran. (0 ms total)
[  PASSED  ] 1 test.
</system-out>
	</testcase>
	<testcase name="ChronoAdvancedCoverageTest.TestChronoDurationLimits" classname="ChronoAdvancedCoverageTest.TestChronoDurationLimits" time="0.0530946" status="run">
		<properties/>
		<system-out>Running main() from C:\Users\ahmet\OneDrive\Masaüstü\DataStructure\cen207-2025-2026-5-Mustafa-Yildirimm-cpp\build_win\_deps\googletest-src\googletest\src\gtest_main.cc
Note: Google Test filter = ChronoAdvancedCoverageTest.TestChronoDurationLimits
[==========] Running 1 test from 1 test suite.
[----------] Global test environment set-up.
[----------] 1 test from ChronoAdvancedCoverageTest
[ RUN      ] ChronoAdvancedCoverageTest.TestChronoDurationLimits
[       OK ] ChronoAdvancedCoverageTest.TestChronoDurationLimits (0 ms)
[----------] 1 test from ChronoAdvancedCoverageTest (0 ms total)

[----------] Global test environment tear-down
[==========] 1 test from 1 test suite ran. (0 ms total)
[  PASSED  ] 1 test.
</system-out>
	</testcase>
	<testcase name="ChronoAdvancedCoverageTest.TestChronoDurationArithmeticOverflow" classname="ChronoAdvancedCoverageTest.TestChronoDurationArithmeticOverflow" time="0.0261222" status="run">
		<properties/>
		<system-out>Running main() from C:\Users\ahmet\OneDrive\Masaüstü\DataStructure\cen207-2025-2026-5-Mustafa-Yildirimm-cpp\build_win\_deps\googletest-src\googletest\src\gtest_main.cc
Note: Google Test filter = ChronoAdvancedCoverageTest.TestChronoDurationArithmeticOverflow
[==========] Running 1 test from 1 test suite.
[----------] Global test environment set-up.
[----------] 1 test from ChronoAdvancedCoverageTest
[ RUN      ] ChronoAdvancedCoverageTest.TestChronoDurationArithmeticOverflow
[       OK ] ChronoAdvancedCoverageTest.TestChronoDurationArithmeticOverflow (0 ms)
[----------] 1 test from ChronoAdvancedCoverageTest (0 ms total)

[----------] Global test environment tear-down
[==========] 1 test from 1 test suite ran. (0 ms total)
[  PASSED  ] 1 test.
</system-out>
	</testcase>
	<testcase name="ChronoAdvancedCoverageTest.TestChronoTimePointConversion" classname="ChronoAdvancedCoverageTest.TestChronoTimePointConversion" time="0.0337203" status="run">
		<properties/>
		<system-out>Running main() from C:\Users\ahmet\OneDrive\Masaüstü\DataStructure\cen207-2025-2026-5-Mustafa-Yildirimm-cpp\build_win\_deps\googletest-src\googletest\src\gtest_main.cc
Note: Google Test filter = ChronoAdvancedCoverageTest.TestChronoTimePointConversion
[==========] Running 1 test from 1 test suite.
[----------] Global test environment set-up.
[----------] 1 test from ChronoAdvancedCoverageTest
[ RUN      ] ChronoAdvancedCoverageTest.TestChronoTimePointConversion
[       OK ] ChronoAdvancedCoverageTest.TestChronoTimePointConversion (0 ms)
[----------] 1 test from ChronoAdvancedCoverageTest (0 ms total)

[----------] Global test environment tear-down
[==========] 1 test from 1 test suite ran. (0 ms total)
[  PASSED  ] 1 test.
</system-out>
	</testcase>
	<testcase name="ChronoAdvancedCoverageTest.TestChronoDurationSpecialValues" classname="ChronoAdvancedCoverageTest.TestChronoDurationSpecialValues" time="0.0341945" status="run">
		<properties/>
		<system-out>Running main() from C:\Users\ahmet\OneDrive\Masaüstü\DataStructure\cen207-2025-2026-5-Mustafa-Yildirimm-cpp\build_win\_deps\googletest-src\googletest\src\gtest_main.cc
Note: Google Test filter = ChronoAdvancedCoverageTest.TestChronoDurationSpecialValues
[==========] Running 1 test from 1 test suite.
[----------] Global test environment set-up.
[----------] 1 test from ChronoAdvancedCoverageTest
[ RUN      ] ChronoAdvancedCoverageTest.TestChronoDurationSpecialValues
[       OK ] ChronoAdvancedCoverageTest.TestChronoDurationSpecialValues (0 ms)
[----------] 1 test from ChronoAdvancedCoverageTest (0 ms total)

[----------] Global test environment tear-down
[==========] 1 test from 1 test suite ran. (0 ms total)
[  PASSED  ] 1 test.
</system-out>
	</testcase>
	<testcase name="ChronoAdvancedCoverageTest.TestChronoDurationArithmeticPrecision" classname="ChronoAdvancedCoverageTest.TestChronoDurationArithmeticPrecision" time="0.0560017" status="run">
		<properties/>
		<system-out>Running main() from C:\Users\ahmet\OneDrive\Masaüstü\DataStructure\cen207-2025-2026-5-Mustafa-Yildirimm-cpp\build_win\_deps\googletest-src\googletest\src\gtest_main.cc
Note: Google Test filter = ChronoAdvancedCoverageTest.TestChronoDurationArithmeticPrecision
[==========] Running 1 test from 1 test suite.
[----------] Global test environment set-up.
[----------] 1 test from ChronoAdvancedCoverageTest
[ RUN      ] ChronoAdvancedCoverageTest.TestChronoDurationArithmeticPrecision
[       OK ] ChronoAdvancedCoverageTest.TestChronoDurationArithmeticPrecision (0 ms)
[----------] 1 test from ChronoAdvancedCoverageTest (0 ms total)

[----------] Global test environment tear-down
[==========] 1 test from 1 test suite ran. (0 ms total)
[  PASSED  ] 1 test.
</system-out>
	</testcase>
	<testcase name="ChronoCoverageTest.TestHighResolutionClock" classname="ChronoCoverageTest.TestHighResolutionClock" time="0.0300241" status="run">
		<properties/>
		<system-out>Running main() from C:\Users\ahmet\OneDrive\Masaüstü\DataStructure\cen207-2025-2026-5-Mustafa-Yildirimm-cpp\build_win\_deps\googletest-src\googletest\src\gtest_main.cc
Note: Google Test filter = ChronoCoverageTest.TestHighResolutionClock
[==========] Running 1 test from 1 test suite.
[----------] Global test environment set-up.
[----------] 1 test from ChronoCoverageTest
[ RUN      ] ChronoCoverageTest.TestHighResolutionClock
[       OK ] ChronoCoverageTest.TestHighResolutionClock (2 ms)
[----------] 1 test from ChronoCoverageTest (2 ms total)

[----------] Global test environment tear-down
[==========] 1 test from 1 test suite ran. (2 ms total)
[  PASSED  ] 1 test.
</system-out>
	</testcase>
	<testcase name="ChronoCoverageTest.TestSteadyClock" classname="ChronoCoverageTest.TestSteadyClock" time="0.0434751" status="run">
		<properties/>
		<system-out>Running main() from C:\Users\ahmet\OneDrive\Masaüstü\DataStructure\cen207-2025-2026-5-Mustafa-Yildirimm-cpp\build_win\_deps\googletest-src\googletest\src\gtest_main.cc
Note: Google Test filter = ChronoCoverageTest.TestSteadyClock
[==========] Running 1 test from 1 test suite.
[----------] Global test environment set-up.
[----------] 1 test from ChronoCoverageTest
[ RUN      ] ChronoCoverageTest.TestSteadyClock
[       OK ] ChronoCoverageTest.TestSteadyClock (14 ms)
[----------] 1 test from ChronoCoverageTest (14 ms total)

[----------] Global test environment tear-down
[==========] 1 test from 1 test suite ran. (14 ms total)
[  PASSED  ] 1 test.
</system-out>
	</testcase>
	<testcase name="ChronoCoverageTest.TestSystemClock" classname="ChronoCoverageTest.TestSystemClock" time="0.0344605" status="run">
		<properties/>
		<system-out>Running main() from C:\Users\ahmet\OneDrive\Masaüstü\DataStructure\cen207-2025-2026-5-Mustafa-Yildirimm-cpp\build_win\_deps\googletest-src\googletest\src\gtest_main.cc
Note: Google Test filter = ChronoCoverageTest.TestSystemClock
[==========] Running 1 test from 1 test suite.
[----------] Global test environment set-up.
[----------] 1 test from ChronoCoverageTest
[ RUN      ] ChronoCoverageTest.TestSystemClock
[       OK ] ChronoCoverageTest.TestSystemClock (0 ms)
[----------] 1 test from ChronoCoverageTest (0 ms total)

[----------] Global test environment tear-down
[==========] 1 test from 1 test suite ran. (0 ms total)
[  PASSED  ] 1 test.
</system-out>
	</testcase>
	<testcase name="ChronoCoverageTest.TestDurationOperations" classname="ChronoCoverageTest.TestDurationOperations" time="0.0222092" status="run">
		<properties/>
		<system-out>Running main() from C:\Users\ahmet\OneDrive\Masaüstü\DataStructure\cen207-2025-2026-5-Mustafa-Yildirimm-cpp\build_win\_deps\googletest-src\googletest\src\gtest_main.cc
Note: Google Test filter = ChronoCoverageTest.TestDurationOperations
[==========] Running 1 test from 1 test suite.
[----------] Global test environment set-up.
[----------] 1 test from ChronoCoverageTest
[ RUN      ] ChronoCoverageTest.TestDurationOperations
[       OK ] ChronoCoverageTest.TestDurationOperations (0 ms)
[----------] 1 test from ChronoCoverageTest (0 ms total)

[----------] Global test environment tear-down
[==========] 1 test from 1 test suite ran. (0 ms total)
[  PASSED  ] 1 test.
</system-out>
	</testcase>
	<testcase name="ChronoCoverageTest.TestTimePointOperations" classname="ChronoCoverageTest.TestTimePointOperations" time="0.0267011" status="run">
		<properties/>
		<system-out>Running main() from C:\Users\ahmet\OneDrive\Masaüstü\DataStructure\cen207-2025-2026-5-Mustafa-Yildirimm-cpp\build_win\_deps\googletest-src\googletest\src\gtest_main.cc
Note: Google Test filter = ChronoCoverageTest.TestTimePointOperations
[==========] Running 1 test from 1 test suite.
[----------] Global test environment set-up.
[----------] 1 test from ChronoCoverageTest
[ RUN      ] ChronoCoverageTest.TestTimePointOperations
[       OK ] ChronoCoverageTest.TestTimePointOperations (0 ms)
[----------] 1 test from ChronoCoverageTest (0 ms total)

[----------] Global test environment tear-down
[==========] 1 test from 1 test suite ran. (0 ms total)
[  PASSED  ] 1 test.
</system-out>
	</testcase>
	<testcase name="ChronoCoverageTest.TestDurationCast" classname="ChronoCoverageTest.TestDurationCast" time="0.0269067" status="run">
		<properties/>
		<system-out>Running main() from C:\Users\ahmet\OneDrive\Masaüstü\DataStructure\cen207-2025-2026-5-Mustafa-Yildirimm-cpp\build_win\_deps\googletest-src\googletest\src\gtest_main.cc
Note: Google Test filter = ChronoCoverageTest.TestDurationCast
[==========] Running 1 test from 1 test suite.
[----------] Global test environment set-up.
[----------] 1 test from ChronoCoverageTest
[ RUN      ] ChronoCoverageTest.TestDurationCast
[       OK ] ChronoCoverageTest.TestDurationCast (0 ms)
[----------] 1 test from ChronoCoverageTest (0 ms total)

[----------] Global test environment tear-down
[==========] 1 test from 1 test suite ran. (0 ms total)
[  PASSED  ] 1 test.
</system-out>
	</testcase>
	<testcase name="ChronoCoverageTest.TestClockProperties" classname="ChronoCoverageTest.TestClockProperties" time="0.0318316" status="run">
		<properties/>
		<system-out>Running main() from C:\Users\ahmet\OneDrive\Masaüstü\DataStructure\cen207-2025-2026-5-Mustafa-Yildirimm-cpp\build_win\_deps\googletest-src\googletest\src\gtest_main.cc
Note: Google Test filter = ChronoCoverageTest.TestClockProperties
[==========] Running 1 test from 1 test suite.
[----------] Global test environment set-up.
[----------] 1 test from ChronoCoverageTest
[ RUN      ] ChronoCoverageTest.TestClockProperties
[       OK ] ChronoCoverageTest.TestClockProperties (0 ms)
[----------] 1 test from ChronoCoverageTest (0 ms total)

[----------] Global test environment tear-down
[==========] 1 test from 1 test suite ran. (0 ms total)
[  PASSED  ] 1 test.
</system-out>
	</testcase>
	<testcase name="ChronoCoverageTest.TestEdgeCases" classname="ChronoCoverageTest.TestEdgeCases" time="0.0351416" status="run">
		<properties/>
		<system-out>Running main() from C:\Users\ahmet\OneDrive\Masaüstü\DataStructure\cen207-2025-2026-5-Mustafa-Yildirimm-cpp\build_win\_deps\googletest-src\googletest\src\gtest_main.cc
Note: Google Test filter = ChronoCoverageTest.TestEdgeCases
[==========] Running 1 test from 1 test suite.
[----------] Global test environment set-up.
[----------] 1 test from ChronoCoverageTest
[ RUN      ] ChronoCoverageTest.TestEdgeCases
[       OK ] ChronoCoverageTest.TestEdgeCases (0 ms)
[----------] 1 test from ChronoCoverageTest (0 ms total)

[----------] Global test environment tear-down
[==========] 1 test from 1 test suite ran. (0 ms total)
[  PASSED  ] 1 test.
</system-out>
	</testcase>
	<testcase name="ChronoCoverageTest.TestChronoLiterals" classname="ChronoCoverageTest.TestChronoLiterals" time="0.0408132" status="run">
		<properties/>
		<system-out>Running main() from C:\Users\ahmet\OneDrive\Masaüstü\DataStructure\cen207-2025-2026-5-Mustafa-Yildirimm-cpp\build_win\_deps\googletest-src\googletest\src\gtest_main.cc
Note: Google Test filter = ChronoCoverageTest.TestChronoLiterals
[==========] Running 1 test from 1 test suite.
[----------] Global test environment set-up.
[----------] 1 test from ChronoCoverageTest
[ RUN      ] ChronoCoverageTest.TestChronoLiterals
[       OK ] ChronoCoverageTest.TestChronoLiterals (0 ms)
[----------] 1 test from ChronoCoverageTest (0 ms total)

[----------] Global test environment tear-down
[==========] 1 test from 1 test suite ran. (0 ms total)
[  PASSED  ] 1 test.
</system-out>
	</testcase>
	<testcase name="ChronoCoverageTest.TestChronoComparison" classname="ChronoCoverageTest.TestChronoComparison" time="0.0337007" status="run">
		<properties/>
		<system-out>Running main() from C:\Users\ahmet\OneDrive\Masaüstü\DataStructure\cen207-2025-2026-5-Mustafa-Yildirimm-cpp\build_win\_deps\googletest-src\googletest\src\gtest_main.cc
Note: Google Test filter = ChronoCoverageTest.TestChronoComparison
[==========] Running 1 test from 1 test suite.
[----------] Global test environment set-up.
[----------] 1 test from ChronoCoverageTest
[ RUN      ] ChronoCoverageTest.TestChronoComparison
[       OK ] ChronoCoverageTest.TestChronoComparison (0 ms)
[----------] 1 test from ChronoCoverageTest (0 ms total)

[----------] Global test environment tear-down
[==========] 1 test from 1 test suite ran. (0 ms total)
[  PASSED  ] 1 test.
</system-out>
	</testcase>
	<testcase name="ChronoCoverageTest.TestChronoArithmetic" classname="ChronoCoverageTest.TestChronoArithmetic" time="0.0303972" status="run">
		<properties/>
		<system-out>Running main() from C:\Users\ahmet\OneDrive\Masaüstü\DataStructure\cen207-2025-2026-5-Mustafa-Yildirimm-cpp\build_win\_deps\googletest-src\googletest\src\gtest_main.cc
Note: Google Test filter = ChronoCoverageTest.TestChronoArithmetic
[==========] Running 1 test from 1 test suite.
[----------] Global test environment set-up.
[----------] 1 test from ChronoCoverageTest
[ RUN      ] ChronoCoverageTest.TestChronoArithmetic
[       OK ] ChronoCoverageTest.TestChronoArithmetic (0 ms)
[----------] 1 test from ChronoCoverageTest (0 ms total)

[----------] Global test environment tear-down
[==========] 1 test from 1 test suite ran. (0 ms total)
[  PASSED  ] 1 test.
</system-out>
	</testcase>
	<testcase name="ChronoCoverageTest.TestAdvancedDurationOperations" classname="ChronoCoverageTest.TestAdvancedDurationOperations" time="0.0303686" status="run">
		<properties/>
		<system-out>Running main() from C:\Users\ahmet\OneDrive\Masaüstü\DataStructure\cen207-2025-2026-5-Mustafa-Yildirimm-cpp\build_win\_deps\googletest-src\googletest\src\gtest_main.cc
Note: Google Test filter = ChronoCoverageTest.TestAdvancedDurationOperations
[==========] Running 1 test from 1 test suite.
[----------] Global test environment set-up.
[----------] 1 test from ChronoCoverageTest
[ RUN      ] ChronoCoverageTest.TestAdvancedDurationOperations
[       OK ] ChronoCoverageTest.TestAdvancedDurationOperations (0 ms)
[----------] 1 test from ChronoCoverageTest (0 ms total)

[----------] Global test environment tear-down
[==========] 1 test from 1 test suite ran. (0 ms total)
[  PASSED  ] 1 test.
</system-out>
	</testcase>
	<testcase name="ChronoCoverageTest.TestClockPrecision" classname="ChronoCoverageTest.TestClockPrecision" time="0.041111" status="run">
		<properties/>
		<system-out>Running main() from C:\Users\ahmet\OneDrive\Masaüstü\DataStructure\cen207-2025-2026-5-Mustafa-Yildirimm-cpp\build_win\_deps\googletest-src\googletest\src\gtest_main.cc
Note: Google Test filter = ChronoCoverageTest.TestClockPrecision
[==========] Running 1 test from 1 test suite.
[----------] Global test environment set-up.
[----------] 1 test from ChronoCoverageTest
[ RUN      ] ChronoCoverageTest.TestClockPrecision
[       OK ] ChronoCoverageTest.TestClockPrecision (19 ms)
[----------] 1 test from ChronoCoverageTest (20 ms total)

[----------] Global test environment tear-down
[==========] 1 test from 1 test suite ran. (20 ms total)
[  PASSED  ] 1 test.
</system-out>
	</testcase>
	<testcase name="ChronoCoverageTest.TestTimePointArithmetic" classname="ChronoCoverageTest.TestTimePointArithmetic" time="0.0256519" status="run">
		<properties/>
		<system-out>Running main() from C:\Users\ahmet\OneDrive\Masaüstü\DataStructure\cen207-2025-2026-5-Mustafa-Yildirimm-cpp\build_win\_deps\googletest-src\googletest\src\gtest_main.cc
Note: Google Test filter = ChronoCoverageTest.TestTimePointArithmetic
[==========] Running 1 test from 1 test suite.
[----------] Global test environment set-up.
[----------] 1 test from ChronoCoverageTest
[ RUN      ] ChronoCoverageTest.TestTimePointArithmetic
[       OK ] ChronoCoverageTest.TestTimePointArithmetic (0 ms)
[----------] 1 test from ChronoCoverageTest (0 ms total)

[----------] Global test environment tear-down
[==========] 1 test from 1 test suite ran. (0 ms total)
[  PASSED  ] 1 test.
</system-out>
	</testcase>
	<testcase name="ChronoCoverageTest.TestDurationSpecialCases" classname="ChronoCoverageTest.TestDurationSpecialCases" time="0.0233545" status="run">
		<properties/>
		<system-out>Running main() from C:\Users\ahmet\OneDrive\Masaüstü\DataStructure\cen207-2025-2026-5-Mustafa-Yildirimm-cpp\build_win\_deps\googletest-src\googletest\src\gtest_main.cc
Note: Google Test filter = ChronoCoverageTest.TestDurationSpecialCases
[==========] Running 1 test from 1 test suite.
[----------] Global test environment set-up.
[----------] 1 test from ChronoCoverageTest
[ RUN      ] ChronoCoverageTest.TestDurationSpecialCases
[       OK ] ChronoCoverageTest.TestDurationSpecialCases (0 ms)
[----------] 1 test from ChronoCoverageTest (0 ms total)

[----------] Global test environment tear-down
[==========] 1 test from 1 test suite ran. (0 ms total)
[  PASSED  ] 1 test.
</system-out>
	</testcase>
	<testcase name="ChronoCoverageTest.TestClockConversion" classname="ChronoCoverageTest.TestClockConversion" time="0.0520975" status="run">
		<properties/>
		<system-out>Running main() from C:\Users\ahmet\OneDrive\Masaüstü\DataStructure\cen207-2025-2026-5-Mustafa-Yildirimm-cpp\build_win\_deps\googletest-src\googletest\src\gtest_main.cc
Note: Google Test filter = ChronoCoverageTest.TestClockConversion
[==========] Running 1 test from 1 test suite.
[----------] Global test environment set-up.
[----------] 1 test from ChronoCoverageTest
[ RUN      ] ChronoCoverageTest.TestClockConversion
[       OK ] ChronoCoverageTest.TestClockConversion (0 ms)
[----------] 1 test from ChronoCoverageTest (0 ms total)

[----------] Global test environment tear-down
[==========] 1 test from 1 test suite ran. (0 ms total)
[  PASSED  ] 1 test.
</system-out>
	</testcase>
	<testcase name="ChronoCoverageTest.TestChronoLiteralsAdvanced" classname="ChronoCoverageTest.TestChronoLiteralsAdvanced" time="0.0333683" status="run">
		<properties/>
		<system-out>Running main() from C:\Users\ahmet\OneDrive\Masaüstü\DataStructure\cen207-2025-2026-5-Mustafa-Yildirimm-cpp\build_win\_deps\googletest-src\googletest\src\gtest_main.cc
Note: Google Test filter = ChronoCoverageTest.TestChronoLiteralsAdvanced
[==========] Running 1 test from 1 test suite.
[----------] Global test environment set-up.
[----------] 1 test from ChronoCoverageTest
[ RUN      ] ChronoCoverageTest.TestChronoLiteralsAdvanced
[       OK ] ChronoCoverageTest.TestChronoLiteralsAdvanced (0 ms)
[----------] 1 test from ChronoCoverageTest (0 ms total)

[----------] Global test environment tear-down
[==========] 1 test from 1 test suite ran. (0 ms total)
[  PASSED  ] 1 test.
</system-out>
	</testcase>
	<testcase name="ChronoCoverageTest.TestClockPropertiesAdvanced" classname="ChronoCoverageTest.TestClockPropertiesAdvanced" time="0.0332856" status="run">
		<properties/>
		<system-out>Running main() from C:\Users\ahmet\OneDrive\Masaüstü\DataStructure\cen207-2025-2026-5-Mustafa-Yildirimm-cpp\build_win\_deps\googletest-src\googletest\src\gtest_main.cc
Note: Google Test filter = ChronoCoverageTest.TestClockPropertiesAdvanced
[==========] Running 1 test from 1 test suite.
[----------] Global test environment set-up.
[----------] 1 test from ChronoCoverageTest
[ RUN      ] ChronoCoverageTest.TestClockPropertiesAdvanced
[       OK ] ChronoCoverageTest.TestClockPropertiesAdvanced (0 ms)
[----------] 1 test from ChronoCoverageTest (0 ms total)

[----------] Global test environment tear-down
[==========] 1 test from 1 test suite ran. (0 ms total)
[  PASSED  ] 1 test.
</system-out>
	</testcase>
	<testcase name="ChronoCoverageTest.TestChronoErrorHandling" classname="ChronoCoverageTest.TestChronoErrorHandling" time="0.0175016" status="run">
		<properties/>
		<system-out>Running main() from C:\Users\ahmet\OneDrive\Masaüstü\DataStructure\cen207-2025-2026-5-Mustafa-Yildirimm-cpp\build_win\_deps\googletest-src\googletest\src\gtest_main.cc
Note: Google Test filter = ChronoCoverageTest.TestChronoErrorHandling
[==========] Running 1 test from 1 test suite.
[----------] Global test environment set-up.
[----------] 1 test from ChronoCoverageTest
[ RUN      ] ChronoCoverageTest.TestChronoErrorHandling
[       OK ] ChronoCoverageTest.TestChronoErrorHandling (0 ms)
[----------] 1 test from ChronoCoverageTest (0 ms total)

[----------] Global test environment tear-down
[==========] 1 test from 1 test suite ran. (0 ms total)
[  PASSED  ] 1 test.
</system-out>
	</testcase>
	<testcase name="ChronoCoverageTest.TestChronoPerformance" classname="ChronoCoverageTest.TestChronoPerformance" time="0.114579" status="run">
		<properties/>
		<system-out>Running main() from C:\Users\ahmet\OneDrive\Masaüstü\DataStructure\cen207-2025-2026-5-Mustafa-Yildirimm-cpp\build_win\_deps\googletest-src\googletest\src\gtest_main.cc
Note: Google Test filter = ChronoCoverageTest.TestChronoPerformance
[==========] Running 1 test from 1 test suite.
[----------] Global test environment set-up.
[----------] 1 test from ChronoCoverageTest
[ RUN      ] ChronoCoverageTest.TestChronoPerformance
[       OK ] ChronoCoverageTest.TestChronoPerformance (87 ms)
[----------] 1 test from ChronoCoverageTest (87 ms total)

[----------] Global test environment tear-down
[==========] 1 test from 1 test suite ran. (87 ms total)
[  PASSED  ] 1 test.
</system-out>
	</testcase>
	<testcase name="DoublyLinkedList.InsertAndTraverse" classname="DoublyLinkedList.InsertAndTraverse" time="0.0199849" status="run">
		<properties/>
		<system-out>Running main() from C:\Users\ahmet\OneDrive\Masaüstü\DataStructure\cen207-2025-2026-5-Mustafa-Yildirimm-cpp\build_win\_deps\googletest-src\googletest\src\gtest_main.cc
Note: Google Test filter = DoublyLinkedList.InsertAndTraverse
[==========] Running 1 test from 1 test suite.
[----------] Global test environment set-up.
[----------] 1 test from DoublyLinkedList
[ RUN      ] DoublyLinkedList.InsertAndTraverse
[       OK ] DoublyLinkedList.InsertAndTraverse (0 ms)
[----------] 1 test from DoublyLinkedList (0 ms total)

[----------] Global test environment tear-down
[==========] 1 test from 1 test suite ran. (0 ms total)
[  PASSED  ] 1 test.
</system-out>
	</testcase>
	<testcase name="DoublyLinkedList.EdgeCases" classname="DoublyLinkedList.EdgeCases" time="0.0357259" status="run">
		<properties/>
		<system-out>Running main() from C:\Users\ahmet\OneDrive\Masaüstü\DataStructure\cen207-2025-2026-5-Mustafa-Yildirimm-cpp\build_win\_deps\googletest-src\googletest\src\gtest_main.cc
Note: Google Test filter = DoublyLinkedList.EdgeCases
[==========] Running 1 test from 1 test suite.
[----------] Global test environment set-up.
[----------] 1 test from DoublyLinkedList
[ RUN      ] DoublyLinkedList.EdgeCases
[       OK ] DoublyLinkedList.EdgeCases (0 ms)
[----------] 1 test from DoublyLinkedList (0 ms total)

[----------] Global test environment tear-down
[==========] 1 test from 1 test suite ran. (0 ms total)
[  PASSED  ] 1 test.
</system-out>
	</testcase>
	<testcase name="Graph.BFSandDFS" classname="Graph.BFSandDFS" time="0.0355067" status="run">
		<properties/>
		<system-out>Running main() from C:\Users\ahmet\OneDrive\Masaüstü\DataStructure\cen207-2025-2026-5-Mustafa-Yildirimm-cpp\build_win\_deps\googletest-src\googletest\src\gtest_main.cc
Note: Google Test filter = Graph.BFSandDFS
[==========] Running 1 test from 1 test suite.
[----------] Global test environment set-up.
[----------] 1 test from Graph
[ RUN      ] Graph.BFSandDFS
[       OK ] Graph.BFSandDFS (0 ms)
[----------] 1 test from Graph (0 ms total)

[----------] Global test environment tear-down
[==========] 1 test from 1 test suite ran. (0 ms total)
[  PASSED  ] 1 test.
</system-out>
	</testcase>
	<testcase name="HashTable.InsertFindErase" classname="HashTable.InsertFindErase" time="0.0475319" status="run">
		<properties/>
		<system-out>Running main() from C:\Users\ahmet\OneDrive\Masaüstü\DataStructure\cen207-2025-2026-5-Mustafa-Yildirimm-cpp\build_win\_deps\googletest-src\googletest\src\gtest_main.cc
Note: Google Test filter = HashTable.InsertFindErase
[==========] Running 1 test from 1 test suite.
[----------] Global test environment set-up.
[----------] 1 test from HashTable
[ RUN      ] HashTable.InsertFindErase
[       OK ] HashTable.InsertFindErase (0 ms)
[----------] 1 test from HashTable (0 ms total)

[----------] Global test environment tear-down
[==========] 1 test from 1 test suite ran. (0 ms total)
[  PASSED  ] 1 test.
</system-out>
	</testcase>
	<testcase name="BinaryHeap.PushPopOrder" classname="BinaryHeap.PushPopOrder" time="0.0325648" status="run">
		<properties/>
		<system-out>Running main() from C:\Users\ahmet\OneDrive\Masaüstü\DataStructure\cen207-2025-2026-5-Mustafa-Yildirimm-cpp\build_win\_deps\googletest-src\googletest\src\gtest_main.cc
Note: Google Test filter = BinaryHeap.PushPopOrder
[==========] Running 1 test from 1 test suite.
[----------] Global test environment set-up.
[----------] 1 test from BinaryHeap
[ RUN      ] BinaryHeap.PushPopOrder
[       OK ] BinaryHeap.PushPopOrder (0 ms)
[----------] 1 test from BinaryHeap (0 ms total)

[----------] Global test environment tear-down
[==========] 1 test from 1 test suite ran. (0 ms total)
[  PASSED  ] 1 test.
</system-out>
	</testcase>
	<testcase name="BinaryHeap.HeapSort" classname="BinaryHeap.HeapSort" time="0.0204087" status="run">
		<properties/>
		<system-out>Running main() from C:\Users\ahmet\OneDrive\Masaüstü\DataStructure\cen207-2025-2026-5-Mustafa-Yildirimm-cpp\build_win\_deps\googletest-src\googletest\src\gtest_main.cc
Note: Google Test filter = BinaryHeap.HeapSort
[==========] Running 1 test from 1 test suite.
[----------] Global test environment set-up.
[----------] 1 test from BinaryHeap
[ RUN      ] BinaryHeap.HeapSort
[       OK ] BinaryHeap.HeapSort (0 ms)
[----------] 1 test from BinaryHeap (0 ms total)

[----------] Global test environment tear-down
[==========] 1 test from 1 test suite ran. (0 ms total)
[  PASSED  ] 1 test.
</system-out>
	</testcase>
	<testcase name="LexerParser.BasicProgramParse" classname="LexerParser.BasicProgramParse" time="0.0272202" status="run">
		<properties/>
		<system-out>Running main() from C:\Users\ahmet\OneDrive\Masaüstü\DataStructure\cen207-2025-2026-5-Mustafa-Yildirimm-cpp\build_win\_deps\googletest-src\googletest\src\gtest_main.cc
Note: Google Test filter = LexerParser.BasicProgramParse
[==========] Running 1 test from 1 test suite.
[----------] Global test environment set-up.
[----------] 1 test from LexerParser
[ RUN      ] LexerParser.BasicProgramParse
[       OK ] LexerParser.BasicProgramParse (0 ms)
[----------] 1 test from LexerParser (0 ms total)

[----------] Global test environment tear-down
[==========] 1 test from 1 test suite ran. (0 ms total)
[  PASSED  ] 1 test.
</system-out>
	</testcase>
	<testcase name="Codegen.EmitsCPP" classname="Codegen.EmitsCPP" time="0.027455" status="run">
		<properties/>
		<system-out>Running main() from C:\Users\ahmet\OneDrive\Masaüstü\DataStructure\cen207-2025-2026-5-Mustafa-Yildirimm-cpp\build_win\_deps\googletest-src\googletest\src\gtest_main.cc
Note: Google Test filter = Codegen.EmitsCPP
[==========] Running 1 test from 1 test suite.
[----------] Global test environment set-up.
[----------] 1 test from Codegen
[ RUN      ] Codegen.EmitsCPP
[       OK ] Codegen.EmitsCPP (0 ms)
[----------] 1 test from Codegen (0 ms total)

[----------] Global test environment tear-down
[==========] 1 test from 1 test suite ran. (0 ms total)
[  PASSED  ] 1 test.
</system-out>
	</testcase>
	<testcase name="OverflowProtectionTest.TestSafeMultiplication" classname="OverflowProtectionTest.TestSafeMultiplication" time="0.0329615" status="run">
		<properties/>
		<system-out>Running main() from C:\Users\ahmet\OneDrive\Masaüstü\DataStructure\cen207-2025-2026-5-Mustafa-Yildirimm-cpp\build_win\_deps\googletest-src\googletest\src\gtest_main.cc
Note: Google Test filter = OverflowProtectionTest.TestSafeMultiplication
[==========] Running 1 test from 1 test suite.
[----------] Global test environment set-up.
[----------] 1 test from OverflowProtectionTest
[ RUN      ] OverflowProtectionTest.TestSafeMultiplication
[       OK ] OverflowProtectionTest.TestSafeMultiplication (0 ms)
[----------] 1 test from OverflowProtectionTest (0 ms total)

[----------] Global test environment tear-down
[==========] 1 test from 1 test suite ran. (0 ms total)
[  PASSED  ] 1 test.
</system-out>
	</testcase>
	<testcase name="OverflowProtectionTest.TestOverflowDetection" classname="OverflowProtectionTest.TestOverflowDetection" time="0.0236612" status="run">
		<properties/>
		<system-out>Running main() from C:\Users\ahmet\OneDrive\Masaüstü\DataStructure\cen207-2025-2026-5-Mustafa-Yildirimm-cpp\build_win\_deps\googletest-src\googletest\src\gtest_main.cc
Note: Google Test filter = OverflowProtectionTest.TestOverflowDetection
[==========] Running 1 test from 1 test suite.
[----------] Global test environment set-up.
[----------] 1 test from OverflowProtectionTest
[ RUN      ] OverflowProtectionTest.TestOverflowDetection
[       OK ] OverflowProtectionTest.TestOverflowDetection (0 ms)
[----------] 1 test from OverflowProtectionTest (0 ms total)

[----------] Global test environment tear-down
[==========] 1 test from 1 test suite ran. (0 ms total)
[  PASSED  ] 1 test.
</system-out>
	</testcase>
	<testcase name="OverflowProtectionTest.TestChronoOverflowProtection" classname="OverflowProtectionTest.TestChronoOverflowProtection" time="0.0331748" status="run">
		<properties/>
		<system-out>Running main() from C:\Users\ahmet\OneDrive\Masaüstü\DataStructure\cen207-2025-2026-5-Mustafa-Yildirimm-cpp\build_win\_deps\googletest-src\googletest\src\gtest_main.cc
Note: Google Test filter = OverflowProtectionTest.TestChronoOverflowProtection
[==========] Running 1 test from 1 test suite.
[----------] Global test environment set-up.
[----------] 1 test from OverflowProtectionTest
[ RUN      ] OverflowProtectionTest.TestChronoOverflowProtection
[       OK ] OverflowProtectionTest.TestChronoOverflowProtection (0 ms)
[----------] 1 test from OverflowProtectionTest (0 ms total)

[----------] Global test environment tear-down
[==========] 1 test from 1 test suite ran. (0 ms total)
[  PASSED  ] 1 test.
</system-out>
	</testcase>
	<testcase name="OverflowProtectionTest.TestLargeValueHandling" classname="OverflowProtectionTest.TestLargeValueHandling" time="0.0316801" status="fail">
		<failure message="Failed"/>
		<properties/>
		<system-out>Running main() from C:\Users\ahmet\OneDrive\Masaüstü\DataStructure\cen207-2025-2026-5-Mustafa-Yildirimm-cpp\build_win\_deps\googletest-src\googletest\src\gtest_main.cc
Note: Google Test filter = OverflowProtectionTest.TestLargeValueHandling
[==========] Running 1 test from 1 test suite.
[----------] Global test environment set-up.
[----------] 1 test from OverflowProtectionTest
[ RUN      ] OverflowProtectionTest.TestLargeValueHandling
C:\Users\ahmet\OneDrive\Masa[NON-UTF-8-BYTE-0xFC]st[NON-UTF-8-BYTE-0xFC]\DataStructure\cen207-2025-2026-5-Mustafa-Yildirimm-cpp\tests\test_overflow_protection.cpp(139): error: Expected: (result) &gt; (0), actual: -1000 vs 0

[  FAILED  ] OverflowProtectionTest.TestLargeValueHandling (0 ms)
[----------] 1 test from OverflowProtectionTest (0 ms total)

[----------] Global test environment tear-down
[==========] 1 test from 1 test suite ran. (0 ms total)
[  PASSED  ] 0 tests.
[  FAILED  ] 1 test, listed below:
[  FAILED  ] OverflowProtectionTest.TestLargeValueHandling

 1 FAILED TEST
</system-out>
	</testcase>
	<testcase name="OverflowProtectionTest.TestFrequencySpecificCalculations" classname="OverflowProtectionTest.TestFrequencySpecificCalculations" time="0.0329412" status="run">
		<properties/>
		<system-out>Running main() from C:\Users\ahmet\OneDrive\Masaüstü\DataStructure\cen207-2025-2026-5-Mustafa-Yildirimm-cpp\build_win\_deps\googletest-src\googletest\src\gtest_main.cc
Note: Google Test filter = OverflowProtectionTest.TestFrequencySpecificCalculations
[==========] Running 1 test from 1 test suite.
[----------] Global test environment set-up.
[----------] 1 test from OverflowProtectionTest
[ RUN      ] OverflowProtectionTest.TestFrequencySpecificCalculations
[       OK ] OverflowProtectionTest.TestFrequencySpecificCalculations (0 ms)
[----------] 1 test from OverflowProtectionTest (0 ms total)

[----------] Global test environment tear-down
[==========] 1 test from 1 test suite ran. (0 ms total)
[  PASSED  ] 1 test.
</system-out>
	</testcase>
	<testcase name="OverflowProtectionTest.TestOverflowPreventionAlgorithm" classname="OverflowProtectionTest.TestOverflowPreventionAlgorithm" time="0.025196" status="fail">
		<failure message="Failed"/>
		<properties/>
		<system-out>Running main() from C:\Users\ahmet\OneDrive\Masaüstü\DataStructure\cen207-2025-2026-5-Mustafa-Yildirimm-cpp\build_win\_deps\googletest-src\googletest\src\gtest_main.cc
Note: Google Test filter = OverflowProtectionTest.TestOverflowPreventionAlgorithm
[==========] Running 1 test from 1 test suite.
[----------] Global test environment set-up.
[----------] 1 test from OverflowProtectionTest
[ RUN      ] OverflowProtectionTest.TestOverflowPreventionAlgorithm
C:\Users\ahmet\OneDrive\Masa[NON-UTF-8-BYTE-0xFC]st[NON-UTF-8-BYTE-0xFC]\DataStructure\cen207-2025-2026-5-Mustafa-Yildirimm-cpp\tests\test_overflow_protection.cpp(234): error: Expected: (result) &gt;= (0), actual: -1000 vs 0

C:\Users\ahmet\OneDrive\Masa[NON-UTF-8-BYTE-0xFC]st[NON-UTF-8-BYTE-0xFC]\DataStructure\cen207-2025-2026-5-Mustafa-Yildirimm-cpp\tests\test_overflow_protection.cpp(238): error: Expected: { overflowSafeCalculation(testCase.counter, testCase.frequency, testCase.periodDen); } throws an exception of type std::overflow_error.
  Actual: it throws nothing.

[  FAILED  ] OverflowProtectionTest.TestOverflowPreventionAlgorithm (0 ms)
[----------] 1 test from OverflowProtectionTest (0 ms total)

[----------] Global test environment tear-down
[==========] 1 test from 1 test suite ran. (0 ms total)
[  PASSED  ] 0 tests.
[  FAILED  ] 1 test, listed below:
[  FAILED  ] OverflowProtectionTest.TestOverflowPreventionAlgorithm

 1 FAILED TEST
</system-out>
	</testcase>
	<testcase name="OverflowProtectionTest.TestEdgeCases" classname="OverflowProtectionTest.TestEdgeCases" time="0.0330558" status="fail">
		<failure message="Failed"/>
		<properties/>
		<system-out>Running main() from C:\Users\ahmet\OneDrive\Masaüstü\DataStructure\cen207-2025-2026-5-Mustafa-Yildirimm-cpp\build_win\_deps\googletest-src\googletest\src\gtest_main.cc
Note: Google Test filter = OverflowProtectionTest.TestEdgeCases
[==========] Running 1 test from 1 test suite.
[----------] Global test environment set-up.
[----------] 1 test from OverflowProtectionTest
[ RUN      ] OverflowProtectionTest.TestEdgeCases
C:\Users\ahmet\OneDrive\Masa[NON-UTF-8-BYTE-0xFC]st[NON-UTF-8-BYTE-0xFC]\DataStructure\cen207-2025-2026-5-Mustafa-Yildirimm-cpp\tests\test_overflow_protection.cpp(271): error: Value of: testEdgeCase(std::numeric_limits&lt;long long&gt;::max() / 4, 1000000, 1000000000)
  Actual: false
Expected: true

unknown file: error: SEH exception with code 0xc0000094 thrown in the test body.
Stack trace:


[  FAILED  ] OverflowProtectionTest.TestEdgeCases (0 ms)
[----------] 1 test from OverflowProtectionTest (0 ms total)

[----------] Global test environment tear-down
[==========] 1 test from 1 test suite ran. (0 ms total)
[  PASSED  ] 0 tests.
[  FAILED  ] 1 test, listed below:
[  FAILED  ] OverflowProtectionTest.TestEdgeCases

 1 FAILED TEST
</system-out>
	</testcase>
	<testcase name="SparseMatrix.InsertAndLookup" classname="SparseMatrix.InsertAndLookup" time="0.0165333" status="run">
		<properties/>
		<system-out>Running main() from C:\Users\ahmet\OneDrive\Masaüstü\DataStructure\cen207-2025-2026-5-Mustafa-Yildirimm-cpp\build_win\_deps\googletest-src\googletest\src\gtest_main.cc
Note: Google Test filter = SparseMatrix.InsertAndLookup
[==========] Running 1 test from 1 test suite.
[----------] Global test environment set-up.
[----------] 1 test from SparseMatrix
[ RUN      ] SparseMatrix.InsertAndLookup
[       OK ] SparseMatrix.InsertAndLookup (0 ms)
[----------] 1 test from SparseMatrix (0 ms total)

[----------] Global test environment tear-down
[==========] 1 test from 1 test suite ran. (0 ms total)
[  PASSED  ] 1 test.
</system-out>
	</testcase>
	<testcase name="StackQueue.StackLIFO" classname="StackQueue.StackLIFO" time="0.0246926" status="run">
		<properties/>
		<system-out>Running main() from C:\Users\ahmet\OneDrive\Masaüstü\DataStructure\cen207-2025-2026-5-Mustafa-Yildirimm-cpp\build_win\_deps\googletest-src\googletest\src\gtest_main.cc
Note: Google Test filter = StackQueue.StackLIFO
[==========] Running 1 test from 1 test suite.
[----------] Global test environment set-up.
[----------] 1 test from StackQueue
[ RUN      ] StackQueue.StackLIFO
[       OK ] StackQueue.StackLIFO (0 ms)
[----------] 1 test from StackQueue (0 ms total)

[----------] Global test environment tear-down
[==========] 1 test from 1 test suite ran. (0 ms total)
[  PASSED  ] 1 test.
</system-out>
	</testcase>
	<testcase name="StackQueue.QueueFIFO" classname="StackQueue.QueueFIFO" time="0.0607972" status="run">
		<properties/>
		<system-out>Running main() from C:\Users\ahmet\OneDrive\Masaüstü\DataStructure\cen207-2025-2026-5-Mustafa-Yildirimm-cpp\build_win\_deps\googletest-src\googletest\src\gtest_main.cc
Note: Google Test filter = StackQueue.QueueFIFO
[==========] Running 1 test from 1 test suite.
[----------] Global test environment set-up.
[----------] 1 test from StackQueue
[ RUN      ] StackQueue.QueueFIFO
[       OK ] StackQueue.QueueFIFO (0 ms)
[----------] 1 test from StackQueue (0 ms total)

[----------] Global test environment tear-down
[==========] 1 test from 1 test suite ran. (0 ms total)
[  PASSED  ] 1 test.
</system-out>
	</testcase>
	<testcase name="StringViewAdvancedCoverageTest.TestStringViewComparisonOperators" classname="StringViewAdvancedCoverageTest.TestStringViewComparisonOperators" time="0.0144594" status="run">
		<properties/>
		<system-out>Running main() from C:\Users\ahmet\OneDrive\Masaüstü\DataStructure\cen207-2025-2026-5-Mustafa-Yildirimm-cpp\build_win\_deps\googletest-src\googletest\src\gtest_main.cc
Note: Google Test filter = StringViewAdvancedCoverageTest.TestStringViewComparisonOperators
[==========] Running 1 test from 1 test suite.
[----------] Global test environment set-up.
[----------] 1 test from StringViewAdvancedCoverageTest
[ RUN      ] StringViewAdvancedCoverageTest.TestStringViewComparisonOperators
[       OK ] StringViewAdvancedCoverageTest.TestStringViewComparisonOperators (0 ms)
[----------] 1 test from StringViewAdvancedCoverageTest (0 ms total)

[----------] Global test environment tear-down
[==========] 1 test from 1 test suite ran. (0 ms total)
[  PASSED  ] 1 test.
</system-out>
	</testcase>
	<testcase name="StringViewAdvancedCoverageTest.TestStringViewStreamOutput" classname="StringViewAdvancedCoverageTest.TestStringViewStreamOutput" time="0.0236925" status="run">
		<properties/>
		<system-out>Running main() from C:\Users\ahmet\OneDrive\Masaüstü\DataStructure\cen207-2025-2026-5-Mustafa-Yildirimm-cpp\build_win\_deps\googletest-src\googletest\src\gtest_main.cc
Note: Google Test filter = StringViewAdvancedCoverageTest.TestStringViewStreamOutput
[==========] Running 1 test from 1 test suite.
[----------] Global test environment set-up.
[----------] 1 test from StringViewAdvancedCoverageTest
[ RUN      ] StringViewAdvancedCoverageTest.TestStringViewStreamOutput
[       OK ] StringViewAdvancedCoverageTest.TestStringViewStreamOutput (0 ms)
[----------] 1 test from StringViewAdvancedCoverageTest (0 ms total)

[----------] Global test environment tear-down
[==========] 1 test from 1 test suite ran. (0 ms total)
[  PASSED  ] 1 test.
</system-out>
	</testcase>
	<testcase name="StringViewAdvancedCoverageTest.TestStringViewConstMethods" classname="StringViewAdvancedCoverageTest.TestStringViewConstMethods" time="0.0253616" status="run">
		<properties/>
		<system-out>Running main() from C:\Users\ahmet\OneDrive\Masaüstü\DataStructure\cen207-2025-2026-5-Mustafa-Yildirimm-cpp\build_win\_deps\googletest-src\googletest\src\gtest_main.cc
Note: Google Test filter = StringViewAdvancedCoverageTest.TestStringViewConstMethods
[==========] Running 1 test from 1 test suite.
[----------] Global test environment set-up.
[----------] 1 test from StringViewAdvancedCoverageTest
[ RUN      ] StringViewAdvancedCoverageTest.TestStringViewConstMethods
[       OK ] StringViewAdvancedCoverageTest.TestStringViewConstMethods (0 ms)
[----------] 1 test from StringViewAdvancedCoverageTest (0 ms total)

[----------] Global test environment tear-down
[==========] 1 test from 1 test suite ran. (0 ms total)
[  PASSED  ] 1 test.
</system-out>
	</testcase>
	<testcase name="StringViewAdvancedCoverageTest.TestStringViewSubstrEdgeCases" classname="StringViewAdvancedCoverageTest.TestStringViewSubstrEdgeCases" time="0.0343364" status="fail">
		<failure message="Failed"/>
		<properties/>
		<system-out>Running main() from C:\Users\ahmet\OneDrive\Masaüstü\DataStructure\cen207-2025-2026-5-Mustafa-Yildirimm-cpp\build_win\_deps\googletest-src\googletest\src\gtest_main.cc
Note: Google Test filter = StringViewAdvancedCoverageTest.TestStringViewSubstrEdgeCases
[==========] Running 1 test from 1 test suite.
[----------] Global test environment set-up.
[----------] 1 test from StringViewAdvancedCoverageTest
[ RUN      ] StringViewAdvancedCoverageTest.TestStringViewSubstrEdgeCases
C:\Users\ahmet\OneDrive\Masa[NON-UTF-8-BYTE-0xFC]st[NON-UTF-8-BYTE-0xFC]\DataStructure\cen207-2025-2026-5-Mustafa-Yildirimm-cpp\tests\test_string_view_advanced_coverage.cpp(169): error: Expected equality of these values:
  sub2
    Which is: "ld!"
  "d!"
    Which is: 00007FF6378F5BD0

unknown file: error: C++ exception with description "invalid string_view position" thrown in the test body.

[  FAILED  ] StringViewAdvancedCoverageTest.TestStringViewSubstrEdgeCases (0 ms)
[----------] 1 test from StringViewAdvancedCoverageTest (0 ms total)

[----------] Global test environment tear-down
[==========] 1 test from 1 test suite ran. (0 ms total)
[  PASSED  ] 0 tests.
[  FAILED  ] 1 test, listed below:
[  FAILED  ] StringViewAdvancedCoverageTest.TestStringViewSubstrEdgeCases

 1 FAILED TEST
</system-out>
	</testcase>
	<testcase name="StringViewAdvancedCoverageTest.TestStringViewFindEdgeCases" classname="StringViewAdvancedCoverageTest.TestStringViewFindEdgeCases" time="0.0256792" status="run">
		<properties/>
		<system-out>Running main() from C:\Users\ahmet\OneDrive\Masaüstü\DataStructure\cen207-2025-2026-5-Mustafa-Yildirimm-cpp\build_win\_deps\googletest-src\googletest\src\gtest_main.cc
Note: Google Test filter = StringViewAdvancedCoverageTest.TestStringViewFindEdgeCases
[==========] Running 1 test from 1 test suite.
[----------] Global test environment set-up.
[----------] 1 test from StringViewAdvancedCoverageTest
[ RUN      ] StringViewAdvancedCoverageTest.TestStringViewFindEdgeCases
[       OK ] StringViewAdvancedCoverageTest.TestStringViewFindEdgeCases (0 ms)
[----------] 1 test from StringViewAdvancedCoverageTest (0 ms total)

[----------] Global test environment tear-down
[==========] 1 test from 1 test suite ran. (0 ms total)
[  PASSED  ] 1 test.
</system-out>
	</testcase>
	<testcase name="StringViewAdvancedCoverageTest.TestStringViewCopyEdgeCases" classname="StringViewAdvancedCoverageTest.TestStringViewCopyEdgeCases" time="0.0235383" status="fail">
		<failure message="Failed"/>
		<properties/>
		<system-out>Running main() from C:\Users\ahmet\OneDrive\Masaüstü\DataStructure\cen207-2025-2026-5-Mustafa-Yildirimm-cpp\build_win\_deps\googletest-src\googletest\src\gtest_main.cc
Note: Google Test filter = StringViewAdvancedCoverageTest.TestStringViewCopyEdgeCases
[==========] Running 1 test from 1 test suite.
[----------] Global test environment set-up.
[----------] 1 test from StringViewAdvancedCoverageTest
[ RUN      ] StringViewAdvancedCoverageTest.TestStringViewCopyEdgeCases
unknown file: error: C++ exception with description "invalid string_view position" thrown in the test body.

[  FAILED  ] StringViewAdvancedCoverageTest.TestStringViewCopyEdgeCases (0 ms)
[----------] 1 test from StringViewAdvancedCoverageTest (0 ms total)

[----------] Global test environment tear-down
[==========] 1 test from 1 test suite ran. (0 ms total)
[  PASSED  ] 0 tests.
[  FAILED  ] 1 test, listed below:
[  FAILED  ] StringViewAdvancedCoverageTest.TestStringViewCopyEdgeCases

 1 FAILED TEST
</system-out>
	</testcase>
	<testcase name="StringViewAdvancedCoverageTest.TestStringViewStartsWithEndsWithEdgeCases" classname="StringViewAdvancedCoverageTest.TestStringViewStartsWithEndsWithEdgeCases" time="0.0216848" status="run">
		<properties/>
		<system-out>Running main() from C:\Users\ahmet\OneDrive\Masaüstü\DataStructure\cen207-2025-2026-5-Mustafa-Yildirimm-cpp\build_win\_deps\googletest-src\googletest\src\gtest_main.cc
Note: Google Test filter = StringViewAdvancedCoverageTest.TestStringViewStartsWithEndsWithEdgeCases
[==========] Running 1 test from 1 test suite.
[----------] Global test environment set-up.
[----------] 1 test from StringViewAdvancedCoverageTest
[ RUN      ] StringViewAdvancedCoverageTest.TestStringViewStartsWithEndsWithEdgeCases
[       OK ] StringViewAdvancedCoverageTest.TestStringViewStartsWithEndsWithEdgeCases (0 ms)
[----------] 1 test from StringViewAdvancedCoverageTest (0 ms total)

[----------] Global test environment tear-down
[==========] 1 test from 1 test suite ran. (0 ms total)
[  PASSED  ] 1 test.
</system-out>
	</testcase>
	<testcase name="StringViewAdvancedCoverageTest.TestStringViewContainsEdgeCases" classname="StringViewAdvancedCoverageTest.TestStringViewContainsEdgeCases" time="0.0247235" status="run">
		<properties/>
		<system-out>Running main() from C:\Users\ahmet\OneDrive\Masaüstü\DataStructure\cen207-2025-2026-5-Mustafa-Yildirimm-cpp\build_win\_deps\googletest-src\googletest\src\gtest_main.cc
Note: Google Test filter = StringViewAdvancedCoverageTest.TestStringViewContainsEdgeCases
[==========] Running 1 test from 1 test suite.
[----------] Global test environment set-up.
[----------] 1 test from StringViewAdvancedCoverageTest
[ RUN      ] StringViewAdvancedCoverageTest.TestStringViewContainsEdgeCases
[       OK ] StringViewAdvancedCoverageTest.TestStringViewContainsEdgeCases (0 ms)
[----------] 1 test from StringViewAdvancedCoverageTest (0 ms total)

[----------] Global test environment tear-down
[==========] 1 test from 1 test suite ran. (0 ms total)
[  PASSED  ] 1 test.
</system-out>
	</testcase>
	<testcase name="StringViewAdvancedCoverageTest.TestStringViewRemovePrefixSuffixEdgeCases" classname="StringViewAdvancedCoverageTest.TestStringViewRemovePrefixSuffixEdgeCases" time="0.0219443" status="run">
		<properties/>
		<system-out>Running main() from C:\Users\ahmet\OneDrive\Masaüstü\DataStructure\cen207-2025-2026-5-Mustafa-Yildirimm-cpp\build_win\_deps\googletest-src\googletest\src\gtest_main.cc
Note: Google Test filter = StringViewAdvancedCoverageTest.TestStringViewRemovePrefixSuffixEdgeCases
[==========] Running 1 test from 1 test suite.
[----------] Global test environment set-up.
[----------] 1 test from StringViewAdvancedCoverageTest
[ RUN      ] StringViewAdvancedCoverageTest.TestStringViewRemovePrefixSuffixEdgeCases
[       OK ] StringViewAdvancedCoverageTest.TestStringViewRemovePrefixSuffixEdgeCases (0 ms)
[----------] 1 test from StringViewAdvancedCoverageTest (0 ms total)

[----------] Global test environment tear-down
[==========] 1 test from 1 test suite ran. (0 ms total)
[  PASSED  ] 1 test.
</system-out>
	</testcase>
	<testcase name="StringViewAdvancedCoverageTest.TestStringViewHashEdgeCases" classname="StringViewAdvancedCoverageTest.TestStringViewHashEdgeCases" time="0.0297625" status="run">
		<properties/>
		<system-out>Running main() from C:\Users\ahmet\OneDrive\Masaüstü\DataStructure\cen207-2025-2026-5-Mustafa-Yildirimm-cpp\build_win\_deps\googletest-src\googletest\src\gtest_main.cc
Note: Google Test filter = StringViewAdvancedCoverageTest.TestStringViewHashEdgeCases
[==========] Running 1 test from 1 test suite.
[----------] Global test environment set-up.
[----------] 1 test from StringViewAdvancedCoverageTest
[ RUN      ] StringViewAdvancedCoverageTest.TestStringViewHashEdgeCases
[       OK ] StringViewAdvancedCoverageTest.TestStringViewHashEdgeCases (0 ms)
[----------] 1 test from StringViewAdvancedCoverageTest (0 ms total)

[----------] Global test environment tear-down
[==========] 1 test from 1 test suite ran. (0 ms total)
[  PASSED  ] 1 test.
</system-out>
	</testcase>
	<testcase name="StringViewAdvancedCoverageTest.TestStringViewIteratorEdgeCases" classname="StringViewAdvancedCoverageTest.TestStringViewIteratorEdgeCases" time="0.030254" status="run">
		<properties/>
		<system-out>Running main() from C:\Users\ahmet\OneDrive\Masaüstü\DataStructure\cen207-2025-2026-5-Mustafa-Yildirimm-cpp\build_win\_deps\googletest-src\googletest\src\gtest_main.cc
Note: Google Test filter = StringViewAdvancedCoverageTest.TestStringViewIteratorEdgeCases
[==========] Running 1 test from 1 test suite.
[----------] Global test environment set-up.
[----------] 1 test from StringViewAdvancedCoverageTest
[ RUN      ] StringViewAdvancedCoverageTest.TestStringViewIteratorEdgeCases
[       OK ] StringViewAdvancedCoverageTest.TestStringViewIteratorEdgeCases (0 ms)
[----------] 1 test from StringViewAdvancedCoverageTest (0 ms total)

[----------] Global test environment tear-down
[==========] 1 test from 1 test suite ran. (0 ms total)
[  PASSED  ] 1 test.
</system-out>
	</testcase>
	<testcase name="StringViewAdvancedCoverageTest.TestStringViewConstexprEdgeCases" classname="StringViewAdvancedCoverageTest.TestStringViewConstexprEdgeCases" time="0.0587088" status="run">
		<properties/>
		<system-out>Running main() from C:\Users\ahmet\OneDrive\Masaüstü\DataStructure\cen207-2025-2026-5-Mustafa-Yildirimm-cpp\build_win\_deps\googletest-src\googletest\src\gtest_main.cc
Note: Google Test filter = StringViewAdvancedCoverageTest.TestStringViewConstexprEdgeCases
[==========] Running 1 test from 1 test suite.
[----------] Global test environment set-up.
[----------] 1 test from StringViewAdvancedCoverageTest
[ RUN      ] StringViewAdvancedCoverageTest.TestStringViewConstexprEdgeCases
[       OK ] StringViewAdvancedCoverageTest.TestStringViewConstexprEdgeCases (0 ms)
[----------] 1 test from StringViewAdvancedCoverageTest (0 ms total)

[----------] Global test environment tear-down
[==========] 1 test from 1 test suite ran. (0 ms total)
[  PASSED  ] 1 test.
</system-out>
	</testcase>
	<testcase name="StringViewAdvancedCoverageTest.TestStringViewPerformanceEdgeCases" classname="StringViewAdvancedCoverageTest.TestStringViewPerformanceEdgeCases" time="0.0292116" status="run">
		<properties/>
		<system-out>Running main() from C:\Users\ahmet\OneDrive\Masaüstü\DataStructure\cen207-2025-2026-5-Mustafa-Yildirimm-cpp\build_win\_deps\googletest-src\googletest\src\gtest_main.cc
Note: Google Test filter = StringViewAdvancedCoverageTest.TestStringViewPerformanceEdgeCases
[==========] Running 1 test from 1 test suite.
[----------] Global test environment set-up.
[----------] 1 test from StringViewAdvancedCoverageTest
[ RUN      ] StringViewAdvancedCoverageTest.TestStringViewPerformanceEdgeCases
[       OK ] StringViewAdvancedCoverageTest.TestStringViewPerformanceEdgeCases (0 ms)
[----------] 1 test from StringViewAdvancedCoverageTest (0 ms total)

[----------] Global test environment tear-down
[==========] 1 test from 1 test suite ran. (0 ms total)
[  PASSED  ] 1 test.
</system-out>
	</testcase>
	<testcase name="StringViewCoverageTest.TestStringViewConstruction" classname="StringViewCoverageTest.TestStringViewConstruction" time="0.0353485" status="run">
		<properties/>
		<system-out>Running main() from C:\Users\ahmet\OneDrive\Masaüstü\DataStructure\cen207-2025-2026-5-Mustafa-Yildirimm-cpp\build_win\_deps\googletest-src\googletest\src\gtest_main.cc
Note: Google Test filter = StringViewCoverageTest.TestStringViewConstruction
[==========] Running 1 test from 1 test suite.
[----------] Global test environment set-up.
[----------] 1 test from StringViewCoverageTest
[ RUN      ] StringViewCoverageTest.TestStringViewConstruction
[       OK ] StringViewCoverageTest.TestStringViewConstruction (0 ms)
[----------] 1 test from StringViewCoverageTest (0 ms total)

[----------] Global test environment tear-down
[==========] 1 test from 1 test suite ran. (0 ms total)
[  PASSED  ] 1 test.
</system-out>
	</testcase>
	<testcase name="StringViewCoverageTest.TestStringViewAccess" classname="StringViewCoverageTest.TestStringViewAccess" time="0.0397685" status="run">
		<properties/>
		<system-out>Running main() from C:\Users\ahmet\OneDrive\Masaüstü\DataStructure\cen207-2025-2026-5-Mustafa-Yildirimm-cpp\build_win\_deps\googletest-src\googletest\src\gtest_main.cc
Note: Google Test filter = StringViewCoverageTest.TestStringViewAccess
[==========] Running 1 test from 1 test suite.
[----------] Global test environment set-up.
[----------] 1 test from StringViewCoverageTest
[ RUN      ] StringViewCoverageTest.TestStringViewAccess
[       OK ] StringViewCoverageTest.TestStringViewAccess (0 ms)
[----------] 1 test from StringViewCoverageTest (0 ms total)

[----------] Global test environment tear-down
[==========] 1 test from 1 test suite ran. (0 ms total)
[  PASSED  ] 1 test.
</system-out>
	</testcase>
	<testcase name="StringViewCoverageTest.TestStringViewIterators" classname="StringViewCoverageTest.TestStringViewIterators" time="0.0368134" status="run">
		<properties/>
		<system-out>Running main() from C:\Users\ahmet\OneDrive\Masaüstü\DataStructure\cen207-2025-2026-5-Mustafa-Yildirimm-cpp\build_win\_deps\googletest-src\googletest\src\gtest_main.cc
Note: Google Test filter = StringViewCoverageTest.TestStringViewIterators
[==========] Running 1 test from 1 test suite.
[----------] Global test environment set-up.
[----------] 1 test from StringViewCoverageTest
[ RUN      ] StringViewCoverageTest.TestStringViewIterators
[       OK ] StringViewCoverageTest.TestStringViewIterators (0 ms)
[----------] 1 test from StringViewCoverageTest (0 ms total)

[----------] Global test environment tear-down
[==========] 1 test from 1 test suite ran. (0 ms total)
[  PASSED  ] 1 test.
</system-out>
	</testcase>
	<testcase name="StringViewCoverageTest.TestStringViewSubstring" classname="StringViewCoverageTest.TestStringViewSubstring" time="0.0333111" status="fail">
		<failure message="Failed"/>
		<properties/>
		<system-out>Running main() from C:\Users\ahmet\OneDrive\Masaüstü\DataStructure\cen207-2025-2026-5-Mustafa-Yildirimm-cpp\build_win\_deps\googletest-src\googletest\src\gtest_main.cc
Note: Google Test filter = StringViewCoverageTest.TestStringViewSubstring
[==========] Running 1 test from 1 test suite.
[----------] Global test environment set-up.
[----------] 1 test from StringViewCoverageTest
[ RUN      ] StringViewCoverageTest.TestStringViewSubstring
C:\Users\ahmet\OneDrive\Masa[NON-UTF-8-BYTE-0xFC]st[NON-UTF-8-BYTE-0xFC]\DataStructure\cen207-2025-2026-5-Mustafa-Yildirimm-cpp\tests\test_string_view_coverage.cpp(171): error: Expected equality of these values:
  sub4
    Which is: " "
  ","
    Which is: 00007FF6378F65D0

[  FAILED  ] StringViewCoverageTest.TestStringViewSubstring (0 ms)
[----------] 1 test from StringViewCoverageTest (0 ms total)

[----------] Global test environment tear-down
[==========] 1 test from 1 test suite ran. (0 ms total)
[  PASSED  ] 0 tests.
[  FAILED  ] 1 test, listed below:
[  FAILED  ] StringViewCoverageTest.TestStringViewSubstring

 1 FAILED TEST
</system-out>
	</testcase>
	<testcase name="StringViewCoverageTest.TestStringViewComparison" classname="StringViewCoverageTest.TestStringViewComparison" time="0.0276579" status="run">
		<properties/>
		<system-out>Running main() from C:\Users\ahmet\OneDrive\Masaüstü\DataStructure\cen207-2025-2026-5-Mustafa-Yildirimm-cpp\build_win\_deps\googletest-src\googletest\src\gtest_main.cc
Note: Google Test filter = StringViewCoverageTest.TestStringViewComparison
[==========] Running 1 test from 1 test suite.
[----------] Global test environment set-up.
[----------] 1 test from StringViewCoverageTest
[ RUN      ] StringViewCoverageTest.TestStringViewComparison
[       OK ] StringViewCoverageTest.TestStringViewComparison (0 ms)
[----------] 1 test from StringViewCoverageTest (0 ms total)

[----------] Global test environment tear-down
[==========] 1 test from 1 test suite ran. (0 ms total)
[  PASSED  ] 1 test.
</system-out>
	</testcase>
	<testcase name="StringViewCoverageTest.TestStringViewFind" classname="StringViewCoverageTest.TestStringViewFind" time="0.0339016" status="fail">
		<failure message="Failed"/>
		<properties/>
		<system-out>Running main() from C:\Users\ahmet\OneDrive\Masaüstü\DataStructure\cen207-2025-2026-5-Mustafa-Yildirimm-cpp\build_win\_deps\googletest-src\googletest\src\gtest_main.cc
Note: Google Test filter = StringViewCoverageTest.TestStringViewFind
[==========] Running 1 test from 1 test suite.
[----------] Global test environment set-up.
[----------] 1 test from StringViewCoverageTest
[ RUN      ] StringViewCoverageTest.TestStringViewFind
C:\Users\ahmet\OneDrive\Masa[NON-UTF-8-BYTE-0xFC]st[NON-UTF-8-BYTE-0xFC]\DataStructure\cen207-2025-2026-5-Mustafa-Yildirimm-cpp\tests\test_string_view_coverage.cpp(238): error: Expected equality of these values:
  sv.find("Universe")
    Which is: 21
  20

C:\Users\ahmet\OneDrive\Masa[NON-UTF-8-BYTE-0xFC]st[NON-UTF-8-BYTE-0xFC]\DataStructure\cen207-2025-2026-5-Mustafa-Yildirimm-cpp\tests\test_string_view_coverage.cpp(251): error: Expected equality of these values:
  sv.rfind('o')
    Which is: 18
  25

C:\Users\ahmet\OneDrive\Masa[NON-UTF-8-BYTE-0xFC]st[NON-UTF-8-BYTE-0xFC]\DataStructure\cen207-2025-2026-5-Mustafa-Yildirimm-cpp\tests\test_string_view_coverage.cpp(256): error: Expected equality of these values:
  sv.find_first_of("AEIOU")
    Which is: 21
  std::string_view::npos
    Which is: 18446744073709551615

C:\Users\ahmet\OneDrive\Masa[NON-UTF-8-BYTE-0xFC]st[NON-UTF-8-BYTE-0xFC]\DataStructure\cen207-2025-2026-5-Mustafa-Yildirimm-cpp\tests\test_string_view_coverage.cpp(259): error: Expected equality of these values:
  sv.find_last_of("aeiou")
    Which is: 28
  25

C:\Users\ahmet\OneDrive\Masa[NON-UTF-8-BYTE-0xFC]st[NON-UTF-8-BYTE-0xFC]\DataStructure\cen207-2025-2026-5-Mustafa-Yildirimm-cpp\tests\test_string_view_coverage.cpp(260): error: Expected equality of these values:
  sv.find_last_of("AEIOU")
    Which is: 21
  std::string_view::npos
    Which is: 18446744073709551615

C:\Users\ahmet\OneDrive\Masa[NON-UTF-8-BYTE-0xFC]st[NON-UTF-8-BYTE-0xFC]\DataStructure\cen207-2025-2026-5-Mustafa-Yildirimm-cpp\tests\test_string_view_coverage.cpp(264): error: Expected equality of these values:
  sv.find_first_not_of("Hello, World! ")
    Which is: 21
  14

C:\Users\ahmet\OneDrive\Masa[NON-UTF-8-BYTE-0xFC]st[NON-UTF-8-BYTE-0xFC]\DataStructure\cen207-2025-2026-5-Mustafa-Yildirimm-cpp\tests\test_string_view_coverage.cpp(267): error: Expected equality of these values:
  sv.find_last_not_of("!")
    Which is: 28
  30

[  FAILED  ] StringViewCoverageTest.TestStringViewFind (0 ms)
[----------] 1 test from StringViewCoverageTest (0 ms total)

[----------] Global test environment tear-down
[==========] 1 test from 1 test suite ran. (0 ms total)
[  PASSED  ] 0 tests.
[  FAILED  ] 1 test, listed below:
[  FAILED  ] StringViewCoverageTest.TestStringViewFind

 1 FAILED TEST
</system-out>
	</testcase>
	<testcase name="StringViewCoverageTest.TestStringViewStartsWithEndsWith" classname="StringViewCoverageTest.TestStringViewStartsWithEndsWith" time="0.0251869" status="fail">
		<failure message="Failed"/>
		<properties/>
		<system-out>Running main() from C:\Users\ahmet\OneDrive\Masaüstü\DataStructure\cen207-2025-2026-5-Mustafa-Yildirimm-cpp\build_win\_deps\googletest-src\googletest\src\gtest_main.cc
Note: Google Test filter = StringViewCoverageTest.TestStringViewStartsWithEndsWith
[==========] Running 1 test from 1 test suite.
[----------] Global test environment set-up.
[----------] 1 test from StringViewCoverageTest
[ RUN      ] StringViewCoverageTest.TestStringViewStartsWithEndsWith
C:\Users\ahmet\OneDrive\Masa[NON-UTF-8-BYTE-0xFC]st[NON-UTF-8-BYTE-0xFC]\DataStructure\cen207-2025-2026-5-Mustafa-Yildirimm-cpp\tests\test_string_view_coverage.cpp(296): error: Expected equality of these values:
  sv.find('d')
    Which is: 11
  10

[  FAILED  ] StringViewCoverageTest.TestStringViewStartsWithEndsWith (0 ms)
[----------] 1 test from StringViewCoverageTest (0 ms total)

[----------] Global test environment tear-down
[==========] 1 test from 1 test suite ran. (0 ms total)
[  PASSED  ] 0 tests.
[  FAILED  ] 1 test, listed below:
[  FAILED  ] StringViewCoverageTest.TestStringViewStartsWithEndsWith

 1 FAILED TEST
</system-out>
	</testcase>
	<testcase name="StringViewCoverageTest.TestStringViewContains" classname="StringViewCoverageTest.TestStringViewContains" time="0.0299777" status="run">
		<properties/>
		<system-out>Running main() from C:\Users\ahmet\OneDrive\Masaüstü\DataStructure\cen207-2025-2026-5-Mustafa-Yildirimm-cpp\build_win\_deps\googletest-src\googletest\src\gtest_main.cc
Note: Google Test filter = StringViewCoverageTest.TestStringViewContains
[==========] Running 1 test from 1 test suite.
[----------] Global test environment set-up.
[----------] 1 test from StringViewCoverageTest
[ RUN      ] StringViewCoverageTest.TestStringViewContains
[       OK ] StringViewCoverageTest.TestStringViewContains (0 ms)
[----------] 1 test from StringViewCoverageTest (0 ms total)

[----------] Global test environment tear-down
[==========] 1 test from 1 test suite ran. (0 ms total)
[  PASSED  ] 1 test.
</system-out>
	</testcase>
	<testcase name="StringViewCoverageTest.TestStringViewRemovePrefixSuffix" classname="StringViewCoverageTest.TestStringViewRemovePrefixSuffix" time="0.0327107" status="run">
		<properties/>
		<system-out>Running main() from C:\Users\ahmet\OneDrive\Masaüstü\DataStructure\cen207-2025-2026-5-Mustafa-Yildirimm-cpp\build_win\_deps\googletest-src\googletest\src\gtest_main.cc
Note: Google Test filter = StringViewCoverageTest.TestStringViewRemovePrefixSuffix
[==========] Running 1 test from 1 test suite.
[----------] Global test environment set-up.
[----------] 1 test from StringViewCoverageTest
[ RUN      ] StringViewCoverageTest.TestStringViewRemovePrefixSuffix
[       OK ] StringViewCoverageTest.TestStringViewRemovePrefixSuffix (0 ms)
[----------] 1 test from StringViewCoverageTest (0 ms total)

[----------] Global test environment tear-down
[==========] 1 test from 1 test suite ran. (0 ms total)
[  PASSED  ] 1 test.
</system-out>
	</testcase>
	<testcase name="StringViewCoverageTest.TestStringViewCopy" classname="StringViewCoverageTest.TestStringViewCopy" time="0.0394057" status="run">
		<properties/>
		<system-out>Running main() from C:\Users\ahmet\OneDrive\Masaüstü\DataStructure\cen207-2025-2026-5-Mustafa-Yildirimm-cpp\build_win\_deps\googletest-src\googletest\src\gtest_main.cc
Note: Google Test filter = StringViewCoverageTest.TestStringViewCopy
[==========] Running 1 test from 1 test suite.
[----------] Global test environment set-up.
[----------] 1 test from StringViewCoverageTest
[ RUN      ] StringViewCoverageTest.TestStringViewCopy
[       OK ] StringViewCoverageTest.TestStringViewCopy (0 ms)
[----------] 1 test from StringViewCoverageTest (0 ms total)

[----------] Global test environment tear-down
[==========] 1 test from 1 test suite ran. (0 ms total)
[  PASSED  ] 1 test.
</system-out>
	</testcase>
	<testcase name="StringViewCoverageTest.TestStringViewHash" classname="StringViewCoverageTest.TestStringViewHash" time="0.028297" status="run">
		<properties/>
		<system-out>Running main() from C:\Users\ahmet\OneDrive\Masaüstü\DataStructure\cen207-2025-2026-5-Mustafa-Yildirimm-cpp\build_win\_deps\googletest-src\googletest\src\gtest_main.cc
Note: Google Test filter = StringViewCoverageTest.TestStringViewHash
[==========] Running 1 test from 1 test suite.
[----------] Global test environment set-up.
[----------] 1 test from StringViewCoverageTest
[ RUN      ] StringViewCoverageTest.TestStringViewHash
[       OK ] StringViewCoverageTest.TestStringViewHash (0 ms)
[----------] 1 test from StringViewCoverageTest (0 ms total)

[----------] Global test environment tear-down
[==========] 1 test from 1 test suite ran. (0 ms total)
[  PASSED  ] 1 test.
</system-out>
	</testcase>
	<testcase name="StringViewCoverageTest.TestStringViewEdgeCases" classname="StringViewCoverageTest.TestStringViewEdgeCases" time="0.0384976" status="run">
		<properties/>
		<system-out>Running main() from C:\Users\ahmet\OneDrive\Masaüstü\DataStructure\cen207-2025-2026-5-Mustafa-Yildirimm-cpp\build_win\_deps\googletest-src\googletest\src\gtest_main.cc
Note: Google Test filter = StringViewCoverageTest.TestStringViewEdgeCases
[==========] Running 1 test from 1 test suite.
[----------] Global test environment set-up.
[----------] 1 test from StringViewCoverageTest
[ RUN      ] StringViewCoverageTest.TestStringViewEdgeCases
[       OK ] StringViewCoverageTest.TestStringViewEdgeCases (0 ms)
[----------] 1 test from StringViewCoverageTest (0 ms total)

[----------] Global test environment tear-down
[==========] 1 test from 1 test suite ran. (0 ms total)
[  PASSED  ] 1 test.
</system-out>
	</testcase>
	<testcase name="StringViewCoverageTest.TestStringViewConstexpr" classname="StringViewCoverageTest.TestStringViewConstexpr" time="0.0329614" status="run">
		<properties/>
		<system-out>Running main() from C:\Users\ahmet\OneDrive\Masaüstü\DataStructure\cen207-2025-2026-5-Mustafa-Yildirimm-cpp\build_win\_deps\googletest-src\googletest\src\gtest_main.cc
Note: Google Test filter = StringViewCoverageTest.TestStringViewConstexpr
[==========] Running 1 test from 1 test suite.
[----------] Global test environment set-up.
[----------] 1 test from StringViewCoverageTest
[ RUN      ] StringViewCoverageTest.TestStringViewConstexpr
[       OK ] StringViewCoverageTest.TestStringViewConstexpr (0 ms)
[----------] 1 test from StringViewCoverageTest (0 ms total)

[----------] Global test environment tear-down
[==========] 1 test from 1 test suite ran. (0 ms total)
[  PASSED  ] 1 test.
</system-out>
	</testcase>
	<testcase name="StringViewCoverageTest.TestStringViewPerformance" classname="StringViewCoverageTest.TestStringViewPerformance" time="0.0328789" status="run">
		<properties/>
		<system-out>Running main() from C:\Users\ahmet\OneDrive\Masaüstü\DataStructure\cen207-2025-2026-5-Mustafa-Yildirimm-cpp\build_win\_deps\googletest-src\googletest\src\gtest_main.cc
Note: Google Test filter = StringViewCoverageTest.TestStringViewPerformance
[==========] Running 1 test from 1 test suite.
[----------] Global test environment set-up.
[----------] 1 test from StringViewCoverageTest
[ RUN      ] StringViewCoverageTest.TestStringViewPerformance
[       OK ] StringViewCoverageTest.TestStringViewPerformance (0 ms)
[----------] 1 test from StringViewCoverageTest (0 ms total)

[----------] Global test environment tear-down
[==========] 1 test from 1 test suite ran. (0 ms total)
[  PASSED  ] 1 test.
</system-out>
	</testcase>
	<testcase name="StringViewInternalUtilitiesTest.TestStringViewLengthFunction" classname="StringViewInternalUtilitiesTest.TestStringViewLengthFunction" time="0.0336614" status="fail">
		<failure message="Failed"/>
		<properties/>
		<system-out>Running main() from C:\Users\ahmet\OneDrive\Masaüstü\DataStructure\cen207-2025-2026-5-Mustafa-Yildirimm-cpp\build_win\_deps\googletest-src\googletest\src\gtest_main.cc
Note: Google Test filter = StringViewInternalUtilitiesTest.TestStringViewLengthFunction
[==========] Running 1 test from 1 test suite.
[----------] Global test environment set-up.
[----------] 1 test from StringViewInternalUtilitiesTest
[ RUN      ] StringViewInternalUtilitiesTest.TestStringViewLengthFunction
C:\Users\ahmet\OneDrive\Masa[NON-UTF-8-BYTE-0xFC]st[NON-UTF-8-BYTE-0xFC]\DataStructure\cen207-2025-2026-5-Mustafa-Yildirimm-cpp\tests\test_string_view_internal_utilities.cpp(63): error: Expected equality of these values:
  sv4.size()
    Which is: 75
  70

C:\Users\ahmet\OneDrive\Masa[NON-UTF-8-BYTE-0xFC]st[NON-UTF-8-BYTE-0xFC]\DataStructure\cen207-2025-2026-5-Mustafa-Yildirimm-cpp\tests\test_string_view_internal_utilities.cpp(64): error: Expected equality of these values:
  sv4.length()
    Which is: 75
  70

[  FAILED  ] StringViewInternalUtilitiesTest.TestStringViewLengthFunction (0 ms)
[----------] 1 test from StringViewInternalUtilitiesTest (0 ms total)

[----------] Global test environment tear-down
[==========] 1 test from 1 test suite ran. (0 ms total)
[  PASSED  ] 0 tests.
[  FAILED  ] 1 test, listed below:
[  FAILED  ] StringViewInternalUtilitiesTest.TestStringViewLengthFunction

 1 FAILED TEST
</system-out>
	</testcase>
	<testcase name="StringViewInternalUtilitiesTest.TestStringViewFindFunction" classname="StringViewInternalUtilitiesTest.TestStringViewFindFunction" time="0.0346639" status="fail">
		<failure message="Failed"/>
		<properties/>
		<system-out>Running main() from C:\Users\ahmet\OneDrive\Masaüstü\DataStructure\cen207-2025-2026-5-Mustafa-Yildirimm-cpp\build_win\_deps\googletest-src\googletest\src\gtest_main.cc
Note: Google Test filter = StringViewInternalUtilitiesTest.TestStringViewFindFunction
[==========] Running 1 test from 1 test suite.
[----------] Global test environment set-up.
[----------] 1 test from StringViewInternalUtilitiesTest
[ RUN      ] StringViewInternalUtilitiesTest.TestStringViewFindFunction
C:\Users\ahmet\OneDrive\Masa[NON-UTF-8-BYTE-0xFC]st[NON-UTF-8-BYTE-0xFC]\DataStructure\cen207-2025-2026-5-Mustafa-Yildirimm-cpp\tests\test_string_view_internal_utilities.cpp(106): error: Expected equality of these values:
  sv.find('r')
    Which is: 9
  8

C:\Users\ahmet\OneDrive\Masa[NON-UTF-8-BYTE-0xFC]st[NON-UTF-8-BYTE-0xFC]\DataStructure\cen207-2025-2026-5-Mustafa-Yildirimm-cpp\tests\test_string_view_internal_utilities.cpp(107): error: Expected equality of these values:
  sv.find('d')
    Which is: 11
  10

C:\Users\ahmet\OneDrive\Masa[NON-UTF-8-BYTE-0xFC]st[NON-UTF-8-BYTE-0xFC]\DataStructure\cen207-2025-2026-5-Mustafa-Yildirimm-cpp\tests\test_string_view_internal_utilities.cpp(122): error: Expected equality of these values:
  sv.find("d")
    Which is: 11
  10

C:\Users\ahmet\OneDrive\Masa[NON-UTF-8-BYTE-0xFC]st[NON-UTF-8-BYTE-0xFC]\DataStructure\cen207-2025-2026-5-Mustafa-Yildirimm-cpp\tests\test_string_view_internal_utilities.cpp(128): error: Expected equality of these values:
  sv.find('l', 4)
    Which is: 10
  9

[  FAILED  ] StringViewInternalUtilitiesTest.TestStringViewFindFunction (0 ms)
[----------] 1 test from StringViewInternalUtilitiesTest (0 ms total)

[----------] Global test environment tear-down
[==========] 1 test from 1 test suite ran. (0 ms total)
[  PASSED  ] 0 tests.
[  FAILED  ] 1 test, listed below:
[  FAILED  ] StringViewInternalUtilitiesTest.TestStringViewFindFunction

 1 FAILED TEST
</system-out>
	</testcase>
	<testcase name="StringViewInternalUtilitiesTest.TestStringViewAssignFunction" classname="StringViewInternalUtilitiesTest.TestStringViewAssignFunction" time="0.0471959" status="run">
		<properties/>
		<system-out>Running main() from C:\Users\ahmet\OneDrive\Masaüstü\DataStructure\cen207-2025-2026-5-Mustafa-Yildirimm-cpp\build_win\_deps\googletest-src\googletest\src\gtest_main.cc
Note: Google Test filter = StringViewInternalUtilitiesTest.TestStringViewAssignFunction
[==========] Running 1 test from 1 test suite.
[----------] Global test environment set-up.
[----------] 1 test from StringViewInternalUtilitiesTest
[ RUN      ] StringViewInternalUtilitiesTest.TestStringViewAssignFunction
[       OK ] StringViewInternalUtilitiesTest.TestStringViewAssignFunction (0 ms)
[----------] 1 test from StringViewInternalUtilitiesTest (0 ms total)

[----------] Global test environment tear-down
[==========] 1 test from 1 test suite ran. (0 ms total)
[  PASSED  ] 1 test.
</system-out>
	</testcase>
	<testcase name="StringViewInternalUtilitiesTest.TestStringViewInternalOperations" classname="StringViewInternalUtilitiesTest.TestStringViewInternalOperations" time="0.0253301" status="fail">
		<failure message="Failed"/>
		<properties/>
		<system-out>Running main() from C:\Users\ahmet\OneDrive\Masaüstü\DataStructure\cen207-2025-2026-5-Mustafa-Yildirimm-cpp\build_win\_deps\googletest-src\googletest\src\gtest_main.cc
Note: Google Test filter = StringViewInternalUtilitiesTest.TestStringViewInternalOperations
[==========] Running 1 test from 1 test suite.
[----------] Global test environment set-up.
[----------] 1 test from StringViewInternalUtilitiesTest
[ RUN      ] StringViewInternalUtilitiesTest.TestStringViewInternalOperations
C:\Users\ahmet\OneDrive\Masa[NON-UTF-8-BYTE-0xFC]st[NON-UTF-8-BYTE-0xFC]\DataStructure\cen207-2025-2026-5-Mustafa-Yildirimm-cpp\tests\test_string_view_internal_utilities.cpp(259): error: Expected equality of these values:
  sv.find('t')
    Which is: 2
  20

C:\Users\ahmet\OneDrive\Masa[NON-UTF-8-BYTE-0xFC]st[NON-UTF-8-BYTE-0xFC]\DataStructure\cen207-2025-2026-5-Mustafa-Yildirimm-cpp\tests\test_string_view_internal_utilities.cpp(273): error: Expected equality of these values:
  wsv.find(L't')
    Which is: 6
  5

C:\Users\ahmet\OneDrive\Masa[NON-UTF-8-BYTE-0xFC]st[NON-UTF-8-BYTE-0xFC]\DataStructure\cen207-2025-2026-5-Mustafa-Yildirimm-cpp\tests\test_string_view_internal_utilities.cpp(279): error: Expected equality of these values:
  sv16.find(u't')
    Which is: 8
  7

C:\Users\ahmet\OneDrive\Masa[NON-UTF-8-BYTE-0xFC]st[NON-UTF-8-BYTE-0xFC]\DataStructure\cen207-2025-2026-5-Mustafa-Yildirimm-cpp\tests\test_string_view_internal_utilities.cpp(285): error: Expected equality of these values:
  sv32.find(U't')
    Which is: 8
  7

[  FAILED  ] StringViewInternalUtilitiesTest.TestStringViewInternalOperations (0 ms)
[----------] 1 test from StringViewInternalUtilitiesTest (0 ms total)

[----------] Global test environment tear-down
[==========] 1 test from 1 test suite ran. (0 ms total)
[  PASSED  ] 0 tests.
[  FAILED  ] 1 test, listed below:
[  FAILED  ] StringViewInternalUtilitiesTest.TestStringViewInternalOperations

 1 FAILED TEST
</system-out>
	</testcase>
	<testcase name="StringViewInternalUtilitiesTest.TestStringViewEdgeCasesForInternalFunctions" classname="StringViewInternalUtilitiesTest.TestStringViewEdgeCasesForInternalFunctions" time="0.0317016" status="fail">
		<failure message="Failed"/>
		<properties/>
		<system-out>Running main() from C:\Users\ahmet\OneDrive\Masaüstü\DataStructure\cen207-2025-2026-5-Mustafa-Yildirimm-cpp\build_win\_deps\googletest-src\googletest\src\gtest_main.cc
Note: Google Test filter = StringViewInternalUtilitiesTest.TestStringViewEdgeCasesForInternalFunctions
[==========] Running 1 test from 1 test suite.
[----------] Global test environment set-up.
[----------] 1 test from StringViewInternalUtilitiesTest
[ RUN      ] StringViewInternalUtilitiesTest.TestStringViewEdgeCasesForInternalFunctions
C:\Users\ahmet\OneDrive\Masa[NON-UTF-8-BYTE-0xFC]st[NON-UTF-8-BYTE-0xFC]\DataStructure\cen207-2025-2026-5-Mustafa-Yildirimm-cpp\tests\test_string_view_internal_utilities.cpp(310): error: Expected equality of these values:
  special_sv.find("World")
    Which is: 18446744073709551615
  6

[  FAILED  ] StringViewInternalUtilitiesTest.TestStringViewEdgeCasesForInternalFunctions (0 ms)
[----------] 1 test from StringViewInternalUtilitiesTest (0 ms total)

[----------] Global test environment tear-down
[==========] 1 test from 1 test suite ran. (0 ms total)
[  PASSED  ] 0 tests.
[  FAILED  ] 1 test, listed below:
[  FAILED  ] StringViewInternalUtilitiesTest.TestStringViewEdgeCasesForInternalFunctions

 1 FAILED TEST
</system-out>
	</testcase>
	<testcase name="StringViewInternalUtilitiesTest.TestStringViewConstexprInternalFunctions" classname="StringViewInternalUtilitiesTest.TestStringViewConstexprInternalFunctions" time="0.0329358" status="run">
		<properties/>
		<system-out>Running main() from C:\Users\ahmet\OneDrive\Masaüstü\DataStructure\cen207-2025-2026-5-Mustafa-Yildirimm-cpp\build_win\_deps\googletest-src\googletest\src\gtest_main.cc
Note: Google Test filter = StringViewInternalUtilitiesTest.TestStringViewConstexprInternalFunctions
[==========] Running 1 test from 1 test suite.
[----------] Global test environment set-up.
[----------] 1 test from StringViewInternalUtilitiesTest
[ RUN      ] StringViewInternalUtilitiesTest.TestStringViewConstexprInternalFunctions
[       OK ] StringViewInternalUtilitiesTest.TestStringViewConstexprInternalFunctions (0 ms)
[----------] 1 test from StringViewInternalUtilitiesTest (0 ms total)

[----------] Global test environment tear-down
[==========] 1 test from 1 test suite ran. (0 ms total)
[  PASSED  ] 1 test.
</system-out>
	</testcase>
	<testcase name="StringViewInternalUtilitiesTest.TestStringViewPerformanceInternalFunctions" classname="StringViewInternalUtilitiesTest.TestStringViewPerformanceInternalFunctions" time="0.0391133" status="run">
		<properties/>
		<system-out>Running main() from C:\Users\ahmet\OneDrive\Masaüstü\DataStructure\cen207-2025-2026-5-Mustafa-Yildirimm-cpp\build_win\_deps\googletest-src\googletest\src\gtest_main.cc
Note: Google Test filter = StringViewInternalUtilitiesTest.TestStringViewPerformanceInternalFunctions
[==========] Running 1 test from 1 test suite.
[----------] Global test environment set-up.
[----------] 1 test from StringViewInternalUtilitiesTest
[ RUN      ] StringViewInternalUtilitiesTest.TestStringViewPerformanceInternalFunctions
[       OK ] StringViewInternalUtilitiesTest.TestStringViewPerformanceInternalFunctions (0 ms)
[----------] 1 test from StringViewInternalUtilitiesTest (0 ms total)

[----------] Global test environment tear-down
[==========] 1 test from 1 test suite ran. (0 ms total)
[  PASSED  ] 1 test.
</system-out>
	</testcase>
	<testcase name="XORLinkedList.InsertDeleteNavigate" classname="XORLinkedList.InsertDeleteNavigate" time="0.0262266" status="run">
		<properties/>
		<system-out>Running main() from C:\Users\ahmet\OneDrive\Masaüstü\DataStructure\cen207-2025-2026-5-Mustafa-Yildirimm-cpp\build_win\_deps\googletest-src\googletest\src\gtest_main.cc
Note: Google Test filter = XORLinkedList.InsertDeleteNavigate
[==========] Running 1 test from 1 test suite.
[----------] Global test environment set-up.
[----------] 1 test from XORLinkedList
[ RUN      ] XORLinkedList.InsertDeleteNavigate
[       OK ] XORLinkedList.InsertDeleteNavigate (0 ms)
[----------] 1 test from XORLinkedList (0 ms total)

[----------] Global test environment tear-down
[==========] 1 test from 1 test suite ran. (0 ms total)
[  PASSED  ] 1 test.
</system-out>
	</testcase>
</testsuite>
