<?xml version="1.0" encoding="UTF-8"?>
<testsuite name="(empty)"
	tests="12"
	failures="0"
	disabled="0"
	skipped="0"
	hostname=""
	time="0"
	timestamp="2025-10-19T18:26:11"
	>
	<testcase name="DoublyLinkedList.InsertAndTraverse" classname="DoublyLinkedList.InsertAndTraverse" time="0.0249093" status="run">
		<properties/>
		<system-out>Running main() from C:\Users\ahmet\OneDrive\Masaüstü\DataStructure\cen207-2025-2026-5-Mustafa-Yildirimm-cpp\build_win\_deps\googletest-src\googletest\src\gtest_main.cc
Note: Google Test filter = DoublyLinkedList.InsertAndTraverse
[==========] Running 1 test from 1 test suite.
[----------] Global test environment set-up.
[----------] 1 test from DoublyLinkedList
[ RUN      ] DoublyLinkedList.InsertAndTraverse
[       OK ] DoublyLinkedList.InsertAndTraverse (0 ms)
[----------] 1 test from DoublyLinkedList (0 ms total)

[----------] Global test environment tear-down
[==========] 1 test from 1 test suite ran. (0 ms total)
[  PASSED  ] 1 test.
</system-out>
	</testcase>
	<testcase name="DoublyLinkedList.EdgeCases" classname="DoublyLinkedList.EdgeCases" time="0.0287552" status="run">
		<properties/>
		<system-out>Running main() from C:\Users\ahmet\OneDrive\Masaüstü\DataStructure\cen207-2025-2026-5-Mustafa-Yildirimm-cpp\build_win\_deps\googletest-src\googletest\src\gtest_main.cc
Note: Google Test filter = DoublyLinkedList.EdgeCases
[==========] Running 1 test from 1 test suite.
[----------] Global test environment set-up.
[----------] 1 test from DoublyLinkedList
[ RUN      ] DoublyLinkedList.EdgeCases
[       OK ] DoublyLinkedList.EdgeCases (0 ms)
[----------] 1 test from DoublyLinkedList (0 ms total)

[----------] Global test environment tear-down
[==========] 1 test from 1 test suite ran. (0 ms total)
[  PASSED  ] 1 test.
</system-out>
	</testcase>
	<testcase name="Graph.BFSandDFS" classname="Graph.BFSandDFS" time="0.0293931" status="run">
		<properties/>
		<system-out>Running main() from C:\Users\ahmet\OneDrive\Masaüstü\DataStructure\cen207-2025-2026-5-Mustafa-Yildirimm-cpp\build_win\_deps\googletest-src\googletest\src\gtest_main.cc
Note: Google Test filter = Graph.BFSandDFS
[==========] Running 1 test from 1 test suite.
[----------] Global test environment set-up.
[----------] 1 test from Graph
[ RUN      ] Graph.BFSandDFS
[       OK ] Graph.BFSandDFS (0 ms)
[----------] 1 test from Graph (0 ms total)

[----------] Global test environment tear-down
[==========] 1 test from 1 test suite ran. (0 ms total)
[  PASSED  ] 1 test.
</system-out>
	</testcase>
	<testcase name="HashTable.InsertFindErase" classname="HashTable.InsertFindErase" time="0.0200394" status="run">
		<properties/>
		<system-out>Running main() from C:\Users\ahmet\OneDrive\Masaüstü\DataStructure\cen207-2025-2026-5-Mustafa-Yildirimm-cpp\build_win\_deps\googletest-src\googletest\src\gtest_main.cc
Note: Google Test filter = HashTable.InsertFindErase
[==========] Running 1 test from 1 test suite.
[----------] Global test environment set-up.
[----------] 1 test from HashTable
[ RUN      ] HashTable.InsertFindErase
[       OK ] HashTable.InsertFindErase (0 ms)
[----------] 1 test from HashTable (0 ms total)

[----------] Global test environment tear-down
[==========] 1 test from 1 test suite ran. (0 ms total)
[  PASSED  ] 1 test.
</system-out>
	</testcase>
	<testcase name="BinaryHeap.PushPopOrder" classname="BinaryHeap.PushPopOrder" time="0.0296185" status="run">
		<properties/>
		<system-out>Running main() from C:\Users\ahmet\OneDrive\Masaüstü\DataStructure\cen207-2025-2026-5-Mustafa-Yildirimm-cpp\build_win\_deps\googletest-src\googletest\src\gtest_main.cc
Note: Google Test filter = BinaryHeap.PushPopOrder
[==========] Running 1 test from 1 test suite.
[----------] Global test environment set-up.
[----------] 1 test from BinaryHeap
[ RUN      ] BinaryHeap.PushPopOrder
[       OK ] BinaryHeap.PushPopOrder (0 ms)
[----------] 1 test from BinaryHeap (0 ms total)

[----------] Global test environment tear-down
[==========] 1 test from 1 test suite ran. (0 ms total)
[  PASSED  ] 1 test.
</system-out>
	</testcase>
	<testcase name="BinaryHeap.HeapSort" classname="BinaryHeap.HeapSort" time="0.0194981" status="run">
		<properties/>
		<system-out>Running main() from C:\Users\ahmet\OneDrive\Masaüstü\DataStructure\cen207-2025-2026-5-Mustafa-Yildirimm-cpp\build_win\_deps\googletest-src\googletest\src\gtest_main.cc
Note: Google Test filter = BinaryHeap.HeapSort
[==========] Running 1 test from 1 test suite.
[----------] Global test environment set-up.
[----------] 1 test from BinaryHeap
[ RUN      ] BinaryHeap.HeapSort
[       OK ] BinaryHeap.HeapSort (0 ms)
[----------] 1 test from BinaryHeap (0 ms total)

[----------] Global test environment tear-down
[==========] 1 test from 1 test suite ran. (0 ms total)
[  PASSED  ] 1 test.
</system-out>
	</testcase>
	<testcase name="LexerParser.BasicProgramParse" classname="LexerParser.BasicProgramParse" time="0.0210113" status="run">
		<properties/>
		<system-out>Running main() from C:\Users\ahmet\OneDrive\Masaüstü\DataStructure\cen207-2025-2026-5-Mustafa-Yildirimm-cpp\build_win\_deps\googletest-src\googletest\src\gtest_main.cc
Note: Google Test filter = LexerParser.BasicProgramParse
[==========] Running 1 test from 1 test suite.
[----------] Global test environment set-up.
[----------] 1 test from LexerParser
[ RUN      ] LexerParser.BasicProgramParse
[       OK ] LexerParser.BasicProgramParse (0 ms)
[----------] 1 test from LexerParser (0 ms total)

[----------] Global test environment tear-down
[==========] 1 test from 1 test suite ran. (0 ms total)
[  PASSED  ] 1 test.
</system-out>
	</testcase>
	<testcase name="Codegen.EmitsCPP" classname="Codegen.EmitsCPP" time="0.0226018" status="run">
		<properties/>
		<system-out>Running main() from C:\Users\ahmet\OneDrive\Masaüstü\DataStructure\cen207-2025-2026-5-Mustafa-Yildirimm-cpp\build_win\_deps\googletest-src\googletest\src\gtest_main.cc
Note: Google Test filter = Codegen.EmitsCPP
[==========] Running 1 test from 1 test suite.
[----------] Global test environment set-up.
[----------] 1 test from Codegen
[ RUN      ] Codegen.EmitsCPP
[       OK ] Codegen.EmitsCPP (0 ms)
[----------] 1 test from Codegen (0 ms total)

[----------] Global test environment tear-down
[==========] 1 test from 1 test suite ran. (0 ms total)
[  PASSED  ] 1 test.
</system-out>
	</testcase>
	<testcase name="SparseMatrix.InsertAndLookup" classname="SparseMatrix.InsertAndLookup" time="0.0259489" status="run">
		<properties/>
		<system-out>Running main() from C:\Users\ahmet\OneDrive\Masaüstü\DataStructure\cen207-2025-2026-5-Mustafa-Yildirimm-cpp\build_win\_deps\googletest-src\googletest\src\gtest_main.cc
Note: Google Test filter = SparseMatrix.InsertAndLookup
[==========] Running 1 test from 1 test suite.
[----------] Global test environment set-up.
[----------] 1 test from SparseMatrix
[ RUN      ] SparseMatrix.InsertAndLookup
[       OK ] SparseMatrix.InsertAndLookup (0 ms)
[----------] 1 test from SparseMatrix (0 ms total)

[----------] Global test environment tear-down
[==========] 1 test from 1 test suite ran. (0 ms total)
[  PASSED  ] 1 test.
</system-out>
	</testcase>
	<testcase name="StackQueue.StackLIFO" classname="StackQueue.StackLIFO" time="0.0264983" status="run">
		<properties/>
		<system-out>Running main() from C:\Users\ahmet\OneDrive\Masaüstü\DataStructure\cen207-2025-2026-5-Mustafa-Yildirimm-cpp\build_win\_deps\googletest-src\googletest\src\gtest_main.cc
Note: Google Test filter = StackQueue.StackLIFO
[==========] Running 1 test from 1 test suite.
[----------] Global test environment set-up.
[----------] 1 test from StackQueue
[ RUN      ] StackQueue.StackLIFO
[       OK ] StackQueue.StackLIFO (0 ms)
[----------] 1 test from StackQueue (0 ms total)

[----------] Global test environment tear-down
[==========] 1 test from 1 test suite ran. (0 ms total)
[  PASSED  ] 1 test.
</system-out>
	</testcase>
	<testcase name="StackQueue.QueueFIFO" classname="StackQueue.QueueFIFO" time="0.015191" status="run">
		<properties/>
		<system-out>Running main() from C:\Users\ahmet\OneDrive\Masaüstü\DataStructure\cen207-2025-2026-5-Mustafa-Yildirimm-cpp\build_win\_deps\googletest-src\googletest\src\gtest_main.cc
Note: Google Test filter = StackQueue.QueueFIFO
[==========] Running 1 test from 1 test suite.
[----------] Global test environment set-up.
[----------] 1 test from StackQueue
[ RUN      ] StackQueue.QueueFIFO
[       OK ] StackQueue.QueueFIFO (0 ms)
[----------] 1 test from StackQueue (0 ms total)

[----------] Global test environment tear-down
[==========] 1 test from 1 test suite ran. (0 ms total)
[  PASSED  ] 1 test.
</system-out>
	</testcase>
	<testcase name="XORLinkedList.InsertDeleteNavigate" classname="XORLinkedList.InsertDeleteNavigate" time="0.0127992" status="run">
		<properties/>
		<system-out>Running main() from C:\Users\ahmet\OneDrive\Masaüstü\DataStructure\cen207-2025-2026-5-Mustafa-Yildirimm-cpp\build_win\_deps\googletest-src\googletest\src\gtest_main.cc
Note: Google Test filter = XORLinkedList.InsertDeleteNavigate
[==========] Running 1 test from 1 test suite.
[----------] Global test environment set-up.
[----------] 1 test from XORLinkedList
[ RUN      ] XORLinkedList.InsertDeleteNavigate
[       OK ] XORLinkedList.InsertDeleteNavigate (0 ms)
[----------] 1 test from XORLinkedList (0 ms total)

[----------] Global test environment tear-down
[==========] 1 test from 1 test suite ran. (0 ms total)
[  PASSED  ] 1 test.
</system-out>
	</testcase>
</testsuite>
