<!DOCTYPE html>
<html lang="en">
<head>
    <meta charset="UTF-8">
    <title>testResults_windows.xml</title>
    <style type="text/css">
        body {
    background-color: white;
    padding-bottom: 20em;
    margin: 0;
    min-height: 15cm;
}

h1, h2, h3, h4, h5, h6, h7 {
    font-family: sans-serif;
}

h1 {
    background-color: #007acc;
    color: white;
    padding: 3mm;
    margin-top: 0;
    margin-bottom: 1mm;
}

.footer {
    font-style: italic;
    font-size: small;
    text-align: right;
    padding: 1em;
}

.testsuite {
    padding-bottom: 2em;
    margin-left: 1em;
}

.proplist {
    width: 100%;
    margin-bottom: 2em;
    border-collapse: collapse;
    border: 1px solid grey;
}

.proplist th {
    background-color: silver;
    width: 5em;
    padding: 2px;
    padding-right: 1em;
    text-align: left;
}

.proplist td {
    padding: 2px;
    word-break: break-all;
}

.index-table {
    width: 90%;
    margin-left: 1em;
}

.index-table td {
    vertical-align: top;
    max-width: 200px;
    word-wrap: break-word;
}

.failure-index {

}

.toc {
    margin-bottom: 2em;
    font-family: monospace;
}

.stdio, pre {
    min-height: 1em;
    background-color: #1e1e1e;
    color: silver;
    padding: 0.5em;
}
.tdpre {
    background-color: #1e1e1e;
}

.test {
    margin-left: 0.5cm;
}

.toc {
    list-style: none;
}

.toc li.outcome {
    list-style: none;
}

.toc li.outcome::before {
    content: "\2022";
    color: black;
    font-weight: bold;
    display: inline-block;
    width: 1.27em;
    margin-left: -1.27em;
    font-size: 1.2em;
}

.toc li.outcome-failed {
    background-color: lightcoral;
}

.toc li.outcome-failed::before {
    color: red;
}

.toc li.outcome-passed::before {
    color: green;
}

.toc li.outcome-skipped::before {
    color: orange;
}

.testcases .outcome {
    border-left: 1em;
    padding: 2px;
}

.testcases .outcome-failed {
    border-left: 1em solid lightcoral;
}


.outcome-passed {
    border-left: 1em solid lightgreen;
}

.outcome-skipped {
    border-left: 1em dotted silver;
}

.testcases .outcome-passed {
    border-left: 1em solid lightgreen;
}

.testcases .outcome-skipped {
    border-left: 1em solid #FED8B1;
}

.stats-table {
}

.stats-table td {
    min-width: 4em;
    text-align: right;
}

.stats-table .failed {
    background-color: lightcoral;
}

.stats-table .passed {
    background-color: lightgreen;
}

.matrix-table {
    table-layout: fixed;
    border-spacing: 0;
    width: available;
    margin-left: 1em;
}

.matrix-table td {
    vertical-align: center;
}

.matrix-table td:last-child {
    width: 0;
}

.matrix-table tr:hover {
    background-color: yellow;
}

.matrix-axis-name {
    white-space: nowrap;
    padding-right: 0.5em;
    border-left: 1px solid black;
    border-top: 1px solid black;
    text-align: right;
}

.matrix-axis-line {
    border-left: 1px solid black;
    width: 0.5em;
}

.matrix-classname {
    text-align: left;
    width: 100%;
    border-top: 2px solid grey;
    border-bottom: 1px solid silver;
}

.matrix-casename {
    text-align: left;
    font-weight: normal;
    font-style: italic;
    padding-left: 1em;
    border-bottom: 1px solid silver;
}

.matrix-result {
    display: block;
    width: 1em;
    text-align: center;
    padding: 1mm;
    margin: 0;
}

.matrix-result-combined {
    white-space: nowrap;
    padding-right: 0.2em;
    text-align: right;
}

.matrix-result-failed {
    background-color: lightcoral;
}

.matrix-result-passed {
    background-color: lightgreen;
}

.matrix-result-skipped {
    background-color: lightyellow;
}

.matrix-even {
    background-color: lightgray;
}
    </style>
</head>
<body>
    
<h1>
    Test Report : testResults_windows.xml
</h1>


<a id="toc"></a>
<table class="index-table">
    <tr>
        <td>
            <ul class="toc">
            
                
                <li>ChronoAdvancedCoverageTest.TestChronoTypeTraits
                <ul>
                    
                    <li class="outcome outcome-passed"><a href="#41db1c84-68b0-445e-81c7-6dde49d24ac3">ChronoAdvancedCoverageTest.TestChronoTypeTraits</a></li>
                    
                </ul>
                </li>
                
                <li>ChronoAdvancedCoverageTest.TestChronoRatioOperations
                <ul>
                    
                    <li class="outcome outcome-passed"><a href="#9d4f7595-2097-46bd-b6ec-b8d22b61594f">ChronoAdvancedCoverageTest.TestChronoRatioOperations</a></li>
                    
                </ul>
                </li>
                
                <li>ChronoAdvancedCoverageTest.TestChronoClockComparison
                <ul>
                    
                    <li class="outcome outcome-passed"><a href="#29a73799-769f-41b4-8847-dfade0defd8b">ChronoAdvancedCoverageTest.TestChronoClockComparison</a></li>
                    
                </ul>
                </li>
                
                <li>ChronoAdvancedCoverageTest.TestChronoDurationComparison
                <ul>
                    
                    <li class="outcome outcome-passed"><a href="#30efa2ef-11fc-4105-8152-f17c32a97ab1">ChronoAdvancedCoverageTest.TestChronoDurationComparison</a></li>
                    
                </ul>
                </li>
                
                <li>ChronoAdvancedCoverageTest.TestChronoDurationArithmeticAdvanced
                <ul>
                    
                    <li class="outcome outcome-passed"><a href="#da33c5ef-45db-49b6-8630-cc3abc6ec3aa">ChronoAdvancedCoverageTest.TestChronoDurationArithmeticAdvanced</a></li>
                    
                </ul>
                </li>
                
                <li>ChronoAdvancedCoverageTest.TestChronoTimePointArithmeticAdvanced
                <ul>
                    
                    <li class="outcome outcome-passed"><a href="#94127116-d554-41a8-a1d9-87888b7df9d6">ChronoAdvancedCoverageTest.TestChronoTimePointArithmeticAdvanced</a></li>
                    
                </ul>
                </li>
                
                <li>ChronoAdvancedCoverageTest.TestChronoDurationCastAdvanced
                <ul>
                    
                    <li class="outcome outcome-passed"><a href="#c8b03a18-343f-4cc1-b9f7-118cc874daec">ChronoAdvancedCoverageTest.TestChronoDurationCastAdvanced</a></li>
                    
                </ul>
                </li>
                
                <li>ChronoAdvancedCoverageTest.TestChronoClockResolution
                <ul>
                    
                    <li class="outcome outcome-passed"><a href="#3eafe180-5f15-4ac0-ab6a-746481427d3c">ChronoAdvancedCoverageTest.TestChronoClockResolution</a></li>
                    
                </ul>
                </li>
                
                <li>ChronoAdvancedCoverageTest.TestChronoDurationLimits
                <ul>
                    
                    <li class="outcome outcome-passed"><a href="#cd0d869e-d8bc-4d0f-8a2e-88ee185e926d">ChronoAdvancedCoverageTest.TestChronoDurationLimits</a></li>
                    
                </ul>
                </li>
                
                <li>ChronoAdvancedCoverageTest.TestChronoDurationArithmeticOverflow
                <ul>
                    
                    <li class="outcome outcome-passed"><a href="#f00c5703-9abd-49db-8896-7b790d2ef898">ChronoAdvancedCoverageTest.TestChronoDurationArithmeticOverflow</a></li>
                    
                </ul>
                </li>
                
                <li>ChronoAdvancedCoverageTest.TestChronoTimePointConversion
                <ul>
                    
                    <li class="outcome outcome-passed"><a href="#ac7730c5-0843-4dfb-b31b-1439fcda82e9">ChronoAdvancedCoverageTest.TestChronoTimePointConversion</a></li>
                    
                </ul>
                </li>
                
                <li>ChronoAdvancedCoverageTest.TestChronoDurationSpecialValues
                <ul>
                    
                    <li class="outcome outcome-passed"><a href="#568ab4da-709a-41cc-8bbb-9c905d82a761">ChronoAdvancedCoverageTest.TestChronoDurationSpecialValues</a></li>
                    
                </ul>
                </li>
                
                <li>ChronoAdvancedCoverageTest.TestChronoDurationArithmeticPrecision
                <ul>
                    
                    <li class="outcome outcome-passed"><a href="#48c1a76a-83bd-4a04-aa0d-635b0cefcae2">ChronoAdvancedCoverageTest.TestChronoDurationArithmeticPrecision</a></li>
                    
                </ul>
                </li>
                
                <li>ChronoCoverageTest.TestHighResolutionClock
                <ul>
                    
                    <li class="outcome outcome-passed"><a href="#a6112321-b798-4200-a641-5728f1367388">ChronoCoverageTest.TestHighResolutionClock</a></li>
                    
                </ul>
                </li>
                
                <li>ChronoCoverageTest.TestSteadyClock
                <ul>
                    
                    <li class="outcome outcome-passed"><a href="#87d562f5-888f-42f0-9545-68dfee95361f">ChronoCoverageTest.TestSteadyClock</a></li>
                    
                </ul>
                </li>
                
                <li>ChronoCoverageTest.TestSystemClock
                <ul>
                    
                    <li class="outcome outcome-passed"><a href="#357b2d49-2516-4e4c-a375-dda3220fae96">ChronoCoverageTest.TestSystemClock</a></li>
                    
                </ul>
                </li>
                
                <li>ChronoCoverageTest.TestDurationOperations
                <ul>
                    
                    <li class="outcome outcome-passed"><a href="#0aa61313-5b28-418b-b867-be39ddf4e89f">ChronoCoverageTest.TestDurationOperations</a></li>
                    
                </ul>
                </li>
                
                <li>ChronoCoverageTest.TestTimePointOperations
                <ul>
                    
                    <li class="outcome outcome-passed"><a href="#bce0ff05-0b2d-455d-a8a9-90f66fa5ded1">ChronoCoverageTest.TestTimePointOperations</a></li>
                    
                </ul>
                </li>
                
                <li>ChronoCoverageTest.TestDurationCast
                <ul>
                    
                    <li class="outcome outcome-passed"><a href="#094072ee-1987-46c8-bc1f-81f0060cd789">ChronoCoverageTest.TestDurationCast</a></li>
                    
                </ul>
                </li>
                
                <li>ChronoCoverageTest.TestClockProperties
                <ul>
                    
                    <li class="outcome outcome-passed"><a href="#194807a4-75a2-40eb-9baa-a8b67ce1a55f">ChronoCoverageTest.TestClockProperties</a></li>
                    
                </ul>
                </li>
                
                <li>ChronoCoverageTest.TestEdgeCases
                <ul>
                    
                    <li class="outcome outcome-passed"><a href="#0e9cba68-407e-490a-bfa5-c98653cbba2d">ChronoCoverageTest.TestEdgeCases</a></li>
                    
                </ul>
                </li>
                
                <li>ChronoCoverageTest.TestChronoLiterals
                <ul>
                    
                    <li class="outcome outcome-passed"><a href="#aa90564e-0ec8-4086-a1d6-f2b65247f5b1">ChronoCoverageTest.TestChronoLiterals</a></li>
                    
                </ul>
                </li>
                
                <li>ChronoCoverageTest.TestChronoComparison
                <ul>
                    
                    <li class="outcome outcome-passed"><a href="#eb835367-9a55-48b6-bb4e-ce0109502037">ChronoCoverageTest.TestChronoComparison</a></li>
                    
                </ul>
                </li>
                
                <li>ChronoCoverageTest.TestChronoArithmetic
                <ul>
                    
                    <li class="outcome outcome-passed"><a href="#f3a72431-bccf-428d-933a-e5e540d5417d">ChronoCoverageTest.TestChronoArithmetic</a></li>
                    
                </ul>
                </li>
                
                <li>ChronoCoverageTest.TestAdvancedDurationOperations
                <ul>
                    
                    <li class="outcome outcome-passed"><a href="#f0e58212-5237-4f19-ad85-19e32baf17c8">ChronoCoverageTest.TestAdvancedDurationOperations</a></li>
                    
                </ul>
                </li>
                
                <li>ChronoCoverageTest.TestClockPrecision
                <ul>
                    
                    <li class="outcome outcome-passed"><a href="#8c0501eb-b5e4-450c-ad19-bc2baae38a74">ChronoCoverageTest.TestClockPrecision</a></li>
                    
                </ul>
                </li>
                
                <li>ChronoCoverageTest.TestTimePointArithmetic
                <ul>
                    
                    <li class="outcome outcome-passed"><a href="#3465b001-2d2d-4cae-91c4-a8905ab419d3">ChronoCoverageTest.TestTimePointArithmetic</a></li>
                    
                </ul>
                </li>
                
                <li>ChronoCoverageTest.TestDurationSpecialCases
                <ul>
                    
                    <li class="outcome outcome-passed"><a href="#a4a27cf0-23e4-4c0d-9308-1c19f714be2f">ChronoCoverageTest.TestDurationSpecialCases</a></li>
                    
                </ul>
                </li>
                
                <li>ChronoCoverageTest.TestClockConversion
                <ul>
                    
                    <li class="outcome outcome-passed"><a href="#816156f7-ee03-40b3-baee-e7b3bb995dea">ChronoCoverageTest.TestClockConversion</a></li>
                    
                </ul>
                </li>
                
                <li>ChronoCoverageTest.TestChronoLiteralsAdvanced
                <ul>
                    
                    <li class="outcome outcome-passed"><a href="#915e3dbe-fe3f-464c-91a8-0898fb3220e5">ChronoCoverageTest.TestChronoLiteralsAdvanced</a></li>
                    
                </ul>
                </li>
                
                <li>ChronoCoverageTest.TestClockPropertiesAdvanced
                <ul>
                    
                    <li class="outcome outcome-passed"><a href="#553cf2a7-79ce-4b2a-aa84-0d51a3efb90b">ChronoCoverageTest.TestClockPropertiesAdvanced</a></li>
                    
                </ul>
                </li>
                
                <li>ChronoCoverageTest.TestChronoErrorHandling
                <ul>
                    
                    <li class="outcome outcome-passed"><a href="#733c64f0-a9ba-4913-abbb-6d08a76fbc56">ChronoCoverageTest.TestChronoErrorHandling</a></li>
                    
                </ul>
                </li>
                
                <li>ChronoCoverageTest.TestChronoPerformance
                <ul>
                    
                    <li class="outcome outcome-passed"><a href="#f570f1f0-c26e-4d50-860f-a5acb27bede9">ChronoCoverageTest.TestChronoPerformance</a></li>
                    
                </ul>
                </li>
                
                <li>DoublyLinkedList.InsertAndTraverse
                <ul>
                    
                    <li class="outcome outcome-passed"><a href="#69c604af-eb40-449c-9e62-ae24a00386c9">DoublyLinkedList.InsertAndTraverse</a></li>
                    
                </ul>
                </li>
                
                <li>DoublyLinkedList.EdgeCases
                <ul>
                    
                    <li class="outcome outcome-passed"><a href="#5439b5d5-9ad4-4e4b-813f-fb11dff27f24">DoublyLinkedList.EdgeCases</a></li>
                    
                </ul>
                </li>
                
                <li>Graph.BFSandDFS
                <ul>
                    
                    <li class="outcome outcome-passed"><a href="#e263af14-fe7d-424c-b221-deaca154b6e0">Graph.BFSandDFS</a></li>
                    
                </ul>
                </li>
                
                <li>HashTable.InsertFindErase
                <ul>
                    
                    <li class="outcome outcome-passed"><a href="#f7d4e75a-0a91-4d2f-a884-145b171db83d">HashTable.InsertFindErase</a></li>
                    
                </ul>
                </li>
                
                <li>BinaryHeap.PushPopOrder
                <ul>
                    
                    <li class="outcome outcome-passed"><a href="#4f63c3b9-c6ac-45de-a01b-6f543caee01e">BinaryHeap.PushPopOrder</a></li>
                    
                </ul>
                </li>
                
                <li>BinaryHeap.HeapSort
                <ul>
                    
                    <li class="outcome outcome-passed"><a href="#0319950b-fe2a-4e5a-984a-579dd7bb7c9f">BinaryHeap.HeapSort</a></li>
                    
                </ul>
                </li>
                
                <li>LexerParser.BasicProgramParse
                <ul>
                    
                    <li class="outcome outcome-passed"><a href="#5be83b86-7037-4977-98cf-c750029c67e7">LexerParser.BasicProgramParse</a></li>
                    
                </ul>
                </li>
                
                <li>Codegen.EmitsCPP
                <ul>
                    
                    <li class="outcome outcome-passed"><a href="#2db37ab0-427e-4127-bd1f-7523cd84b8ec">Codegen.EmitsCPP</a></li>
                    
                </ul>
                </li>
                
                <li>OverflowProtectionTest.TestSafeMultiplication
                <ul>
                    
                    <li class="outcome outcome-passed"><a href="#1b9ce9ab-5ea7-4763-97d3-498f1f6e9e8c">OverflowProtectionTest.TestSafeMultiplication</a></li>
                    
                </ul>
                </li>
                
                <li>OverflowProtectionTest.TestOverflowDetection
                <ul>
                    
                    <li class="outcome outcome-passed"><a href="#5f89b845-1f33-4598-a225-84f37b973793">OverflowProtectionTest.TestOverflowDetection</a></li>
                    
                </ul>
                </li>
                
                <li>OverflowProtectionTest.TestChronoOverflowProtection
                <ul>
                    
                    <li class="outcome outcome-passed"><a href="#1e519bdb-8005-4519-9bff-358525c4eb32">OverflowProtectionTest.TestChronoOverflowProtection</a></li>
                    
                </ul>
                </li>
                
                <li>OverflowProtectionTest.TestLargeValueHandling
                <ul>
                    
                    <li class="outcome outcome-failed"><a href="#23ef4107-57c8-4f75-a799-98b2845c6542">OverflowProtectionTest.TestLargeValueHandling</a></li>
                    
                </ul>
                </li>
                
                <li>OverflowProtectionTest.TestFrequencySpecificCalculations
                <ul>
                    
                    <li class="outcome outcome-passed"><a href="#9da3f650-0092-4dee-90ac-915a6851c2b2">OverflowProtectionTest.TestFrequencySpecificCalculations</a></li>
                    
                </ul>
                </li>
                
                <li>OverflowProtectionTest.TestOverflowPreventionAlgorithm
                <ul>
                    
                    <li class="outcome outcome-failed"><a href="#ed61bc2e-c65d-49a0-9f64-54272fd426fa">OverflowProtectionTest.TestOverflowPreventionAlgorithm</a></li>
                    
                </ul>
                </li>
                
                <li>OverflowProtectionTest.TestEdgeCases
                <ul>
                    
                    <li class="outcome outcome-failed"><a href="#6b2bd967-ea88-4c74-bd45-f8e2a0a6f1b8">OverflowProtectionTest.TestEdgeCases</a></li>
                    
                </ul>
                </li>
                
                <li>SparseMatrix.InsertAndLookup
                <ul>
                    
                    <li class="outcome outcome-passed"><a href="#23412515-2b78-476d-bf62-28a4cbe35f1c">SparseMatrix.InsertAndLookup</a></li>
                    
                </ul>
                </li>
                
                <li>StackQueue.StackLIFO
                <ul>
                    
                    <li class="outcome outcome-passed"><a href="#70f4d78a-bea1-4ffc-9667-6235400ac395">StackQueue.StackLIFO</a></li>
                    
                </ul>
                </li>
                
                <li>StackQueue.QueueFIFO
                <ul>
                    
                    <li class="outcome outcome-passed"><a href="#0f24e9e5-25ca-4105-8064-cc0913042767">StackQueue.QueueFIFO</a></li>
                    
                </ul>
                </li>
                
                <li>StringViewAdvancedCoverageTest.TestStringViewComparisonOperators
                <ul>
                    
                    <li class="outcome outcome-passed"><a href="#ddd789da-d60f-4d87-af72-3bb172ce0a7c">StringViewAdvancedCoverageTest.TestStringViewComparisonOperators</a></li>
                    
                </ul>
                </li>
                
                <li>StringViewAdvancedCoverageTest.TestStringViewStreamOutput
                <ul>
                    
                    <li class="outcome outcome-passed"><a href="#96942873-ec63-400b-bc2d-699c1eadb45c">StringViewAdvancedCoverageTest.TestStringViewStreamOutput</a></li>
                    
                </ul>
                </li>
                
                <li>StringViewAdvancedCoverageTest.TestStringViewConstMethods
                <ul>
                    
                    <li class="outcome outcome-passed"><a href="#0d678d1b-6ae4-49ac-9103-565d3fe05ba0">StringViewAdvancedCoverageTest.TestStringViewConstMethods</a></li>
                    
                </ul>
                </li>
                
                <li>StringViewAdvancedCoverageTest.TestStringViewSubstrEdgeCases
                <ul>
                    
                    <li class="outcome outcome-failed"><a href="#8eb00c90-7b15-4591-8cf5-555733838050">StringViewAdvancedCoverageTest.TestStringViewSubstrEdgeCases</a></li>
                    
                </ul>
                </li>
                
                <li>StringViewAdvancedCoverageTest.TestStringViewFindEdgeCases
                <ul>
                    
                    <li class="outcome outcome-passed"><a href="#96f735d3-b042-495a-93b6-b56bed9f8c41">StringViewAdvancedCoverageTest.TestStringViewFindEdgeCases</a></li>
                    
                </ul>
                </li>
                
                <li>StringViewAdvancedCoverageTest.TestStringViewCopyEdgeCases
                <ul>
                    
                    <li class="outcome outcome-failed"><a href="#e1edf230-3073-495b-9d28-a6c67dbc299c">StringViewAdvancedCoverageTest.TestStringViewCopyEdgeCases</a></li>
                    
                </ul>
                </li>
                
                <li>StringViewAdvancedCoverageTest.TestStringViewStartsWithEndsWithEdgeCases
                <ul>
                    
                    <li class="outcome outcome-passed"><a href="#d07068d3-8278-45c7-bc94-e0bd08fee35d">StringViewAdvancedCoverageTest.TestStringViewStartsWithEndsWithEdgeCases</a></li>
                    
                </ul>
                </li>
                
                <li>StringViewAdvancedCoverageTest.TestStringViewContainsEdgeCases
                <ul>
                    
                    <li class="outcome outcome-passed"><a href="#9ed1ff60-bfc4-45b0-a8bd-8a982b8f7b79">StringViewAdvancedCoverageTest.TestStringViewContainsEdgeCases</a></li>
                    
                </ul>
                </li>
                
                <li>StringViewAdvancedCoverageTest.TestStringViewRemovePrefixSuffixEdgeCases
                <ul>
                    
                    <li class="outcome outcome-passed"><a href="#db19b1af-eec4-4969-afba-8768d39ed40e">StringViewAdvancedCoverageTest.TestStringViewRemovePrefixSuffixEdgeCases</a></li>
                    
                </ul>
                </li>
                
                <li>StringViewAdvancedCoverageTest.TestStringViewHashEdgeCases
                <ul>
                    
                    <li class="outcome outcome-passed"><a href="#4d70ba69-1aa7-4051-9553-e38b12b289da">StringViewAdvancedCoverageTest.TestStringViewHashEdgeCases</a></li>
                    
                </ul>
                </li>
                
                <li>StringViewAdvancedCoverageTest.TestStringViewIteratorEdgeCases
                <ul>
                    
                    <li class="outcome outcome-passed"><a href="#72d2170a-6b75-4c0a-a8b2-565f2dcd0021">StringViewAdvancedCoverageTest.TestStringViewIteratorEdgeCases</a></li>
                    
                </ul>
                </li>
                
                <li>StringViewAdvancedCoverageTest.TestStringViewConstexprEdgeCases
                <ul>
                    
                    <li class="outcome outcome-passed"><a href="#44955ba5-4bd4-4e05-8e26-ddd518bf5a7b">StringViewAdvancedCoverageTest.TestStringViewConstexprEdgeCases</a></li>
                    
                </ul>
                </li>
                
                <li>StringViewAdvancedCoverageTest.TestStringViewPerformanceEdgeCases
                <ul>
                    
                    <li class="outcome outcome-passed"><a href="#b11151ed-ee23-48ec-a14a-bc465787b94d">StringViewAdvancedCoverageTest.TestStringViewPerformanceEdgeCases</a></li>
                    
                </ul>
                </li>
                
                <li>StringViewCoverageTest.TestStringViewConstruction
                <ul>
                    
                    <li class="outcome outcome-passed"><a href="#5915e72c-181f-4c70-afbb-862a7e59db18">StringViewCoverageTest.TestStringViewConstruction</a></li>
                    
                </ul>
                </li>
                
                <li>StringViewCoverageTest.TestStringViewAccess
                <ul>
                    
                    <li class="outcome outcome-passed"><a href="#600cfa27-560f-42dd-96c4-90d6c568aa99">StringViewCoverageTest.TestStringViewAccess</a></li>
                    
                </ul>
                </li>
                
                <li>StringViewCoverageTest.TestStringViewIterators
                <ul>
                    
                    <li class="outcome outcome-passed"><a href="#a2dfd2a1-2e76-4cbb-9147-d615895878b5">StringViewCoverageTest.TestStringViewIterators</a></li>
                    
                </ul>
                </li>
                
                <li>StringViewCoverageTest.TestStringViewSubstring
                <ul>
                    
                    <li class="outcome outcome-failed"><a href="#41ecc323-647b-41b8-8e70-87c5e2ef635f">StringViewCoverageTest.TestStringViewSubstring</a></li>
                    
                </ul>
                </li>
                
                <li>StringViewCoverageTest.TestStringViewComparison
                <ul>
                    
                    <li class="outcome outcome-passed"><a href="#3b9490ba-d450-44f6-8690-326948c4d39b">StringViewCoverageTest.TestStringViewComparison</a></li>
                    
                </ul>
                </li>
                
                <li>StringViewCoverageTest.TestStringViewFind
                <ul>
                    
                    <li class="outcome outcome-failed"><a href="#fccbb587-a6a8-463e-9359-0e40bdf6a5c2">StringViewCoverageTest.TestStringViewFind</a></li>
                    
                </ul>
                </li>
                
                <li>StringViewCoverageTest.TestStringViewStartsWithEndsWith
                <ul>
                    
                    <li class="outcome outcome-failed"><a href="#f5b9fb19-0c70-4183-917a-9eef4ea4b595">StringViewCoverageTest.TestStringViewStartsWithEndsWith</a></li>
                    
                </ul>
                </li>
                
                <li>StringViewCoverageTest.TestStringViewContains
                <ul>
                    
                    <li class="outcome outcome-passed"><a href="#da7ae6d5-6b07-4533-85a3-0c6e4f07b1e7">StringViewCoverageTest.TestStringViewContains</a></li>
                    
                </ul>
                </li>
                
                <li>StringViewCoverageTest.TestStringViewRemovePrefixSuffix
                <ul>
                    
                    <li class="outcome outcome-passed"><a href="#7104d1ea-96ba-42d9-a779-8da9f7cbe7b1">StringViewCoverageTest.TestStringViewRemovePrefixSuffix</a></li>
                    
                </ul>
                </li>
                
                <li>StringViewCoverageTest.TestStringViewCopy
                <ul>
                    
                    <li class="outcome outcome-passed"><a href="#dbcd6710-1b57-408a-818e-fdcc5ce1740a">StringViewCoverageTest.TestStringViewCopy</a></li>
                    
                </ul>
                </li>
                
                <li>StringViewCoverageTest.TestStringViewHash
                <ul>
                    
                    <li class="outcome outcome-passed"><a href="#00335b79-736a-422d-8959-0aaacabf1247">StringViewCoverageTest.TestStringViewHash</a></li>
                    
                </ul>
                </li>
                
                <li>StringViewCoverageTest.TestStringViewEdgeCases
                <ul>
                    
                    <li class="outcome outcome-passed"><a href="#dd9eb3c6-879c-485c-93ae-ab2823f711e0">StringViewCoverageTest.TestStringViewEdgeCases</a></li>
                    
                </ul>
                </li>
                
                <li>StringViewCoverageTest.TestStringViewConstexpr
                <ul>
                    
                    <li class="outcome outcome-passed"><a href="#6cbb88c7-4dcd-43e7-ab6a-5e374d2d3046">StringViewCoverageTest.TestStringViewConstexpr</a></li>
                    
                </ul>
                </li>
                
                <li>StringViewCoverageTest.TestStringViewPerformance
                <ul>
                    
                    <li class="outcome outcome-passed"><a href="#08c8ed59-9638-4e1c-9d40-93cc02f3e8ae">StringViewCoverageTest.TestStringViewPerformance</a></li>
                    
                </ul>
                </li>
                
                <li>StringViewInternalUtilitiesTest.TestStringViewLengthFunction
                <ul>
                    
                    <li class="outcome outcome-failed"><a href="#4a57fc65-3ee2-46b6-9d0b-e808d8ab616d">StringViewInternalUtilitiesTest.TestStringViewLengthFunction</a></li>
                    
                </ul>
                </li>
                
                <li>StringViewInternalUtilitiesTest.TestStringViewFindFunction
                <ul>
                    
                    <li class="outcome outcome-failed"><a href="#6d134f8b-60f8-4bc8-93a2-a4511691b425">StringViewInternalUtilitiesTest.TestStringViewFindFunction</a></li>
                    
                </ul>
                </li>
                
                <li>StringViewInternalUtilitiesTest.TestStringViewAssignFunction
                <ul>
                    
                    <li class="outcome outcome-passed"><a href="#c3a7535f-e4a2-420e-8bc3-11b8917f5367">StringViewInternalUtilitiesTest.TestStringViewAssignFunction</a></li>
                    
                </ul>
                </li>
                
                <li>StringViewInternalUtilitiesTest.TestStringViewInternalOperations
                <ul>
                    
                    <li class="outcome outcome-failed"><a href="#57f7f131-6110-4aa6-a908-0477f9bcc884">StringViewInternalUtilitiesTest.TestStringViewInternalOperations</a></li>
                    
                </ul>
                </li>
                
                <li>StringViewInternalUtilitiesTest.TestStringViewEdgeCasesForInternalFunctions
                <ul>
                    
                    <li class="outcome outcome-failed"><a href="#4a8af77b-974a-435a-a632-036882762761">StringViewInternalUtilitiesTest.TestStringViewEdgeCasesForInternalFunctions</a></li>
                    
                </ul>
                </li>
                
                <li>StringViewInternalUtilitiesTest.TestStringViewConstexprInternalFunctions
                <ul>
                    
                    <li class="outcome outcome-passed"><a href="#cac330da-89b9-4354-9c25-6032aacad60f">StringViewInternalUtilitiesTest.TestStringViewConstexprInternalFunctions</a></li>
                    
                </ul>
                </li>
                
                <li>StringViewInternalUtilitiesTest.TestStringViewPerformanceInternalFunctions
                <ul>
                    
                    <li class="outcome outcome-passed"><a href="#3dbf41bf-c59c-4b52-9728-ea351eccf6e2">StringViewInternalUtilitiesTest.TestStringViewPerformanceInternalFunctions</a></li>
                    
                </ul>
                </li>
                
                <li>XORLinkedList.InsertDeleteNavigate
                <ul>
                    
                    <li class="outcome outcome-passed"><a href="#1afbf6e6-fd11-40e7-8d47-e2cc3c228e83">XORLinkedList.InsertDeleteNavigate</a></li>
                    
                </ul>
                </li>
                
            
            </ul>
        </td>
        <td class="failure-index">
            <ul class="toc">
            
                
                    
                    
                    
                
                    
                    
                    
                
                    
                    
                    
                
                    
                    
                    
                
                    
                    
                    
                
                    
                    
                    
                
                    
                    
                    
                
                    
                    
                    
                
                    
                    
                    
                
                    
                    
                    
                
                    
                    
                    
                
                    
                    
                    
                
                    
                    
                    
                
                    
                    
                    
                
                    
                    
                    
                
                    
                    
                    
                
                    
                    
                    
                
                    
                    
                    
                
                    
                    
                    
                
                    
                    
                    
                
                    
                    
                    
                
                    
                    
                    
                
                    
                    
                    
                
                    
                    
                    
                
                    
                    
                    
                
                    
                    
                    
                
                    
                    
                    
                
                    
                    
                    
                
                    
                    
                    
                
                    
                    
                    
                
                    
                    
                    
                
                    
                    
                    
                
                    
                    
                    
                
                    
                    
                    
                
                    
                    
                    
                
                    
                    
                    
                
                    
                    
                    
                
                    
                    
                    
                
                    
                    
                    
                
                    
                    
                    
                
                    
                    
                    
                
                    
                    
                    
                
                    
                    
                    
                
                    
                    
                    
                
                    
                    
                    <li><a href="#23ef4107-57c8-4f75-a799-98b2845c6542">[F] OverflowProtectionTest.TestLargeValueHandling : OverflowProtectionTest.TestLargeValueHandling</a></li>
                    
                    
                
                    
                    
                    
                
                    
                    
                    <li><a href="#ed61bc2e-c65d-49a0-9f64-54272fd426fa">[F] OverflowProtectionTest.TestOverflowPreventionAlgorithm : OverflowProtectionTest.TestOverflowPreventionAlgorithm</a></li>
                    
                    
                
                    
                    
                    <li><a href="#6b2bd967-ea88-4c74-bd45-f8e2a0a6f1b8">[F] OverflowProtectionTest.TestEdgeCases : OverflowProtectionTest.TestEdgeCases</a></li>
                    
                    
                
                    
                    
                    
                
                    
                    
                    
                
                    
                    
                    
                
                    
                    
                    
                
                    
                    
                    
                
                    
                    
                    
                
                    
                    
                    <li><a href="#8eb00c90-7b15-4591-8cf5-555733838050">[F] StringViewAdvancedCoverageTest.TestStringViewSubstrEdgeCases : StringViewAdvancedCoverageTest.TestStringViewSubstrEdgeCases</a></li>
                    
                    
                
                    
                    
                    
                
                    
                    
                    <li><a href="#e1edf230-3073-495b-9d28-a6c67dbc299c">[F] StringViewAdvancedCoverageTest.TestStringViewCopyEdgeCases : StringViewAdvancedCoverageTest.TestStringViewCopyEdgeCases</a></li>
                    
                    
                
                    
                    
                    
                
                    
                    
                    
                
                    
                    
                    
                
                    
                    
                    
                
                    
                    
                    
                
                    
                    
                    
                
                    
                    
                    
                
                    
                    
                    
                
                    
                    
                    
                
                    
                    
                    
                
                    
                    
                    <li><a href="#41ecc323-647b-41b8-8e70-87c5e2ef635f">[F] StringViewCoverageTest.TestStringViewSubstring : StringViewCoverageTest.TestStringViewSubstring</a></li>
                    
                    
                
                    
                    
                    
                
                    
                    
                    <li><a href="#fccbb587-a6a8-463e-9359-0e40bdf6a5c2">[F] StringViewCoverageTest.TestStringViewFind : StringViewCoverageTest.TestStringViewFind</a></li>
                    
                    
                
                    
                    
                    <li><a href="#f5b9fb19-0c70-4183-917a-9eef4ea4b595">[F] StringViewCoverageTest.TestStringViewStartsWithEndsWith : StringViewCoverageTest.TestStringViewStartsWithEndsWith</a></li>
                    
                    
                
                    
                    
                    
                
                    
                    
                    
                
                    
                    
                    
                
                    
                    
                    
                
                    
                    
                    
                
                    
                    
                    
                
                    
                    
                    
                
                    
                    
                    <li><a href="#4a57fc65-3ee2-46b6-9d0b-e808d8ab616d">[F] StringViewInternalUtilitiesTest.TestStringViewLengthFunction : StringViewInternalUtilitiesTest.TestStringViewLengthFunction</a></li>
                    
                    
                
                    
                    
                    <li><a href="#6d134f8b-60f8-4bc8-93a2-a4511691b425">[F] StringViewInternalUtilitiesTest.TestStringViewFindFunction : StringViewInternalUtilitiesTest.TestStringViewFindFunction</a></li>
                    
                    
                
                    
                    
                    
                
                    
                    
                    <li><a href="#57f7f131-6110-4aa6-a908-0477f9bcc884">[F] StringViewInternalUtilitiesTest.TestStringViewInternalOperations : StringViewInternalUtilitiesTest.TestStringViewInternalOperations</a></li>
                    
                    
                
                    
                    
                    <li><a href="#4a8af77b-974a-435a-a632-036882762761">[F] StringViewInternalUtilitiesTest.TestStringViewEdgeCasesForInternalFunctions : StringViewInternalUtilitiesTest.TestStringViewEdgeCasesForInternalFunctions</a></li>
                    
                    
                
                    
                    
                    
                
                    
                    
                    
                
                    
                    
                    
                
            
            </ul>
        </td>
    </tr>
</table>



    <div class="testsuite">
        <h2>Test Suite: (empty)</h2>
        <a id="6c3cc600-e29d-40a5-a6c8-b00e916ac7c2"></a>
        
        
        <h3>Results</h3>
        <table class="proplist">
            <tr>
                <th>Duration</th><td>0.0 sec</td>
            </tr>
            <tr>
                <th>Tests</th><td>86</td>
            </tr>
            <tr>
                <th>Failures</th><td>12</td>
            </tr>
        </table>

        <div class="testclasses">
            <h3>Tests</h3>
            
            <div class="testclass">
                <h4>ChronoAdvancedCoverageTest.TestChronoTypeTraits</h4>
                <div class="testcases">
                
                    <div class="test outcome outcome-passed">
                        <a id="41db1c84-68b0-445e-81c7-6dde49d24ac3"></a>
                        <table class="proplist">
                            <tr><th>Test case:</th><td><b>ChronoAdvancedCoverageTest.TestChronoTypeTraits</b></td></tr>
                            <tr><th>Outcome:</th><td>Passed</td></tr>
                            <tr><th>Duration:</th><td>0.024 sec</td></tr>
                        
                        
                        </table>

                        
                        

                        
                        
                        <div class="stdout"><i>Stdout</i><br>
                            <pre>Running main() from C:\Users\ahmet\OneDrive\Masaüstü\DataStructure\cen207-2025-2026-5-Mustafa-Yildirimm-cpp\build_win\_deps\googletest-src\googletest\src\gtest_main.cc
Note: Google Test filter = ChronoAdvancedCoverageTest.TestChronoTypeTraits
[==========] Running 1 test from 1 test suite.
[----------] Global test environment set-up.
[----------] 1 test from ChronoAdvancedCoverageTest
[ RUN      ] ChronoAdvancedCoverageTest.TestChronoTypeTraits
[       OK ] ChronoAdvancedCoverageTest.TestChronoTypeTraits (0 ms)
[----------] 1 test from ChronoAdvancedCoverageTest (0 ms total)

[----------] Global test environment tear-down
[==========] 1 test from 1 test suite ran. (0 ms total)
[  PASSED  ] 1 test.
</pre>
                        </div>
                        
                        
                    </div>
                
                </div>
            </div>
            
            <div class="testclass">
                <h4>ChronoAdvancedCoverageTest.TestChronoRatioOperations</h4>
                <div class="testcases">
                
                    <div class="test outcome outcome-passed">
                        <a id="9d4f7595-2097-46bd-b6ec-b8d22b61594f"></a>
                        <table class="proplist">
                            <tr><th>Test case:</th><td><b>ChronoAdvancedCoverageTest.TestChronoRatioOperations</b></td></tr>
                            <tr><th>Outcome:</th><td>Passed</td></tr>
                            <tr><th>Duration:</th><td>0.024 sec</td></tr>
                        
                        
                        </table>

                        
                        

                        
                        
                        <div class="stdout"><i>Stdout</i><br>
                            <pre>Running main() from C:\Users\ahmet\OneDrive\Masaüstü\DataStructure\cen207-2025-2026-5-Mustafa-Yildirimm-cpp\build_win\_deps\googletest-src\googletest\src\gtest_main.cc
Note: Google Test filter = ChronoAdvancedCoverageTest.TestChronoRatioOperations
[==========] Running 1 test from 1 test suite.
[----------] Global test environment set-up.
[----------] 1 test from ChronoAdvancedCoverageTest
[ RUN      ] ChronoAdvancedCoverageTest.TestChronoRatioOperations
[       OK ] ChronoAdvancedCoverageTest.TestChronoRatioOperations (0 ms)
[----------] 1 test from ChronoAdvancedCoverageTest (0 ms total)

[----------] Global test environment tear-down
[==========] 1 test from 1 test suite ran. (0 ms total)
[  PASSED  ] 1 test.
</pre>
                        </div>
                        
                        
                    </div>
                
                </div>
            </div>
            
            <div class="testclass">
                <h4>ChronoAdvancedCoverageTest.TestChronoClockComparison</h4>
                <div class="testcases">
                
                    <div class="test outcome outcome-passed">
                        <a id="29a73799-769f-41b4-8847-dfade0defd8b"></a>
                        <table class="proplist">
                            <tr><th>Test case:</th><td><b>ChronoAdvancedCoverageTest.TestChronoClockComparison</b></td></tr>
                            <tr><th>Outcome:</th><td>Passed</td></tr>
                            <tr><th>Duration:</th><td>0.06 sec</td></tr>
                        
                        
                        </table>

                        
                        

                        
                        
                        <div class="stdout"><i>Stdout</i><br>
                            <pre>Running main() from C:\Users\ahmet\OneDrive\Masaüstü\DataStructure\cen207-2025-2026-5-Mustafa-Yildirimm-cpp\build_win\_deps\googletest-src\googletest\src\gtest_main.cc
Note: Google Test filter = ChronoAdvancedCoverageTest.TestChronoClockComparison
[==========] Running 1 test from 1 test suite.
[----------] Global test environment set-up.
[----------] 1 test from ChronoAdvancedCoverageTest
[ RUN      ] ChronoAdvancedCoverageTest.TestChronoClockComparison
[       OK ] ChronoAdvancedCoverageTest.TestChronoClockComparison (10 ms)
[----------] 1 test from ChronoAdvancedCoverageTest (10 ms total)

[----------] Global test environment tear-down
[==========] 1 test from 1 test suite ran. (10 ms total)
[  PASSED  ] 1 test.
</pre>
                        </div>
                        
                        
                    </div>
                
                </div>
            </div>
            
            <div class="testclass">
                <h4>ChronoAdvancedCoverageTest.TestChronoDurationComparison</h4>
                <div class="testcases">
                
                    <div class="test outcome outcome-passed">
                        <a id="30efa2ef-11fc-4105-8152-f17c32a97ab1"></a>
                        <table class="proplist">
                            <tr><th>Test case:</th><td><b>ChronoAdvancedCoverageTest.TestChronoDurationComparison</b></td></tr>
                            <tr><th>Outcome:</th><td>Passed</td></tr>
                            <tr><th>Duration:</th><td>0.038 sec</td></tr>
                        
                        
                        </table>

                        
                        

                        
                        
                        <div class="stdout"><i>Stdout</i><br>
                            <pre>Running main() from C:\Users\ahmet\OneDrive\Masaüstü\DataStructure\cen207-2025-2026-5-Mustafa-Yildirimm-cpp\build_win\_deps\googletest-src\googletest\src\gtest_main.cc
Note: Google Test filter = ChronoAdvancedCoverageTest.TestChronoDurationComparison
[==========] Running 1 test from 1 test suite.
[----------] Global test environment set-up.
[----------] 1 test from ChronoAdvancedCoverageTest
[ RUN      ] ChronoAdvancedCoverageTest.TestChronoDurationComparison
[       OK ] ChronoAdvancedCoverageTest.TestChronoDurationComparison (0 ms)
[----------] 1 test from ChronoAdvancedCoverageTest (0 ms total)

[----------] Global test environment tear-down
[==========] 1 test from 1 test suite ran. (0 ms total)
[  PASSED  ] 1 test.
</pre>
                        </div>
                        
                        
                    </div>
                
                </div>
            </div>
            
            <div class="testclass">
                <h4>ChronoAdvancedCoverageTest.TestChronoDurationArithmeticAdvanced</h4>
                <div class="testcases">
                
                    <div class="test outcome outcome-passed">
                        <a id="da33c5ef-45db-49b6-8630-cc3abc6ec3aa"></a>
                        <table class="proplist">
                            <tr><th>Test case:</th><td><b>ChronoAdvancedCoverageTest.TestChronoDurationArithmeticAdvanced</b></td></tr>
                            <tr><th>Outcome:</th><td>Passed</td></tr>
                            <tr><th>Duration:</th><td>0.022 sec</td></tr>
                        
                        
                        </table>

                        
                        

                        
                        
                        <div class="stdout"><i>Stdout</i><br>
                            <pre>Running main() from C:\Users\ahmet\OneDrive\Masaüstü\DataStructure\cen207-2025-2026-5-Mustafa-Yildirimm-cpp\build_win\_deps\googletest-src\googletest\src\gtest_main.cc
Note: Google Test filter = ChronoAdvancedCoverageTest.TestChronoDurationArithmeticAdvanced
[==========] Running 1 test from 1 test suite.
[----------] Global test environment set-up.
[----------] 1 test from ChronoAdvancedCoverageTest
[ RUN      ] ChronoAdvancedCoverageTest.TestChronoDurationArithmeticAdvanced
[       OK ] ChronoAdvancedCoverageTest.TestChronoDurationArithmeticAdvanced (0 ms)
[----------] 1 test from ChronoAdvancedCoverageTest (0 ms total)

[----------] Global test environment tear-down
[==========] 1 test from 1 test suite ran. (0 ms total)
[  PASSED  ] 1 test.
</pre>
                        </div>
                        
                        
                    </div>
                
                </div>
            </div>
            
            <div class="testclass">
                <h4>ChronoAdvancedCoverageTest.TestChronoTimePointArithmeticAdvanced</h4>
                <div class="testcases">
                
                    <div class="test outcome outcome-passed">
                        <a id="94127116-d554-41a8-a1d9-87888b7df9d6"></a>
                        <table class="proplist">
                            <tr><th>Test case:</th><td><b>ChronoAdvancedCoverageTest.TestChronoTimePointArithmeticAdvanced</b></td></tr>
                            <tr><th>Outcome:</th><td>Passed</td></tr>
                            <tr><th>Duration:</th><td>0.025 sec</td></tr>
                        
                        
                        </table>

                        
                        

                        
                        
                        <div class="stdout"><i>Stdout</i><br>
                            <pre>Running main() from C:\Users\ahmet\OneDrive\Masaüstü\DataStructure\cen207-2025-2026-5-Mustafa-Yildirimm-cpp\build_win\_deps\googletest-src\googletest\src\gtest_main.cc
Note: Google Test filter = ChronoAdvancedCoverageTest.TestChronoTimePointArithmeticAdvanced
[==========] Running 1 test from 1 test suite.
[----------] Global test environment set-up.
[----------] 1 test from ChronoAdvancedCoverageTest
[ RUN      ] ChronoAdvancedCoverageTest.TestChronoTimePointArithmeticAdvanced
[       OK ] ChronoAdvancedCoverageTest.TestChronoTimePointArithmeticAdvanced (0 ms)
[----------] 1 test from ChronoAdvancedCoverageTest (0 ms total)

[----------] Global test environment tear-down
[==========] 1 test from 1 test suite ran. (0 ms total)
[  PASSED  ] 1 test.
</pre>
                        </div>
                        
                        
                    </div>
                
                </div>
            </div>
            
            <div class="testclass">
                <h4>ChronoAdvancedCoverageTest.TestChronoDurationCastAdvanced</h4>
                <div class="testcases">
                
                    <div class="test outcome outcome-passed">
                        <a id="c8b03a18-343f-4cc1-b9f7-118cc874daec"></a>
                        <table class="proplist">
                            <tr><th>Test case:</th><td><b>ChronoAdvancedCoverageTest.TestChronoDurationCastAdvanced</b></td></tr>
                            <tr><th>Outcome:</th><td>Passed</td></tr>
                            <tr><th>Duration:</th><td>0.038 sec</td></tr>
                        
                        
                        </table>

                        
                        

                        
                        
                        <div class="stdout"><i>Stdout</i><br>
                            <pre>Running main() from C:\Users\ahmet\OneDrive\Masaüstü\DataStructure\cen207-2025-2026-5-Mustafa-Yildirimm-cpp\build_win\_deps\googletest-src\googletest\src\gtest_main.cc
Note: Google Test filter = ChronoAdvancedCoverageTest.TestChronoDurationCastAdvanced
[==========] Running 1 test from 1 test suite.
[----------] Global test environment set-up.
[----------] 1 test from ChronoAdvancedCoverageTest
[ RUN      ] ChronoAdvancedCoverageTest.TestChronoDurationCastAdvanced
[       OK ] ChronoAdvancedCoverageTest.TestChronoDurationCastAdvanced (0 ms)
[----------] 1 test from ChronoAdvancedCoverageTest (0 ms total)

[----------] Global test environment tear-down
[==========] 1 test from 1 test suite ran. (0 ms total)
[  PASSED  ] 1 test.
</pre>
                        </div>
                        
                        
                    </div>
                
                </div>
            </div>
            
            <div class="testclass">
                <h4>ChronoAdvancedCoverageTest.TestChronoClockResolution</h4>
                <div class="testcases">
                
                    <div class="test outcome outcome-passed">
                        <a id="3eafe180-5f15-4ac0-ab6a-746481427d3c"></a>
                        <table class="proplist">
                            <tr><th>Test case:</th><td><b>ChronoAdvancedCoverageTest.TestChronoClockResolution</b></td></tr>
                            <tr><th>Outcome:</th><td>Passed</td></tr>
                            <tr><th>Duration:</th><td>0.032 sec</td></tr>
                        
                        
                        </table>

                        
                        

                        
                        
                        <div class="stdout"><i>Stdout</i><br>
                            <pre>Running main() from C:\Users\ahmet\OneDrive\Masaüstü\DataStructure\cen207-2025-2026-5-Mustafa-Yildirimm-cpp\build_win\_deps\googletest-src\googletest\src\gtest_main.cc
Note: Google Test filter = ChronoAdvancedCoverageTest.TestChronoClockResolution
[==========] Running 1 test from 1 test suite.
[----------] Global test environment set-up.
[----------] 1 test from ChronoAdvancedCoverageTest
[ RUN      ] ChronoAdvancedCoverageTest.TestChronoClockResolution
[       OK ] ChronoAdvancedCoverageTest.TestChronoClockResolution (0 ms)
[----------] 1 test from ChronoAdvancedCoverageTest (0 ms total)

[----------] Global test environment tear-down
[==========] 1 test from 1 test suite ran. (0 ms total)
[  PASSED  ] 1 test.
</pre>
                        </div>
                        
                        
                    </div>
                
                </div>
            </div>
            
            <div class="testclass">
                <h4>ChronoAdvancedCoverageTest.TestChronoDurationLimits</h4>
                <div class="testcases">
                
                    <div class="test outcome outcome-passed">
                        <a id="cd0d869e-d8bc-4d0f-8a2e-88ee185e926d"></a>
                        <table class="proplist">
                            <tr><th>Test case:</th><td><b>ChronoAdvancedCoverageTest.TestChronoDurationLimits</b></td></tr>
                            <tr><th>Outcome:</th><td>Passed</td></tr>
                            <tr><th>Duration:</th><td>0.053 sec</td></tr>
                        
                        
                        </table>

                        
                        

                        
                        
                        <div class="stdout"><i>Stdout</i><br>
                            <pre>Running main() from C:\Users\ahmet\OneDrive\Masaüstü\DataStructure\cen207-2025-2026-5-Mustafa-Yildirimm-cpp\build_win\_deps\googletest-src\googletest\src\gtest_main.cc
Note: Google Test filter = ChronoAdvancedCoverageTest.TestChronoDurationLimits
[==========] Running 1 test from 1 test suite.
[----------] Global test environment set-up.
[----------] 1 test from ChronoAdvancedCoverageTest
[ RUN      ] ChronoAdvancedCoverageTest.TestChronoDurationLimits
[       OK ] ChronoAdvancedCoverageTest.TestChronoDurationLimits (0 ms)
[----------] 1 test from ChronoAdvancedCoverageTest (0 ms total)

[----------] Global test environment tear-down
[==========] 1 test from 1 test suite ran. (0 ms total)
[  PASSED  ] 1 test.
</pre>
                        </div>
                        
                        
                    </div>
                
                </div>
            </div>
            
            <div class="testclass">
                <h4>ChronoAdvancedCoverageTest.TestChronoDurationArithmeticOverflow</h4>
                <div class="testcases">
                
                    <div class="test outcome outcome-passed">
                        <a id="f00c5703-9abd-49db-8896-7b790d2ef898"></a>
                        <table class="proplist">
                            <tr><th>Test case:</th><td><b>ChronoAdvancedCoverageTest.TestChronoDurationArithmeticOverflow</b></td></tr>
                            <tr><th>Outcome:</th><td>Passed</td></tr>
                            <tr><th>Duration:</th><td>0.026 sec</td></tr>
                        
                        
                        </table>

                        
                        

                        
                        
                        <div class="stdout"><i>Stdout</i><br>
                            <pre>Running main() from C:\Users\ahmet\OneDrive\Masaüstü\DataStructure\cen207-2025-2026-5-Mustafa-Yildirimm-cpp\build_win\_deps\googletest-src\googletest\src\gtest_main.cc
Note: Google Test filter = ChronoAdvancedCoverageTest.TestChronoDurationArithmeticOverflow
[==========] Running 1 test from 1 test suite.
[----------] Global test environment set-up.
[----------] 1 test from ChronoAdvancedCoverageTest
[ RUN      ] ChronoAdvancedCoverageTest.TestChronoDurationArithmeticOverflow
[       OK ] ChronoAdvancedCoverageTest.TestChronoDurationArithmeticOverflow (0 ms)
[----------] 1 test from ChronoAdvancedCoverageTest (0 ms total)

[----------] Global test environment tear-down
[==========] 1 test from 1 test suite ran. (0 ms total)
[  PASSED  ] 1 test.
</pre>
                        </div>
                        
                        
                    </div>
                
                </div>
            </div>
            
            <div class="testclass">
                <h4>ChronoAdvancedCoverageTest.TestChronoTimePointConversion</h4>
                <div class="testcases">
                
                    <div class="test outcome outcome-passed">
                        <a id="ac7730c5-0843-4dfb-b31b-1439fcda82e9"></a>
                        <table class="proplist">
                            <tr><th>Test case:</th><td><b>ChronoAdvancedCoverageTest.TestChronoTimePointConversion</b></td></tr>
                            <tr><th>Outcome:</th><td>Passed</td></tr>
                            <tr><th>Duration:</th><td>0.034 sec</td></tr>
                        
                        
                        </table>

                        
                        

                        
                        
                        <div class="stdout"><i>Stdout</i><br>
                            <pre>Running main() from C:\Users\ahmet\OneDrive\Masaüstü\DataStructure\cen207-2025-2026-5-Mustafa-Yildirimm-cpp\build_win\_deps\googletest-src\googletest\src\gtest_main.cc
Note: Google Test filter = ChronoAdvancedCoverageTest.TestChronoTimePointConversion
[==========] Running 1 test from 1 test suite.
[----------] Global test environment set-up.
[----------] 1 test from ChronoAdvancedCoverageTest
[ RUN      ] ChronoAdvancedCoverageTest.TestChronoTimePointConversion
[       OK ] ChronoAdvancedCoverageTest.TestChronoTimePointConversion (0 ms)
[----------] 1 test from ChronoAdvancedCoverageTest (0 ms total)

[----------] Global test environment tear-down
[==========] 1 test from 1 test suite ran. (0 ms total)
[  PASSED  ] 1 test.
</pre>
                        </div>
                        
                        
                    </div>
                
                </div>
            </div>
            
            <div class="testclass">
                <h4>ChronoAdvancedCoverageTest.TestChronoDurationSpecialValues</h4>
                <div class="testcases">
                
                    <div class="test outcome outcome-passed">
                        <a id="568ab4da-709a-41cc-8bbb-9c905d82a761"></a>
                        <table class="proplist">
                            <tr><th>Test case:</th><td><b>ChronoAdvancedCoverageTest.TestChronoDurationSpecialValues</b></td></tr>
                            <tr><th>Outcome:</th><td>Passed</td></tr>
                            <tr><th>Duration:</th><td>0.034 sec</td></tr>
                        
                        
                        </table>

                        
                        

                        
                        
                        <div class="stdout"><i>Stdout</i><br>
                            <pre>Running main() from C:\Users\ahmet\OneDrive\Masaüstü\DataStructure\cen207-2025-2026-5-Mustafa-Yildirimm-cpp\build_win\_deps\googletest-src\googletest\src\gtest_main.cc
Note: Google Test filter = ChronoAdvancedCoverageTest.TestChronoDurationSpecialValues
[==========] Running 1 test from 1 test suite.
[----------] Global test environment set-up.
[----------] 1 test from ChronoAdvancedCoverageTest
[ RUN      ] ChronoAdvancedCoverageTest.TestChronoDurationSpecialValues
[       OK ] ChronoAdvancedCoverageTest.TestChronoDurationSpecialValues (0 ms)
[----------] 1 test from ChronoAdvancedCoverageTest (0 ms total)

[----------] Global test environment tear-down
[==========] 1 test from 1 test suite ran. (0 ms total)
[  PASSED  ] 1 test.
</pre>
                        </div>
                        
                        
                    </div>
                
                </div>
            </div>
            
            <div class="testclass">
                <h4>ChronoAdvancedCoverageTest.TestChronoDurationArithmeticPrecision</h4>
                <div class="testcases">
                
                    <div class="test outcome outcome-passed">
                        <a id="48c1a76a-83bd-4a04-aa0d-635b0cefcae2"></a>
                        <table class="proplist">
                            <tr><th>Test case:</th><td><b>ChronoAdvancedCoverageTest.TestChronoDurationArithmeticPrecision</b></td></tr>
                            <tr><th>Outcome:</th><td>Passed</td></tr>
                            <tr><th>Duration:</th><td>0.056 sec</td></tr>
                        
                        
                        </table>

                        
                        

                        
                        
                        <div class="stdout"><i>Stdout</i><br>
                            <pre>Running main() from C:\Users\ahmet\OneDrive\Masaüstü\DataStructure\cen207-2025-2026-5-Mustafa-Yildirimm-cpp\build_win\_deps\googletest-src\googletest\src\gtest_main.cc
Note: Google Test filter = ChronoAdvancedCoverageTest.TestChronoDurationArithmeticPrecision
[==========] Running 1 test from 1 test suite.
[----------] Global test environment set-up.
[----------] 1 test from ChronoAdvancedCoverageTest
[ RUN      ] ChronoAdvancedCoverageTest.TestChronoDurationArithmeticPrecision
[       OK ] ChronoAdvancedCoverageTest.TestChronoDurationArithmeticPrecision (0 ms)
[----------] 1 test from ChronoAdvancedCoverageTest (0 ms total)

[----------] Global test environment tear-down
[==========] 1 test from 1 test suite ran. (0 ms total)
[  PASSED  ] 1 test.
</pre>
                        </div>
                        
                        
                    </div>
                
                </div>
            </div>
            
            <div class="testclass">
                <h4>ChronoCoverageTest.TestHighResolutionClock</h4>
                <div class="testcases">
                
                    <div class="test outcome outcome-passed">
                        <a id="a6112321-b798-4200-a641-5728f1367388"></a>
                        <table class="proplist">
                            <tr><th>Test case:</th><td><b>ChronoCoverageTest.TestHighResolutionClock</b></td></tr>
                            <tr><th>Outcome:</th><td>Passed</td></tr>
                            <tr><th>Duration:</th><td>0.03 sec</td></tr>
                        
                        
                        </table>

                        
                        

                        
                        
                        <div class="stdout"><i>Stdout</i><br>
                            <pre>Running main() from C:\Users\ahmet\OneDrive\Masaüstü\DataStructure\cen207-2025-2026-5-Mustafa-Yildirimm-cpp\build_win\_deps\googletest-src\googletest\src\gtest_main.cc
Note: Google Test filter = ChronoCoverageTest.TestHighResolutionClock
[==========] Running 1 test from 1 test suite.
[----------] Global test environment set-up.
[----------] 1 test from ChronoCoverageTest
[ RUN      ] ChronoCoverageTest.TestHighResolutionClock
[       OK ] ChronoCoverageTest.TestHighResolutionClock (2 ms)
[----------] 1 test from ChronoCoverageTest (2 ms total)

[----------] Global test environment tear-down
[==========] 1 test from 1 test suite ran. (2 ms total)
[  PASSED  ] 1 test.
</pre>
                        </div>
                        
                        
                    </div>
                
                </div>
            </div>
            
            <div class="testclass">
                <h4>ChronoCoverageTest.TestSteadyClock</h4>
                <div class="testcases">
                
                    <div class="test outcome outcome-passed">
                        <a id="87d562f5-888f-42f0-9545-68dfee95361f"></a>
                        <table class="proplist">
                            <tr><th>Test case:</th><td><b>ChronoCoverageTest.TestSteadyClock</b></td></tr>
                            <tr><th>Outcome:</th><td>Passed</td></tr>
                            <tr><th>Duration:</th><td>0.043 sec</td></tr>
                        
                        
                        </table>

                        
                        

                        
                        
                        <div class="stdout"><i>Stdout</i><br>
                            <pre>Running main() from C:\Users\ahmet\OneDrive\Masaüstü\DataStructure\cen207-2025-2026-5-Mustafa-Yildirimm-cpp\build_win\_deps\googletest-src\googletest\src\gtest_main.cc
Note: Google Test filter = ChronoCoverageTest.TestSteadyClock
[==========] Running 1 test from 1 test suite.
[----------] Global test environment set-up.
[----------] 1 test from ChronoCoverageTest
[ RUN      ] ChronoCoverageTest.TestSteadyClock
[       OK ] ChronoCoverageTest.TestSteadyClock (14 ms)
[----------] 1 test from ChronoCoverageTest (14 ms total)

[----------] Global test environment tear-down
[==========] 1 test from 1 test suite ran. (14 ms total)
[  PASSED  ] 1 test.
</pre>
                        </div>
                        
                        
                    </div>
                
                </div>
            </div>
            
            <div class="testclass">
                <h4>ChronoCoverageTest.TestSystemClock</h4>
                <div class="testcases">
                
                    <div class="test outcome outcome-passed">
                        <a id="357b2d49-2516-4e4c-a375-dda3220fae96"></a>
                        <table class="proplist">
                            <tr><th>Test case:</th><td><b>ChronoCoverageTest.TestSystemClock</b></td></tr>
                            <tr><th>Outcome:</th><td>Passed</td></tr>
                            <tr><th>Duration:</th><td>0.034 sec</td></tr>
                        
                        
                        </table>

                        
                        

                        
                        
                        <div class="stdout"><i>Stdout</i><br>
                            <pre>Running main() from C:\Users\ahmet\OneDrive\Masaüstü\DataStructure\cen207-2025-2026-5-Mustafa-Yildirimm-cpp\build_win\_deps\googletest-src\googletest\src\gtest_main.cc
Note: Google Test filter = ChronoCoverageTest.TestSystemClock
[==========] Running 1 test from 1 test suite.
[----------] Global test environment set-up.
[----------] 1 test from ChronoCoverageTest
[ RUN      ] ChronoCoverageTest.TestSystemClock
[       OK ] ChronoCoverageTest.TestSystemClock (0 ms)
[----------] 1 test from ChronoCoverageTest (0 ms total)

[----------] Global test environment tear-down
[==========] 1 test from 1 test suite ran. (0 ms total)
[  PASSED  ] 1 test.
</pre>
                        </div>
                        
                        
                    </div>
                
                </div>
            </div>
            
            <div class="testclass">
                <h4>ChronoCoverageTest.TestDurationOperations</h4>
                <div class="testcases">
                
                    <div class="test outcome outcome-passed">
                        <a id="0aa61313-5b28-418b-b867-be39ddf4e89f"></a>
                        <table class="proplist">
                            <tr><th>Test case:</th><td><b>ChronoCoverageTest.TestDurationOperations</b></td></tr>
                            <tr><th>Outcome:</th><td>Passed</td></tr>
                            <tr><th>Duration:</th><td>0.022 sec</td></tr>
                        
                        
                        </table>

                        
                        

                        
                        
                        <div class="stdout"><i>Stdout</i><br>
                            <pre>Running main() from C:\Users\ahmet\OneDrive\Masaüstü\DataStructure\cen207-2025-2026-5-Mustafa-Yildirimm-cpp\build_win\_deps\googletest-src\googletest\src\gtest_main.cc
Note: Google Test filter = ChronoCoverageTest.TestDurationOperations
[==========] Running 1 test from 1 test suite.
[----------] Global test environment set-up.
[----------] 1 test from ChronoCoverageTest
[ RUN      ] ChronoCoverageTest.TestDurationOperations
[       OK ] ChronoCoverageTest.TestDurationOperations (0 ms)
[----------] 1 test from ChronoCoverageTest (0 ms total)

[----------] Global test environment tear-down
[==========] 1 test from 1 test suite ran. (0 ms total)
[  PASSED  ] 1 test.
</pre>
                        </div>
                        
                        
                    </div>
                
                </div>
            </div>
            
            <div class="testclass">
                <h4>ChronoCoverageTest.TestTimePointOperations</h4>
                <div class="testcases">
                
                    <div class="test outcome outcome-passed">
                        <a id="bce0ff05-0b2d-455d-a8a9-90f66fa5ded1"></a>
                        <table class="proplist">
                            <tr><th>Test case:</th><td><b>ChronoCoverageTest.TestTimePointOperations</b></td></tr>
                            <tr><th>Outcome:</th><td>Passed</td></tr>
                            <tr><th>Duration:</th><td>0.027 sec</td></tr>
                        
                        
                        </table>

                        
                        

                        
                        
                        <div class="stdout"><i>Stdout</i><br>
                            <pre>Running main() from C:\Users\ahmet\OneDrive\Masaüstü\DataStructure\cen207-2025-2026-5-Mustafa-Yildirimm-cpp\build_win\_deps\googletest-src\googletest\src\gtest_main.cc
Note: Google Test filter = ChronoCoverageTest.TestTimePointOperations
[==========] Running 1 test from 1 test suite.
[----------] Global test environment set-up.
[----------] 1 test from ChronoCoverageTest
[ RUN      ] ChronoCoverageTest.TestTimePointOperations
[       OK ] ChronoCoverageTest.TestTimePointOperations (0 ms)
[----------] 1 test from ChronoCoverageTest (0 ms total)

[----------] Global test environment tear-down
[==========] 1 test from 1 test suite ran. (0 ms total)
[  PASSED  ] 1 test.
</pre>
                        </div>
                        
                        
                    </div>
                
                </div>
            </div>
            
            <div class="testclass">
                <h4>ChronoCoverageTest.TestDurationCast</h4>
                <div class="testcases">
                
                    <div class="test outcome outcome-passed">
                        <a id="094072ee-1987-46c8-bc1f-81f0060cd789"></a>
                        <table class="proplist">
                            <tr><th>Test case:</th><td><b>ChronoCoverageTest.TestDurationCast</b></td></tr>
                            <tr><th>Outcome:</th><td>Passed</td></tr>
                            <tr><th>Duration:</th><td>0.027 sec</td></tr>
                        
                        
                        </table>

                        
                        

                        
                        
                        <div class="stdout"><i>Stdout</i><br>
                            <pre>Running main() from C:\Users\ahmet\OneDrive\Masaüstü\DataStructure\cen207-2025-2026-5-Mustafa-Yildirimm-cpp\build_win\_deps\googletest-src\googletest\src\gtest_main.cc
Note: Google Test filter = ChronoCoverageTest.TestDurationCast
[==========] Running 1 test from 1 test suite.
[----------] Global test environment set-up.
[----------] 1 test from ChronoCoverageTest
[ RUN      ] ChronoCoverageTest.TestDurationCast
[       OK ] ChronoCoverageTest.TestDurationCast (0 ms)
[----------] 1 test from ChronoCoverageTest (0 ms total)

[----------] Global test environment tear-down
[==========] 1 test from 1 test suite ran. (0 ms total)
[  PASSED  ] 1 test.
</pre>
                        </div>
                        
                        
                    </div>
                
                </div>
            </div>
            
            <div class="testclass">
                <h4>ChronoCoverageTest.TestClockProperties</h4>
                <div class="testcases">
                
                    <div class="test outcome outcome-passed">
                        <a id="194807a4-75a2-40eb-9baa-a8b67ce1a55f"></a>
                        <table class="proplist">
                            <tr><th>Test case:</th><td><b>ChronoCoverageTest.TestClockProperties</b></td></tr>
                            <tr><th>Outcome:</th><td>Passed</td></tr>
                            <tr><th>Duration:</th><td>0.032 sec</td></tr>
                        
                        
                        </table>

                        
                        

                        
                        
                        <div class="stdout"><i>Stdout</i><br>
                            <pre>Running main() from C:\Users\ahmet\OneDrive\Masaüstü\DataStructure\cen207-2025-2026-5-Mustafa-Yildirimm-cpp\build_win\_deps\googletest-src\googletest\src\gtest_main.cc
Note: Google Test filter = ChronoCoverageTest.TestClockProperties
[==========] Running 1 test from 1 test suite.
[----------] Global test environment set-up.
[----------] 1 test from ChronoCoverageTest
[ RUN      ] ChronoCoverageTest.TestClockProperties
[       OK ] ChronoCoverageTest.TestClockProperties (0 ms)
[----------] 1 test from ChronoCoverageTest (0 ms total)

[----------] Global test environment tear-down
[==========] 1 test from 1 test suite ran. (0 ms total)
[  PASSED  ] 1 test.
</pre>
                        </div>
                        
                        
                    </div>
                
                </div>
            </div>
            
            <div class="testclass">
                <h4>ChronoCoverageTest.TestEdgeCases</h4>
                <div class="testcases">
                
                    <div class="test outcome outcome-passed">
                        <a id="0e9cba68-407e-490a-bfa5-c98653cbba2d"></a>
                        <table class="proplist">
                            <tr><th>Test case:</th><td><b>ChronoCoverageTest.TestEdgeCases</b></td></tr>
                            <tr><th>Outcome:</th><td>Passed</td></tr>
                            <tr><th>Duration:</th><td>0.035 sec</td></tr>
                        
                        
                        </table>

                        
                        

                        
                        
                        <div class="stdout"><i>Stdout</i><br>
                            <pre>Running main() from C:\Users\ahmet\OneDrive\Masaüstü\DataStructure\cen207-2025-2026-5-Mustafa-Yildirimm-cpp\build_win\_deps\googletest-src\googletest\src\gtest_main.cc
Note: Google Test filter = ChronoCoverageTest.TestEdgeCases
[==========] Running 1 test from 1 test suite.
[----------] Global test environment set-up.
[----------] 1 test from ChronoCoverageTest
[ RUN      ] ChronoCoverageTest.TestEdgeCases
[       OK ] ChronoCoverageTest.TestEdgeCases (0 ms)
[----------] 1 test from ChronoCoverageTest (0 ms total)

[----------] Global test environment tear-down
[==========] 1 test from 1 test suite ran. (0 ms total)
[  PASSED  ] 1 test.
</pre>
                        </div>
                        
                        
                    </div>
                
                </div>
            </div>
            
            <div class="testclass">
                <h4>ChronoCoverageTest.TestChronoLiterals</h4>
                <div class="testcases">
                
                    <div class="test outcome outcome-passed">
                        <a id="aa90564e-0ec8-4086-a1d6-f2b65247f5b1"></a>
                        <table class="proplist">
                            <tr><th>Test case:</th><td><b>ChronoCoverageTest.TestChronoLiterals</b></td></tr>
                            <tr><th>Outcome:</th><td>Passed</td></tr>
                            <tr><th>Duration:</th><td>0.041 sec</td></tr>
                        
                        
                        </table>

                        
                        

                        
                        
                        <div class="stdout"><i>Stdout</i><br>
                            <pre>Running main() from C:\Users\ahmet\OneDrive\Masaüstü\DataStructure\cen207-2025-2026-5-Mustafa-Yildirimm-cpp\build_win\_deps\googletest-src\googletest\src\gtest_main.cc
Note: Google Test filter = ChronoCoverageTest.TestChronoLiterals
[==========] Running 1 test from 1 test suite.
[----------] Global test environment set-up.
[----------] 1 test from ChronoCoverageTest
[ RUN      ] ChronoCoverageTest.TestChronoLiterals
[       OK ] ChronoCoverageTest.TestChronoLiterals (0 ms)
[----------] 1 test from ChronoCoverageTest (0 ms total)

[----------] Global test environment tear-down
[==========] 1 test from 1 test suite ran. (0 ms total)
[  PASSED  ] 1 test.
</pre>
                        </div>
                        
                        
                    </div>
                
                </div>
            </div>
            
            <div class="testclass">
                <h4>ChronoCoverageTest.TestChronoComparison</h4>
                <div class="testcases">
                
                    <div class="test outcome outcome-passed">
                        <a id="eb835367-9a55-48b6-bb4e-ce0109502037"></a>
                        <table class="proplist">
                            <tr><th>Test case:</th><td><b>ChronoCoverageTest.TestChronoComparison</b></td></tr>
                            <tr><th>Outcome:</th><td>Passed</td></tr>
                            <tr><th>Duration:</th><td>0.034 sec</td></tr>
                        
                        
                        </table>

                        
                        

                        
                        
                        <div class="stdout"><i>Stdout</i><br>
                            <pre>Running main() from C:\Users\ahmet\OneDrive\Masaüstü\DataStructure\cen207-2025-2026-5-Mustafa-Yildirimm-cpp\build_win\_deps\googletest-src\googletest\src\gtest_main.cc
Note: Google Test filter = ChronoCoverageTest.TestChronoComparison
[==========] Running 1 test from 1 test suite.
[----------] Global test environment set-up.
[----------] 1 test from ChronoCoverageTest
[ RUN      ] ChronoCoverageTest.TestChronoComparison
[       OK ] ChronoCoverageTest.TestChronoComparison (0 ms)
[----------] 1 test from ChronoCoverageTest (0 ms total)

[----------] Global test environment tear-down
[==========] 1 test from 1 test suite ran. (0 ms total)
[  PASSED  ] 1 test.
</pre>
                        </div>
                        
                        
                    </div>
                
                </div>
            </div>
            
            <div class="testclass">
                <h4>ChronoCoverageTest.TestChronoArithmetic</h4>
                <div class="testcases">
                
                    <div class="test outcome outcome-passed">
                        <a id="f3a72431-bccf-428d-933a-e5e540d5417d"></a>
                        <table class="proplist">
                            <tr><th>Test case:</th><td><b>ChronoCoverageTest.TestChronoArithmetic</b></td></tr>
                            <tr><th>Outcome:</th><td>Passed</td></tr>
                            <tr><th>Duration:</th><td>0.03 sec</td></tr>
                        
                        
                        </table>

                        
                        

                        
                        
                        <div class="stdout"><i>Stdout</i><br>
                            <pre>Running main() from C:\Users\ahmet\OneDrive\Masaüstü\DataStructure\cen207-2025-2026-5-Mustafa-Yildirimm-cpp\build_win\_deps\googletest-src\googletest\src\gtest_main.cc
Note: Google Test filter = ChronoCoverageTest.TestChronoArithmetic
[==========] Running 1 test from 1 test suite.
[----------] Global test environment set-up.
[----------] 1 test from ChronoCoverageTest
[ RUN      ] ChronoCoverageTest.TestChronoArithmetic
[       OK ] ChronoCoverageTest.TestChronoArithmetic (0 ms)
[----------] 1 test from ChronoCoverageTest (0 ms total)

[----------] Global test environment tear-down
[==========] 1 test from 1 test suite ran. (0 ms total)
[  PASSED  ] 1 test.
</pre>
                        </div>
                        
                        
                    </div>
                
                </div>
            </div>
            
            <div class="testclass">
                <h4>ChronoCoverageTest.TestAdvancedDurationOperations</h4>
                <div class="testcases">
                
                    <div class="test outcome outcome-passed">
                        <a id="f0e58212-5237-4f19-ad85-19e32baf17c8"></a>
                        <table class="proplist">
                            <tr><th>Test case:</th><td><b>ChronoCoverageTest.TestAdvancedDurationOperations</b></td></tr>
                            <tr><th>Outcome:</th><td>Passed</td></tr>
                            <tr><th>Duration:</th><td>0.03 sec</td></tr>
                        
                        
                        </table>

                        
                        

                        
                        
                        <div class="stdout"><i>Stdout</i><br>
                            <pre>Running main() from C:\Users\ahmet\OneDrive\Masaüstü\DataStructure\cen207-2025-2026-5-Mustafa-Yildirimm-cpp\build_win\_deps\googletest-src\googletest\src\gtest_main.cc
Note: Google Test filter = ChronoCoverageTest.TestAdvancedDurationOperations
[==========] Running 1 test from 1 test suite.
[----------] Global test environment set-up.
[----------] 1 test from ChronoCoverageTest
[ RUN      ] ChronoCoverageTest.TestAdvancedDurationOperations
[       OK ] ChronoCoverageTest.TestAdvancedDurationOperations (0 ms)
[----------] 1 test from ChronoCoverageTest (0 ms total)

[----------] Global test environment tear-down
[==========] 1 test from 1 test suite ran. (0 ms total)
[  PASSED  ] 1 test.
</pre>
                        </div>
                        
                        
                    </div>
                
                </div>
            </div>
            
            <div class="testclass">
                <h4>ChronoCoverageTest.TestClockPrecision</h4>
                <div class="testcases">
                
                    <div class="test outcome outcome-passed">
                        <a id="8c0501eb-b5e4-450c-ad19-bc2baae38a74"></a>
                        <table class="proplist">
                            <tr><th>Test case:</th><td><b>ChronoCoverageTest.TestClockPrecision</b></td></tr>
                            <tr><th>Outcome:</th><td>Passed</td></tr>
                            <tr><th>Duration:</th><td>0.041 sec</td></tr>
                        
                        
                        </table>

                        
                        

                        
                        
                        <div class="stdout"><i>Stdout</i><br>
                            <pre>Running main() from C:\Users\ahmet\OneDrive\Masaüstü\DataStructure\cen207-2025-2026-5-Mustafa-Yildirimm-cpp\build_win\_deps\googletest-src\googletest\src\gtest_main.cc
Note: Google Test filter = ChronoCoverageTest.TestClockPrecision
[==========] Running 1 test from 1 test suite.
[----------] Global test environment set-up.
[----------] 1 test from ChronoCoverageTest
[ RUN      ] ChronoCoverageTest.TestClockPrecision
[       OK ] ChronoCoverageTest.TestClockPrecision (19 ms)
[----------] 1 test from ChronoCoverageTest (20 ms total)

[----------] Global test environment tear-down
[==========] 1 test from 1 test suite ran. (20 ms total)
[  PASSED  ] 1 test.
</pre>
                        </div>
                        
                        
                    </div>
                
                </div>
            </div>
            
            <div class="testclass">
                <h4>ChronoCoverageTest.TestTimePointArithmetic</h4>
                <div class="testcases">
                
                    <div class="test outcome outcome-passed">
                        <a id="3465b001-2d2d-4cae-91c4-a8905ab419d3"></a>
                        <table class="proplist">
                            <tr><th>Test case:</th><td><b>ChronoCoverageTest.TestTimePointArithmetic</b></td></tr>
                            <tr><th>Outcome:</th><td>Passed</td></tr>
                            <tr><th>Duration:</th><td>0.026 sec</td></tr>
                        
                        
                        </table>

                        
                        

                        
                        
                        <div class="stdout"><i>Stdout</i><br>
                            <pre>Running main() from C:\Users\ahmet\OneDrive\Masaüstü\DataStructure\cen207-2025-2026-5-Mustafa-Yildirimm-cpp\build_win\_deps\googletest-src\googletest\src\gtest_main.cc
Note: Google Test filter = ChronoCoverageTest.TestTimePointArithmetic
[==========] Running 1 test from 1 test suite.
[----------] Global test environment set-up.
[----------] 1 test from ChronoCoverageTest
[ RUN      ] ChronoCoverageTest.TestTimePointArithmetic
[       OK ] ChronoCoverageTest.TestTimePointArithmetic (0 ms)
[----------] 1 test from ChronoCoverageTest (0 ms total)

[----------] Global test environment tear-down
[==========] 1 test from 1 test suite ran. (0 ms total)
[  PASSED  ] 1 test.
</pre>
                        </div>
                        
                        
                    </div>
                
                </div>
            </div>
            
            <div class="testclass">
                <h4>ChronoCoverageTest.TestDurationSpecialCases</h4>
                <div class="testcases">
                
                    <div class="test outcome outcome-passed">
                        <a id="a4a27cf0-23e4-4c0d-9308-1c19f714be2f"></a>
                        <table class="proplist">
                            <tr><th>Test case:</th><td><b>ChronoCoverageTest.TestDurationSpecialCases</b></td></tr>
                            <tr><th>Outcome:</th><td>Passed</td></tr>
                            <tr><th>Duration:</th><td>0.023 sec</td></tr>
                        
                        
                        </table>

                        
                        

                        
                        
                        <div class="stdout"><i>Stdout</i><br>
                            <pre>Running main() from C:\Users\ahmet\OneDrive\Masaüstü\DataStructure\cen207-2025-2026-5-Mustafa-Yildirimm-cpp\build_win\_deps\googletest-src\googletest\src\gtest_main.cc
Note: Google Test filter = ChronoCoverageTest.TestDurationSpecialCases
[==========] Running 1 test from 1 test suite.
[----------] Global test environment set-up.
[----------] 1 test from ChronoCoverageTest
[ RUN      ] ChronoCoverageTest.TestDurationSpecialCases
[       OK ] ChronoCoverageTest.TestDurationSpecialCases (0 ms)
[----------] 1 test from ChronoCoverageTest (0 ms total)

[----------] Global test environment tear-down
[==========] 1 test from 1 test suite ran. (0 ms total)
[  PASSED  ] 1 test.
</pre>
                        </div>
                        
                        
                    </div>
                
                </div>
            </div>
            
            <div class="testclass">
                <h4>ChronoCoverageTest.TestClockConversion</h4>
                <div class="testcases">
                
                    <div class="test outcome outcome-passed">
                        <a id="816156f7-ee03-40b3-baee-e7b3bb995dea"></a>
                        <table class="proplist">
                            <tr><th>Test case:</th><td><b>ChronoCoverageTest.TestClockConversion</b></td></tr>
                            <tr><th>Outcome:</th><td>Passed</td></tr>
                            <tr><th>Duration:</th><td>0.052 sec</td></tr>
                        
                        
                        </table>

                        
                        

                        
                        
                        <div class="stdout"><i>Stdout</i><br>
                            <pre>Running main() from C:\Users\ahmet\OneDrive\Masaüstü\DataStructure\cen207-2025-2026-5-Mustafa-Yildirimm-cpp\build_win\_deps\googletest-src\googletest\src\gtest_main.cc
Note: Google Test filter = ChronoCoverageTest.TestClockConversion
[==========] Running 1 test from 1 test suite.
[----------] Global test environment set-up.
[----------] 1 test from ChronoCoverageTest
[ RUN      ] ChronoCoverageTest.TestClockConversion
[       OK ] ChronoCoverageTest.TestClockConversion (0 ms)
[----------] 1 test from ChronoCoverageTest (0 ms total)

[----------] Global test environment tear-down
[==========] 1 test from 1 test suite ran. (0 ms total)
[  PASSED  ] 1 test.
</pre>
                        </div>
                        
                        
                    </div>
                
                </div>
            </div>
            
            <div class="testclass">
                <h4>ChronoCoverageTest.TestChronoLiteralsAdvanced</h4>
                <div class="testcases">
                
                    <div class="test outcome outcome-passed">
                        <a id="915e3dbe-fe3f-464c-91a8-0898fb3220e5"></a>
                        <table class="proplist">
                            <tr><th>Test case:</th><td><b>ChronoCoverageTest.TestChronoLiteralsAdvanced</b></td></tr>
                            <tr><th>Outcome:</th><td>Passed</td></tr>
                            <tr><th>Duration:</th><td>0.033 sec</td></tr>
                        
                        
                        </table>

                        
                        

                        
                        
                        <div class="stdout"><i>Stdout</i><br>
                            <pre>Running main() from C:\Users\ahmet\OneDrive\Masaüstü\DataStructure\cen207-2025-2026-5-Mustafa-Yildirimm-cpp\build_win\_deps\googletest-src\googletest\src\gtest_main.cc
Note: Google Test filter = ChronoCoverageTest.TestChronoLiteralsAdvanced
[==========] Running 1 test from 1 test suite.
[----------] Global test environment set-up.
[----------] 1 test from ChronoCoverageTest
[ RUN      ] ChronoCoverageTest.TestChronoLiteralsAdvanced
[       OK ] ChronoCoverageTest.TestChronoLiteralsAdvanced (0 ms)
[----------] 1 test from ChronoCoverageTest (0 ms total)

[----------] Global test environment tear-down
[==========] 1 test from 1 test suite ran. (0 ms total)
[  PASSED  ] 1 test.
</pre>
                        </div>
                        
                        
                    </div>
                
                </div>
            </div>
            
            <div class="testclass">
                <h4>ChronoCoverageTest.TestClockPropertiesAdvanced</h4>
                <div class="testcases">
                
                    <div class="test outcome outcome-passed">
                        <a id="553cf2a7-79ce-4b2a-aa84-0d51a3efb90b"></a>
                        <table class="proplist">
                            <tr><th>Test case:</th><td><b>ChronoCoverageTest.TestClockPropertiesAdvanced</b></td></tr>
                            <tr><th>Outcome:</th><td>Passed</td></tr>
                            <tr><th>Duration:</th><td>0.033 sec</td></tr>
                        
                        
                        </table>

                        
                        

                        
                        
                        <div class="stdout"><i>Stdout</i><br>
                            <pre>Running main() from C:\Users\ahmet\OneDrive\Masaüstü\DataStructure\cen207-2025-2026-5-Mustafa-Yildirimm-cpp\build_win\_deps\googletest-src\googletest\src\gtest_main.cc
Note: Google Test filter = ChronoCoverageTest.TestClockPropertiesAdvanced
[==========] Running 1 test from 1 test suite.
[----------] Global test environment set-up.
[----------] 1 test from ChronoCoverageTest
[ RUN      ] ChronoCoverageTest.TestClockPropertiesAdvanced
[       OK ] ChronoCoverageTest.TestClockPropertiesAdvanced (0 ms)
[----------] 1 test from ChronoCoverageTest (0 ms total)

[----------] Global test environment tear-down
[==========] 1 test from 1 test suite ran. (0 ms total)
[  PASSED  ] 1 test.
</pre>
                        </div>
                        
                        
                    </div>
                
                </div>
            </div>
            
            <div class="testclass">
                <h4>ChronoCoverageTest.TestChronoErrorHandling</h4>
                <div class="testcases">
                
                    <div class="test outcome outcome-passed">
                        <a id="733c64f0-a9ba-4913-abbb-6d08a76fbc56"></a>
                        <table class="proplist">
                            <tr><th>Test case:</th><td><b>ChronoCoverageTest.TestChronoErrorHandling</b></td></tr>
                            <tr><th>Outcome:</th><td>Passed</td></tr>
                            <tr><th>Duration:</th><td>0.018 sec</td></tr>
                        
                        
                        </table>

                        
                        

                        
                        
                        <div class="stdout"><i>Stdout</i><br>
                            <pre>Running main() from C:\Users\ahmet\OneDrive\Masaüstü\DataStructure\cen207-2025-2026-5-Mustafa-Yildirimm-cpp\build_win\_deps\googletest-src\googletest\src\gtest_main.cc
Note: Google Test filter = ChronoCoverageTest.TestChronoErrorHandling
[==========] Running 1 test from 1 test suite.
[----------] Global test environment set-up.
[----------] 1 test from ChronoCoverageTest
[ RUN      ] ChronoCoverageTest.TestChronoErrorHandling
[       OK ] ChronoCoverageTest.TestChronoErrorHandling (0 ms)
[----------] 1 test from ChronoCoverageTest (0 ms total)

[----------] Global test environment tear-down
[==========] 1 test from 1 test suite ran. (0 ms total)
[  PASSED  ] 1 test.
</pre>
                        </div>
                        
                        
                    </div>
                
                </div>
            </div>
            
            <div class="testclass">
                <h4>ChronoCoverageTest.TestChronoPerformance</h4>
                <div class="testcases">
                
                    <div class="test outcome outcome-passed">
                        <a id="f570f1f0-c26e-4d50-860f-a5acb27bede9"></a>
                        <table class="proplist">
                            <tr><th>Test case:</th><td><b>ChronoCoverageTest.TestChronoPerformance</b></td></tr>
                            <tr><th>Outcome:</th><td>Passed</td></tr>
                            <tr><th>Duration:</th><td>0.115 sec</td></tr>
                        
                        
                        </table>

                        
                        

                        
                        
                        <div class="stdout"><i>Stdout</i><br>
                            <pre>Running main() from C:\Users\ahmet\OneDrive\Masaüstü\DataStructure\cen207-2025-2026-5-Mustafa-Yildirimm-cpp\build_win\_deps\googletest-src\googletest\src\gtest_main.cc
Note: Google Test filter = ChronoCoverageTest.TestChronoPerformance
[==========] Running 1 test from 1 test suite.
[----------] Global test environment set-up.
[----------] 1 test from ChronoCoverageTest
[ RUN      ] ChronoCoverageTest.TestChronoPerformance
[       OK ] ChronoCoverageTest.TestChronoPerformance (87 ms)
[----------] 1 test from ChronoCoverageTest (87 ms total)

[----------] Global test environment tear-down
[==========] 1 test from 1 test suite ran. (87 ms total)
[  PASSED  ] 1 test.
</pre>
                        </div>
                        
                        
                    </div>
                
                </div>
            </div>
            
            <div class="testclass">
                <h4>DoublyLinkedList.InsertAndTraverse</h4>
                <div class="testcases">
                
                    <div class="test outcome outcome-passed">
                        <a id="69c604af-eb40-449c-9e62-ae24a00386c9"></a>
                        <table class="proplist">
                            <tr><th>Test case:</th><td><b>DoublyLinkedList.InsertAndTraverse</b></td></tr>
                            <tr><th>Outcome:</th><td>Passed</td></tr>
                            <tr><th>Duration:</th><td>0.02 sec</td></tr>
                        
                        
                        </table>

                        
                        

                        
                        
                        <div class="stdout"><i>Stdout</i><br>
                            <pre>Running main() from C:\Users\ahmet\OneDrive\Masaüstü\DataStructure\cen207-2025-2026-5-Mustafa-Yildirimm-cpp\build_win\_deps\googletest-src\googletest\src\gtest_main.cc
Note: Google Test filter = DoublyLinkedList.InsertAndTraverse
[==========] Running 1 test from 1 test suite.
[----------] Global test environment set-up.
[----------] 1 test from DoublyLinkedList
[ RUN      ] DoublyLinkedList.InsertAndTraverse
[       OK ] DoublyLinkedList.InsertAndTraverse (0 ms)
[----------] 1 test from DoublyLinkedList (0 ms total)

[----------] Global test environment tear-down
[==========] 1 test from 1 test suite ran. (0 ms total)
[  PASSED  ] 1 test.
</pre>
                        </div>
                        
                        
                    </div>
                
                </div>
            </div>
            
            <div class="testclass">
                <h4>DoublyLinkedList.EdgeCases</h4>
                <div class="testcases">
                
                    <div class="test outcome outcome-passed">
                        <a id="5439b5d5-9ad4-4e4b-813f-fb11dff27f24"></a>
                        <table class="proplist">
                            <tr><th>Test case:</th><td><b>DoublyLinkedList.EdgeCases</b></td></tr>
                            <tr><th>Outcome:</th><td>Passed</td></tr>
                            <tr><th>Duration:</th><td>0.036 sec</td></tr>
                        
                        
                        </table>

                        
                        

                        
                        
                        <div class="stdout"><i>Stdout</i><br>
                            <pre>Running main() from C:\Users\ahmet\OneDrive\Masaüstü\DataStructure\cen207-2025-2026-5-Mustafa-Yildirimm-cpp\build_win\_deps\googletest-src\googletest\src\gtest_main.cc
Note: Google Test filter = DoublyLinkedList.EdgeCases
[==========] Running 1 test from 1 test suite.
[----------] Global test environment set-up.
[----------] 1 test from DoublyLinkedList
[ RUN      ] DoublyLinkedList.EdgeCases
[       OK ] DoublyLinkedList.EdgeCases (0 ms)
[----------] 1 test from DoublyLinkedList (0 ms total)

[----------] Global test environment tear-down
[==========] 1 test from 1 test suite ran. (0 ms total)
[  PASSED  ] 1 test.
</pre>
                        </div>
                        
                        
                    </div>
                
                </div>
            </div>
            
            <div class="testclass">
                <h4>Graph.BFSandDFS</h4>
                <div class="testcases">
                
                    <div class="test outcome outcome-passed">
                        <a id="e263af14-fe7d-424c-b221-deaca154b6e0"></a>
                        <table class="proplist">
                            <tr><th>Test case:</th><td><b>Graph.BFSandDFS</b></td></tr>
                            <tr><th>Outcome:</th><td>Passed</td></tr>
                            <tr><th>Duration:</th><td>0.036 sec</td></tr>
                        
                        
                        </table>

                        
                        

                        
                        
                        <div class="stdout"><i>Stdout</i><br>
                            <pre>Running main() from C:\Users\ahmet\OneDrive\Masaüstü\DataStructure\cen207-2025-2026-5-Mustafa-Yildirimm-cpp\build_win\_deps\googletest-src\googletest\src\gtest_main.cc
Note: Google Test filter = Graph.BFSandDFS
[==========] Running 1 test from 1 test suite.
[----------] Global test environment set-up.
[----------] 1 test from Graph
[ RUN      ] Graph.BFSandDFS
[       OK ] Graph.BFSandDFS (0 ms)
[----------] 1 test from Graph (0 ms total)

[----------] Global test environment tear-down
[==========] 1 test from 1 test suite ran. (0 ms total)
[  PASSED  ] 1 test.
</pre>
                        </div>
                        
                        
                    </div>
                
                </div>
            </div>
            
            <div class="testclass">
                <h4>HashTable.InsertFindErase</h4>
                <div class="testcases">
                
                    <div class="test outcome outcome-passed">
                        <a id="f7d4e75a-0a91-4d2f-a884-145b171db83d"></a>
                        <table class="proplist">
                            <tr><th>Test case:</th><td><b>HashTable.InsertFindErase</b></td></tr>
                            <tr><th>Outcome:</th><td>Passed</td></tr>
                            <tr><th>Duration:</th><td>0.048 sec</td></tr>
                        
                        
                        </table>

                        
                        

                        
                        
                        <div class="stdout"><i>Stdout</i><br>
                            <pre>Running main() from C:\Users\ahmet\OneDrive\Masaüstü\DataStructure\cen207-2025-2026-5-Mustafa-Yildirimm-cpp\build_win\_deps\googletest-src\googletest\src\gtest_main.cc
Note: Google Test filter = HashTable.InsertFindErase
[==========] Running 1 test from 1 test suite.
[----------] Global test environment set-up.
[----------] 1 test from HashTable
[ RUN      ] HashTable.InsertFindErase
[       OK ] HashTable.InsertFindErase (0 ms)
[----------] 1 test from HashTable (0 ms total)

[----------] Global test environment tear-down
[==========] 1 test from 1 test suite ran. (0 ms total)
[  PASSED  ] 1 test.
</pre>
                        </div>
                        
                        
                    </div>
                
                </div>
            </div>
            
            <div class="testclass">
                <h4>BinaryHeap.PushPopOrder</h4>
                <div class="testcases">
                
                    <div class="test outcome outcome-passed">
                        <a id="4f63c3b9-c6ac-45de-a01b-6f543caee01e"></a>
                        <table class="proplist">
                            <tr><th>Test case:</th><td><b>BinaryHeap.PushPopOrder</b></td></tr>
                            <tr><th>Outcome:</th><td>Passed</td></tr>
                            <tr><th>Duration:</th><td>0.033 sec</td></tr>
                        
                        
                        </table>

                        
                        

                        
                        
                        <div class="stdout"><i>Stdout</i><br>
                            <pre>Running main() from C:\Users\ahmet\OneDrive\Masaüstü\DataStructure\cen207-2025-2026-5-Mustafa-Yildirimm-cpp\build_win\_deps\googletest-src\googletest\src\gtest_main.cc
Note: Google Test filter = BinaryHeap.PushPopOrder
[==========] Running 1 test from 1 test suite.
[----------] Global test environment set-up.
[----------] 1 test from BinaryHeap
[ RUN      ] BinaryHeap.PushPopOrder
[       OK ] BinaryHeap.PushPopOrder (0 ms)
[----------] 1 test from BinaryHeap (0 ms total)

[----------] Global test environment tear-down
[==========] 1 test from 1 test suite ran. (0 ms total)
[  PASSED  ] 1 test.
</pre>
                        </div>
                        
                        
                    </div>
                
                </div>
            </div>
            
            <div class="testclass">
                <h4>BinaryHeap.HeapSort</h4>
                <div class="testcases">
                
                    <div class="test outcome outcome-passed">
                        <a id="0319950b-fe2a-4e5a-984a-579dd7bb7c9f"></a>
                        <table class="proplist">
                            <tr><th>Test case:</th><td><b>BinaryHeap.HeapSort</b></td></tr>
                            <tr><th>Outcome:</th><td>Passed</td></tr>
                            <tr><th>Duration:</th><td>0.02 sec</td></tr>
                        
                        
                        </table>

                        
                        

                        
                        
                        <div class="stdout"><i>Stdout</i><br>
                            <pre>Running main() from C:\Users\ahmet\OneDrive\Masaüstü\DataStructure\cen207-2025-2026-5-Mustafa-Yildirimm-cpp\build_win\_deps\googletest-src\googletest\src\gtest_main.cc
Note: Google Test filter = BinaryHeap.HeapSort
[==========] Running 1 test from 1 test suite.
[----------] Global test environment set-up.
[----------] 1 test from BinaryHeap
[ RUN      ] BinaryHeap.HeapSort
[       OK ] BinaryHeap.HeapSort (0 ms)
[----------] 1 test from BinaryHeap (0 ms total)

[----------] Global test environment tear-down
[==========] 1 test from 1 test suite ran. (0 ms total)
[  PASSED  ] 1 test.
</pre>
                        </div>
                        
                        
                    </div>
                
                </div>
            </div>
            
            <div class="testclass">
                <h4>LexerParser.BasicProgramParse</h4>
                <div class="testcases">
                
                    <div class="test outcome outcome-passed">
                        <a id="5be83b86-7037-4977-98cf-c750029c67e7"></a>
                        <table class="proplist">
                            <tr><th>Test case:</th><td><b>LexerParser.BasicProgramParse</b></td></tr>
                            <tr><th>Outcome:</th><td>Passed</td></tr>
                            <tr><th>Duration:</th><td>0.027 sec</td></tr>
                        
                        
                        </table>

                        
                        

                        
                        
                        <div class="stdout"><i>Stdout</i><br>
                            <pre>Running main() from C:\Users\ahmet\OneDrive\Masaüstü\DataStructure\cen207-2025-2026-5-Mustafa-Yildirimm-cpp\build_win\_deps\googletest-src\googletest\src\gtest_main.cc
Note: Google Test filter = LexerParser.BasicProgramParse
[==========] Running 1 test from 1 test suite.
[----------] Global test environment set-up.
[----------] 1 test from LexerParser
[ RUN      ] LexerParser.BasicProgramParse
[       OK ] LexerParser.BasicProgramParse (0 ms)
[----------] 1 test from LexerParser (0 ms total)

[----------] Global test environment tear-down
[==========] 1 test from 1 test suite ran. (0 ms total)
[  PASSED  ] 1 test.
</pre>
                        </div>
                        
                        
                    </div>
                
                </div>
            </div>
            
            <div class="testclass">
                <h4>Codegen.EmitsCPP</h4>
                <div class="testcases">
                
                    <div class="test outcome outcome-passed">
                        <a id="2db37ab0-427e-4127-bd1f-7523cd84b8ec"></a>
                        <table class="proplist">
                            <tr><th>Test case:</th><td><b>Codegen.EmitsCPP</b></td></tr>
                            <tr><th>Outcome:</th><td>Passed</td></tr>
                            <tr><th>Duration:</th><td>0.027 sec</td></tr>
                        
                        
                        </table>

                        
                        

                        
                        
                        <div class="stdout"><i>Stdout</i><br>
                            <pre>Running main() from C:\Users\ahmet\OneDrive\Masaüstü\DataStructure\cen207-2025-2026-5-Mustafa-Yildirimm-cpp\build_win\_deps\googletest-src\googletest\src\gtest_main.cc
Note: Google Test filter = Codegen.EmitsCPP
[==========] Running 1 test from 1 test suite.
[----------] Global test environment set-up.
[----------] 1 test from Codegen
[ RUN      ] Codegen.EmitsCPP
[       OK ] Codegen.EmitsCPP (0 ms)
[----------] 1 test from Codegen (0 ms total)

[----------] Global test environment tear-down
[==========] 1 test from 1 test suite ran. (0 ms total)
[  PASSED  ] 1 test.
</pre>
                        </div>
                        
                        
                    </div>
                
                </div>
            </div>
            
            <div class="testclass">
                <h4>OverflowProtectionTest.TestSafeMultiplication</h4>
                <div class="testcases">
                
                    <div class="test outcome outcome-passed">
                        <a id="1b9ce9ab-5ea7-4763-97d3-498f1f6e9e8c"></a>
                        <table class="proplist">
                            <tr><th>Test case:</th><td><b>OverflowProtectionTest.TestSafeMultiplication</b></td></tr>
                            <tr><th>Outcome:</th><td>Passed</td></tr>
                            <tr><th>Duration:</th><td>0.033 sec</td></tr>
                        
                        
                        </table>

                        
                        

                        
                        
                        <div class="stdout"><i>Stdout</i><br>
                            <pre>Running main() from C:\Users\ahmet\OneDrive\Masaüstü\DataStructure\cen207-2025-2026-5-Mustafa-Yildirimm-cpp\build_win\_deps\googletest-src\googletest\src\gtest_main.cc
Note: Google Test filter = OverflowProtectionTest.TestSafeMultiplication
[==========] Running 1 test from 1 test suite.
[----------] Global test environment set-up.
[----------] 1 test from OverflowProtectionTest
[ RUN      ] OverflowProtectionTest.TestSafeMultiplication
[       OK ] OverflowProtectionTest.TestSafeMultiplication (0 ms)
[----------] 1 test from OverflowProtectionTest (0 ms total)

[----------] Global test environment tear-down
[==========] 1 test from 1 test suite ran. (0 ms total)
[  PASSED  ] 1 test.
</pre>
                        </div>
                        
                        
                    </div>
                
                </div>
            </div>
            
            <div class="testclass">
                <h4>OverflowProtectionTest.TestOverflowDetection</h4>
                <div class="testcases">
                
                    <div class="test outcome outcome-passed">
                        <a id="5f89b845-1f33-4598-a225-84f37b973793"></a>
                        <table class="proplist">
                            <tr><th>Test case:</th><td><b>OverflowProtectionTest.TestOverflowDetection</b></td></tr>
                            <tr><th>Outcome:</th><td>Passed</td></tr>
                            <tr><th>Duration:</th><td>0.024 sec</td></tr>
                        
                        
                        </table>

                        
                        

                        
                        
                        <div class="stdout"><i>Stdout</i><br>
                            <pre>Running main() from C:\Users\ahmet\OneDrive\Masaüstü\DataStructure\cen207-2025-2026-5-Mustafa-Yildirimm-cpp\build_win\_deps\googletest-src\googletest\src\gtest_main.cc
Note: Google Test filter = OverflowProtectionTest.TestOverflowDetection
[==========] Running 1 test from 1 test suite.
[----------] Global test environment set-up.
[----------] 1 test from OverflowProtectionTest
[ RUN      ] OverflowProtectionTest.TestOverflowDetection
[       OK ] OverflowProtectionTest.TestOverflowDetection (0 ms)
[----------] 1 test from OverflowProtectionTest (0 ms total)

[----------] Global test environment tear-down
[==========] 1 test from 1 test suite ran. (0 ms total)
[  PASSED  ] 1 test.
</pre>
                        </div>
                        
                        
                    </div>
                
                </div>
            </div>
            
            <div class="testclass">
                <h4>OverflowProtectionTest.TestChronoOverflowProtection</h4>
                <div class="testcases">
                
                    <div class="test outcome outcome-passed">
                        <a id="1e519bdb-8005-4519-9bff-358525c4eb32"></a>
                        <table class="proplist">
                            <tr><th>Test case:</th><td><b>OverflowProtectionTest.TestChronoOverflowProtection</b></td></tr>
                            <tr><th>Outcome:</th><td>Passed</td></tr>
                            <tr><th>Duration:</th><td>0.033 sec</td></tr>
                        
                        
                        </table>

                        
                        

                        
                        
                        <div class="stdout"><i>Stdout</i><br>
                            <pre>Running main() from C:\Users\ahmet\OneDrive\Masaüstü\DataStructure\cen207-2025-2026-5-Mustafa-Yildirimm-cpp\build_win\_deps\googletest-src\googletest\src\gtest_main.cc
Note: Google Test filter = OverflowProtectionTest.TestChronoOverflowProtection
[==========] Running 1 test from 1 test suite.
[----------] Global test environment set-up.
[----------] 1 test from OverflowProtectionTest
[ RUN      ] OverflowProtectionTest.TestChronoOverflowProtection
[       OK ] OverflowProtectionTest.TestChronoOverflowProtection (0 ms)
[----------] 1 test from OverflowProtectionTest (0 ms total)

[----------] Global test environment tear-down
[==========] 1 test from 1 test suite ran. (0 ms total)
[  PASSED  ] 1 test.
</pre>
                        </div>
                        
                        
                    </div>
                
                </div>
            </div>
            
            <div class="testclass">
                <h4>OverflowProtectionTest.TestLargeValueHandling</h4>
                <div class="testcases">
                
                    <div class="test outcome outcome-failed">
                        <a id="23ef4107-57c8-4f75-a799-98b2845c6542"></a>
                        <table class="proplist">
                            <tr><th>Test case:</th><td><b>OverflowProtectionTest.TestLargeValueHandling</b></td></tr>
                            <tr><th>Outcome:</th><td>Failed</td></tr>
                            <tr><th>Duration:</th><td>0.032 sec</td></tr>
                        
                            <tr><th>Failed</th><td>Failed</td></tr>
                        
                        
                        </table>

                        
                        <pre>failed</pre>
                        
                        

                        
                        
                        <div class="stdout"><i>Stdout</i><br>
                            <pre>Running main() from C:\Users\ahmet\OneDrive\Masaüstü\DataStructure\cen207-2025-2026-5-Mustafa-Yildirimm-cpp\build_win\_deps\googletest-src\googletest\src\gtest_main.cc
Note: Google Test filter = OverflowProtectionTest.TestLargeValueHandling
[==========] Running 1 test from 1 test suite.
[----------] Global test environment set-up.
[----------] 1 test from OverflowProtectionTest
[ RUN      ] OverflowProtectionTest.TestLargeValueHandling
C:\Users\ahmet\OneDrive\Masa[NON-UTF-8-BYTE-0xFC]st[NON-UTF-8-BYTE-0xFC]\DataStructure\cen207-2025-2026-5-Mustafa-Yildirimm-cpp\tests\test_overflow_protection.cpp(139): error: Expected: (result) &gt; (0), actual: -1000 vs 0

[  FAILED  ] OverflowProtectionTest.TestLargeValueHandling (0 ms)
[----------] 1 test from OverflowProtectionTest (0 ms total)

[----------] Global test environment tear-down
[==========] 1 test from 1 test suite ran. (0 ms total)
[  PASSED  ] 0 tests.
[  FAILED  ] 1 test, listed below:
[  FAILED  ] OverflowProtectionTest.TestLargeValueHandling

 1 FAILED TEST
</pre>
                        </div>
                        
                        
                    </div>
                
                </div>
            </div>
            
            <div class="testclass">
                <h4>OverflowProtectionTest.TestFrequencySpecificCalculations</h4>
                <div class="testcases">
                
                    <div class="test outcome outcome-passed">
                        <a id="9da3f650-0092-4dee-90ac-915a6851c2b2"></a>
                        <table class="proplist">
                            <tr><th>Test case:</th><td><b>OverflowProtectionTest.TestFrequencySpecificCalculations</b></td></tr>
                            <tr><th>Outcome:</th><td>Passed</td></tr>
                            <tr><th>Duration:</th><td>0.033 sec</td></tr>
                        
                        
                        </table>

                        
                        

                        
                        
                        <div class="stdout"><i>Stdout</i><br>
                            <pre>Running main() from C:\Users\ahmet\OneDrive\Masaüstü\DataStructure\cen207-2025-2026-5-Mustafa-Yildirimm-cpp\build_win\_deps\googletest-src\googletest\src\gtest_main.cc
Note: Google Test filter = OverflowProtectionTest.TestFrequencySpecificCalculations
[==========] Running 1 test from 1 test suite.
[----------] Global test environment set-up.
[----------] 1 test from OverflowProtectionTest
[ RUN      ] OverflowProtectionTest.TestFrequencySpecificCalculations
[       OK ] OverflowProtectionTest.TestFrequencySpecificCalculations (0 ms)
[----------] 1 test from OverflowProtectionTest (0 ms total)

[----------] Global test environment tear-down
[==========] 1 test from 1 test suite ran. (0 ms total)
[  PASSED  ] 1 test.
</pre>
                        </div>
                        
                        
                    </div>
                
                </div>
            </div>
            
            <div class="testclass">
                <h4>OverflowProtectionTest.TestOverflowPreventionAlgorithm</h4>
                <div class="testcases">
                
                    <div class="test outcome outcome-failed">
                        <a id="ed61bc2e-c65d-49a0-9f64-54272fd426fa"></a>
                        <table class="proplist">
                            <tr><th>Test case:</th><td><b>OverflowProtectionTest.TestOverflowPreventionAlgorithm</b></td></tr>
                            <tr><th>Outcome:</th><td>Failed</td></tr>
                            <tr><th>Duration:</th><td>0.025 sec</td></tr>
                        
                            <tr><th>Failed</th><td>Failed</td></tr>
                        
                        
                        </table>

                        
                        <pre>failed</pre>
                        
                        

                        
                        
                        <div class="stdout"><i>Stdout</i><br>
                            <pre>Running main() from C:\Users\ahmet\OneDrive\Masaüstü\DataStructure\cen207-2025-2026-5-Mustafa-Yildirimm-cpp\build_win\_deps\googletest-src\googletest\src\gtest_main.cc
Note: Google Test filter = OverflowProtectionTest.TestOverflowPreventionAlgorithm
[==========] Running 1 test from 1 test suite.
[----------] Global test environment set-up.
[----------] 1 test from OverflowProtectionTest
[ RUN      ] OverflowProtectionTest.TestOverflowPreventionAlgorithm
C:\Users\ahmet\OneDrive\Masa[NON-UTF-8-BYTE-0xFC]st[NON-UTF-8-BYTE-0xFC]\DataStructure\cen207-2025-2026-5-Mustafa-Yildirimm-cpp\tests\test_overflow_protection.cpp(234): error: Expected: (result) &gt;= (0), actual: -1000 vs 0

C:\Users\ahmet\OneDrive\Masa[NON-UTF-8-BYTE-0xFC]st[NON-UTF-8-BYTE-0xFC]\DataStructure\cen207-2025-2026-5-Mustafa-Yildirimm-cpp\tests\test_overflow_protection.cpp(238): error: Expected: { overflowSafeCalculation(testCase.counter, testCase.frequency, testCase.periodDen); } throws an exception of type std::overflow_error.
  Actual: it throws nothing.

[  FAILED  ] OverflowProtectionTest.TestOverflowPreventionAlgorithm (0 ms)
[----------] 1 test from OverflowProtectionTest (0 ms total)

[----------] Global test environment tear-down
[==========] 1 test from 1 test suite ran. (0 ms total)
[  PASSED  ] 0 tests.
[  FAILED  ] 1 test, listed below:
[  FAILED  ] OverflowProtectionTest.TestOverflowPreventionAlgorithm

 1 FAILED TEST
</pre>
                        </div>
                        
                        
                    </div>
                
                </div>
            </div>
            
            <div class="testclass">
                <h4>OverflowProtectionTest.TestEdgeCases</h4>
                <div class="testcases">
                
                    <div class="test outcome outcome-failed">
                        <a id="6b2bd967-ea88-4c74-bd45-f8e2a0a6f1b8"></a>
                        <table class="proplist">
                            <tr><th>Test case:</th><td><b>OverflowProtectionTest.TestEdgeCases</b></td></tr>
                            <tr><th>Outcome:</th><td>Failed</td></tr>
                            <tr><th>Duration:</th><td>0.033 sec</td></tr>
                        
                            <tr><th>Failed</th><td>Failed</td></tr>
                        
                        
                        </table>

                        
                        <pre>failed</pre>
                        
                        

                        
                        
                        <div class="stdout"><i>Stdout</i><br>
                            <pre>Running main() from C:\Users\ahmet\OneDrive\Masaüstü\DataStructure\cen207-2025-2026-5-Mustafa-Yildirimm-cpp\build_win\_deps\googletest-src\googletest\src\gtest_main.cc
Note: Google Test filter = OverflowProtectionTest.TestEdgeCases
[==========] Running 1 test from 1 test suite.
[----------] Global test environment set-up.
[----------] 1 test from OverflowProtectionTest
[ RUN      ] OverflowProtectionTest.TestEdgeCases
C:\Users\ahmet\OneDrive\Masa[NON-UTF-8-BYTE-0xFC]st[NON-UTF-8-BYTE-0xFC]\DataStructure\cen207-2025-2026-5-Mustafa-Yildirimm-cpp\tests\test_overflow_protection.cpp(271): error: Value of: testEdgeCase(std::numeric_limits&lt;long long&gt;::max() / 4, 1000000, 1000000000)
  Actual: false
Expected: true

unknown file: error: SEH exception with code 0xc0000094 thrown in the test body.
Stack trace:


[  FAILED  ] OverflowProtectionTest.TestEdgeCases (0 ms)
[----------] 1 test from OverflowProtectionTest (0 ms total)

[----------] Global test environment tear-down
[==========] 1 test from 1 test suite ran. (0 ms total)
[  PASSED  ] 0 tests.
[  FAILED  ] 1 test, listed below:
[  FAILED  ] OverflowProtectionTest.TestEdgeCases

 1 FAILED TEST
</pre>
                        </div>
                        
                        
                    </div>
                
                </div>
            </div>
            
            <div class="testclass">
                <h4>SparseMatrix.InsertAndLookup</h4>
                <div class="testcases">
                
                    <div class="test outcome outcome-passed">
                        <a id="23412515-2b78-476d-bf62-28a4cbe35f1c"></a>
                        <table class="proplist">
                            <tr><th>Test case:</th><td><b>SparseMatrix.InsertAndLookup</b></td></tr>
                            <tr><th>Outcome:</th><td>Passed</td></tr>
                            <tr><th>Duration:</th><td>0.017 sec</td></tr>
                        
                        
                        </table>

                        
                        

                        
                        
                        <div class="stdout"><i>Stdout</i><br>
                            <pre>Running main() from C:\Users\ahmet\OneDrive\Masaüstü\DataStructure\cen207-2025-2026-5-Mustafa-Yildirimm-cpp\build_win\_deps\googletest-src\googletest\src\gtest_main.cc
Note: Google Test filter = SparseMatrix.InsertAndLookup
[==========] Running 1 test from 1 test suite.
[----------] Global test environment set-up.
[----------] 1 test from SparseMatrix
[ RUN      ] SparseMatrix.InsertAndLookup
[       OK ] SparseMatrix.InsertAndLookup (0 ms)
[----------] 1 test from SparseMatrix (0 ms total)

[----------] Global test environment tear-down
[==========] 1 test from 1 test suite ran. (0 ms total)
[  PASSED  ] 1 test.
</pre>
                        </div>
                        
                        
                    </div>
                
                </div>
            </div>
            
            <div class="testclass">
                <h4>StackQueue.StackLIFO</h4>
                <div class="testcases">
                
                    <div class="test outcome outcome-passed">
                        <a id="70f4d78a-bea1-4ffc-9667-6235400ac395"></a>
                        <table class="proplist">
                            <tr><th>Test case:</th><td><b>StackQueue.StackLIFO</b></td></tr>
                            <tr><th>Outcome:</th><td>Passed</td></tr>
                            <tr><th>Duration:</th><td>0.025 sec</td></tr>
                        
                        
                        </table>

                        
                        

                        
                        
                        <div class="stdout"><i>Stdout</i><br>
                            <pre>Running main() from C:\Users\ahmet\OneDrive\Masaüstü\DataStructure\cen207-2025-2026-5-Mustafa-Yildirimm-cpp\build_win\_deps\googletest-src\googletest\src\gtest_main.cc
Note: Google Test filter = StackQueue.StackLIFO
[==========] Running 1 test from 1 test suite.
[----------] Global test environment set-up.
[----------] 1 test from StackQueue
[ RUN      ] StackQueue.StackLIFO
[       OK ] StackQueue.StackLIFO (0 ms)
[----------] 1 test from StackQueue (0 ms total)

[----------] Global test environment tear-down
[==========] 1 test from 1 test suite ran. (0 ms total)
[  PASSED  ] 1 test.
</pre>
                        </div>
                        
                        
                    </div>
                
                </div>
            </div>
            
            <div class="testclass">
                <h4>StackQueue.QueueFIFO</h4>
                <div class="testcases">
                
                    <div class="test outcome outcome-passed">
                        <a id="0f24e9e5-25ca-4105-8064-cc0913042767"></a>
                        <table class="proplist">
                            <tr><th>Test case:</th><td><b>StackQueue.QueueFIFO</b></td></tr>
                            <tr><th>Outcome:</th><td>Passed</td></tr>
                            <tr><th>Duration:</th><td>0.061 sec</td></tr>
                        
                        
                        </table>

                        
                        

                        
                        
                        <div class="stdout"><i>Stdout</i><br>
                            <pre>Running main() from C:\Users\ahmet\OneDrive\Masaüstü\DataStructure\cen207-2025-2026-5-Mustafa-Yildirimm-cpp\build_win\_deps\googletest-src\googletest\src\gtest_main.cc
Note: Google Test filter = StackQueue.QueueFIFO
[==========] Running 1 test from 1 test suite.
[----------] Global test environment set-up.
[----------] 1 test from StackQueue
[ RUN      ] StackQueue.QueueFIFO
[       OK ] StackQueue.QueueFIFO (0 ms)
[----------] 1 test from StackQueue (0 ms total)

[----------] Global test environment tear-down
[==========] 1 test from 1 test suite ran. (0 ms total)
[  PASSED  ] 1 test.
</pre>
                        </div>
                        
                        
                    </div>
                
                </div>
            </div>
            
            <div class="testclass">
                <h4>StringViewAdvancedCoverageTest.TestStringViewComparisonOperators</h4>
                <div class="testcases">
                
                    <div class="test outcome outcome-passed">
                        <a id="ddd789da-d60f-4d87-af72-3bb172ce0a7c"></a>
                        <table class="proplist">
                            <tr><th>Test case:</th><td><b>StringViewAdvancedCoverageTest.TestStringViewComparisonOperators</b></td></tr>
                            <tr><th>Outcome:</th><td>Passed</td></tr>
                            <tr><th>Duration:</th><td>0.014 sec</td></tr>
                        
                        
                        </table>

                        
                        

                        
                        
                        <div class="stdout"><i>Stdout</i><br>
                            <pre>Running main() from C:\Users\ahmet\OneDrive\Masaüstü\DataStructure\cen207-2025-2026-5-Mustafa-Yildirimm-cpp\build_win\_deps\googletest-src\googletest\src\gtest_main.cc
Note: Google Test filter = StringViewAdvancedCoverageTest.TestStringViewComparisonOperators
[==========] Running 1 test from 1 test suite.
[----------] Global test environment set-up.
[----------] 1 test from StringViewAdvancedCoverageTest
[ RUN      ] StringViewAdvancedCoverageTest.TestStringViewComparisonOperators
[       OK ] StringViewAdvancedCoverageTest.TestStringViewComparisonOperators (0 ms)
[----------] 1 test from StringViewAdvancedCoverageTest (0 ms total)

[----------] Global test environment tear-down
[==========] 1 test from 1 test suite ran. (0 ms total)
[  PASSED  ] 1 test.
</pre>
                        </div>
                        
                        
                    </div>
                
                </div>
            </div>
            
            <div class="testclass">
                <h4>StringViewAdvancedCoverageTest.TestStringViewStreamOutput</h4>
                <div class="testcases">
                
                    <div class="test outcome outcome-passed">
                        <a id="96942873-ec63-400b-bc2d-699c1eadb45c"></a>
                        <table class="proplist">
                            <tr><th>Test case:</th><td><b>StringViewAdvancedCoverageTest.TestStringViewStreamOutput</b></td></tr>
                            <tr><th>Outcome:</th><td>Passed</td></tr>
                            <tr><th>Duration:</th><td>0.024 sec</td></tr>
                        
                        
                        </table>

                        
                        

                        
                        
                        <div class="stdout"><i>Stdout</i><br>
                            <pre>Running main() from C:\Users\ahmet\OneDrive\Masaüstü\DataStructure\cen207-2025-2026-5-Mustafa-Yildirimm-cpp\build_win\_deps\googletest-src\googletest\src\gtest_main.cc
Note: Google Test filter = StringViewAdvancedCoverageTest.TestStringViewStreamOutput
[==========] Running 1 test from 1 test suite.
[----------] Global test environment set-up.
[----------] 1 test from StringViewAdvancedCoverageTest
[ RUN      ] StringViewAdvancedCoverageTest.TestStringViewStreamOutput
[       OK ] StringViewAdvancedCoverageTest.TestStringViewStreamOutput (0 ms)
[----------] 1 test from StringViewAdvancedCoverageTest (0 ms total)

[----------] Global test environment tear-down
[==========] 1 test from 1 test suite ran. (0 ms total)
[  PASSED  ] 1 test.
</pre>
                        </div>
                        
                        
                    </div>
                
                </div>
            </div>
            
            <div class="testclass">
                <h4>StringViewAdvancedCoverageTest.TestStringViewConstMethods</h4>
                <div class="testcases">
                
                    <div class="test outcome outcome-passed">
                        <a id="0d678d1b-6ae4-49ac-9103-565d3fe05ba0"></a>
                        <table class="proplist">
                            <tr><th>Test case:</th><td><b>StringViewAdvancedCoverageTest.TestStringViewConstMethods</b></td></tr>
                            <tr><th>Outcome:</th><td>Passed</td></tr>
                            <tr><th>Duration:</th><td>0.025 sec</td></tr>
                        
                        
                        </table>

                        
                        

                        
                        
                        <div class="stdout"><i>Stdout</i><br>
                            <pre>Running main() from C:\Users\ahmet\OneDrive\Masaüstü\DataStructure\cen207-2025-2026-5-Mustafa-Yildirimm-cpp\build_win\_deps\googletest-src\googletest\src\gtest_main.cc
Note: Google Test filter = StringViewAdvancedCoverageTest.TestStringViewConstMethods
[==========] Running 1 test from 1 test suite.
[----------] Global test environment set-up.
[----------] 1 test from StringViewAdvancedCoverageTest
[ RUN      ] StringViewAdvancedCoverageTest.TestStringViewConstMethods
[       OK ] StringViewAdvancedCoverageTest.TestStringViewConstMethods (0 ms)
[----------] 1 test from StringViewAdvancedCoverageTest (0 ms total)

[----------] Global test environment tear-down
[==========] 1 test from 1 test suite ran. (0 ms total)
[  PASSED  ] 1 test.
</pre>
                        </div>
                        
                        
                    </div>
                
                </div>
            </div>
            
            <div class="testclass">
                <h4>StringViewAdvancedCoverageTest.TestStringViewSubstrEdgeCases</h4>
                <div class="testcases">
                
                    <div class="test outcome outcome-failed">
                        <a id="8eb00c90-7b15-4591-8cf5-555733838050"></a>
                        <table class="proplist">
                            <tr><th>Test case:</th><td><b>StringViewAdvancedCoverageTest.TestStringViewSubstrEdgeCases</b></td></tr>
                            <tr><th>Outcome:</th><td>Failed</td></tr>
                            <tr><th>Duration:</th><td>0.034 sec</td></tr>
                        
                            <tr><th>Failed</th><td>Failed</td></tr>
                        
                        
                        </table>

                        
                        <pre>failed</pre>
                        
                        

                        
                        
                        <div class="stdout"><i>Stdout</i><br>
                            <pre>Running main() from C:\Users\ahmet\OneDrive\Masaüstü\DataStructure\cen207-2025-2026-5-Mustafa-Yildirimm-cpp\build_win\_deps\googletest-src\googletest\src\gtest_main.cc
Note: Google Test filter = StringViewAdvancedCoverageTest.TestStringViewSubstrEdgeCases
[==========] Running 1 test from 1 test suite.
[----------] Global test environment set-up.
[----------] 1 test from StringViewAdvancedCoverageTest
[ RUN      ] StringViewAdvancedCoverageTest.TestStringViewSubstrEdgeCases
C:\Users\ahmet\OneDrive\Masa[NON-UTF-8-BYTE-0xFC]st[NON-UTF-8-BYTE-0xFC]\DataStructure\cen207-2025-2026-5-Mustafa-Yildirimm-cpp\tests\test_string_view_advanced_coverage.cpp(169): error: Expected equality of these values:
  sub2
    Which is: &#34;ld!&#34;
  &#34;d!&#34;
    Which is: 00007FF6378F5BD0

unknown file: error: C++ exception with description &#34;invalid string_view position&#34; thrown in the test body.

[  FAILED  ] StringViewAdvancedCoverageTest.TestStringViewSubstrEdgeCases (0 ms)
[----------] 1 test from StringViewAdvancedCoverageTest (0 ms total)

[----------] Global test environment tear-down
[==========] 1 test from 1 test suite ran. (0 ms total)
[  PASSED  ] 0 tests.
[  FAILED  ] 1 test, listed below:
[  FAILED  ] StringViewAdvancedCoverageTest.TestStringViewSubstrEdgeCases

 1 FAILED TEST
</pre>
                        </div>
                        
                        
                    </div>
                
                </div>
            </div>
            
            <div class="testclass">
                <h4>StringViewAdvancedCoverageTest.TestStringViewFindEdgeCases</h4>
                <div class="testcases">
                
                    <div class="test outcome outcome-passed">
                        <a id="96f735d3-b042-495a-93b6-b56bed9f8c41"></a>
                        <table class="proplist">
                            <tr><th>Test case:</th><td><b>StringViewAdvancedCoverageTest.TestStringViewFindEdgeCases</b></td></tr>
                            <tr><th>Outcome:</th><td>Passed</td></tr>
                            <tr><th>Duration:</th><td>0.026 sec</td></tr>
                        
                        
                        </table>

                        
                        

                        
                        
                        <div class="stdout"><i>Stdout</i><br>
                            <pre>Running main() from C:\Users\ahmet\OneDrive\Masaüstü\DataStructure\cen207-2025-2026-5-Mustafa-Yildirimm-cpp\build_win\_deps\googletest-src\googletest\src\gtest_main.cc
Note: Google Test filter = StringViewAdvancedCoverageTest.TestStringViewFindEdgeCases
[==========] Running 1 test from 1 test suite.
[----------] Global test environment set-up.
[----------] 1 test from StringViewAdvancedCoverageTest
[ RUN      ] StringViewAdvancedCoverageTest.TestStringViewFindEdgeCases
[       OK ] StringViewAdvancedCoverageTest.TestStringViewFindEdgeCases (0 ms)
[----------] 1 test from StringViewAdvancedCoverageTest (0 ms total)

[----------] Global test environment tear-down
[==========] 1 test from 1 test suite ran. (0 ms total)
[  PASSED  ] 1 test.
</pre>
                        </div>
                        
                        
                    </div>
                
                </div>
            </div>
            
            <div class="testclass">
                <h4>StringViewAdvancedCoverageTest.TestStringViewCopyEdgeCases</h4>
                <div class="testcases">
                
                    <div class="test outcome outcome-failed">
                        <a id="e1edf230-3073-495b-9d28-a6c67dbc299c"></a>
                        <table class="proplist">
                            <tr><th>Test case:</th><td><b>StringViewAdvancedCoverageTest.TestStringViewCopyEdgeCases</b></td></tr>
                            <tr><th>Outcome:</th><td>Failed</td></tr>
                            <tr><th>Duration:</th><td>0.024 sec</td></tr>
                        
                            <tr><th>Failed</th><td>Failed</td></tr>
                        
                        
                        </table>

                        
                        <pre>failed</pre>
                        
                        

                        
                        
                        <div class="stdout"><i>Stdout</i><br>
                            <pre>Running main() from C:\Users\ahmet\OneDrive\Masaüstü\DataStructure\cen207-2025-2026-5-Mustafa-Yildirimm-cpp\build_win\_deps\googletest-src\googletest\src\gtest_main.cc
Note: Google Test filter = StringViewAdvancedCoverageTest.TestStringViewCopyEdgeCases
[==========] Running 1 test from 1 test suite.
[----------] Global test environment set-up.
[----------] 1 test from StringViewAdvancedCoverageTest
[ RUN      ] StringViewAdvancedCoverageTest.TestStringViewCopyEdgeCases
unknown file: error: C++ exception with description &#34;invalid string_view position&#34; thrown in the test body.

[  FAILED  ] StringViewAdvancedCoverageTest.TestStringViewCopyEdgeCases (0 ms)
[----------] 1 test from StringViewAdvancedCoverageTest (0 ms total)

[----------] Global test environment tear-down
[==========] 1 test from 1 test suite ran. (0 ms total)
[  PASSED  ] 0 tests.
[  FAILED  ] 1 test, listed below:
[  FAILED  ] StringViewAdvancedCoverageTest.TestStringViewCopyEdgeCases

 1 FAILED TEST
</pre>
                        </div>
                        
                        
                    </div>
                
                </div>
            </div>
            
            <div class="testclass">
                <h4>StringViewAdvancedCoverageTest.TestStringViewStartsWithEndsWithEdgeCases</h4>
                <div class="testcases">
                
                    <div class="test outcome outcome-passed">
                        <a id="d07068d3-8278-45c7-bc94-e0bd08fee35d"></a>
                        <table class="proplist">
                            <tr><th>Test case:</th><td><b>StringViewAdvancedCoverageTest.TestStringViewStartsWithEndsWithEdgeCases</b></td></tr>
                            <tr><th>Outcome:</th><td>Passed</td></tr>
                            <tr><th>Duration:</th><td>0.022 sec</td></tr>
                        
                        
                        </table>

                        
                        

                        
                        
                        <div class="stdout"><i>Stdout</i><br>
                            <pre>Running main() from C:\Users\ahmet\OneDrive\Masaüstü\DataStructure\cen207-2025-2026-5-Mustafa-Yildirimm-cpp\build_win\_deps\googletest-src\googletest\src\gtest_main.cc
Note: Google Test filter = StringViewAdvancedCoverageTest.TestStringViewStartsWithEndsWithEdgeCases
[==========] Running 1 test from 1 test suite.
[----------] Global test environment set-up.
[----------] 1 test from StringViewAdvancedCoverageTest
[ RUN      ] StringViewAdvancedCoverageTest.TestStringViewStartsWithEndsWithEdgeCases
[       OK ] StringViewAdvancedCoverageTest.TestStringViewStartsWithEndsWithEdgeCases (0 ms)
[----------] 1 test from StringViewAdvancedCoverageTest (0 ms total)

[----------] Global test environment tear-down
[==========] 1 test from 1 test suite ran. (0 ms total)
[  PASSED  ] 1 test.
</pre>
                        </div>
                        
                        
                    </div>
                
                </div>
            </div>
            
            <div class="testclass">
                <h4>StringViewAdvancedCoverageTest.TestStringViewContainsEdgeCases</h4>
                <div class="testcases">
                
                    <div class="test outcome outcome-passed">
                        <a id="9ed1ff60-bfc4-45b0-a8bd-8a982b8f7b79"></a>
                        <table class="proplist">
                            <tr><th>Test case:</th><td><b>StringViewAdvancedCoverageTest.TestStringViewContainsEdgeCases</b></td></tr>
                            <tr><th>Outcome:</th><td>Passed</td></tr>
                            <tr><th>Duration:</th><td>0.025 sec</td></tr>
                        
                        
                        </table>

                        
                        

                        
                        
                        <div class="stdout"><i>Stdout</i><br>
                            <pre>Running main() from C:\Users\ahmet\OneDrive\Masaüstü\DataStructure\cen207-2025-2026-5-Mustafa-Yildirimm-cpp\build_win\_deps\googletest-src\googletest\src\gtest_main.cc
Note: Google Test filter = StringViewAdvancedCoverageTest.TestStringViewContainsEdgeCases
[==========] Running 1 test from 1 test suite.
[----------] Global test environment set-up.
[----------] 1 test from StringViewAdvancedCoverageTest
[ RUN      ] StringViewAdvancedCoverageTest.TestStringViewContainsEdgeCases
[       OK ] StringViewAdvancedCoverageTest.TestStringViewContainsEdgeCases (0 ms)
[----------] 1 test from StringViewAdvancedCoverageTest (0 ms total)

[----------] Global test environment tear-down
[==========] 1 test from 1 test suite ran. (0 ms total)
[  PASSED  ] 1 test.
</pre>
                        </div>
                        
                        
                    </div>
                
                </div>
            </div>
            
            <div class="testclass">
                <h4>StringViewAdvancedCoverageTest.TestStringViewRemovePrefixSuffixEdgeCases</h4>
                <div class="testcases">
                
                    <div class="test outcome outcome-passed">
                        <a id="db19b1af-eec4-4969-afba-8768d39ed40e"></a>
                        <table class="proplist">
                            <tr><th>Test case:</th><td><b>StringViewAdvancedCoverageTest.TestStringViewRemovePrefixSuffixEdgeCases</b></td></tr>
                            <tr><th>Outcome:</th><td>Passed</td></tr>
                            <tr><th>Duration:</th><td>0.022 sec</td></tr>
                        
                        
                        </table>

                        
                        

                        
                        
                        <div class="stdout"><i>Stdout</i><br>
                            <pre>Running main() from C:\Users\ahmet\OneDrive\Masaüstü\DataStructure\cen207-2025-2026-5-Mustafa-Yildirimm-cpp\build_win\_deps\googletest-src\googletest\src\gtest_main.cc
Note: Google Test filter = StringViewAdvancedCoverageTest.TestStringViewRemovePrefixSuffixEdgeCases
[==========] Running 1 test from 1 test suite.
[----------] Global test environment set-up.
[----------] 1 test from StringViewAdvancedCoverageTest
[ RUN      ] StringViewAdvancedCoverageTest.TestStringViewRemovePrefixSuffixEdgeCases
[       OK ] StringViewAdvancedCoverageTest.TestStringViewRemovePrefixSuffixEdgeCases (0 ms)
[----------] 1 test from StringViewAdvancedCoverageTest (0 ms total)

[----------] Global test environment tear-down
[==========] 1 test from 1 test suite ran. (0 ms total)
[  PASSED  ] 1 test.
</pre>
                        </div>
                        
                        
                    </div>
                
                </div>
            </div>
            
            <div class="testclass">
                <h4>StringViewAdvancedCoverageTest.TestStringViewHashEdgeCases</h4>
                <div class="testcases">
                
                    <div class="test outcome outcome-passed">
                        <a id="4d70ba69-1aa7-4051-9553-e38b12b289da"></a>
                        <table class="proplist">
                            <tr><th>Test case:</th><td><b>StringViewAdvancedCoverageTest.TestStringViewHashEdgeCases</b></td></tr>
                            <tr><th>Outcome:</th><td>Passed</td></tr>
                            <tr><th>Duration:</th><td>0.03 sec</td></tr>
                        
                        
                        </table>

                        
                        

                        
                        
                        <div class="stdout"><i>Stdout</i><br>
                            <pre>Running main() from C:\Users\ahmet\OneDrive\Masaüstü\DataStructure\cen207-2025-2026-5-Mustafa-Yildirimm-cpp\build_win\_deps\googletest-src\googletest\src\gtest_main.cc
Note: Google Test filter = StringViewAdvancedCoverageTest.TestStringViewHashEdgeCases
[==========] Running 1 test from 1 test suite.
[----------] Global test environment set-up.
[----------] 1 test from StringViewAdvancedCoverageTest
[ RUN      ] StringViewAdvancedCoverageTest.TestStringViewHashEdgeCases
[       OK ] StringViewAdvancedCoverageTest.TestStringViewHashEdgeCases (0 ms)
[----------] 1 test from StringViewAdvancedCoverageTest (0 ms total)

[----------] Global test environment tear-down
[==========] 1 test from 1 test suite ran. (0 ms total)
[  PASSED  ] 1 test.
</pre>
                        </div>
                        
                        
                    </div>
                
                </div>
            </div>
            
            <div class="testclass">
                <h4>StringViewAdvancedCoverageTest.TestStringViewIteratorEdgeCases</h4>
                <div class="testcases">
                
                    <div class="test outcome outcome-passed">
                        <a id="72d2170a-6b75-4c0a-a8b2-565f2dcd0021"></a>
                        <table class="proplist">
                            <tr><th>Test case:</th><td><b>StringViewAdvancedCoverageTest.TestStringViewIteratorEdgeCases</b></td></tr>
                            <tr><th>Outcome:</th><td>Passed</td></tr>
                            <tr><th>Duration:</th><td>0.03 sec</td></tr>
                        
                        
                        </table>

                        
                        

                        
                        
                        <div class="stdout"><i>Stdout</i><br>
                            <pre>Running main() from C:\Users\ahmet\OneDrive\Masaüstü\DataStructure\cen207-2025-2026-5-Mustafa-Yildirimm-cpp\build_win\_deps\googletest-src\googletest\src\gtest_main.cc
Note: Google Test filter = StringViewAdvancedCoverageTest.TestStringViewIteratorEdgeCases
[==========] Running 1 test from 1 test suite.
[----------] Global test environment set-up.
[----------] 1 test from StringViewAdvancedCoverageTest
[ RUN      ] StringViewAdvancedCoverageTest.TestStringViewIteratorEdgeCases
[       OK ] StringViewAdvancedCoverageTest.TestStringViewIteratorEdgeCases (0 ms)
[----------] 1 test from StringViewAdvancedCoverageTest (0 ms total)

[----------] Global test environment tear-down
[==========] 1 test from 1 test suite ran. (0 ms total)
[  PASSED  ] 1 test.
</pre>
                        </div>
                        
                        
                    </div>
                
                </div>
            </div>
            
            <div class="testclass">
                <h4>StringViewAdvancedCoverageTest.TestStringViewConstexprEdgeCases</h4>
                <div class="testcases">
                
                    <div class="test outcome outcome-passed">
                        <a id="44955ba5-4bd4-4e05-8e26-ddd518bf5a7b"></a>
                        <table class="proplist">
                            <tr><th>Test case:</th><td><b>StringViewAdvancedCoverageTest.TestStringViewConstexprEdgeCases</b></td></tr>
                            <tr><th>Outcome:</th><td>Passed</td></tr>
                            <tr><th>Duration:</th><td>0.059 sec</td></tr>
                        
                        
                        </table>

                        
                        

                        
                        
                        <div class="stdout"><i>Stdout</i><br>
                            <pre>Running main() from C:\Users\ahmet\OneDrive\Masaüstü\DataStructure\cen207-2025-2026-5-Mustafa-Yildirimm-cpp\build_win\_deps\googletest-src\googletest\src\gtest_main.cc
Note: Google Test filter = StringViewAdvancedCoverageTest.TestStringViewConstexprEdgeCases
[==========] Running 1 test from 1 test suite.
[----------] Global test environment set-up.
[----------] 1 test from StringViewAdvancedCoverageTest
[ RUN      ] StringViewAdvancedCoverageTest.TestStringViewConstexprEdgeCases
[       OK ] StringViewAdvancedCoverageTest.TestStringViewConstexprEdgeCases (0 ms)
[----------] 1 test from StringViewAdvancedCoverageTest (0 ms total)

[----------] Global test environment tear-down
[==========] 1 test from 1 test suite ran. (0 ms total)
[  PASSED  ] 1 test.
</pre>
                        </div>
                        
                        
                    </div>
                
                </div>
            </div>
            
            <div class="testclass">
                <h4>StringViewAdvancedCoverageTest.TestStringViewPerformanceEdgeCases</h4>
                <div class="testcases">
                
                    <div class="test outcome outcome-passed">
                        <a id="b11151ed-ee23-48ec-a14a-bc465787b94d"></a>
                        <table class="proplist">
                            <tr><th>Test case:</th><td><b>StringViewAdvancedCoverageTest.TestStringViewPerformanceEdgeCases</b></td></tr>
                            <tr><th>Outcome:</th><td>Passed</td></tr>
                            <tr><th>Duration:</th><td>0.029 sec</td></tr>
                        
                        
                        </table>

                        
                        

                        
                        
                        <div class="stdout"><i>Stdout</i><br>
                            <pre>Running main() from C:\Users\ahmet\OneDrive\Masaüstü\DataStructure\cen207-2025-2026-5-Mustafa-Yildirimm-cpp\build_win\_deps\googletest-src\googletest\src\gtest_main.cc
Note: Google Test filter = StringViewAdvancedCoverageTest.TestStringViewPerformanceEdgeCases
[==========] Running 1 test from 1 test suite.
[----------] Global test environment set-up.
[----------] 1 test from StringViewAdvancedCoverageTest
[ RUN      ] StringViewAdvancedCoverageTest.TestStringViewPerformanceEdgeCases
[       OK ] StringViewAdvancedCoverageTest.TestStringViewPerformanceEdgeCases (0 ms)
[----------] 1 test from StringViewAdvancedCoverageTest (0 ms total)

[----------] Global test environment tear-down
[==========] 1 test from 1 test suite ran. (0 ms total)
[  PASSED  ] 1 test.
</pre>
                        </div>
                        
                        
                    </div>
                
                </div>
            </div>
            
            <div class="testclass">
                <h4>StringViewCoverageTest.TestStringViewConstruction</h4>
                <div class="testcases">
                
                    <div class="test outcome outcome-passed">
                        <a id="5915e72c-181f-4c70-afbb-862a7e59db18"></a>
                        <table class="proplist">
                            <tr><th>Test case:</th><td><b>StringViewCoverageTest.TestStringViewConstruction</b></td></tr>
                            <tr><th>Outcome:</th><td>Passed</td></tr>
                            <tr><th>Duration:</th><td>0.035 sec</td></tr>
                        
                        
                        </table>

                        
                        

                        
                        
                        <div class="stdout"><i>Stdout</i><br>
                            <pre>Running main() from C:\Users\ahmet\OneDrive\Masaüstü\DataStructure\cen207-2025-2026-5-Mustafa-Yildirimm-cpp\build_win\_deps\googletest-src\googletest\src\gtest_main.cc
Note: Google Test filter = StringViewCoverageTest.TestStringViewConstruction
[==========] Running 1 test from 1 test suite.
[----------] Global test environment set-up.
[----------] 1 test from StringViewCoverageTest
[ RUN      ] StringViewCoverageTest.TestStringViewConstruction
[       OK ] StringViewCoverageTest.TestStringViewConstruction (0 ms)
[----------] 1 test from StringViewCoverageTest (0 ms total)

[----------] Global test environment tear-down
[==========] 1 test from 1 test suite ran. (0 ms total)
[  PASSED  ] 1 test.
</pre>
                        </div>
                        
                        
                    </div>
                
                </div>
            </div>
            
            <div class="testclass">
                <h4>StringViewCoverageTest.TestStringViewAccess</h4>
                <div class="testcases">
                
                    <div class="test outcome outcome-passed">
                        <a id="600cfa27-560f-42dd-96c4-90d6c568aa99"></a>
                        <table class="proplist">
                            <tr><th>Test case:</th><td><b>StringViewCoverageTest.TestStringViewAccess</b></td></tr>
                            <tr><th>Outcome:</th><td>Passed</td></tr>
                            <tr><th>Duration:</th><td>0.04 sec</td></tr>
                        
                        
                        </table>

                        
                        

                        
                        
                        <div class="stdout"><i>Stdout</i><br>
                            <pre>Running main() from C:\Users\ahmet\OneDrive\Masaüstü\DataStructure\cen207-2025-2026-5-Mustafa-Yildirimm-cpp\build_win\_deps\googletest-src\googletest\src\gtest_main.cc
Note: Google Test filter = StringViewCoverageTest.TestStringViewAccess
[==========] Running 1 test from 1 test suite.
[----------] Global test environment set-up.
[----------] 1 test from StringViewCoverageTest
[ RUN      ] StringViewCoverageTest.TestStringViewAccess
[       OK ] StringViewCoverageTest.TestStringViewAccess (0 ms)
[----------] 1 test from StringViewCoverageTest (0 ms total)

[----------] Global test environment tear-down
[==========] 1 test from 1 test suite ran. (0 ms total)
[  PASSED  ] 1 test.
</pre>
                        </div>
                        
                        
                    </div>
                
                </div>
            </div>
            
            <div class="testclass">
                <h4>StringViewCoverageTest.TestStringViewIterators</h4>
                <div class="testcases">
                
                    <div class="test outcome outcome-passed">
                        <a id="a2dfd2a1-2e76-4cbb-9147-d615895878b5"></a>
                        <table class="proplist">
                            <tr><th>Test case:</th><td><b>StringViewCoverageTest.TestStringViewIterators</b></td></tr>
                            <tr><th>Outcome:</th><td>Passed</td></tr>
                            <tr><th>Duration:</th><td>0.037 sec</td></tr>
                        
                        
                        </table>

                        
                        

                        
                        
                        <div class="stdout"><i>Stdout</i><br>
                            <pre>Running main() from C:\Users\ahmet\OneDrive\Masaüstü\DataStructure\cen207-2025-2026-5-Mustafa-Yildirimm-cpp\build_win\_deps\googletest-src\googletest\src\gtest_main.cc
Note: Google Test filter = StringViewCoverageTest.TestStringViewIterators
[==========] Running 1 test from 1 test suite.
[----------] Global test environment set-up.
[----------] 1 test from StringViewCoverageTest
[ RUN      ] StringViewCoverageTest.TestStringViewIterators
[       OK ] StringViewCoverageTest.TestStringViewIterators (0 ms)
[----------] 1 test from StringViewCoverageTest (0 ms total)

[----------] Global test environment tear-down
[==========] 1 test from 1 test suite ran. (0 ms total)
[  PASSED  ] 1 test.
</pre>
                        </div>
                        
                        
                    </div>
                
                </div>
            </div>
            
            <div class="testclass">
                <h4>StringViewCoverageTest.TestStringViewSubstring</h4>
                <div class="testcases">
                
                    <div class="test outcome outcome-failed">
                        <a id="41ecc323-647b-41b8-8e70-87c5e2ef635f"></a>
                        <table class="proplist">
                            <tr><th>Test case:</th><td><b>StringViewCoverageTest.TestStringViewSubstring</b></td></tr>
                            <tr><th>Outcome:</th><td>Failed</td></tr>
                            <tr><th>Duration:</th><td>0.033 sec</td></tr>
                        
                            <tr><th>Failed</th><td>Failed</td></tr>
                        
                        
                        </table>

                        
                        <pre>failed</pre>
                        
                        

                        
                        
                        <div class="stdout"><i>Stdout</i><br>
                            <pre>Running main() from C:\Users\ahmet\OneDrive\Masaüstü\DataStructure\cen207-2025-2026-5-Mustafa-Yildirimm-cpp\build_win\_deps\googletest-src\googletest\src\gtest_main.cc
Note: Google Test filter = StringViewCoverageTest.TestStringViewSubstring
[==========] Running 1 test from 1 test suite.
[----------] Global test environment set-up.
[----------] 1 test from StringViewCoverageTest
[ RUN      ] StringViewCoverageTest.TestStringViewSubstring
C:\Users\ahmet\OneDrive\Masa[NON-UTF-8-BYTE-0xFC]st[NON-UTF-8-BYTE-0xFC]\DataStructure\cen207-2025-2026-5-Mustafa-Yildirimm-cpp\tests\test_string_view_coverage.cpp(171): error: Expected equality of these values:
  sub4
    Which is: &#34; &#34;
  &#34;,&#34;
    Which is: 00007FF6378F65D0

[  FAILED  ] StringViewCoverageTest.TestStringViewSubstring (0 ms)
[----------] 1 test from StringViewCoverageTest (0 ms total)

[----------] Global test environment tear-down
[==========] 1 test from 1 test suite ran. (0 ms total)
[  PASSED  ] 0 tests.
[  FAILED  ] 1 test, listed below:
[  FAILED  ] StringViewCoverageTest.TestStringViewSubstring

 1 FAILED TEST
</pre>
                        </div>
                        
                        
                    </div>
                
                </div>
            </div>
            
            <div class="testclass">
                <h4>StringViewCoverageTest.TestStringViewComparison</h4>
                <div class="testcases">
                
                    <div class="test outcome outcome-passed">
                        <a id="3b9490ba-d450-44f6-8690-326948c4d39b"></a>
                        <table class="proplist">
                            <tr><th>Test case:</th><td><b>StringViewCoverageTest.TestStringViewComparison</b></td></tr>
                            <tr><th>Outcome:</th><td>Passed</td></tr>
                            <tr><th>Duration:</th><td>0.028 sec</td></tr>
                        
                        
                        </table>

                        
                        

                        
                        
                        <div class="stdout"><i>Stdout</i><br>
                            <pre>Running main() from C:\Users\ahmet\OneDrive\Masaüstü\DataStructure\cen207-2025-2026-5-Mustafa-Yildirimm-cpp\build_win\_deps\googletest-src\googletest\src\gtest_main.cc
Note: Google Test filter = StringViewCoverageTest.TestStringViewComparison
[==========] Running 1 test from 1 test suite.
[----------] Global test environment set-up.
[----------] 1 test from StringViewCoverageTest
[ RUN      ] StringViewCoverageTest.TestStringViewComparison
[       OK ] StringViewCoverageTest.TestStringViewComparison (0 ms)
[----------] 1 test from StringViewCoverageTest (0 ms total)

[----------] Global test environment tear-down
[==========] 1 test from 1 test suite ran. (0 ms total)
[  PASSED  ] 1 test.
</pre>
                        </div>
                        
                        
                    </div>
                
                </div>
            </div>
            
            <div class="testclass">
                <h4>StringViewCoverageTest.TestStringViewFind</h4>
                <div class="testcases">
                
                    <div class="test outcome outcome-failed">
                        <a id="fccbb587-a6a8-463e-9359-0e40bdf6a5c2"></a>
                        <table class="proplist">
                            <tr><th>Test case:</th><td><b>StringViewCoverageTest.TestStringViewFind</b></td></tr>
                            <tr><th>Outcome:</th><td>Failed</td></tr>
                            <tr><th>Duration:</th><td>0.034 sec</td></tr>
                        
                            <tr><th>Failed</th><td>Failed</td></tr>
                        
                        
                        </table>

                        
                        <pre>failed</pre>
                        
                        

                        
                        
                        <div class="stdout"><i>Stdout</i><br>
                            <pre>Running main() from C:\Users\ahmet\OneDrive\Masaüstü\DataStructure\cen207-2025-2026-5-Mustafa-Yildirimm-cpp\build_win\_deps\googletest-src\googletest\src\gtest_main.cc
Note: Google Test filter = StringViewCoverageTest.TestStringViewFind
[==========] Running 1 test from 1 test suite.
[----------] Global test environment set-up.
[----------] 1 test from StringViewCoverageTest
[ RUN      ] StringViewCoverageTest.TestStringViewFind
C:\Users\ahmet\OneDrive\Masa[NON-UTF-8-BYTE-0xFC]st[NON-UTF-8-BYTE-0xFC]\DataStructure\cen207-2025-2026-5-Mustafa-Yildirimm-cpp\tests\test_string_view_coverage.cpp(238): error: Expected equality of these values:
  sv.find(&#34;Universe&#34;)
    Which is: 21
  20

C:\Users\ahmet\OneDrive\Masa[NON-UTF-8-BYTE-0xFC]st[NON-UTF-8-BYTE-0xFC]\DataStructure\cen207-2025-2026-5-Mustafa-Yildirimm-cpp\tests\test_string_view_coverage.cpp(251): error: Expected equality of these values:
  sv.rfind(&#39;o&#39;)
    Which is: 18
  25

C:\Users\ahmet\OneDrive\Masa[NON-UTF-8-BYTE-0xFC]st[NON-UTF-8-BYTE-0xFC]\DataStructure\cen207-2025-2026-5-Mustafa-Yildirimm-cpp\tests\test_string_view_coverage.cpp(256): error: Expected equality of these values:
  sv.find_first_of(&#34;AEIOU&#34;)
    Which is: 21
  std::string_view::npos
    Which is: 18446744073709551615

C:\Users\ahmet\OneDrive\Masa[NON-UTF-8-BYTE-0xFC]st[NON-UTF-8-BYTE-0xFC]\DataStructure\cen207-2025-2026-5-Mustafa-Yildirimm-cpp\tests\test_string_view_coverage.cpp(259): error: Expected equality of these values:
  sv.find_last_of(&#34;aeiou&#34;)
    Which is: 28
  25

C:\Users\ahmet\OneDrive\Masa[NON-UTF-8-BYTE-0xFC]st[NON-UTF-8-BYTE-0xFC]\DataStructure\cen207-2025-2026-5-Mustafa-Yildirimm-cpp\tests\test_string_view_coverage.cpp(260): error: Expected equality of these values:
  sv.find_last_of(&#34;AEIOU&#34;)
    Which is: 21
  std::string_view::npos
    Which is: 18446744073709551615

C:\Users\ahmet\OneDrive\Masa[NON-UTF-8-BYTE-0xFC]st[NON-UTF-8-BYTE-0xFC]\DataStructure\cen207-2025-2026-5-Mustafa-Yildirimm-cpp\tests\test_string_view_coverage.cpp(264): error: Expected equality of these values:
  sv.find_first_not_of(&#34;Hello, World! &#34;)
    Which is: 21
  14

C:\Users\ahmet\OneDrive\Masa[NON-UTF-8-BYTE-0xFC]st[NON-UTF-8-BYTE-0xFC]\DataStructure\cen207-2025-2026-5-Mustafa-Yildirimm-cpp\tests\test_string_view_coverage.cpp(267): error: Expected equality of these values:
  sv.find_last_not_of(&#34;!&#34;)
    Which is: 28
  30

[  FAILED  ] StringViewCoverageTest.TestStringViewFind (0 ms)
[----------] 1 test from StringViewCoverageTest (0 ms total)

[----------] Global test environment tear-down
[==========] 1 test from 1 test suite ran. (0 ms total)
[  PASSED  ] 0 tests.
[  FAILED  ] 1 test, listed below:
[  FAILED  ] StringViewCoverageTest.TestStringViewFind

 1 FAILED TEST
</pre>
                        </div>
                        
                        
                    </div>
                
                </div>
            </div>
            
            <div class="testclass">
                <h4>StringViewCoverageTest.TestStringViewStartsWithEndsWith</h4>
                <div class="testcases">
                
                    <div class="test outcome outcome-failed">
                        <a id="f5b9fb19-0c70-4183-917a-9eef4ea4b595"></a>
                        <table class="proplist">
                            <tr><th>Test case:</th><td><b>StringViewCoverageTest.TestStringViewStartsWithEndsWith</b></td></tr>
                            <tr><th>Outcome:</th><td>Failed</td></tr>
                            <tr><th>Duration:</th><td>0.025 sec</td></tr>
                        
                            <tr><th>Failed</th><td>Failed</td></tr>
                        
                        
                        </table>

                        
                        <pre>failed</pre>
                        
                        

                        
                        
                        <div class="stdout"><i>Stdout</i><br>
                            <pre>Running main() from C:\Users\ahmet\OneDrive\Masaüstü\DataStructure\cen207-2025-2026-5-Mustafa-Yildirimm-cpp\build_win\_deps\googletest-src\googletest\src\gtest_main.cc
Note: Google Test filter = StringViewCoverageTest.TestStringViewStartsWithEndsWith
[==========] Running 1 test from 1 test suite.
[----------] Global test environment set-up.
[----------] 1 test from StringViewCoverageTest
[ RUN      ] StringViewCoverageTest.TestStringViewStartsWithEndsWith
C:\Users\ahmet\OneDrive\Masa[NON-UTF-8-BYTE-0xFC]st[NON-UTF-8-BYTE-0xFC]\DataStructure\cen207-2025-2026-5-Mustafa-Yildirimm-cpp\tests\test_string_view_coverage.cpp(296): error: Expected equality of these values:
  sv.find(&#39;d&#39;)
    Which is: 11
  10

[  FAILED  ] StringViewCoverageTest.TestStringViewStartsWithEndsWith (0 ms)
[----------] 1 test from StringViewCoverageTest (0 ms total)

[----------] Global test environment tear-down
[==========] 1 test from 1 test suite ran. (0 ms total)
[  PASSED  ] 0 tests.
[  FAILED  ] 1 test, listed below:
[  FAILED  ] StringViewCoverageTest.TestStringViewStartsWithEndsWith

 1 FAILED TEST
</pre>
                        </div>
                        
                        
                    </div>
                
                </div>
            </div>
            
            <div class="testclass">
                <h4>StringViewCoverageTest.TestStringViewContains</h4>
                <div class="testcases">
                
                    <div class="test outcome outcome-passed">
                        <a id="da7ae6d5-6b07-4533-85a3-0c6e4f07b1e7"></a>
                        <table class="proplist">
                            <tr><th>Test case:</th><td><b>StringViewCoverageTest.TestStringViewContains</b></td></tr>
                            <tr><th>Outcome:</th><td>Passed</td></tr>
                            <tr><th>Duration:</th><td>0.03 sec</td></tr>
                        
                        
                        </table>

                        
                        

                        
                        
                        <div class="stdout"><i>Stdout</i><br>
                            <pre>Running main() from C:\Users\ahmet\OneDrive\Masaüstü\DataStructure\cen207-2025-2026-5-Mustafa-Yildirimm-cpp\build_win\_deps\googletest-src\googletest\src\gtest_main.cc
Note: Google Test filter = StringViewCoverageTest.TestStringViewContains
[==========] Running 1 test from 1 test suite.
[----------] Global test environment set-up.
[----------] 1 test from StringViewCoverageTest
[ RUN      ] StringViewCoverageTest.TestStringViewContains
[       OK ] StringViewCoverageTest.TestStringViewContains (0 ms)
[----------] 1 test from StringViewCoverageTest (0 ms total)

[----------] Global test environment tear-down
[==========] 1 test from 1 test suite ran. (0 ms total)
[  PASSED  ] 1 test.
</pre>
                        </div>
                        
                        
                    </div>
                
                </div>
            </div>
            
            <div class="testclass">
                <h4>StringViewCoverageTest.TestStringViewRemovePrefixSuffix</h4>
                <div class="testcases">
                
                    <div class="test outcome outcome-passed">
                        <a id="7104d1ea-96ba-42d9-a779-8da9f7cbe7b1"></a>
                        <table class="proplist">
                            <tr><th>Test case:</th><td><b>StringViewCoverageTest.TestStringViewRemovePrefixSuffix</b></td></tr>
                            <tr><th>Outcome:</th><td>Passed</td></tr>
                            <tr><th>Duration:</th><td>0.033 sec</td></tr>
                        
                        
                        </table>

                        
                        

                        
                        
                        <div class="stdout"><i>Stdout</i><br>
                            <pre>Running main() from C:\Users\ahmet\OneDrive\Masaüstü\DataStructure\cen207-2025-2026-5-Mustafa-Yildirimm-cpp\build_win\_deps\googletest-src\googletest\src\gtest_main.cc
Note: Google Test filter = StringViewCoverageTest.TestStringViewRemovePrefixSuffix
[==========] Running 1 test from 1 test suite.
[----------] Global test environment set-up.
[----------] 1 test from StringViewCoverageTest
[ RUN      ] StringViewCoverageTest.TestStringViewRemovePrefixSuffix
[       OK ] StringViewCoverageTest.TestStringViewRemovePrefixSuffix (0 ms)
[----------] 1 test from StringViewCoverageTest (0 ms total)

[----------] Global test environment tear-down
[==========] 1 test from 1 test suite ran. (0 ms total)
[  PASSED  ] 1 test.
</pre>
                        </div>
                        
                        
                    </div>
                
                </div>
            </div>
            
            <div class="testclass">
                <h4>StringViewCoverageTest.TestStringViewCopy</h4>
                <div class="testcases">
                
                    <div class="test outcome outcome-passed">
                        <a id="dbcd6710-1b57-408a-818e-fdcc5ce1740a"></a>
                        <table class="proplist">
                            <tr><th>Test case:</th><td><b>StringViewCoverageTest.TestStringViewCopy</b></td></tr>
                            <tr><th>Outcome:</th><td>Passed</td></tr>
                            <tr><th>Duration:</th><td>0.039 sec</td></tr>
                        
                        
                        </table>

                        
                        

                        
                        
                        <div class="stdout"><i>Stdout</i><br>
                            <pre>Running main() from C:\Users\ahmet\OneDrive\Masaüstü\DataStructure\cen207-2025-2026-5-Mustafa-Yildirimm-cpp\build_win\_deps\googletest-src\googletest\src\gtest_main.cc
Note: Google Test filter = StringViewCoverageTest.TestStringViewCopy
[==========] Running 1 test from 1 test suite.
[----------] Global test environment set-up.
[----------] 1 test from StringViewCoverageTest
[ RUN      ] StringViewCoverageTest.TestStringViewCopy
[       OK ] StringViewCoverageTest.TestStringViewCopy (0 ms)
[----------] 1 test from StringViewCoverageTest (0 ms total)

[----------] Global test environment tear-down
[==========] 1 test from 1 test suite ran. (0 ms total)
[  PASSED  ] 1 test.
</pre>
                        </div>
                        
                        
                    </div>
                
                </div>
            </div>
            
            <div class="testclass">
                <h4>StringViewCoverageTest.TestStringViewHash</h4>
                <div class="testcases">
                
                    <div class="test outcome outcome-passed">
                        <a id="00335b79-736a-422d-8959-0aaacabf1247"></a>
                        <table class="proplist">
                            <tr><th>Test case:</th><td><b>StringViewCoverageTest.TestStringViewHash</b></td></tr>
                            <tr><th>Outcome:</th><td>Passed</td></tr>
                            <tr><th>Duration:</th><td>0.028 sec</td></tr>
                        
                        
                        </table>

                        
                        

                        
                        
                        <div class="stdout"><i>Stdout</i><br>
                            <pre>Running main() from C:\Users\ahmet\OneDrive\Masaüstü\DataStructure\cen207-2025-2026-5-Mustafa-Yildirimm-cpp\build_win\_deps\googletest-src\googletest\src\gtest_main.cc
Note: Google Test filter = StringViewCoverageTest.TestStringViewHash
[==========] Running 1 test from 1 test suite.
[----------] Global test environment set-up.
[----------] 1 test from StringViewCoverageTest
[ RUN      ] StringViewCoverageTest.TestStringViewHash
[       OK ] StringViewCoverageTest.TestStringViewHash (0 ms)
[----------] 1 test from StringViewCoverageTest (0 ms total)

[----------] Global test environment tear-down
[==========] 1 test from 1 test suite ran. (0 ms total)
[  PASSED  ] 1 test.
</pre>
                        </div>
                        
                        
                    </div>
                
                </div>
            </div>
            
            <div class="testclass">
                <h4>StringViewCoverageTest.TestStringViewEdgeCases</h4>
                <div class="testcases">
                
                    <div class="test outcome outcome-passed">
                        <a id="dd9eb3c6-879c-485c-93ae-ab2823f711e0"></a>
                        <table class="proplist">
                            <tr><th>Test case:</th><td><b>StringViewCoverageTest.TestStringViewEdgeCases</b></td></tr>
                            <tr><th>Outcome:</th><td>Passed</td></tr>
                            <tr><th>Duration:</th><td>0.038 sec</td></tr>
                        
                        
                        </table>

                        
                        

                        
                        
                        <div class="stdout"><i>Stdout</i><br>
                            <pre>Running main() from C:\Users\ahmet\OneDrive\Masaüstü\DataStructure\cen207-2025-2026-5-Mustafa-Yildirimm-cpp\build_win\_deps\googletest-src\googletest\src\gtest_main.cc
Note: Google Test filter = StringViewCoverageTest.TestStringViewEdgeCases
[==========] Running 1 test from 1 test suite.
[----------] Global test environment set-up.
[----------] 1 test from StringViewCoverageTest
[ RUN      ] StringViewCoverageTest.TestStringViewEdgeCases
[       OK ] StringViewCoverageTest.TestStringViewEdgeCases (0 ms)
[----------] 1 test from StringViewCoverageTest (0 ms total)

[----------] Global test environment tear-down
[==========] 1 test from 1 test suite ran. (0 ms total)
[  PASSED  ] 1 test.
</pre>
                        </div>
                        
                        
                    </div>
                
                </div>
            </div>
            
            <div class="testclass">
                <h4>StringViewCoverageTest.TestStringViewConstexpr</h4>
                <div class="testcases">
                
                    <div class="test outcome outcome-passed">
                        <a id="6cbb88c7-4dcd-43e7-ab6a-5e374d2d3046"></a>
                        <table class="proplist">
                            <tr><th>Test case:</th><td><b>StringViewCoverageTest.TestStringViewConstexpr</b></td></tr>
                            <tr><th>Outcome:</th><td>Passed</td></tr>
                            <tr><th>Duration:</th><td>0.033 sec</td></tr>
                        
                        
                        </table>

                        
                        

                        
                        
                        <div class="stdout"><i>Stdout</i><br>
                            <pre>Running main() from C:\Users\ahmet\OneDrive\Masaüstü\DataStructure\cen207-2025-2026-5-Mustafa-Yildirimm-cpp\build_win\_deps\googletest-src\googletest\src\gtest_main.cc
Note: Google Test filter = StringViewCoverageTest.TestStringViewConstexpr
[==========] Running 1 test from 1 test suite.
[----------] Global test environment set-up.
[----------] 1 test from StringViewCoverageTest
[ RUN      ] StringViewCoverageTest.TestStringViewConstexpr
[       OK ] StringViewCoverageTest.TestStringViewConstexpr (0 ms)
[----------] 1 test from StringViewCoverageTest (0 ms total)

[----------] Global test environment tear-down
[==========] 1 test from 1 test suite ran. (0 ms total)
[  PASSED  ] 1 test.
</pre>
                        </div>
                        
                        
                    </div>
                
                </div>
            </div>
            
            <div class="testclass">
                <h4>StringViewCoverageTest.TestStringViewPerformance</h4>
                <div class="testcases">
                
                    <div class="test outcome outcome-passed">
                        <a id="08c8ed59-9638-4e1c-9d40-93cc02f3e8ae"></a>
                        <table class="proplist">
                            <tr><th>Test case:</th><td><b>StringViewCoverageTest.TestStringViewPerformance</b></td></tr>
                            <tr><th>Outcome:</th><td>Passed</td></tr>
                            <tr><th>Duration:</th><td>0.033 sec</td></tr>
                        
                        
                        </table>

                        
                        

                        
                        
                        <div class="stdout"><i>Stdout</i><br>
                            <pre>Running main() from C:\Users\ahmet\OneDrive\Masaüstü\DataStructure\cen207-2025-2026-5-Mustafa-Yildirimm-cpp\build_win\_deps\googletest-src\googletest\src\gtest_main.cc
Note: Google Test filter = StringViewCoverageTest.TestStringViewPerformance
[==========] Running 1 test from 1 test suite.
[----------] Global test environment set-up.
[----------] 1 test from StringViewCoverageTest
[ RUN      ] StringViewCoverageTest.TestStringViewPerformance
[       OK ] StringViewCoverageTest.TestStringViewPerformance (0 ms)
[----------] 1 test from StringViewCoverageTest (0 ms total)

[----------] Global test environment tear-down
[==========] 1 test from 1 test suite ran. (0 ms total)
[  PASSED  ] 1 test.
</pre>
                        </div>
                        
                        
                    </div>
                
                </div>
            </div>
            
            <div class="testclass">
                <h4>StringViewInternalUtilitiesTest.TestStringViewLengthFunction</h4>
                <div class="testcases">
                
                    <div class="test outcome outcome-failed">
                        <a id="4a57fc65-3ee2-46b6-9d0b-e808d8ab616d"></a>
                        <table class="proplist">
                            <tr><th>Test case:</th><td><b>StringViewInternalUtilitiesTest.TestStringViewLengthFunction</b></td></tr>
                            <tr><th>Outcome:</th><td>Failed</td></tr>
                            <tr><th>Duration:</th><td>0.034 sec</td></tr>
                        
                            <tr><th>Failed</th><td>Failed</td></tr>
                        
                        
                        </table>

                        
                        <pre>failed</pre>
                        
                        

                        
                        
                        <div class="stdout"><i>Stdout</i><br>
                            <pre>Running main() from C:\Users\ahmet\OneDrive\Masaüstü\DataStructure\cen207-2025-2026-5-Mustafa-Yildirimm-cpp\build_win\_deps\googletest-src\googletest\src\gtest_main.cc
Note: Google Test filter = StringViewInternalUtilitiesTest.TestStringViewLengthFunction
[==========] Running 1 test from 1 test suite.
[----------] Global test environment set-up.
[----------] 1 test from StringViewInternalUtilitiesTest
[ RUN      ] StringViewInternalUtilitiesTest.TestStringViewLengthFunction
C:\Users\ahmet\OneDrive\Masa[NON-UTF-8-BYTE-0xFC]st[NON-UTF-8-BYTE-0xFC]\DataStructure\cen207-2025-2026-5-Mustafa-Yildirimm-cpp\tests\test_string_view_internal_utilities.cpp(63): error: Expected equality of these values:
  sv4.size()
    Which is: 75
  70

C:\Users\ahmet\OneDrive\Masa[NON-UTF-8-BYTE-0xFC]st[NON-UTF-8-BYTE-0xFC]\DataStructure\cen207-2025-2026-5-Mustafa-Yildirimm-cpp\tests\test_string_view_internal_utilities.cpp(64): error: Expected equality of these values:
  sv4.length()
    Which is: 75
  70

[  FAILED  ] StringViewInternalUtilitiesTest.TestStringViewLengthFunction (0 ms)
[----------] 1 test from StringViewInternalUtilitiesTest (0 ms total)

[----------] Global test environment tear-down
[==========] 1 test from 1 test suite ran. (0 ms total)
[  PASSED  ] 0 tests.
[  FAILED  ] 1 test, listed below:
[  FAILED  ] StringViewInternalUtilitiesTest.TestStringViewLengthFunction

 1 FAILED TEST
</pre>
                        </div>
                        
                        
                    </div>
                
                </div>
            </div>
            
            <div class="testclass">
                <h4>StringViewInternalUtilitiesTest.TestStringViewFindFunction</h4>
                <div class="testcases">
                
                    <div class="test outcome outcome-failed">
                        <a id="6d134f8b-60f8-4bc8-93a2-a4511691b425"></a>
                        <table class="proplist">
                            <tr><th>Test case:</th><td><b>StringViewInternalUtilitiesTest.TestStringViewFindFunction</b></td></tr>
                            <tr><th>Outcome:</th><td>Failed</td></tr>
                            <tr><th>Duration:</th><td>0.035 sec</td></tr>
                        
                            <tr><th>Failed</th><td>Failed</td></tr>
                        
                        
                        </table>

                        
                        <pre>failed</pre>
                        
                        

                        
                        
                        <div class="stdout"><i>Stdout</i><br>
                            <pre>Running main() from C:\Users\ahmet\OneDrive\Masaüstü\DataStructure\cen207-2025-2026-5-Mustafa-Yildirimm-cpp\build_win\_deps\googletest-src\googletest\src\gtest_main.cc
Note: Google Test filter = StringViewInternalUtilitiesTest.TestStringViewFindFunction
[==========] Running 1 test from 1 test suite.
[----------] Global test environment set-up.
[----------] 1 test from StringViewInternalUtilitiesTest
[ RUN      ] StringViewInternalUtilitiesTest.TestStringViewFindFunction
C:\Users\ahmet\OneDrive\Masa[NON-UTF-8-BYTE-0xFC]st[NON-UTF-8-BYTE-0xFC]\DataStructure\cen207-2025-2026-5-Mustafa-Yildirimm-cpp\tests\test_string_view_internal_utilities.cpp(106): error: Expected equality of these values:
  sv.find(&#39;r&#39;)
    Which is: 9
  8

C:\Users\ahmet\OneDrive\Masa[NON-UTF-8-BYTE-0xFC]st[NON-UTF-8-BYTE-0xFC]\DataStructure\cen207-2025-2026-5-Mustafa-Yildirimm-cpp\tests\test_string_view_internal_utilities.cpp(107): error: Expected equality of these values:
  sv.find(&#39;d&#39;)
    Which is: 11
  10

C:\Users\ahmet\OneDrive\Masa[NON-UTF-8-BYTE-0xFC]st[NON-UTF-8-BYTE-0xFC]\DataStructure\cen207-2025-2026-5-Mustafa-Yildirimm-cpp\tests\test_string_view_internal_utilities.cpp(122): error: Expected equality of these values:
  sv.find(&#34;d&#34;)
    Which is: 11
  10

C:\Users\ahmet\OneDrive\Masa[NON-UTF-8-BYTE-0xFC]st[NON-UTF-8-BYTE-0xFC]\DataStructure\cen207-2025-2026-5-Mustafa-Yildirimm-cpp\tests\test_string_view_internal_utilities.cpp(128): error: Expected equality of these values:
  sv.find(&#39;l&#39;, 4)
    Which is: 10
  9

[  FAILED  ] StringViewInternalUtilitiesTest.TestStringViewFindFunction (0 ms)
[----------] 1 test from StringViewInternalUtilitiesTest (0 ms total)

[----------] Global test environment tear-down
[==========] 1 test from 1 test suite ran. (0 ms total)
[  PASSED  ] 0 tests.
[  FAILED  ] 1 test, listed below:
[  FAILED  ] StringViewInternalUtilitiesTest.TestStringViewFindFunction

 1 FAILED TEST
</pre>
                        </div>
                        
                        
                    </div>
                
                </div>
            </div>
            
            <div class="testclass">
                <h4>StringViewInternalUtilitiesTest.TestStringViewAssignFunction</h4>
                <div class="testcases">
                
                    <div class="test outcome outcome-passed">
                        <a id="c3a7535f-e4a2-420e-8bc3-11b8917f5367"></a>
                        <table class="proplist">
                            <tr><th>Test case:</th><td><b>StringViewInternalUtilitiesTest.TestStringViewAssignFunction</b></td></tr>
                            <tr><th>Outcome:</th><td>Passed</td></tr>
                            <tr><th>Duration:</th><td>0.047 sec</td></tr>
                        
                        
                        </table>

                        
                        

                        
                        
                        <div class="stdout"><i>Stdout</i><br>
                            <pre>Running main() from C:\Users\ahmet\OneDrive\Masaüstü\DataStructure\cen207-2025-2026-5-Mustafa-Yildirimm-cpp\build_win\_deps\googletest-src\googletest\src\gtest_main.cc
Note: Google Test filter = StringViewInternalUtilitiesTest.TestStringViewAssignFunction
[==========] Running 1 test from 1 test suite.
[----------] Global test environment set-up.
[----------] 1 test from StringViewInternalUtilitiesTest
[ RUN      ] StringViewInternalUtilitiesTest.TestStringViewAssignFunction
[       OK ] StringViewInternalUtilitiesTest.TestStringViewAssignFunction (0 ms)
[----------] 1 test from StringViewInternalUtilitiesTest (0 ms total)

[----------] Global test environment tear-down
[==========] 1 test from 1 test suite ran. (0 ms total)
[  PASSED  ] 1 test.
</pre>
                        </div>
                        
                        
                    </div>
                
                </div>
            </div>
            
            <div class="testclass">
                <h4>StringViewInternalUtilitiesTest.TestStringViewInternalOperations</h4>
                <div class="testcases">
                
                    <div class="test outcome outcome-failed">
                        <a id="57f7f131-6110-4aa6-a908-0477f9bcc884"></a>
                        <table class="proplist">
                            <tr><th>Test case:</th><td><b>StringViewInternalUtilitiesTest.TestStringViewInternalOperations</b></td></tr>
                            <tr><th>Outcome:</th><td>Failed</td></tr>
                            <tr><th>Duration:</th><td>0.025 sec</td></tr>
                        
                            <tr><th>Failed</th><td>Failed</td></tr>
                        
                        
                        </table>

                        
                        <pre>failed</pre>
                        
                        

                        
                        
                        <div class="stdout"><i>Stdout</i><br>
                            <pre>Running main() from C:\Users\ahmet\OneDrive\Masaüstü\DataStructure\cen207-2025-2026-5-Mustafa-Yildirimm-cpp\build_win\_deps\googletest-src\googletest\src\gtest_main.cc
Note: Google Test filter = StringViewInternalUtilitiesTest.TestStringViewInternalOperations
[==========] Running 1 test from 1 test suite.
[----------] Global test environment set-up.
[----------] 1 test from StringViewInternalUtilitiesTest
[ RUN      ] StringViewInternalUtilitiesTest.TestStringViewInternalOperations
C:\Users\ahmet\OneDrive\Masa[NON-UTF-8-BYTE-0xFC]st[NON-UTF-8-BYTE-0xFC]\DataStructure\cen207-2025-2026-5-Mustafa-Yildirimm-cpp\tests\test_string_view_internal_utilities.cpp(259): error: Expected equality of these values:
  sv.find(&#39;t&#39;)
    Which is: 2
  20

C:\Users\ahmet\OneDrive\Masa[NON-UTF-8-BYTE-0xFC]st[NON-UTF-8-BYTE-0xFC]\DataStructure\cen207-2025-2026-5-Mustafa-Yildirimm-cpp\tests\test_string_view_internal_utilities.cpp(273): error: Expected equality of these values:
  wsv.find(L&#39;t&#39;)
    Which is: 6
  5

C:\Users\ahmet\OneDrive\Masa[NON-UTF-8-BYTE-0xFC]st[NON-UTF-8-BYTE-0xFC]\DataStructure\cen207-2025-2026-5-Mustafa-Yildirimm-cpp\tests\test_string_view_internal_utilities.cpp(279): error: Expected equality of these values:
  sv16.find(u&#39;t&#39;)
    Which is: 8
  7

C:\Users\ahmet\OneDrive\Masa[NON-UTF-8-BYTE-0xFC]st[NON-UTF-8-BYTE-0xFC]\DataStructure\cen207-2025-2026-5-Mustafa-Yildirimm-cpp\tests\test_string_view_internal_utilities.cpp(285): error: Expected equality of these values:
  sv32.find(U&#39;t&#39;)
    Which is: 8
  7

[  FAILED  ] StringViewInternalUtilitiesTest.TestStringViewInternalOperations (0 ms)
[----------] 1 test from StringViewInternalUtilitiesTest (0 ms total)

[----------] Global test environment tear-down
[==========] 1 test from 1 test suite ran. (0 ms total)
[  PASSED  ] 0 tests.
[  FAILED  ] 1 test, listed below:
[  FAILED  ] StringViewInternalUtilitiesTest.TestStringViewInternalOperations

 1 FAILED TEST
</pre>
                        </div>
                        
                        
                    </div>
                
                </div>
            </div>
            
            <div class="testclass">
                <h4>StringViewInternalUtilitiesTest.TestStringViewEdgeCasesForInternalFunctions</h4>
                <div class="testcases">
                
                    <div class="test outcome outcome-failed">
                        <a id="4a8af77b-974a-435a-a632-036882762761"></a>
                        <table class="proplist">
                            <tr><th>Test case:</th><td><b>StringViewInternalUtilitiesTest.TestStringViewEdgeCasesForInternalFunctions</b></td></tr>
                            <tr><th>Outcome:</th><td>Failed</td></tr>
                            <tr><th>Duration:</th><td>0.032 sec</td></tr>
                        
                            <tr><th>Failed</th><td>Failed</td></tr>
                        
                        
                        </table>

                        
                        <pre>failed</pre>
                        
                        

                        
                        
                        <div class="stdout"><i>Stdout</i><br>
                            <pre>Running main() from C:\Users\ahmet\OneDrive\Masaüstü\DataStructure\cen207-2025-2026-5-Mustafa-Yildirimm-cpp\build_win\_deps\googletest-src\googletest\src\gtest_main.cc
Note: Google Test filter = StringViewInternalUtilitiesTest.TestStringViewEdgeCasesForInternalFunctions
[==========] Running 1 test from 1 test suite.
[----------] Global test environment set-up.
[----------] 1 test from StringViewInternalUtilitiesTest
[ RUN      ] StringViewInternalUtilitiesTest.TestStringViewEdgeCasesForInternalFunctions
C:\Users\ahmet\OneDrive\Masa[NON-UTF-8-BYTE-0xFC]st[NON-UTF-8-BYTE-0xFC]\DataStructure\cen207-2025-2026-5-Mustafa-Yildirimm-cpp\tests\test_string_view_internal_utilities.cpp(310): error: Expected equality of these values:
  special_sv.find(&#34;World&#34;)
    Which is: 18446744073709551615
  6

[  FAILED  ] StringViewInternalUtilitiesTest.TestStringViewEdgeCasesForInternalFunctions (0 ms)
[----------] 1 test from StringViewInternalUtilitiesTest (0 ms total)

[----------] Global test environment tear-down
[==========] 1 test from 1 test suite ran. (0 ms total)
[  PASSED  ] 0 tests.
[  FAILED  ] 1 test, listed below:
[  FAILED  ] StringViewInternalUtilitiesTest.TestStringViewEdgeCasesForInternalFunctions

 1 FAILED TEST
</pre>
                        </div>
                        
                        
                    </div>
                
                </div>
            </div>
            
            <div class="testclass">
                <h4>StringViewInternalUtilitiesTest.TestStringViewConstexprInternalFunctions</h4>
                <div class="testcases">
                
                    <div class="test outcome outcome-passed">
                        <a id="cac330da-89b9-4354-9c25-6032aacad60f"></a>
                        <table class="proplist">
                            <tr><th>Test case:</th><td><b>StringViewInternalUtilitiesTest.TestStringViewConstexprInternalFunctions</b></td></tr>
                            <tr><th>Outcome:</th><td>Passed</td></tr>
                            <tr><th>Duration:</th><td>0.033 sec</td></tr>
                        
                        
                        </table>

                        
                        

                        
                        
                        <div class="stdout"><i>Stdout</i><br>
                            <pre>Running main() from C:\Users\ahmet\OneDrive\Masaüstü\DataStructure\cen207-2025-2026-5-Mustafa-Yildirimm-cpp\build_win\_deps\googletest-src\googletest\src\gtest_main.cc
Note: Google Test filter = StringViewInternalUtilitiesTest.TestStringViewConstexprInternalFunctions
[==========] Running 1 test from 1 test suite.
[----------] Global test environment set-up.
[----------] 1 test from StringViewInternalUtilitiesTest
[ RUN      ] StringViewInternalUtilitiesTest.TestStringViewConstexprInternalFunctions
[       OK ] StringViewInternalUtilitiesTest.TestStringViewConstexprInternalFunctions (0 ms)
[----------] 1 test from StringViewInternalUtilitiesTest (0 ms total)

[----------] Global test environment tear-down
[==========] 1 test from 1 test suite ran. (0 ms total)
[  PASSED  ] 1 test.
</pre>
                        </div>
                        
                        
                    </div>
                
                </div>
            </div>
            
            <div class="testclass">
                <h4>StringViewInternalUtilitiesTest.TestStringViewPerformanceInternalFunctions</h4>
                <div class="testcases">
                
                    <div class="test outcome outcome-passed">
                        <a id="3dbf41bf-c59c-4b52-9728-ea351eccf6e2"></a>
                        <table class="proplist">
                            <tr><th>Test case:</th><td><b>StringViewInternalUtilitiesTest.TestStringViewPerformanceInternalFunctions</b></td></tr>
                            <tr><th>Outcome:</th><td>Passed</td></tr>
                            <tr><th>Duration:</th><td>0.039 sec</td></tr>
                        
                        
                        </table>

                        
                        

                        
                        
                        <div class="stdout"><i>Stdout</i><br>
                            <pre>Running main() from C:\Users\ahmet\OneDrive\Masaüstü\DataStructure\cen207-2025-2026-5-Mustafa-Yildirimm-cpp\build_win\_deps\googletest-src\googletest\src\gtest_main.cc
Note: Google Test filter = StringViewInternalUtilitiesTest.TestStringViewPerformanceInternalFunctions
[==========] Running 1 test from 1 test suite.
[----------] Global test environment set-up.
[----------] 1 test from StringViewInternalUtilitiesTest
[ RUN      ] StringViewInternalUtilitiesTest.TestStringViewPerformanceInternalFunctions
[       OK ] StringViewInternalUtilitiesTest.TestStringViewPerformanceInternalFunctions (0 ms)
[----------] 1 test from StringViewInternalUtilitiesTest (0 ms total)

[----------] Global test environment tear-down
[==========] 1 test from 1 test suite ran. (0 ms total)
[  PASSED  ] 1 test.
</pre>
                        </div>
                        
                        
                    </div>
                
                </div>
            </div>
            
            <div class="testclass">
                <h4>XORLinkedList.InsertDeleteNavigate</h4>
                <div class="testcases">
                
                    <div class="test outcome outcome-passed">
                        <a id="1afbf6e6-fd11-40e7-8d47-e2cc3c228e83"></a>
                        <table class="proplist">
                            <tr><th>Test case:</th><td><b>XORLinkedList.InsertDeleteNavigate</b></td></tr>
                            <tr><th>Outcome:</th><td>Passed</td></tr>
                            <tr><th>Duration:</th><td>0.026 sec</td></tr>
                        
                        
                        </table>

                        
                        

                        
                        
                        <div class="stdout"><i>Stdout</i><br>
                            <pre>Running main() from C:\Users\ahmet\OneDrive\Masaüstü\DataStructure\cen207-2025-2026-5-Mustafa-Yildirimm-cpp\build_win\_deps\googletest-src\googletest\src\gtest_main.cc
Note: Google Test filter = XORLinkedList.InsertDeleteNavigate
[==========] Running 1 test from 1 test suite.
[----------] Global test environment set-up.
[----------] 1 test from XORLinkedList
[ RUN      ] XORLinkedList.InsertDeleteNavigate
[       OK ] XORLinkedList.InsertDeleteNavigate (0 ms)
[----------] 1 test from XORLinkedList (0 ms total)

[----------] Global test environment tear-down
[==========] 1 test from 1 test suite ran. (0 ms total)
[  PASSED  ] 1 test.
</pre>
                        </div>
                        
                        
                    </div>
                
                </div>
            </div>
            
        </div>
    </div>
    



<p class="footer">
    Generated by junit2html
</p>
</body>
</html>