<?xml version="1.0" encoding="UTF-8"?>
<testsuite name="(empty)"
	tests="15"
	failures="2"
	disabled="0"
	skipped="0"
	hostname=""
	time="0"
	timestamp="2025-10-18T19:10:26"
	>
	<testcase name="MathUtilityTest.CalculateMean" classname="MathUtilityTest.CalculateMean" time="0.0146402" status="run">
		<properties/>
		<system-out>Note: Google Test filter = MathUtilityTest.CalculateMean
[==========] Running 1 test from 1 test suite.
[----------] Global test environment set-up.
[----------] 1 test from MathUtilityTest
[ RUN      ] MathUtilityTest.CalculateMean
[       OK ] MathUtilityTest.CalculateMean (0 ms)
[----------] 1 test from MathUtilityTest (0 ms total)

[----------] Global test environment tear-down
[==========] 1 test from 1 test suite ran. (0 ms total)
[  PASSED  ] 1 test.
</system-out>
	</testcase>
	<testcase name="MathUtilityTest.CalculateMedianOdd" classname="MathUtilityTest.CalculateMedianOdd" time="0.0127634" status="run">
		<properties/>
		<system-out>Note: Google Test filter = MathUtilityTest.CalculateMedianOdd
[==========] Running 1 test from 1 test suite.
[----------] Global test environment set-up.
[----------] 1 test from MathUtilityTest
[ RUN      ] MathUtilityTest.CalculateMedianOdd
[       OK ] MathUtilityTest.CalculateMedianOdd (0 ms)
[----------] 1 test from MathUtilityTest (0 ms total)

[----------] Global test environment tear-down
[==========] 1 test from 1 test suite ran. (0 ms total)
[  PASSED  ] 1 test.
</system-out>
	</testcase>
	<testcase name="MathUtilityTest.CalculateMedianEven" classname="MathUtilityTest.CalculateMedianEven" time="0.014286" status="run">
		<properties/>
		<system-out>Note: Google Test filter = MathUtilityTest.CalculateMedianEven
[==========] Running 1 test from 1 test suite.
[----------] Global test environment set-up.
[----------] 1 test from MathUtilityTest
[ RUN      ] MathUtilityTest.CalculateMedianEven
[       OK ] MathUtilityTest.CalculateMedianEven (0 ms)
[----------] 1 test from MathUtilityTest (0 ms total)

[----------] Global test environment tear-down
[==========] 1 test from 1 test suite ran. (0 ms total)
[  PASSED  ] 1 test.
</system-out>
	</testcase>
	<testcase name="MathUtilityTest.CompareDoubleLessTest" classname="MathUtilityTest.CompareDoubleLessTest" time="0.023833" status="run">
		<properties/>
		<system-out>Note: Google Test filter = MathUtilityTest.CompareDoubleLessTest
[==========] Running 1 test from 1 test suite.
[----------] Global test environment set-up.
[----------] 1 test from MathUtilityTest
[ RUN      ] MathUtilityTest.CompareDoubleLessTest
[       OK ] MathUtilityTest.CompareDoubleLessTest (0 ms)
[----------] 1 test from MathUtilityTest (0 ms total)

[----------] Global test environment tear-down
[==========] 1 test from 1 test suite ran. (0 ms total)
[  PASSED  ] 1 test.
</system-out>
	</testcase>
	<testcase name="MathUtilityTest.CompareDoubleGreaterTest" classname="MathUtilityTest.CompareDoubleGreaterTest" time="0.0166271" status="run">
		<properties/>
		<system-out>Note: Google Test filter = MathUtilityTest.CompareDoubleGreaterTest
[==========] Running 1 test from 1 test suite.
[----------] Global test environment set-up.
[----------] 1 test from MathUtilityTest
[ RUN      ] MathUtilityTest.CompareDoubleGreaterTest
[       OK ] MathUtilityTest.CompareDoubleGreaterTest (0 ms)
[----------] 1 test from MathUtilityTest (0 ms total)

[----------] Global test environment tear-down
[==========] 1 test from 1 test suite ran. (0 ms total)
[  PASSED  ] 1 test.
</system-out>
	</testcase>
	<testcase name="MathUtilityTest.CompareDoubleEqualTest" classname="MathUtilityTest.CompareDoubleEqualTest" time="0.0222806" status="run">
		<properties/>
		<system-out>Note: Google Test filter = MathUtilityTest.CompareDoubleEqualTest
[==========] Running 1 test from 1 test suite.
[----------] Global test environment set-up.
[----------] 1 test from MathUtilityTest
[ RUN      ] MathUtilityTest.CompareDoubleEqualTest
[       OK ] MathUtilityTest.CompareDoubleEqualTest (0 ms)
[----------] 1 test from MathUtilityTest (0 ms total)

[----------] Global test environment tear-down
[==========] 1 test from 1 test suite ran. (0 ms total)
[  PASSED  ] 1 test.
</system-out>
	</testcase>
	<testcase name="MathUtilityTest.CalculateMinMaxTest_1" classname="MathUtilityTest.CalculateMinMaxTest_1" time="0.0260311" status="run">
		<properties/>
		<system-out>Note: Google Test filter = MathUtilityTest.CalculateMinMaxTest_1
[==========] Running 1 test from 1 test suite.
[----------] Global test environment set-up.
[----------] 1 test from MathUtilityTest
[ RUN      ] MathUtilityTest.CalculateMinMaxTest_1
[       OK ] MathUtilityTest.CalculateMinMaxTest_1 (0 ms)
[----------] 1 test from MathUtilityTest (0 ms total)

[----------] Global test environment tear-down
[==========] 1 test from 1 test suite ran. (0 ms total)
[  PASSED  ] 1 test.
</system-out>
	</testcase>
	<testcase name="MathUtilityTest.CalculateMinMaxTest_2" classname="MathUtilityTest.CalculateMinMaxTest_2" time="0.0240924" status="run">
		<properties/>
		<system-out>Note: Google Test filter = MathUtilityTest.CalculateMinMaxTest_2
[==========] Running 1 test from 1 test suite.
[----------] Global test environment set-up.
[----------] 1 test from MathUtilityTest
[ RUN      ] MathUtilityTest.CalculateMinMaxTest_2
[       OK ] MathUtilityTest.CalculateMinMaxTest_2 (0 ms)
[----------] 1 test from MathUtilityTest (0 ms total)

[----------] Global test environment tear-down
[==========] 1 test from 1 test suite ran. (0 ms total)
[  PASSED  ] 1 test.
</system-out>
	</testcase>
	<testcase name="utility_tests" classname="utility_tests" time="0.0302898" status="run">
		<properties/>
		<system-out>[==========] Running 8 tests from 1 test suite.
[----------] Global test environment set-up.
[----------] 8 tests from MathUtilityTest
[ RUN      ] MathUtilityTest.CalculateMean
[       OK ] MathUtilityTest.CalculateMean (0 ms)
[ RUN      ] MathUtilityTest.CalculateMedianOdd
[       OK ] MathUtilityTest.CalculateMedianOdd (0 ms)
[ RUN      ] MathUtilityTest.CalculateMedianEven
[       OK ] MathUtilityTest.CalculateMedianEven (0 ms)
[ RUN      ] MathUtilityTest.CompareDoubleLessTest
[       OK ] MathUtilityTest.CompareDoubleLessTest (0 ms)
[ RUN      ] MathUtilityTest.CompareDoubleGreaterTest
[       OK ] MathUtilityTest.CompareDoubleGreaterTest (0 ms)
[ RUN      ] MathUtilityTest.CompareDoubleEqualTest
[       OK ] MathUtilityTest.CompareDoubleEqualTest (0 ms)
[ RUN      ] MathUtilityTest.CalculateMinMaxTest_1
[       OK ] MathUtilityTest.CalculateMinMaxTest_1 (0 ms)
[ RUN      ] MathUtilityTest.CalculateMinMaxTest_2
[       OK ] MathUtilityTest.CalculateMinMaxTest_2 (0 ms)
[----------] 8 tests from MathUtili...
[This part of the test output was removed since it exceeds the threshold of 1024 bytes.]
</system-out>
	</testcase>
	<testcase name="doublelinkedlist_tests" classname="doublelinkedlist_tests" time="0.0342041" status="fail">
		<failure message="Failed"/>
		<properties/>
		<system-out>Running main() from C:\Users\ahmet\OneDrive\Masaüstü\DataStructure\cen207-2025-2026-5-Mustafa-Yildirimm-cpp\src\tests\googletest\googletest\src\gtest_main.cc
[==========] Running 9 tests from 1 test suite.
[----------] Global test environment set-up.
[----------] 9 tests from DoubleLinkedListTest
[ RUN      ] DoubleLinkedListTest.EmptyList
[       OK ] DoubleLinkedListTest.EmptyList (0 ms)
[ RUN      ] DoubleLinkedListTest.AppendElement
[       OK ] DoubleLinkedListTest.AppendElement (0 ms)
[ RUN      ] DoubleLinkedListTest.PrependElement
[       OK ] DoubleLinkedListTest.PrependElement (0 ms)
[ RUN      ] DoubleLinkedListTest.InsertAtPosition
[       OK ] DoubleLinkedListTest.InsertAtPosition (0 ms)
[ RUN      ] DoubleLinkedListTest.RemoveElement
[       OK ] DoubleLinkedListTest.RemoveElement (0 ms)
[ RUN      ] DoubleLinkedListTest.Navigation
C:\Users\ahmet\OneDrive\Masa[NON-UTF-8-BYTE-0xFC]st[NON-UTF-8-BYTE-0xFC]\DataStructure\cen207-2025-2026-5-Mustafa-Yildirimm-cpp\src\tests\DoubleLinkedList\DoubleLinkedList_test.cpp(71): error: Expected equality of these values:
  list-&gt;getCurrent()
    Which is: "page1"
  "page3"

C:\Users\ahmet\OneDrive\Masa[NON-UTF-8-BYTE-0xFC]st[NON-UTF-8-BYTE-0xFC]\DataStructure\cen207-2025-2026-5-Mustafa-Yildirimm-cpp\src\tests\DoubleLinkedList\DoubleLinkedList_test.cpp(72): error: Value of: list-&gt;canMoveBackward()
  Actual: false
Expected: true

C:\Users\ahmet\OneDrive\Masa[NON-UTF-8-BYTE-0xFC]st[NON-UTF-8-BYTE-0xFC]\DataStructure\cen207-2025-2026-5-Mustafa-Yildirimm-cpp\src\tests\DoubleLinkedList\DoubleLinkedList_test.cpp(73): error: Value of: list-&gt;canMoveForward()
  Actual: true
Expected: false

C:\Users\ahmet\OneDrive\Masa[NON-UTF-8-BYTE-0xFC]st[NON-UTF-8-BYTE-0xFC]\DataStructure\cen207-2025-2026-5-Mustafa-Yildirimm-cpp\src\tests\DoubleLinkedList\DoubleLinkedList_test.cpp(75): error: Value of: list-&gt;moveBackward()
  Actual: false
Expected: true

C:\Users\ahmet\OneDrive\Masa[NON-UTF-8-BYTE-0xFC]st[NON-UTF-8-BYTE-0xFC]\DataStructure\cen207-2025-2026-5-Mustafa-Yildirimm-cpp\src\tests\DoubleLinkedList\DoubleLinkedList_test.cpp(76): error: Expected equality of these values:
  list-&gt;getCurrent()
    Which is: "page1"
  "page2"

C:\Users\ahmet\OneDrive\Masa[NON-UTF-8-BYTE-0xFC]st[NON-UTF-8-BYTE-0xFC]\DataStructure\cen207-2025-2026-5-Mustafa-Yildirimm-cpp\src\tests\DoubleLinkedList\DoubleLinkedList_test.cpp(78): error: Value of: list-&gt;moveBackward()
  Actual: false
Expected: true

[  FAILED  ] DoubleLinkedListTest.Navigation (1 ms)
[ RUN      ] DoubleLinkedListTest.EdgeCases
[       OK ] DoubleLinkedListTest.EdgeCases (0 ms)
[ RUN      ] DoubleLinkedListTest.ClearList
[       OK ] DoubleLinkedListTest.ClearList (0 ms)
[ RUN      ] DoubleLinkedListTest.OutOfBounds
[       OK ] DoubleLinkedListTest.OutOfBounds (0 ms)
[----------] 9 tests from DoubleLinkedListTest (2 ms total)

[----------] Global test environment tear-down
[==========] 9 tests from 1 test suite ran. (2 ms total)
[  PASSED  ] 8 tests.
[  FAILED  ] 1 test, listed below:
[  FAILED  ] DoubleLinkedListTest.Navigation

 1 FAILED TEST
</system-out>
	</testcase>
	<testcase name="xorlinkedlist_tests" classname="xorlinkedlist_tests" time="0.032391" status="run">
		<properties/>
		<system-out>Running main() from C:\Users\ahmet\OneDrive\Masaüstü\DataStructure\cen207-2025-2026-5-Mustafa-Yildirimm-cpp\src\tests\googletest\googletest\src\gtest_main.cc
[==========] Running 10 tests from 1 test suite.
[----------] Global test environment set-up.
[----------] 10 tests from XORLinkedListTest
[ RUN      ] XORLinkedListTest.EmptyList
[       OK ] XORLinkedListTest.EmptyList (0 ms)
[ RUN      ] XORLinkedListTest.AppendElement
[       OK ] XORLinkedListTest.AppendElement (0 ms)
[ RUN      ] XORLinkedListTest.PrependElement
[       OK ] XORLinkedListTest.PrependElement (0 ms)
[ RUN      ] XORLinkedListTest.RemoveLast
[       OK ] XORLinkedListTest.RemoveLast (0 ms)
[ RUN      ] XORLinkedListTest.RemoveFirst
[       OK ] XORLinkedListTest.RemoveFirst (0 ms)
[ RUN      ] XORLinkedListTest.BidirectionalNavigation
[       OK ] XORLinkedListTest.BidirectionalNavigation (0 ms)
[ RUN      ] XORLinkedListTest.MemoryEfficiency
[       OK ] XORLinkedListTest.MemoryEfficiency (0 ms)
[ RUN      ] XORLinkedListTest.EdgeC...
[This part of the test output was removed since it exceeds the threshold of 1024 bytes.]
</system-out>
	</testcase>
	<testcase name="sparsematrix_tests" classname="sparsematrix_tests" time="0.0286016" status="run">
		<properties/>
		<system-out>Running main() from C:\Users\ahmet\OneDrive\Masaüstü\DataStructure\cen207-2025-2026-5-Mustafa-Yildirimm-cpp\src\tests\googletest\googletest\src\gtest_main.cc
[==========] Running 10 tests from 1 test suite.
[----------] Global test environment set-up.
[----------] 10 tests from SparseMatrixTest
[ RUN      ] SparseMatrixTest.EmptyMatrix
[       OK ] SparseMatrixTest.EmptyMatrix (0 ms)
[ RUN      ] SparseMatrixTest.SetAndGetValue
[       OK ] SparseMatrixTest.SetAndGetValue (0 ms)
[ RUN      ] SparseMatrixTest.MultipleValues
[       OK ] SparseMatrixTest.MultipleValues (0 ms)
[ RUN      ] SparseMatrixTest.RemoveValue
[       OK ] SparseMatrixTest.RemoveValue (0 ms)
[ RUN      ] SparseMatrixTest.MemoryUsage
[       OK ] SparseMatrixTest.MemoryUsage (0 ms)
[ RUN      ] SparseMatrixTest.GetAllNonZero
[       OK ] SparseMatrixTest.GetAllNonZero (0 ms)
[ RUN      ] SparseMatrixTest.OutOfBounds
[       OK ] SparseMatrixTest.OutOfBounds (0 ms)
[ RUN      ] SparseMatrixTest.ClearMatrix
[       OK ] SparseMatrixTest.C...
[This part of the test output was removed since it exceeds the threshold of 1024 bytes.]
</system-out>
	</testcase>
	<testcase name="stackqueue_tests" classname="stackqueue_tests" time="0.0275161" status="run">
		<properties/>
		<system-out>Running main() from C:\Users\ahmet\OneDrive\Masaüstü\DataStructure\cen207-2025-2026-5-Mustafa-Yildirimm-cpp\src\tests\googletest\googletest\src\gtest_main.cc
[==========] Running 12 tests from 2 test suites.
[----------] Global test environment set-up.
[----------] 6 tests from StackTest
[ RUN      ] StackTest.EmptyStack
[       OK ] StackTest.EmptyStack (0 ms)
[ RUN      ] StackTest.PushAndPop
[       OK ] StackTest.PushAndPop (0 ms)
[ RUN      ] StackTest.LIFOOrder
[       OK ] StackTest.LIFOOrder (0 ms)
[ RUN      ] StackTest.TopWithoutPop
[       OK ] StackTest.TopWithoutPop (0 ms)
[ RUN      ] StackTest.PopFromEmpty
[       OK ] StackTest.PopFromEmpty (0 ms)
[ RUN      ] StackTest.ClearStack
[       OK ] StackTest.ClearStack (0 ms)
[----------] 6 tests from StackTest (0 ms total)

[----------] 6 tests from QueueTest
[ RUN      ] QueueTest.EmptyQueue
[       OK ] QueueTest.EmptyQueue (0 ms)
[ RUN      ] QueueTest.EnqueueAndDequeue
[       OK ] QueueTest.EnqueueAndDequeue (0 ms)
[ RUN      ] QueueTest.FI...
[This part of the test output was removed since it exceeds the threshold of 1024 bytes.]
</system-out>
	</testcase>
	<testcase name="heap_tests" classname="heap_tests" time="0.243691" status="fail">
		<failure message="Failed"/>
		<properties/>
		<system-out>Running main() from C:\Users\ahmet\OneDrive\Masaüstü\DataStructure\cen207-2025-2026-5-Mustafa-Yildirimm-cpp\src\tests\googletest\googletest\src\gtest_main.cc
[==========] Running 10 tests from 1 test suite.
[----------] Global test environment set-up.
[----------] 10 tests from HeapTest
[ RUN      ] HeapTest.EmptyHeap
[       OK ] HeapTest.EmptyHeap (0 ms)
[ RUN      ] HeapTest.MaxHeapInsertAndExtract
C:\Users\ahmet\OneDrive\Masa[NON-UTF-8-BYTE-0xFC]st[NON-UTF-8-BYTE-0xFC]\DataStructure\cen207-2025-2026-5-Mustafa-Yildirimm-cpp\src\tests\Heap\Heap_test.cpp(40): error: Expected equality of these values:
  maxHeap-&gt;peek()
    Which is: 5
  15

C:\Users\ahmet\OneDrive\Masa[NON-UTF-8-BYTE-0xFC]st[NON-UTF-8-BYTE-0xFC]\DataStructure\cen207-2025-2026-5-Mustafa-Yildirimm-cpp\src\tests\Heap\Heap_test.cpp(42): error: Expected equality of these values:
  maxHeap-&gt;extractTop()
    Which is: 5
  15

C:\Users\ahmet\OneDrive\Masa[NON-UTF-8-BYTE-0xFC]st[NON-UTF-8-BYTE-0xFC]\DataStructure\cen207-2025-2026-5-Mustafa-Yildirimm-cpp\src\tests\Heap\Heap_test.cpp(44): error: Expected equality of these values:
  maxHeap-&gt;extractTop()
    Which is: 15
  5

[  FAILED  ] HeapTest.MaxHeapInsertAndExtract (3 ms)
[ RUN      ] HeapTest.MinHeapInsertAndExtract
C:\Users\ahmet\OneDrive\Masa[NON-UTF-8-BYTE-0xFC]st[NON-UTF-8-BYTE-0xFC]\DataStructure\cen207-2025-2026-5-Mustafa-Yildirimm-cpp\src\tests\Heap\Heap_test.cpp(54): error: Expected equality of these values:
  minHeap-&gt;peek()
    Which is: 15
  5

C:\Users\ahmet\OneDrive\Masa[NON-UTF-8-BYTE-0xFC]st[NON-UTF-8-BYTE-0xFC]\DataStructure\cen207-2025-2026-5-Mustafa-Yildirimm-cpp\src\tests\Heap\Heap_test.cpp(56): error: Expected equality of these values:
  minHeap-&gt;extractTop()
    Which is: 15
  5

C:\Users\ahmet\OneDrive\Masa[NON-UTF-8-BYTE-0xFC]st[NON-UTF-8-BYTE-0xFC]\DataStructure\cen207-2025-2026-5-Mustafa-Yildirimm-cpp\src\tests\Heap\Heap_test.cpp(58): error: Expected equality of these values:
  minHeap-&gt;extractTop()
    Which is: 5
  15

[  FAILED  ] HeapTest.MinHeapInsertAndExtract (0 ms)
[ RUN      ] HeapTest.HeapPropertyMaintained
[       OK ] HeapTest.HeapPropertyMaintained (0 ms)
[ RUN      ] HeapTest.PrioritySorting
C:\Users\ahmet\OneDrive\Masa[NON-UTF-8-BYTE-0xFC]st[NON-UTF-8-BYTE-0xFC]\DataStructure\cen207-2025-2026-5-Mustafa-Yildirimm-cpp\src\tests\Heap\Heap_test.cpp(87): error: Expected: (extracted[i-1]) &gt;= (extracted[i]), actual: 1 vs 5

C:\Users\ahmet\OneDrive\Masa[NON-UTF-8-BYTE-0xFC]st[NON-UTF-8-BYTE-0xFC]\DataStructure\cen207-2025-2026-5-Mustafa-Yildirimm-cpp\src\tests\Heap\Heap_test.cpp(87): error: Expected: (extracted[i-1]) &gt;= (extracted[i]), actual: 5 vs 10

C:\Users\ahmet\OneDrive\Masa[NON-UTF-8-BYTE-0xFC]st[NON-UTF-8-BYTE-0xFC]\DataStructure\cen207-2025-2026-5-Mustafa-Yildirimm-cpp\src\tests\Heap\Heap_test.cpp(87): error: Expected: (extracted[i-1]) &gt;= (extracted[i]), actual: 10 vs 15

C:\Users\ahmet\OneDrive\Masa[NON-UTF-8-BYTE-0xFC]st[NON-UTF-8-BYTE-0xFC]\DataStructure\cen207-2025-2026-5-Mustafa-Yildirimm-cpp\src\tests\Heap\Heap_test.cpp(87): error: Expected: (extracted[i-1]) &gt;= (extracted[i]), actual: 15 vs 20

[  FAILED  ] HeapTest.PrioritySorting (0 ms)
[ RUN      ] HeapTest.MinHeapPrioritySorting
C:\Users\ahmet\OneDrive\Masa[NON-UTF-8-BYTE-0xFC]st[NON-UTF-8-BYTE-0xFC]\DataStructure\cen207-2025-2026-5-Mustafa-Yildirimm-cpp\src\tests\Heap\Heap_test.cpp(106): error: Expected: (extracted[i-1]) &lt;= (extracted[i]), actual: 20 vs 15

C:\Users\ahmet\OneDrive\Masa[NON-UTF-8-BYTE-0xFC]st[NON-UTF-8-BYTE-0xFC]\DataStructure\cen207-2025-2026-5-Mustafa-Yildirimm-cpp\src\tests\Heap\Heap_test.cpp(106): error: Expected: (extracted[i-1]) &lt;= (extracted[i]), actual: 15 vs 10

C:\Users\ahmet\OneDrive\Masa[NON-UTF-8-BYTE-0xFC]st[NON-UTF-8-BYTE-0xFC]\DataStructure\cen207-2025-2026-5-Mustafa-Yildirimm-cpp\src\tests\Heap\Heap_test.cpp(106): error: Expected: (extracted[i-1]) &lt;= (extracted[i]), actual: 10 vs 5

C:\Users\ahmet\OneDrive\Masa[NON-UTF-8-BYTE-0xFC]st[NON-UTF-8-BYTE-0xFC]\DataStructure\cen207-2025-2026-5-Mustafa-Yildirimm-cpp\src\tests\Heap\Heap_test.cpp(106): error: Expected: (extracted[i-1]) &lt;= (extracted[i]), actual: 5 vs 1

[  FAILED  ] HeapTest.MinHeapPrioritySorting (0 ms)
[ RUN      ] HeapTest.ExtractFromEmpty
[       OK ] HeapTest.ExtractFromEmpty (0 ms)
[ RUN      ] HeapTest.ClearHeap
[       OK ] HeapTest.ClearHeap (0 ms)
[ RUN      ] HeapTest.LargeHeap
C:\Users\ahmet\OneDrive\Masa[NON-UTF-8-BYTE-0xFC]st[NON-UTF-8-BYTE-0xFC]\DataStructure\cen207-2025-2026-5-Mustafa-Yildirimm-cpp\src\tests\Heap\Heap_test.cpp(137): error: Expected: (lastExtracted) &gt;= (current), actual: 0 vs 1

C:\Users\ahmet\OneDrive\Masa[NON-UTF-8-BYTE-0xFC]st[NON-UTF-8-BYTE-0xFC]\DataStructure\cen207-2025-2026-5-Mustafa-Yildirimm-cpp\src\tests\Heap\Heap_test.cpp(137): error: Expected: (lastExtracted) &gt;= (current), actual: 1 vs 2

C:\Users\ahmet\OneDrive\Masa[NON-UTF-8-BYTE-0xFC]st[NON-UTF-8-BYTE-0xFC]\DataStructure\cen207-2025-2026-5-Mustafa-Yildirimm-cpp\src\tests\Heap\Heap_test.cpp(137): error: Expected: (lastExtracted) &gt;= (current), actual: 2 vs 3

C:\Users\ahmet\OneDrive\Masa[NON-UTF-8-BYTE-0xFC]st[NON-UTF-8-BYTE-0xFC]\DataStructure\cen207-2025-2026-5-Mustafa-Yildirimm-cpp\src\tests\Heap\Heap_test.cpp(137): error: Expected: (lastExtracted) &gt;= (current), actual: 3 vs 4

C:\Users\ahmet\OneDrive\Masa[NON-UTF-8-BYTE-0xFC]st[NON-UTF-8-BYTE-0xFC]\DataStructure\cen207-2025-2026-5-Mustafa-Yildirimm-cpp\src\tests\Heap\Heap_test.cpp(137): error: Expected: (lastExtracted) &gt;= (current), actual: 4 vs 5

C:\Users\ahmet\OneDrive\Masa[NON-UTF-8-BYTE-0xFC]st[NON-UTF-8-BYTE-0xFC]\DataStructure\cen207-2025-2026-5-Mustafa-Yildirimm-cpp\src\tests\Heap\Heap_test.cpp(137): error: Expected: (lastExtracted) &gt;= (current), actual: 5 vs 6

C:\Users\ahmet\OneDrive\Masa[NON-UTF-8-BYTE-0xFC]st[NON-UTF-8-BYTE-0xFC]\DataStructure\cen207-2025-2026-5-Mustafa-Yildirimm-cpp\src\tests\Heap\Heap_test.cpp(137): error: Expected: (lastExtracted) &gt;= (current), actual: 6 vs 7

C:\Users\ahmet\OneDrive\Masa[NON-UTF-8-BYTE-0xFC]st[NON-UTF-8-BYTE-0xFC]\DataStructure\cen207-2025-2026-5-Mustafa-Yildirimm-cpp\src\tests\Heap\Heap_test.cpp(137): error: Expected: (lastExtracted) &gt;= (current), actual: 7 vs 8

C:\Users\ahmet\OneDrive\Masa[NON-UTF-8-BYTE-0xFC]st[NON-UTF-8-BYTE-0xFC]\DataStructure\cen207-2025-2026-5-Mustafa-Yildirimm-cpp\src\tests\Heap\Heap_test.cpp(137): error: Expected: (lastExtracted) &gt;= (current), actual: 8 vs 9

C:\Users\ahmet\OneDrive\Masa[NON-UTF-8-BYTE-0xFC]st[NON-UTF-8-BYTE-0xFC]\DataStructure\cen207-2025-2026-5-Mustafa-Yildirimm-cpp\src\tests\Heap\Heap_test.cpp(137): error: Expected: (lastExtracted) &gt;= (current), actual: 9 vs 10

C:\Users\ahmet\OneDrive\Masa[NON-UTF-8-BYTE-0xFC]st[NON-UTF-8-BYTE-0xFC]\DataStructure\cen207-2025-2026-5-Mustafa-Yildirimm-cpp\src\tests\Heap\Heap_test.cpp(137): error: Expected: (lastExtracted) &gt;= (current), actual: 10 vs 11

C:\Users\ahmet\OneDrive\Masa[NON-UTF-8-BYTE-0xFC]st[NON-UTF-8-BYTE-0xFC]\DataStructure\cen207-2025-2026-5-Mustafa-Yildirimm-cpp\src\tests\Heap\Heap_test.cpp(137): error: Expected: (lastExtracted) &gt;= (current), actual: 11 vs 12

C:\Users\ahmet\OneDrive\Masa[NON-UTF-8-BYTE-0xFC]st[NON-UTF-8-BYTE-0xFC]\DataStructure\cen207-2025-2026-5-Mustafa-Yildirimm-cpp\src\tests\Heap\Heap_test.cpp(137): error: Expected: (lastExtracted) &gt;= (current), actual: 12 vs 13

C:\Users\ahmet\OneDrive\Masa[NON-UTF-8-BYTE-0xFC]st[NON-UTF-8-BYTE-0xFC]\DataStructure\cen207-2025-2026-5-Mustafa-Yildirimm-cpp\src\tests\Heap\Heap_test.cpp(137): error: Expected: (lastExtracted) &gt;= (current), actual: 13 vs 14

C:\Users\ahmet\OneDrive\Masa[NON-UTF-8-BYTE-0xFC]st[NON-UTF-8-BYTE-0xFC]\DataStructure\cen207-2025-2026-5-Mustafa-Yildirimm-cpp\src\tests\Heap\Heap_test.cpp(137): error: Expected: (lastExtracted) &gt;= (current), actual: 14 vs 15

C:\Users\ahmet\OneDrive\Masa[NON-UTF-8-BYTE-0xFC]st[NON-UTF-8-BYTE-0xFC]\DataStructure\cen207-2025-2026-5-Mustafa-Yildirimm-cpp\src\tests\Heap\Heap_test.cpp(137): error: Expected: (lastExtracted) &gt;= (current), actual: 15 vs 16

C:\Users\ahmet\OneDrive\Masa[NON-UTF-8-BYTE-0xFC]st[NON-UTF-8-BYTE-0xFC]\DataStructure\cen207-2025-2026-5-Mustafa-Yildirimm-cpp\src\tests\Heap\Heap_test.cpp(137): error: Expected: (lastExtracted) &gt;= (current), actual: 16 vs 17

C:\Users\ahmet\OneDrive\Masa[NON-UTF-8-BYTE-0xFC]st[NON-UTF-8-BYTE-0xFC]\DataStructure\cen207-2025-2026-5-Mustafa-Yildirimm-cpp\src\tests\Heap\Heap_test.cpp(137): error: Expected: (lastExtracted) &gt;= (current), actual: 17 vs 18

C:\Users\ahmet\OneDrive\Masa[NON-UTF-8-BYTE-0xFC]st[NON-UTF-8-BYTE-0xFC]\DataStructure\cen207-2025-2026-5-Mustafa-Yildirimm-cpp\src\tests\Heap\Heap_test.cpp(137): error: Expected: (lastExtracted) &gt;= (current), actual: 18 vs 19

C:\Users\ahmet\OneDrive\Masa[NON-UTF-8-BYTE-0xFC]st[NON-UTF-8-BYTE-0xFC]\DataStructure\cen207-2025-2026-5-Mustafa-Yildirimm-cpp\src\tests\Heap\Heap_test.cpp(137): error: Expected: (lastExtracted) &gt;= (current), actual: 19 vs 20

C:\Users\ahmet\OneDrive\Masa[NON-UTF-8-BYTE-0xFC]st[NON-UTF-8-BYTE-0xFC]\DataStructure\cen207-2025-2026-5-Mustafa-Yildirimm-cpp\src\tests\Heap\Heap_test.cpp(137): error: Expected: (lastExtracted) &gt;= (current), actual: 20 vs 21

C:\Users\ahmet\OneDrive\Masa[NON-UTF-8-BYTE-0xFC]st[NON-UTF-8-BYTE-0xFC]\DataStructure\cen207-2025-2026-5-Mustafa-Yildirimm-cpp\src\tests\Heap\Heap_test.cpp(137): error: Expected: (lastExtracted) &gt;= (current), actual: 21 vs 22

C:\Users\ahmet\OneDrive\Masa[NON-UTF-8-BYTE-0xFC]st[NON-UTF-8-BYTE-0xFC]\DataStructure\cen207-2025-2026-5-Mustafa-Yildirimm-cpp\src\tests\Heap\Heap_test.cpp(137): error: Expected: (lastExtracted) &gt;= (current), actual: 22 vs 23

C:\Users\ahmet\OneDrive\Masa[NON-UTF-8-BYTE-0xFC]st[NON-UTF-8-BYTE-0xFC]\DataStructure\cen207-2025-2026-5-Mustafa-Yildirimm-cpp\src\tests\Heap\Heap_test.cpp(137): error: Expected: (lastExtracted) &gt;= (current), actual: 23 vs 24

C:\Users\ahmet\OneDrive\Masa[NON-UTF-8-BYTE-0xFC]st[NON-UTF-8-BYTE-0xFC]\DataStructure\cen207-2025-2026-5-Mustafa-Yildirimm-cpp\src\tests\Heap\Heap_test.cpp(137): error: Expected: (lastExtracted) &gt;= (current), actual: 24 vs 25

C:\Users\ahmet\OneDrive\Masa[NON-UTF-8-BYTE-0xFC]st[NON-UTF-8-BYTE-0xFC]\DataStructure\cen207-2025-2026-5-Mustafa-Yildirimm-cpp\src\tests\Heap\Heap_test.cpp(137): error: Expected: (lastExtracted) &gt;= (current), actual: 25 vs 26

C:\Users\ahmet\OneDrive\Masa[NON-UTF-8-BYTE-0xFC]st[NON-UTF-8-BYTE-0xFC]\DataStructure\cen207-2025-2026-5-Mustafa-Yildirimm-cpp\src\tests\Heap\Heap_test.cpp(137): error: Expected: (lastExtracted) &gt;= (current), actual: 26 vs 27

C:\Users\ahmet\OneDrive\Masa[NON-UTF-8-BYTE-0xFC]st[NON-UTF-8-BYTE-0xFC]\DataStructure\cen207-2025-2026-5-Mustafa-Yildirimm-cpp\src\tests\Heap\Heap_test.cpp(137): error: Expected: (lastExtracted) &gt;= (current), actual: 27 vs 28

C:\Users\ahmet\OneDrive\Masa[NON-UTF-8-BYTE-0xFC]st[NON-UTF-8-BYTE-0xFC]\DataStructure\cen207-2025-2026-5-Mustafa-Yildirimm-cpp\src\tests\Heap\Heap_test.cpp(137): error: Expected: (lastExtracted) &gt;= (current), actual: 28 vs 29

C:\Users\ahmet\OneDrive\Masa[NON-UTF-8-BYTE-0xFC]st[NON-UTF-8-BYTE-0xFC]\DataStructure\cen207-2025-2026-5-Mustafa-Yildirimm-cpp\src\tests\Heap\Heap_test.cpp(137): error: Expected: (lastExtracted) &gt;= (current), actual: 29 vs 30

C:\Users\ahmet\OneDrive\Masa[NON-UTF-8-BYTE-0xFC]st[NON-UTF-8-BYTE-0xFC]\DataStructure\cen207-2025-2026-5-Mustafa-Yildirimm-cpp\src\tests\Heap\Heap_test.cpp(137): error: Expected: (lastExtracted) &gt;= (current), actual: 30 vs 31

C:\Users\ahmet\OneDrive\Masa[NON-UTF-8-BYTE-0xFC]st[NON-UTF-8-BYTE-0xFC]\DataStructure\cen207-2025-2026-5-Mustafa-Yildirimm-cpp\src\tests\Heap\Heap_test.cpp(137): error: Expected: (lastExtracted) &gt;= (current), actual: 31 vs 32

C:\Users\ahmet\OneDrive\Masa[NON-UTF-8-BYTE-0xFC]st[NON-UTF-8-BYTE-0xFC]\DataStructure\cen207-2025-2026-5-Mustafa-Yildirimm-cpp\src\tests\Heap\Heap_test.cpp(137): error: Expected: (lastExtracted) &gt;= (current), actual: 32 vs 33

C:\Users\ahmet\OneDrive\Masa[NON-UTF-8-BYTE-0xFC]st[NON-UTF-8-BYTE-0xFC]\DataStructure\cen207-2025-2026-5-Mustafa-Yildirimm-cpp\src\tests\Heap\Heap_test.cpp(137): error: Expected: (lastExtracted) &gt;= (current), actual: 33 vs 34

C:\Users\ahmet\OneDrive\Masa[NON-UTF-8-BYTE-0xFC]st[NON-UTF-8-BYTE-0xFC]\DataStructure\cen207-2025-2026-5-Mustafa-Yildirimm-cpp\src\tests\Heap\Heap_test.cpp(137): error: Expected: (lastExtracted) &gt;= (current), actual: 34 vs 35

C:\Users\ahmet\OneDrive\Masa[NON-UTF-8-BYTE-0xFC]st[NON-UTF-8-BYTE-0xFC]\DataStructure\cen207-2025-2026-5-Mustafa-Yildirimm-cpp\src\tests\Heap\Heap_test.cpp(137): error: Expected: (lastExtracted) &gt;= (current), actual: 35 vs 36

C:\Users\ahmet\OneDrive\Masa[NON-UTF-8-BYTE-0xFC]st[NON-UTF-8-BYTE-0xFC]\DataStructure\cen207-2025-2026-5-Mustafa-Yildirimm-cpp\src\tests\Heap\Heap_test.cpp(137): error: Expected: (lastExtracted) &gt;= (current), actual: 36 vs 37

C:\Users\ahmet\OneDrive\Masa[NON-UTF-8-BYTE-0xFC]st[NON-UTF-8-BYTE-0xFC]\DataStructure\cen207-2025-2026-5-Mustafa-Yildirimm-cpp\src\tests\Heap\Heap_test.cpp(137): error: Expected: (lastExtracted) &gt;= (current), actual: 37 vs 38

C:\Users\ahmet\OneDrive\Masa[NON-UTF-8-BYTE-0xFC]st[NON-UTF-8-BYTE-0xFC]\DataStructure\cen207-2025-2026-5-Mustafa-Yildirimm-cpp\src\tests\Heap\Heap_test.cpp(137): error: Expected: (lastExtracted) &gt;= (current), actual: 38 vs 39

C:\Users\ahmet\OneDrive\Masa[NON-UTF-8-BYTE-0xFC]st[NON-UTF-8-BYTE-0xFC]\DataStructure\cen207-2025-2026-5-Mustafa-Yildirimm-cpp\src\tests\Heap\Heap_test.cpp(137): error: Expected: (lastExtracted) &gt;= (current), actual: 39 vs 40

C:\Users\ahmet\OneDrive\Masa[NON-UTF-8-BYTE-0xFC]st[NON-UTF-8-BYTE-0xFC]\DataStructure\cen207-2025-2026-5-Mustafa-Yildirimm-cpp\src\tests\Heap\Heap_test.cpp(137): error: Expected: (lastExtracted) &gt;= (current), actual: 40 vs 41

C:\Users\ahmet\OneDrive\Masa[NON-UTF-8-BYTE-0xFC]st[NON-UTF-8-BYTE-0xFC]\DataStructure\cen207-2025-2026-5-Mustafa-Yildirimm-cpp\src\tests\Heap\Heap_test.cpp(137): error: Expected: (lastExtracted) &gt;= (current), actual: 41 vs 42

C:\Users\ahmet\OneDrive\Masa[NON-UTF-8-BYTE-0xFC]st[NON-UTF-8-BYTE-0xFC]\DataStructure\cen207-2025-2026-5-Mustafa-Yildirimm-cpp\src\tests\Heap\Heap_test.cpp(137): error: Expected: (lastExtracted) &gt;= (current), actual: 42 vs 43

C:\Users\ahmet\OneDrive\Masa[NON-UTF-8-BYTE-0xFC]st[NON-UTF-8-BYTE-0xFC]\DataStructure\cen207-2025-2026-5-Mustafa-Yildirimm-cpp\src\tests\Heap\Heap_test.cpp(137): error: Expected: (lastExtracted) &gt;= (current), actual: 43 vs 44

C:\Users\ahmet\OneDrive\Masa[NON-UTF-8-BYTE-0xFC]st[NON-UTF-8-BYTE-0xFC]\DataStructure\cen207-2025-2026-5-Mustafa-Yildirimm-cpp\src\tests\Heap\Heap_test.cpp(137): error: Expected: (lastExtracted) &gt;= (current), actual: 44 vs 45

C:\Users\ahmet\OneDrive\Masa[NON-UTF-8-BYTE-0xFC]st[NON-UTF-8-BYTE-0xFC]\DataStructure\cen207-2025-2026-5-Mustafa-Yildirimm-cpp\src\tests\Heap\Heap_test.cpp(137): error: Expected: (lastExtracted) &gt;= (current), actual: 45 vs 46

C:\Users\ahmet\OneDrive\Masa[NON-UTF-8-BYTE-0xFC]st[NON-UTF-8-BYTE-0xFC]\DataStructure\cen207-2025-2026-5-Mustafa-Yildirimm-cpp\src\tests\Heap\Heap_test.cpp(137): error: Expected: (lastExtracted) &gt;= (current), actual: 46 vs 47

C:\Users\ahmet\OneDrive\Masa[NON-UTF-8-BYTE-0xFC]st[NON-UTF-8-BYTE-0xFC]\DataStructure\cen207-2025-2026-5-Mustafa-Yildirimm-cpp\src\tests\Heap\Heap_test.cpp(137): error: Expected: (lastExtracted) &gt;= (current), actual: 47 vs 48

C:\Users\ahmet\OneDrive\Masa[NON-UTF-8-BYTE-0xFC]st[NON-UTF-8-BYTE-0xFC]\DataStructure\cen207-2025-2026-5-Mustafa-Yildirimm-cpp\src\tests\Heap\Heap_test.cpp(137): error: Expected: (lastExtracted) &gt;= (current), actual: 48 vs 49

C:\Users\ahmet\OneDrive\Masa[NON-UTF-8-BYTE-0xFC]st[NON-UTF-8-BYTE-0xFC]\DataStructure\cen207-2025-2026-5-Mustafa-Yildirimm-cpp\src\tests\Heap\Heap_test.cpp(137): error: Expected: (lastExtracted) &gt;= (current), actual: 49 vs 50

C:\Users\ahmet\OneDrive\Masa[NON-UTF-8-BYTE-0xFC]st[NON-UTF-8-BYTE-0xFC]\DataStructure\cen207-2025-2026-5-Mustafa-Yildirimm-cpp\src\tests\Heap\Heap_test.cpp(137): error: Expected: (lastExtracted) &gt;= (current), actual: 50 vs 51

C:\Users\ahmet\OneDrive\Masa[NON-UTF-8-BYTE-0xFC]st[NON-UTF-8-BYTE-0xFC]\DataStructure\cen207-2025-2026-5-Mustafa-Yildirimm-cpp\src\tests\Heap\Heap_test.cpp(137): error: Expected: (lastExtracted) &gt;= (current), actual: 51 vs 52

C:\Users\ahmet\OneDrive\Masa[NON-UTF-8-BYTE-0xFC]st[NON-UTF-8-BYTE-0xFC]\DataStructure\cen207-2025-2026-5-Mustafa-Yildirimm-cpp\src\tests\Heap\Heap_test.cpp(137): error: Expected: (lastExtracted) &gt;= (current), actual: 52 vs 53

C:\Users\ahmet\OneDrive\Masa[NON-UTF-8-BYTE-0xFC]st[NON-UTF-8-BYTE-0xFC]\DataStructure\cen207-2025-2026-5-Mustafa-Yildirimm-cpp\src\tests\Heap\Heap_test.cpp(137): error: Expected: (lastExtracted) &gt;= (current), actual: 53 vs 54

C:\Users\ahmet\OneDrive\Masa[NON-UTF-8-BYTE-0xFC]st[NON-UTF-8-BYTE-0xFC]\DataStructure\cen207-2025-2026-5-Mustafa-Yildirimm-cpp\src\tests\Heap\Heap_test.cpp(137): error: Expected: (lastExtracted) &gt;= (current), actual: 54 vs 55

C:\Users\ahmet\OneDrive\Masa[NON-UTF-8-BYTE-0xFC]st[NON-UTF-8-BYTE-0xFC]\DataStructure\cen207-2025-2026-5-Mustafa-Yildirimm-cpp\src\tests\Heap\Heap_test.cpp(137): error: Expected: (lastExtracted) &gt;= (current), actual: 55 vs 56

C:\Users\ahmet\OneDrive\Masa[NON-UTF-8-BYTE-0xFC]st[NON-UTF-8-BYTE-0xFC]\DataStructure\cen207-2025-2026-5-Mustafa-Yildirimm-cpp\src\tests\Heap\Heap_test.cpp(137): error: Expected: (lastExtracted) &gt;= (current), actual: 56 vs 57

C:\Users\ahmet\OneDrive\Masa[NON-UTF-8-BYTE-0xFC]st[NON-UTF-8-BYTE-0xFC]\DataStructure\cen207-2025-2026-5-Mustafa-Yildirimm-cpp\src\tests\Heap\Heap_test.cpp(137): error: Expected: (lastExtracted) &gt;= (current), actual: 57 vs 58

C:\Users\ahmet\OneDrive\Masa[NON-UTF-8-BYTE-0xFC]st[NON-UTF-8-BYTE-0xFC]\DataStructure\cen207-2025-2026-5-Mustafa-Yildirimm-cpp\src\tests\Heap\Heap_test.cpp(137): error: Expected: (lastExtracted) &gt;= (current), actual: 58 vs 59

C:\Users\ahmet\OneDrive\Masa[NON-UTF-8-BYTE-0xFC]st[NON-UTF-8-BYTE-0xFC]\DataStructure\cen207-2025-2026-5-Mustafa-Yildirimm-cpp\src\tests\Heap\Heap_test.cpp(137): error: Expected: (lastExtracted) &gt;= (current), actual: 59 vs 60

C:\Users\ahmet\OneDrive\Masa[NON-UTF-8-BYTE-0xFC]st[NON-UTF-8-BYTE-0xFC]\DataStructure\cen207-2025-2026-5-Mustafa-Yildirimm-cpp\src\tests\Heap\Heap_test.cpp(137): error: Expected: (lastExtracted) &gt;= (current), actual: 60 vs 61

C:\Users\ahmet\OneDrive\Masa[NON-UTF-8-BYTE-0xFC]st[NON-UTF-8-BYTE-0xFC]\DataStructure\cen207-2025-2026-5-Mustafa-Yildirimm-cpp\src\tests\Heap\Heap_test.cpp(137): error: Expected: (lastExtracted) &gt;= (current), actual: 61 vs 62

C:\Users\ahmet\OneDrive\Masa[NON-UTF-8-BYTE-0xFC]st[NON-UTF-8-BYTE-0xFC]\DataStructure\cen207-2025-2026-5-Mustafa-Yildirimm-cpp\src\tests\Heap\Heap_test.cpp(137): error: Expected: (lastExtracted) &gt;= (current), actual: 62 vs 63

C:\Users\ahmet\OneDrive\Masa[NON-UTF-8-BYTE-0xFC]st[NON-UTF-8-BYTE-0xFC]\DataStructure\cen207-2025-2026-5-Mustafa-Yildirimm-cpp\src\tests\Heap\Heap_test.cpp(137): error: Expected: (lastExtracted) &gt;= (current), actual: 63 vs 64

C:\Users\ahmet\OneDrive\Masa[NON-UTF-8-BYTE-0xFC]st[NON-UTF-8-BYTE-0xFC]\DataStructure\cen207-2025-2026-5-Mustafa-Yildirimm-cpp\src\tests\Heap\Heap_test.cpp(137): error: Expected: (lastExtracted) &gt;= (current), actual: 64 vs 65

C:\Users\ahmet\OneDrive\Masa[NON-UTF-8-BYTE-0xFC]st[NON-UTF-8-BYTE-0xFC]\DataStructure\cen207-2025-2026-5-Mustafa-Yildirimm-cpp\src\tests\Heap\Heap_test.cpp(137): error: Expected: (lastExtracted) &gt;= (current), actual: 65 vs 66

C:\Users\ahmet\OneDrive\Masa[NON-UTF-8-BYTE-0xFC]st[NON-UTF-8-BYTE-0xFC]\DataStructure\cen207-2025-2026-5-Mustafa-Yildirimm-cpp\src\tests\Heap\Heap_test.cpp(137): error: Expected: (lastExtracted) &gt;= (current), actual: 66 vs 67

C:\Users\ahmet\OneDrive\Masa[NON-UTF-8-BYTE-0xFC]st[NON-UTF-8-BYTE-0xFC]\DataStructure\cen207-2025-2026-5-Mustafa-Yildirimm-cpp\src\tests\Heap\Heap_test.cpp(137): error: Expected: (lastExtracted) &gt;= (current), actual: 67 vs 68

C:\Users\ahmet\OneDrive\Masa[NON-UTF-8-BYTE-0xFC]st[NON-UTF-8-BYTE-0xFC]\DataStructure\cen207-2025-2026-5-Mustafa-Yildirimm-cpp\src\tests\Heap\Heap_test.cpp(137): error: Expected: (lastExtracted) &gt;= (current), actual: 68 vs 69

C:\Users\ahmet\OneDrive\Masa[NON-UTF-8-BYTE-0xFC]st[NON-UTF-8-BYTE-0xFC]\DataStructure\cen207-2025-2026-5-Mustafa-Yildirimm-cpp\src\tests\Heap\Heap_test.cpp(137): error: Expected: (lastExtracted) &gt;= (current), actual: 69 vs 70

C:\Users\ahmet\OneDrive\Masa[NON-UTF-8-BYTE-0xFC]st[NON-UTF-8-BYTE-0xFC]\DataStructure\cen207-2025-2026-5-Mustafa-Yildirimm-cpp\src\tests\Heap\Heap_test.cpp(137): error: Expected: (lastExtracted) &gt;= (current), actual: 70 vs 71

C:\Users\ahmet\OneDrive\Masa[NON-UTF-8-BYTE-0xFC]st[NON-UTF-8-BYTE-0xFC]\DataStructure\cen207-2025-2026-5-Mustafa-Yildirimm-cpp\src\tests\Heap\Heap_test.cpp(137): error: Expected: (lastExtracted) &gt;= (current), actual: 71 vs 72

C:\Users\ahmet\OneDrive\Masa[NON-UTF-8-BYTE-0xFC]st[NON-UTF-8-BYTE-0xFC]\DataStructure\cen207-2025-2026-5-Mustafa-Yildirimm-cpp\src\tests\Heap\Heap_test.cpp(137): error: Expected: (lastExtracted) &gt;= (current), actual: 72 vs 73

C:\Users\ahmet\OneDrive\Masa[NON-UTF-8-BYTE-0xFC]st[NON-UTF-8-BYTE-0xFC]\DataStructure\cen207-2025-2026-5-Mustafa-Yildirimm-cpp\src\tests\Heap\Heap_test.cpp(137): error: Expected: (lastExtracted) &gt;= (current), actual: 73 vs 74

C:\Users\ahmet\OneDrive\Masa[NON-UTF-8-BYTE-0xFC]st[NON-UTF-8-BYTE-0xFC]\DataStructure\cen207-2025-2026-5-Mustafa-Yildirimm-cpp\src\tests\Heap\Heap_test.cpp(137): error: Expected: (lastExtracted) &gt;= (current), actual: 74 vs 75

C:\Users\ahmet\OneDrive\Masa[NON-UTF-8-BYTE-0xFC]st[NON-UTF-8-BYTE-0xFC]\DataStructure\cen207-2025-2026-5-Mustafa-Yildirimm-cpp\src\tests\Heap\Heap_test.cpp(137): error: Expected: (lastExtracted) &gt;= (current), actual: 75 vs 76

C:\Users\ahmet\OneDrive\Masa[NON-UTF-8-BYTE-0xFC]st[NON-UTF-8-BYTE-0xFC]\DataStructure\cen207-2025-2026-5-Mustafa-Yildirimm-cpp\src\tests\Heap\Heap_test.cpp(137): error: Expected: (lastExtracted) &gt;= (current), actual: 76 vs 77

C:\Users\ahmet\OneDrive\Masa[NON-UTF-8-BYTE-0xFC]st[NON-UTF-8-BYTE-0xFC]\DataStructure\cen207-2025-2026-5-Mustafa-Yildirimm-cpp\src\tests\Heap\Heap_test.cpp(137): error: Expected: (lastExtracted) &gt;= (current), actual: 77 vs 78

C:\Users\ahmet\OneDrive\Masa[NON-UTF-8-BYTE-0xFC]st[NON-UTF-8-BYTE-0xFC]\DataStructure\cen207-2025-2026-5-Mustafa-Yildirimm-cpp\src\tests\Heap\Heap_test.cpp(137): error: Expected: (lastExtracted) &gt;= (current), actual: 78 vs 79

C:\Users\ahmet\OneDrive\Masa[NON-UTF-8-BYTE-0xFC]st[NON-UTF-8-BYTE-0xFC]\DataStructure\cen207-2025-2026-5-Mustafa-Yildirimm-cpp\src\tests\Heap\Heap_test.cpp(137): error: Expected: (lastExtracted) &gt;= (current), actual: 79 vs 80

C:\Users\ahmet\OneDrive\Masa[NON-UTF-8-BYTE-0xFC]st[NON-UTF-8-BYTE-0xFC]\DataStructure\cen207-2025-2026-5-Mustafa-Yildirimm-cpp\src\tests\Heap\Heap_test.cpp(137): error: Expected: (lastExtracted) &gt;= (current), actual: 80 vs 81

C:\Users\ahmet\OneDrive\Masa[NON-UTF-8-BYTE-0xFC]st[NON-UTF-8-BYTE-0xFC]\DataStructure\cen207-2025-2026-5-Mustafa-Yildirimm-cpp\src\tests\Heap\Heap_test.cpp(137): error: Expected: (lastExtracted) &gt;= (current), actual: 81 vs 82

C:\Users\ahmet\OneDrive\Masa[NON-UTF-8-BYTE-0xFC]st[NON-UTF-8-BYTE-0xFC]\DataStructure\cen207-2025-2026-5-Mustafa-Yildirimm-cpp\src\tests\Heap\Heap_test.cpp(137): error: Expected: (lastExtracted) &gt;= (current), actual: 82 vs 83

C:\Users\ahmet\OneDrive\Masa[NON-UTF-8-BYTE-0xFC]st[NON-UTF-8-BYTE-0xFC]\DataStructure\cen207-2025-2026-5-Mustafa-Yildirimm-cpp\src\tests\Heap\Heap_test.cpp(137): error: Expected: (lastExtracted) &gt;= (current), actual: 83 vs 84

C:\Users\ahmet\OneDrive\Masa[NON-UTF-8-BYTE-0xFC]st[NON-UTF-8-BYTE-0xFC]\DataStructure\cen207-2025-2026-5-Mustafa-Yildirimm-cpp\src\tests\Heap\Heap_test.cpp(137): error: Expected: (lastExtracted) &gt;= (current), actual: 84 vs 85

C:\Users\ahmet\OneDrive\Masa[NON-UTF-8-BYTE-0xFC]st[NON-UTF-8-BYTE-0xFC]\DataStructure\cen207-2025-2026-5-Mustafa-Yildirimm-cpp\src\tests\Heap\Heap_test.cpp(137): error: Expected: (lastExtracted) &gt;= (current), actual: 85 vs 86

C:\Users\ahmet\OneDrive\Masa[NON-UTF-8-BYTE-0xFC]st[NON-UTF-8-BYTE-0xFC]\DataStructure\cen207-2025-2026-5-Mustafa-Yildirimm-cpp\src\tests\Heap\Heap_test.cpp(137): error: Expected: (lastExtracted) &gt;= (current), actual: 86 vs 87

C:\Users\ahmet\OneDrive\Masa[NON-UTF-8-BYTE-0xFC]st[NON-UTF-8-BYTE-0xFC]\DataStructure\cen207-2025-2026-5-Mustafa-Yildirimm-cpp\src\tests\Heap\Heap_test.cpp(137): error: Expected: (lastExtracted) &gt;= (current), actual: 87 vs 88

C:\Users\ahmet\OneDrive\Masa[NON-UTF-8-BYTE-0xFC]st[NON-UTF-8-BYTE-0xFC]\DataStructure\cen207-2025-2026-5-Mustafa-Yildirimm-cpp\src\tests\Heap\Heap_test.cpp(137): error: Expected: (lastExtracted) &gt;= (current), actual: 88 vs 89

C:\Users\ahmet\OneDrive\Masa[NON-UTF-8-BYTE-0xFC]st[NON-UTF-8-BYTE-0xFC]\DataStructure\cen207-2025-2026-5-Mustafa-Yildirimm-cpp\src\tests\Heap\Heap_test.cpp(137): error: Expected: (lastExtracted) &gt;= (current), actual: 89 vs 90

C:\Users\ahmet\OneDrive\Masa[NON-UTF-8-BYTE-0xFC]st[NON-UTF-8-BYTE-0xFC]\DataStructure\cen207-2025-2026-5-Mustafa-Yildirimm-cpp\src\tests\Heap\Heap_test.cpp(137): error: Expected: (lastExtracted) &gt;= (current), actual: 90 vs 91

C:\Users\ahmet\OneDrive\Masa[NON-UTF-8-BYTE-0xFC]st[NON-UTF-8-BYTE-0xFC]\DataStructure\cen207-2025-2026-5-Mustafa-Yildirimm-cpp\src\tests\Heap\Heap_test.cpp(137): error: Expected: (lastExtracted) &gt;= (current), actual: 91 vs 92

C:\Users\ahmet\OneDrive\Masa[NON-UTF-8-BYTE-0xFC]st[NON-UTF-8-BYTE-0xFC]\DataStructure\cen207-2025-2026-5-Mustafa-Yildirimm-cpp\src\tests\Heap\Heap_test.cpp(137): error: Expected: (lastExtracted) &gt;= (current), actual: 92 vs 93

C:\Users\ahmet\OneDrive\Masa[NON-UTF-8-BYTE-0xFC]st[NON-UTF-8-BYTE-0xFC]\DataStructure\cen207-2025-2026-5-Mustafa-Yildirimm-cpp\src\tests\Heap\Heap_test.cpp(137): error: Expected: (lastExtracted) &gt;= (current), actual: 93 vs 94

C:\Users\ahmet\OneDrive\Masa[NON-UTF-8-BYTE-0xFC]st[NON-UTF-8-BYTE-0xFC]\DataStructure\cen207-2025-2026-5-Mustafa-Yildirimm-cpp\src\tests\Heap\Heap_test.cpp(137): error: Expected: (lastExtracted) &gt;= (current), actual: 94 vs 95

C:\Users\ahmet\OneDrive\Masa[NON-UTF-8-BYTE-0xFC]st[NON-UTF-8-BYTE-0xFC]\DataStructure\cen207-2025-2026-5-Mustafa-Yildirimm-cpp\src\tests\Heap\Heap_test.cpp(137): error: Expected: (lastExtracted) &gt;= (current), actual: 95 vs 96

C:\Users\ahmet\OneDrive\Masa[NON-UTF-8-BYTE-0xFC]st[NON-UTF-8-BYTE-0xFC]\DataStructure\cen207-2025-2026-5-Mustafa-Yildirimm-cpp\src\tests\Heap\Heap_test.cpp(137): error: Expected: (lastExtracted) &gt;= (current), actual: 96 vs 97

C:\Users\ahmet\OneDrive\Masa[NON-UTF-8-BYTE-0xFC]st[NON-UTF-8-BYTE-0xFC]\DataStructure\cen207-2025-2026-5-Mustafa-Yildirimm-cpp\src\tests\Heap\Heap_test.cpp(137): error: Expected: (lastExtracted) &gt;= (current), actual: 97 vs 98

C:\Users\ahmet\OneDrive\Masa[NON-UTF-8-BYTE-0xFC]st[NON-UTF-8-BYTE-0xFC]\DataStructure\cen207-2025-2026-5-Mustafa-Yildirimm-cpp\src\tests\Heap\Heap_test.cpp(137): error: Expected: (lastExtracted) &gt;= (current), actual: 98 vs 99

C:\Users\ahmet\OneDrive\Masa[NON-UTF-8-BYTE-0xFC]st[NON-UTF-8-BYTE-0xFC]\DataStructure\cen207-2025-2026-5-Mustafa-Yildirimm-cpp\src\tests\Heap\Heap_test.cpp(137): error: Expected: (lastExtracted) &gt;= (current), actual: 99 vs 100

C:\Users\ahmet\OneDrive\Masa[NON-UTF-8-BYTE-0xFC]st[NON-UTF-8-BYTE-0xFC]\DataStructure\cen207-2025-2026-5-Mustafa-Yildirimm-cpp\src\tests\Heap\Heap_test.cpp(137): error: Expected: (lastExtracted) &gt;= (current), actual: 100 vs 101

C:\Users\ahmet\OneDrive\Masa[NON-UTF-8-BYTE-0xFC]st[NON-UTF-8-BYTE-0xFC]\DataStructure\cen207-2025-2026-5-Mustafa-Yildirimm-cpp\src\tests\Heap\Heap_test.cpp(137): error: Expected: (lastExtracted) &gt;= (current), actual: 101 vs 102

C:\Users\ahmet\OneDrive\Masa[NON-UTF-8-BYTE-0xFC]st[NON-UTF-8-BYTE-0xFC]\DataStructure\cen207-2025-2026-5-Mustafa-Yildirimm-cpp\src\tests\Heap\Heap_test.cpp(137): error: Expected: (lastExtracted) &gt;= (current), actual: 102 vs 103

C:\Users\ahmet\OneDrive\Masa[NON-UTF-8-BYTE-0xFC]st[NON-UTF-8-BYTE-0xFC]\DataStructure\cen207-2025-2026-5-Mustafa-Yildirimm-cpp\src\tests\Heap\Heap_test.cpp(137): error: Expected: (lastExtracted) &gt;= (current), actual: 103 vs 104

C:\Users\ahmet\OneDrive\Masa[NON-UTF-8-BYTE-0xFC]st[NON-UTF-8-BYTE-0xFC]\DataStructure\cen207-2025-2026-5-Mustafa-Yildirimm-cpp\src\tests\Heap\Heap_test.cpp(137): error: Expected: (lastExtracted) &gt;= (current), actual: 104 vs 105

C:\Users\ahmet\OneDrive\Masa[NON-UTF-8-BYTE-0xFC]st[NON-UTF-8-BYTE-0xFC]\DataStructure\cen207-2025-2026-5-Mustafa-Yildirimm-cpp\src\tests\Heap\Heap_test.cpp(137): error: Expected: (lastExtracted) &gt;= (current), actual: 105 vs 106

C:\Users\ahmet\OneDrive\Masa[NON-UTF-8-BYTE-0xFC]st[NON-UTF-8-BYTE-0xFC]\DataStructure\cen207-2025-2026-5-Mustafa-Yildirimm-cpp\src\tests\Heap\Heap_test.cpp(137): error: Expected: (lastExtracted) &gt;= (current), actual: 106 vs 107

C:\Users\ahmet\OneDrive\Masa[NON-UTF-8-BYTE-0xFC]st[NON-UTF-8-BYTE-0xFC]\DataStructure\cen207-2025-2026-5-Mustafa-Yildirimm-cpp\src\tests\Heap\Heap_test.cpp(137): error: Expected: (lastExtracted) &gt;= (current), actual: 107 vs 108

C:\Users\ahmet\OneDrive\Masa[NON-UTF-8-BYTE-0xFC]st[NON-UTF-8-BYTE-0xFC]\DataStructure\cen207-2025-2026-5-Mustafa-Yildirimm-cpp\src\tests\Heap\Heap_test.cpp(137): error: Expected: (lastExtracted) &gt;= (current), actual: 108 vs 109

C:\Users\ahmet\OneDrive\Masa[NON-UTF-8-BYTE-0xFC]st[NON-UTF-8-BYTE-0xFC]\DataStructure\cen207-2025-2026-5-Mustafa-Yildirimm-cpp\src\tests\Heap\Heap_test.cpp(137): error: Expected: (lastExtracted) &gt;= (current), actual: 109 vs 110

C:\Users\ahmet\OneDrive\Masa[NON-UTF-8-BYTE-0xFC]st[NON-UTF-8-BYTE-0xFC]\DataStructure\cen207-2025-2026-5-Mustafa-Yildirimm-cpp\src\tests\Heap\Heap_test.cpp(137): error: Expected: (lastExtracted) &gt;= (current), actual: 110 vs 111

C:\Users\ahmet\OneDrive\Masa[NON-UTF-8-BYTE-0xFC]st[NON-UTF-8-BYTE-0xFC]\DataStructure\cen207-2025-2026-5-Mustafa-Yildirimm-cpp\src\tests\Heap\Heap_test.cpp(137): error: Expected: (lastExtracted) &gt;= (current), actual: 111 vs 112

C:\Users\ahmet\OneDrive\Masa[NON-UTF-8-BYTE-0xFC]st[NON-UTF-8-BYTE-0xFC]\DataStructure\cen207-2025-2026-5-Mustafa-Yildirimm-cpp\src\tests\Heap\Heap_test.cpp(137): error: Expected: (lastExtracted) &gt;= (current), actual: 112 vs 113

C:\Users\ahmet\OneDrive\Masa[NON-UTF-8-BYTE-0xFC]st[NON-UTF-8-BYTE-0xFC]\DataStructure\cen207-2025-2026-5-Mustafa-Yildirimm-cpp\src\tests\Heap\Heap_test.cpp(137): error: Expected: (lastExtracted) &gt;= (current), actual: 113 vs 114

C:\Users\ahmet\OneDrive\Masa[NON-UTF-8-BYTE-0xFC]st[NON-UTF-8-BYTE-0xFC]\DataStructure\cen207-2025-2026-5-Mustafa-Yildirimm-cpp\src\tests\Heap\Heap_test.cpp(137): error: Expected: (lastExtracted) &gt;= (current), actual: 114 vs 115

C:\Users\ahmet\OneDrive\Masa[NON-UTF-8-BYTE-0xFC]st[NON-UTF-8-BYTE-0xFC]\DataStructure\cen207-2025-2026-5-Mustafa-Yildirimm-cpp\src\tests\Heap\Heap_test.cpp(137): error: Expected: (lastExtracted) &gt;= (current), actual: 115 vs 116

C:\Users\ahmet\OneDrive\Masa[NON-UTF-8-BYTE-0xFC]st[NON-UTF-8-BYTE-0xFC]\DataStructure\cen207-2025-2026-5-Mustafa-Yildirimm-cpp\src\tests\Heap\Heap_test.cpp(137): error: Expected: (lastExtracted) &gt;= (current), actual: 116 vs 117

C:\Users\ahmet\OneDrive\Masa[NON-UTF-8-BYTE-0xFC]st[NON-UTF-8-BYTE-0xFC]\DataStructure\cen207-2025-2026-5-Mustafa-Yildirimm-cpp\src\tests\Heap\Heap_test.cpp(137): error: Expected: (lastExtracted) &gt;= (current), actual: 117 vs 118

C:\Users\ahmet\OneDrive\Masa[NON-UTF-8-BYTE-0xFC]st[NON-UTF-8-BYTE-0xFC]\DataStructure\cen207-2025-2026-5-Mustafa-Yildirimm-cpp\src\tests\Heap\Heap_test.cpp(137): error: Expected: (lastExtracted) &gt;= (current), actual: 118 vs 119

C:\Users\ahmet\OneDrive\Masa[NON-UTF-8-BYTE-0xFC]st[NON-UTF-8-BYTE-0xFC]\DataStructure\cen207-2025-2026-5-Mustafa-Yildirimm-cpp\src\tests\Heap\Heap_test.cpp(137): error: Expected: (lastExtracted) &gt;= (current), actual: 119 vs 120

C:\Users\ahmet\OneDrive\Masa[NON-UTF-8-BYTE-0xFC]st[NON-UTF-8-BYTE-0xFC]\DataStructure\cen207-2025-2026-5-Mustafa-Yildirimm-cpp\src\tests\Heap\Heap_test.cpp(137): error: Expected: (lastExtracted) &gt;= (current), actual: 120 vs 121

C:\Users\ahmet\OneDrive\Masa[NON-UTF-8-BYTE-0xFC]st[NON-UTF-8-BYTE-0xFC]\DataStructure\cen207-2025-2026-5-Mustafa-Yildirimm-cpp\src\tests\Heap\Heap_test.cpp(137): error: Expected: (lastExtracted) &gt;= (current), actual: 121 vs 122

C:\Users\ahmet\OneDrive\Masa[NON-UTF-8-BYTE-0xFC]st[NON-UTF-8-BYTE-0xFC]\DataStructure\cen207-2025-2026-5-Mustafa-Yildirimm-cpp\src\tests\Heap\Heap_test.cpp(137): error: Expected: (lastExtracted) &gt;= (current), actual: 122 vs 123

C:\Users\ahmet\OneDrive\Masa[NON-UTF-8-BYTE-0xFC]st[NON-UTF-8-BYTE-0xFC]\DataStructure\cen207-2025-2026-5-Mustafa-Yildirimm-cpp\src\tests\Heap\Heap_test.cpp(137): error: Expected: (lastExtracted) &gt;= (current), actual: 123 vs 124

C:\Users\ahmet\OneDrive\Masa[NON-UTF-8-BYTE-0xFC]st[NON-UTF-8-BYTE-0xFC]\DataStructure\cen207-2025-2026-5-Mustafa-Yildirimm-cpp\src\tests\Heap\Heap_test.cpp(137): error: Expected: (lastExtracted) &gt;= (current), actual: 124 vs 125

C:\Users\ahmet\OneDrive\Masa[NON-UTF-8-BYTE-0xFC]st[NON-UTF-8-BYTE-0xFC]\DataStructure\cen207-2025-2026-5-Mustafa-Yildirimm-cpp\src\tests\Heap\Heap_test.cpp(137): error: Expected: (lastExtracted) &gt;= (current), actual: 125 vs 126

C:\Users\ahmet\OneDrive\Masa[NON-UTF-8-BYTE-0xFC]st[NON-UTF-8-BYTE-0xFC]\DataStructure\cen207-2025-2026-5-Mustafa-Yildirimm-cpp\src\tests\Heap\Heap_test.cpp(137): error: Expected: (lastExtracted) &gt;= (current), actual: 126 vs 127

C:\Users\ahmet\OneDrive\Masa[NON-UTF-8-BYTE-0xFC]st[NON-UTF-8-BYTE-0xFC]\DataStructure\cen207-2025-2026-5-Mustafa-Yildirimm-cpp\src\tests\Heap\Heap_test.cpp(137): error: Expected: (lastExtracted) &gt;= (current), actual: 127 vs 128

C:\Users\ahmet\OneDrive\Masa[NON-UTF-8-BYTE-0xFC]st[NON-UTF-8-BYTE-0xFC]\DataStructure\cen207-2025-2026-5-Mustafa-Yildirimm-cpp\src\tests\Heap\Heap_test.cpp(137): error: Expected: (lastExtracted) &gt;= (current), actual: 128 vs 129

C:\Users\ahmet\OneDrive\Masa[NON-UTF-8-BYTE-0xFC]st[NON-UTF-8-BYTE-0xFC]\DataStructure\cen207-2025-2026-5-Mustafa-Yildirimm-cpp\src\tests\Heap\Heap_test.cpp(137): error: Expected: (lastExtracted) &gt;= (current), actual: 129 vs 130

C:\Users\ahmet\OneDrive\Masa[NON-UTF-8-BYTE-0xFC]st[NON-UTF-8-BYTE-0xFC]\DataStructure\cen207-2025-2026-5-Mustafa-Yildirimm-cpp\src\tests\Heap\Heap_test.cpp(137): error: Expected: (lastExtracted) &gt;= (current), actual: 130 vs 131

C:\Users\ahmet\OneDrive\Masa[NON-UTF-8-BYTE-0xFC]st[NON-UTF-8-BYTE-0xFC]\DataStructure\cen207-2025-2026-5-Mustafa-Yildirimm-cpp\src\tests\Heap\Heap_test.cpp(137): error: Expected: (lastExtracted) &gt;= (current), actual: 131 vs 132

C:\Users\ahmet\OneDrive\Masa[NON-UTF-8-BYTE-0xFC]st[NON-UTF-8-BYTE-0xFC]\DataStructure\cen207-2025-2026-5-Mustafa-Yildirimm-cpp\src\tests\Heap\Heap_test.cpp(137): error: Expected: (lastExtracted) &gt;= (current), actual: 132 vs 133

C:\Users\ahmet\OneDrive\Masa[NON-UTF-8-BYTE-0xFC]st[NON-UTF-8-BYTE-0xFC]\DataStructure\cen207-2025-2026-5-Mustafa-Yildirimm-cpp\src\tests\Heap\Heap_test.cpp(137): error: Expected: (lastExtracted) &gt;= (current), actual: 133 vs 134

C:\Users\ahmet\OneDrive\Masa[NON-UTF-8-BYTE-0xFC]st[NON-UTF-8-BYTE-0xFC]\DataStructure\cen207-2025-2026-5-Mustafa-Yildirimm-cpp\src\tests\Heap\Heap_test.cpp(137): error: Expected: (lastExtracted) &gt;= (current), actual: 134 vs 135

C:\Users\ahmet\OneDrive\Masa[NON-UTF-8-BYTE-0xFC]st[NON-UTF-8-BYTE-0xFC]\DataStructure\cen207-2025-2026-5-Mustafa-Yildirimm-cpp\src\tests\Heap\Heap_test.cpp(137): error: Expected: (lastExtracted) &gt;= (current), actual: 135 vs 136

C:\Users\ahmet\OneDrive\Masa[NON-UTF-8-BYTE-0xFC]st[NON-UTF-8-BYTE-0xFC]\DataStructure\cen207-2025-2026-5-Mustafa-Yildirimm-cpp\src\tests\Heap\Heap_test.cpp(137): error: Expected: (lastExtracted) &gt;= (current), actual: 136 vs 137

C:\Users\ahmet\OneDrive\Masa[NON-UTF-8-BYTE-0xFC]st[NON-UTF-8-BYTE-0xFC]\DataStructure\cen207-2025-2026-5-Mustafa-Yildirimm-cpp\src\tests\Heap\Heap_test.cpp(137): error: Expected: (lastExtracted) &gt;= (current), actual: 137 vs 138

C:\Users\ahmet\OneDrive\Masa[NON-UTF-8-BYTE-0xFC]st[NON-UTF-8-BYTE-0xFC]\DataStructure\cen207-2025-2026-5-Mustafa-Yildirimm-cpp\src\tests\Heap\Heap_test.cpp(137): error: Expected: (lastExtracted) &gt;= (current), actual: 138 vs 139

C:\Users\ahmet\OneDrive\Masa[NON-UTF-8-BYTE-0xFC]st[NON-UTF-8-BYTE-0xFC]\DataStructure\cen207-2025-2026-5-Mustafa-Yildirimm-cpp\src\tests\Heap\Heap_test.cpp(137): error: Expected: (lastExtracted) &gt;= (current), actual: 139 vs 140

C:\Users\ahmet\OneDrive\Masa[NON-UTF-8-BYTE-0xFC]st[NON-UTF-8-BYTE-0xFC]\DataStructure\cen207-2025-2026-5-Mustafa-Yildirimm-cpp\src\tests\Heap\Heap_test.cpp(137): error: Expected: (lastExtracted) &gt;= (current), actual: 140 vs 141

C:\Users\ahmet\OneDrive\Masa[NON-UTF-8-BYTE-0xFC]st[NON-UTF-8-BYTE-0xFC]\DataStructure\cen207-2025-2026-5-Mustafa-Yildirimm-cpp\src\tests\Heap\Heap_test.cpp(137): error: Expected: (lastExtracted) &gt;= (current), actual: 141 vs 142

C:\Users\ahmet\OneDrive\Masa[NON-UTF-8-BYTE-0xFC]st[NON-UTF-8-BYTE-0xFC]\DataStructure\cen207-2025-2026-5-Mustafa-Yildirimm-cpp\src\tests\Heap\Heap_test.cpp(137): error: Expected: (lastExtracted) &gt;= (current), actual: 142 vs 143

C:\Users\ahmet\OneDrive\Masa[NON-UTF-8-BYTE-0xFC]st[NON-UTF-8-BYTE-0xFC]\DataStructure\cen207-2025-2026-5-Mustafa-Yildirimm-cpp\src\tests\Heap\Heap_test.cpp(137): error: Expected: (lastExtracted) &gt;= (current), actual: 143 vs 144

C:\Users\ahmet\OneDrive\Masa[NON-UTF-8-BYTE-0xFC]st[NON-UTF-8-BYTE-0xFC]\DataStructure\cen207-2025-2026-5-Mustafa-Yildirimm-cpp\src\tests\Heap\Heap_test.cpp(137): error: Expected: (lastExtracted) &gt;= (current), actual: 144 vs 145

C:\Users\ahmet\OneDrive\Masa[NON-UTF-8-BYTE-0xFC]st[NON-UTF-8-BYTE-0xFC]\DataStructure\cen207-2025-2026-5-Mustafa-Yildirimm-cpp\src\tests\Heap\Heap_test.cpp(137): error: Expected: (lastExtracted) &gt;= (current), actual: 145 vs 146

C:\Users\ahmet\OneDrive\Masa[NON-UTF-8-BYTE-0xFC]st[NON-UTF-8-BYTE-0xFC]\DataStructure\cen207-2025-2026-5-Mustafa-Yildirimm-cpp\src\tests\Heap\Heap_test.cpp(137): error: Expected: (lastExtracted) &gt;= (current), actual: 146 vs 147

C:\Users\ahmet\OneDrive\Masa[NON-UTF-8-BYTE-0xFC]st[NON-UTF-8-BYTE-0xFC]\DataStructure\cen207-2025-2026-5-Mustafa-Yildirimm-cpp\src\tests\Heap\Heap_test.cpp(137): error: Expected: (lastExtracted) &gt;= (current), actual: 147 vs 148

C:\Users\ahmet\OneDrive\Masa[NON-UTF-8-BYTE-0xFC]st[NON-UTF-8-BYTE-0xFC]\DataStructure\cen207-2025-2026-5-Mustafa-Yildirimm-cpp\src\tests\Heap\Heap_test.cpp(137): error: Expected: (lastExtracted) &gt;= (current), actual: 148 vs 149

C:\Users\ahmet\OneDrive\Masa[NON-UTF-8-BYTE-0xFC]st[NON-UTF-8-BYTE-0xFC]\DataStructure\cen207-2025-2026-5-Mustafa-Yildirimm-cpp\src\tests\Heap\Heap_test.cpp(137): error: Expected: (lastExtracted) &gt;= (current), actual: 149 vs 150

C:\Users\ahmet\OneDrive\Masa[NON-UTF-8-BYTE-0xFC]st[NON-UTF-8-BYTE-0xFC]\DataStructure\cen207-2025-2026-5-Mustafa-Yildirimm-cpp\src\tests\Heap\Heap_test.cpp(137): error: Expected: (lastExtracted) &gt;= (current), actual: 150 vs 151

C:\Users\ahmet\OneDrive\Masa[NON-UTF-8-BYTE-0xFC]st[NON-UTF-8-BYTE-0xFC]\DataStructure\cen207-2025-2026-5-Mustafa-Yildirimm-cpp\src\tests\Heap\Heap_test.cpp(137): error: Expected: (lastExtracted) &gt;= (current), actual: 151 vs 152

C:\Users\ahmet\OneDrive\Masa[NON-UTF-8-BYTE-0xFC]st[NON-UTF-8-BYTE-0xFC]\DataStructure\cen207-2025-2026-5-Mustafa-Yildirimm-cpp\src\tests\Heap\Heap_test.cpp(137): error: Expected: (lastExtracted) &gt;= (current), actual: 152 vs 153

C:\Users\ahmet\OneDrive\Masa[NON-UTF-8-BYTE-0xFC]st[NON-UTF-8-BYTE-0xFC]\DataStructure\cen207-2025-2026-5-Mustafa-Yildirimm-cpp\src\tests\Heap\Heap_test.cpp(137): error: Expected: (lastExtracted) &gt;= (current), actual: 153 vs 154

C:\Users\ahmet\OneDrive\Masa[NON-UTF-8-BYTE-0xFC]st[NON-UTF-8-BYTE-0xFC]\DataStructure\cen207-2025-2026-5-Mustafa-Yildirimm-cpp\src\tests\Heap\Heap_test.cpp(137): error: Expected: (lastExtracted) &gt;= (current), actual: 154 vs 155

C:\Users\ahmet\OneDrive\Masa[NON-UTF-8-BYTE-0xFC]st[NON-UTF-8-BYTE-0xFC]\DataStructure\cen207-2025-2026-5-Mustafa-Yildirimm-cpp\src\tests\Heap\Heap_test.cpp(137): error: Expected: (lastExtracted) &gt;= (current), actual: 155 vs 156

C:\Users\ahmet\OneDrive\Masa[NON-UTF-8-BYTE-0xFC]st[NON-UTF-8-BYTE-0xFC]\DataStructure\cen207-2025-2026-5-Mustafa-Yildirimm-cpp\src\tests\Heap\Heap_test.cpp(137): error: Expected: (lastExtracted) &gt;= (current), actual: 156 vs 157

C:\Users\ahmet\OneDrive\Masa[NON-UTF-8-BYTE-0xFC]st[NON-UTF-8-BYTE-0xFC]\DataStructure\cen207-2025-2026-5-Mustafa-Yildirimm-cpp\src\tests\Heap\Heap_test.cpp(137): error: Expected: (lastExtracted) &gt;= (current), actual: 157 vs 158

C:\Users\ahmet\OneDrive\Masa[NON-UTF-8-BYTE-0xFC]st[NON-UTF-8-BYTE-0xFC]\DataStructure\cen207-2025-2026-5-Mustafa-Yildirimm-cpp\src\tests\Heap\Heap_test.cpp(137): error: Expected: (lastExtracted) &gt;= (current), actual: 158 vs 159

C:\Users\ahmet\OneDrive\Masa[NON-UTF-8-BYTE-0xFC]st[NON-UTF-8-BYTE-0xFC]\DataStructure\cen207-2025-2026-5-Mustafa-Yildirimm-cpp\src\tests\Heap\Heap_test.cpp(137): error: Expected: (lastExtracted) &gt;= (current), actual: 159 vs 160

C:\Users\ahmet\OneDrive\Masa[NON-UTF-8-BYTE-0xFC]st[NON-UTF-8-BYTE-0xFC]\DataStructure\cen207-2025-2026-5-Mustafa-Yildirimm-cpp\src\tests\Heap\Heap_test.cpp(137): error: Expected: (lastExtracted) &gt;= (current), actual: 160 vs 161

C:\Users\ahmet\OneDrive\Masa[NON-UTF-8-BYTE-0xFC]st[NON-UTF-8-BYTE-0xFC]\DataStructure\cen207-2025-2026-5-Mustafa-Yildirimm-cpp\src\tests\Heap\Heap_test.cpp(137): error: Expected: (lastExtracted) &gt;= (current), actual: 161 vs 162

C:\Users\ahmet\OneDrive\Masa[NON-UTF-8-BYTE-0xFC]st[NON-UTF-8-BYTE-0xFC]\DataStructure\cen207-2025-2026-5-Mustafa-Yildirimm-cpp\src\tests\Heap\Heap_test.cpp(137): error: Expected: (lastExtracted) &gt;= (current), actual: 162 vs 163

C:\Users\ahmet\OneDrive\Masa[NON-UTF-8-BYTE-0xFC]st[NON-UTF-8-BYTE-0xFC]\DataStructure\cen207-2025-2026-5-Mustafa-Yildirimm-cpp\src\tests\Heap\Heap_test.cpp(137): error: Expected: (lastExtracted) &gt;= (current), actual: 163 vs 164

C:\Users\ahmet\OneDrive\Masa[NON-UTF-8-BYTE-0xFC]st[NON-UTF-8-BYTE-0xFC]\DataStructure\cen207-2025-2026-5-Mustafa-Yildirimm-cpp\src\tests\Heap\Heap_test.cpp(137): error: Expected: (lastExtracted) &gt;= (current), actual: 164 vs 165

C:\Users\ahmet\OneDrive\Masa[NON-UTF-8-BYTE-0xFC]st[NON-UTF-8-BYTE-0xFC]\DataStructure\cen207-2025-2026-5-Mustafa-Yildirimm-cpp\src\tests\Heap\Heap_test.cpp(137): error: Expected: (lastExtracted) &gt;= (current), actual: 165 vs 166

C:\Users\ahmet\OneDrive\Masa[NON-UTF-8-BYTE-0xFC]st[NON-UTF-8-BYTE-0xFC]\DataStructure\cen207-2025-2026-5-Mustafa-Yildirimm-cpp\src\tests\Heap\Heap_test.cpp(137): error: Expected: (lastExtracted) &gt;= (current), actual: 166 vs 167

C:\Users\ahmet\OneDrive\Masa[NON-UTF-8-BYTE-0xFC]st[NON-UTF-8-BYTE-0xFC]\DataStructure\cen207-2025-2026-5-Mustafa-Yildirimm-cpp\src\tests\Heap\Heap_test.cpp(137): error: Expected: (lastExtracted) &gt;= (current), actual: 167 vs 168

C:\Users\ahmet\OneDrive\Masa[NON-UTF-8-BYTE-0xFC]st[NON-UTF-8-BYTE-0xFC]\DataStructure\cen207-2025-2026-5-Mustafa-Yildirimm-cpp\src\tests\Heap\Heap_test.cpp(137): error: Expected: (lastExtracted) &gt;= (current), actual: 168 vs 169

C:\Users\ahmet\OneDrive\Masa[NON-UTF-8-BYTE-0xFC]st[NON-UTF-8-BYTE-0xFC]\DataStructure\cen207-2025-2026-5-Mustafa-Yildirimm-cpp\src\tests\Heap\Heap_test.cpp(137): error: Expected: (lastExtracted) &gt;= (current), actual: 169 vs 170

C:\Users\ahmet\OneDrive\Masa[NON-UTF-8-BYTE-0xFC]st[NON-UTF-8-BYTE-0xFC]\DataStructure\cen207-2025-2026-5-Mustafa-Yildirimm-cpp\src\tests\Heap\Heap_test.cpp(137): error: Expected: (lastExtracted) &gt;= (current), actual: 170 vs 171

C:\Users\ahmet\OneDrive\Masa[NON-UTF-8-BYTE-0xFC]st[NON-UTF-8-BYTE-0xFC]\DataStructure\cen207-2025-2026-5-Mustafa-Yildirimm-cpp\src\tests\Heap\Heap_test.cpp(137): error: Expected: (lastExtracted) &gt;= (current), actual: 171 vs 172

C:\Users\ahmet\OneDrive\Masa[NON-UTF-8-BYTE-0xFC]st[NON-UTF-8-BYTE-0xFC]\DataStructure\cen207-2025-2026-5-Mustafa-Yildirimm-cpp\src\tests\Heap\Heap_test.cpp(137): error: Expected: (lastExtracted) &gt;= (current), actual: 172 vs 173

C:\Users\ahmet\OneDrive\Masa[NON-UTF-8-BYTE-0xFC]st[NON-UTF-8-BYTE-0xFC]\DataStructure\cen207-2025-2026-5-Mustafa-Yildirimm-cpp\src\tests\Heap\Heap_test.cpp(137): error: Expected: (lastExtracted) &gt;= (current), actual: 173 vs 174

C:\Users\ahmet\OneDrive\Masa[NON-UTF-8-BYTE-0xFC]st[NON-UTF-8-BYTE-0xFC]\DataStructure\cen207-2025-2026-5-Mustafa-Yildirimm-cpp\src\tests\Heap\Heap_test.cpp(137): error: Expected: (lastExtracted) &gt;= (current), actual: 174 vs 175

C:\Users\ahmet\OneDrive\Masa[NON-UTF-8-BYTE-0xFC]st[NON-UTF-8-BYTE-0xFC]\DataStructure\cen207-2025-2026-5-Mustafa-Yildirimm-cpp\src\tests\Heap\Heap_test.cpp(137): error: Expected: (lastExtracted) &gt;= (current), actual: 175 vs 176

C:\Users\ahmet\OneDrive\Masa[NON-UTF-8-BYTE-0xFC]st[NON-UTF-8-BYTE-0xFC]\DataStructure\cen207-2025-2026-5-Mustafa-Yildirimm-cpp\src\tests\Heap\Heap_test.cpp(137): error: Expected: (lastExtracted) &gt;= (current), actual: 176 vs 177

C:\Users\ahmet\OneDrive\Masa[NON-UTF-8-BYTE-0xFC]st[NON-UTF-8-BYTE-0xFC]\DataStructure\cen207-2025-2026-5-Mustafa-Yildirimm-cpp\src\tests\Heap\Heap_test.cpp(137): error: Expected: (lastExtracted) &gt;= (current), actual: 177 vs 178

C:\Users\ahmet\OneDrive\Masa[NON-UTF-8-BYTE-0xFC]st[NON-UTF-8-BYTE-0xFC]\DataStructure\cen207-2025-2026-5-Mustafa-Yildirimm-cpp\src\tests\Heap\Heap_test.cpp(137): error: Expected: (lastExtracted) &gt;= (current), actual: 178 vs 179

C:\Users\ahmet\OneDrive\Masa[NON-UTF-8-BYTE-0xFC]st[NON-UTF-8-BYTE-0xFC]\DataStructure\cen207-2025-2026-5-Mustafa-Yildirimm-cpp\src\tests\Heap\Heap_test.cpp(137): error: Expected: (lastExtracted) &gt;= (current), actual: 179 vs 180

C:\Users\ahmet\OneDrive\Masa[NON-UTF-8-BYTE-0xFC]st[NON-UTF-8-BYTE-0xFC]\DataStructure\cen207-2025-2026-5-Mustafa-Yildirimm-cpp\src\tests\Heap\Heap_test.cpp(137): error: Expected: (lastExtracted) &gt;= (current), actual: 180 vs 181

C:\Users\ahmet\OneDrive\Masa[NON-UTF-8-BYTE-0xFC]st[NON-UTF-8-BYTE-0xFC]\DataStructure\cen207-2025-2026-5-Mustafa-Yildirimm-cpp\src\tests\Heap\Heap_test.cpp(137): error: Expected: (lastExtracted) &gt;= (current), actual: 181 vs 182

C:\Users\ahmet\OneDrive\Masa[NON-UTF-8-BYTE-0xFC]st[NON-UTF-8-BYTE-0xFC]\DataStructure\cen207-2025-2026-5-Mustafa-Yildirimm-cpp\src\tests\Heap\Heap_test.cpp(137): error: Expected: (lastExtracted) &gt;= (current), actual: 182 vs 183

C:\Users\ahmet\OneDrive\Masa[NON-UTF-8-BYTE-0xFC]st[NON-UTF-8-BYTE-0xFC]\DataStructure\cen207-2025-2026-5-Mustafa-Yildirimm-cpp\src\tests\Heap\Heap_test.cpp(137): error: Expected: (lastExtracted) &gt;= (current), actual: 183 vs 184

C:\Users\ahmet\OneDrive\Masa[NON-UTF-8-BYTE-0xFC]st[NON-UTF-8-BYTE-0xFC]\DataStructure\cen207-2025-2026-5-Mustafa-Yildirimm-cpp\src\tests\Heap\Heap_test.cpp(137): error: Expected: (lastExtracted) &gt;= (current), actual: 184 vs 185

C:\Users\ahmet\OneDrive\Masa[NON-UTF-8-BYTE-0xFC]st[NON-UTF-8-BYTE-0xFC]\DataStructure\cen207-2025-2026-5-Mustafa-Yildirimm-cpp\src\tests\Heap\Heap_test.cpp(137): error: Expected: (lastExtracted) &gt;= (current), actual: 185 vs 186

C:\Users\ahmet\OneDrive\Masa[NON-UTF-8-BYTE-0xFC]st[NON-UTF-8-BYTE-0xFC]\DataStructure\cen207-2025-2026-5-Mustafa-Yildirimm-cpp\src\tests\Heap\Heap_test.cpp(137): error: Expected: (lastExtracted) &gt;= (current), actual: 186 vs 187

C:\Users\ahmet\OneDrive\Masa[NON-UTF-8-BYTE-0xFC]st[NON-UTF-8-BYTE-0xFC]\DataStructure\cen207-2025-2026-5-Mustafa-Yildirimm-cpp\src\tests\Heap\Heap_test.cpp(137): error: Expected: (lastExtracted) &gt;= (current), actual: 187 vs 188

C:\Users\ahmet\OneDrive\Masa[NON-UTF-8-BYTE-0xFC]st[NON-UTF-8-BYTE-0xFC]\DataStructure\cen207-2025-2026-5-Mustafa-Yildirimm-cpp\src\tests\Heap\Heap_test.cpp(137): error: Expected: (lastExtracted) &gt;= (current), actual: 188 vs 189

C:\Users\ahmet\OneDrive\Masa[NON-UTF-8-BYTE-0xFC]st[NON-UTF-8-BYTE-0xFC]\DataStructure\cen207-2025-2026-5-Mustafa-Yildirimm-cpp\src\tests\Heap\Heap_test.cpp(137): error: Expected: (lastExtracted) &gt;= (current), actual: 189 vs 190

C:\Users\ahmet\OneDrive\Masa[NON-UTF-8-BYTE-0xFC]st[NON-UTF-8-BYTE-0xFC]\DataStructure\cen207-2025-2026-5-Mustafa-Yildirimm-cpp\src\tests\Heap\Heap_test.cpp(137): error: Expected: (lastExtracted) &gt;= (current), actual: 190 vs 191

C:\Users\ahmet\OneDrive\Masa[NON-UTF-8-BYTE-0xFC]st[NON-UTF-8-BYTE-0xFC]\DataStructure\cen207-2025-2026-5-Mustafa-Yildirimm-cpp\src\tests\Heap\Heap_test.cpp(137): error: Expected: (lastExtracted) &gt;= (current), actual: 191 vs 192

C:\Users\ahmet\OneDrive\Masa[NON-UTF-8-BYTE-0xFC]st[NON-UTF-8-BYTE-0xFC]\DataStructure\cen207-2025-2026-5-Mustafa-Yildirimm-cpp\src\tests\Heap\Heap_test.cpp(137): error: Expected: (lastExtracted) &gt;= (current), actual: 192 vs 193

C:\Users\ahmet\OneDrive\Masa[NON-UTF-8-BYTE-0xFC]st[NON-UTF-8-BYTE-0xFC]\DataStructure\cen207-2025-2026-5-Mustafa-Yildirimm-cpp\src\tests\Heap\Heap_test.cpp(137): error: Expected: (lastExtracted) &gt;= (current), actual: 193 vs 194

C:\Users\ahmet\OneDrive\Masa[NON-UTF-8-BYTE-0xFC]st[NON-UTF-8-BYTE-0xFC]\DataStructure\cen207-2025-2026-5-Mustafa-Yildirimm-cpp\src\tests\Heap\Heap_test.cpp(137): error: Expected: (lastExtracted) &gt;= (current), actual: 194 vs 195

C:\Users\ahmet\OneDrive\Masa[NON-UTF-8-BYTE-0xFC]st[NON-UTF-8-BYTE-0xFC]\DataStructure\cen207-2025-2026-5-Mustafa-Yildirimm-cpp\src\tests\Heap\Heap_test.cpp(137): error: Expected: (lastExtracted) &gt;= (current), actual: 195 vs 196

C:\Users\ahmet\OneDrive\Masa[NON-UTF-8-BYTE-0xFC]st[NON-UTF-8-BYTE-0xFC]\DataStructure\cen207-2025-2026-5-Mustafa-Yildirimm-cpp\src\tests\Heap\Heap_test.cpp(137): error: Expected: (lastExtracted) &gt;= (current), actual: 196 vs 197

C:\Users\ahmet\OneDrive\Masa[NON-UTF-8-BYTE-0xFC]st[NON-UTF-8-BYTE-0xFC]\DataStructure\cen207-2025-2026-5-Mustafa-Yildirimm-cpp\src\tests\Heap\Heap_test.cpp(137): error: Expected: (lastExtracted) &gt;= (current), actual: 197 vs 198

C:\Users\ahmet\OneDrive\Masa[NON-UTF-8-BYTE-0xFC]st[NON-UTF-8-BYTE-0xFC]\DataStructure\cen207-2025-2026-5-Mustafa-Yildirimm-cpp\src\tests\Heap\Heap_test.cpp(137): error: Expected: (lastExtracted) &gt;= (current), actual: 198 vs 199

C:\Users\ahmet\OneDrive\Masa[NON-UTF-8-BYTE-0xFC]st[NON-UTF-8-BYTE-0xFC]\DataStructure\cen207-2025-2026-5-Mustafa-Yildirimm-cpp\src\tests\Heap\Heap_test.cpp(137): error: Expected: (lastExtracted) &gt;= (current), actual: 199 vs 200

C:\Users\ahmet\OneDrive\Masa[NON-UTF-8-BYTE-0xFC]st[NON-UTF-8-BYTE-0xFC]\DataStructure\cen207-2025-2026-5-Mustafa-Yildirimm-cpp\src\tests\Heap\Heap_test.cpp(137): error: Expected: (lastExtracted) &gt;= (current), actual: 200 vs 201

C:\Users\ahmet\OneDrive\Masa[NON-UTF-8-BYTE-0xFC]st[NON-UTF-8-BYTE-0xFC]\DataStructure\cen207-2025-2026-5-Mustafa-Yildirimm-cpp\src\tests\Heap\Heap_test.cpp(137): error: Expected: (lastExtracted) &gt;= (current), actual: 201 vs 202

C:\Users\ahmet\OneDrive\Masa[NON-UTF-8-BYTE-0xFC]st[NON-UTF-8-BYTE-0xFC]\DataStructure\cen207-2025-2026-5-Mustafa-Yildirimm-cpp\src\tests\Heap\Heap_test.cpp(137): error: Expected: (lastExtracted) &gt;= (current), actual: 202 vs 203

C:\Users\ahmet\OneDrive\Masa[NON-UTF-8-BYTE-0xFC]st[NON-UTF-8-BYTE-0xFC]\DataStructure\cen207-2025-2026-5-Mustafa-Yildirimm-cpp\src\tests\Heap\Heap_test.cpp(137): error: Expected: (lastExtracted) &gt;= (current), actual: 203 vs 204

C:\Users\ahmet\OneDrive\Masa[NON-UTF-8-BYTE-0xFC]st[NON-UTF-8-BYTE-0xFC]\DataStructure\cen207-2025-2026-5-Mustafa-Yildirimm-cpp\src\tests\Heap\Heap_test.cpp(137): error: Expected: (lastExtracted) &gt;= (current), actual: 204 vs 205

C:\Users\ahmet\OneDrive\Masa[NON-UTF-8-BYTE-0xFC]st[NON-UTF-8-BYTE-0xFC]\DataStructure\cen207-2025-2026-5-Mustafa-Yildirimm-cpp\src\tests\Heap\Heap_test.cpp(137): error: Expected: (lastExtracted) &gt;= (current), actual: 205 vs 206

C:\Users\ahmet\OneDrive\Masa[NON-UTF-8-BYTE-0xFC]st[NON-UTF-8-BYTE-0xFC]\DataStructure\cen207-2025-2026-5-Mustafa-Yildirimm-cpp\src\tests\Heap\Heap_test.cpp(137): error: Expected: (lastExtracted) &gt;= (current), actual: 206 vs 207

C:\Users\ahmet\OneDrive\Masa[NON-UTF-8-BYTE-0xFC]st[NON-UTF-8-BYTE-0xFC]\DataStructure\cen207-2025-2026-5-Mustafa-Yildirimm-cpp\src\tests\Heap\Heap_test.cpp(137): error: Expected: (lastExtracted) &gt;= (current), actual: 207 vs 208

C:\Users\ahmet\OneDrive\Masa[NON-UTF-8-BYTE-0xFC]st[NON-UTF-8-BYTE-0xFC]\DataStructure\cen207-2025-2026-5-Mustafa-Yildirimm-cpp\src\tests\Heap\Heap_test.cpp(137): error: Expected: (lastExtracted) &gt;= (current), actual: 208 vs 209

C:\Users\ahmet\OneDrive\Masa[NON-UTF-8-BYTE-0xFC]st[NON-UTF-8-BYTE-0xFC]\DataStructure\cen207-2025-2026-5-Mustafa-Yildirimm-cpp\src\tests\Heap\Heap_test.cpp(137): error: Expected: (lastExtracted) &gt;= (current), actual: 209 vs 210

C:\Users\ahmet\OneDrive\Masa[NON-UTF-8-BYTE-0xFC]st[NON-UTF-8-BYTE-0xFC]\DataStructure\cen207-2025-2026-5-Mustafa-Yildirimm-cpp\src\tests\Heap\Heap_test.cpp(137): error: Expected: (lastExtracted) &gt;= (current), actual: 210 vs 211

C:\Users\ahmet\OneDrive\Masa[NON-UTF-8-BYTE-0xFC]st[NON-UTF-8-BYTE-0xFC]\DataStructure\cen207-2025-2026-5-Mustafa-Yildirimm-cpp\src\tests\Heap\Heap_test.cpp(137): error: Expected: (lastExtracted) &gt;= (current), actual: 211 vs 212

C:\Users\ahmet\OneDrive\Masa[NON-UTF-8-BYTE-0xFC]st[NON-UTF-8-BYTE-0xFC]\DataStructure\cen207-2025-2026-5-Mustafa-Yildirimm-cpp\src\tests\Heap\Heap_test.cpp(137): error: Expected: (lastExtracted) &gt;= (current), actual: 212 vs 213

C:\Users\ahmet\OneDrive\Masa[NON-UTF-8-BYTE-0xFC]st[NON-UTF-8-BYTE-0xFC]\DataStructure\cen207-2025-2026-5-Mustafa-Yildirimm-cpp\src\tests\Heap\Heap_test.cpp(137): error: Expected: (lastExtracted) &gt;= (current), actual: 213 vs 214

C:\Users\ahmet\OneDrive\Masa[NON-UTF-8-BYTE-0xFC]st[NON-UTF-8-BYTE-0xFC]\DataStructure\cen207-2025-2026-5-Mustafa-Yildirimm-cpp\src\tests\Heap\Heap_test.cpp(137): error: Expected: (lastExtracted) &gt;= (current), actual: 214 vs 215

C:\Users\ahmet\OneDrive\Masa[NON-UTF-8-BYTE-0xFC]st[NON-UTF-8-BYTE-0xFC]\DataStructure\cen207-2025-2026-5-Mustafa-Yildirimm-cpp\src\tests\Heap\Heap_test.cpp(137): error: Expected: (lastExtracted) &gt;= (current), actual: 215 vs 216

C:\Users\ahmet\OneDrive\Masa[NON-UTF-8-BYTE-0xFC]st[NON-UTF-8-BYTE-0xFC]\DataStructure\cen207-2025-2026-5-Mustafa-Yildirimm-cpp\src\tests\Heap\Heap_test.cpp(137): error: Expected: (lastExtracted) &gt;= (current), actual: 216 vs 217

C:\Users\ahmet\OneDrive\Masa[NON-UTF-8-BYTE-0xFC]st[NON-UTF-8-BYTE-0xFC]\DataStructure\cen207-2025-2026-5-Mustafa-Yildirimm-cpp\src\tests\Heap\Heap_test.cpp(137): error: Expected: (lastExtracted) &gt;= (current), actual: 217 vs 218

C:\Users\ahmet\OneDrive\Masa[NON-UTF-8-BYTE-0xFC]st[NON-UTF-8-BYTE-0xFC]\DataStructure\cen207-2025-2026-5-Mustafa-Yildirimm-cpp\src\tests\Heap\Heap_test.cpp(137): error: Expected: (lastExtracted) &gt;= (current), actual: 218 vs 219

C:\Users\ahmet\OneDrive\Masa[NON-UTF-8-BYTE-0xFC]st[NON-UTF-8-BYTE-0xFC]\DataStructure\cen207-2025-2026-5-Mustafa-Yildirimm-cpp\src\tests\Heap\Heap_test.cpp(137): error: Expected: (lastExtracted) &gt;= (current), actual: 219 vs 220

C:\Users\ahmet\OneDrive\Masa[NON-UTF-8-BYTE-0xFC]st[NON-UTF-8-BYTE-0xFC]\DataStructure\cen207-2025-2026-5-Mustafa-Yildirimm-cpp\src\tests\Heap\Heap_test.cpp(137): error: Expected: (lastExtracted) &gt;= (current), actual: 220 vs 221

C:\Users\ahmet\OneDrive\Masa[NON-UTF-8-BYTE-0xFC]st[NON-UTF-8-BYTE-0xFC]\DataStructure\cen207-2025-2026-5-Mustafa-Yildirimm-cpp\src\tests\Heap\Heap_test.cpp(137): error: Expected: (lastExtracted) &gt;= (current), actual: 221 vs 222

C:\Users\ahmet\OneDrive\Masa[NON-UTF-8-BYTE-0xFC]st[NON-UTF-8-BYTE-0xFC]\DataStructure\cen207-2025-2026-5-Mustafa-Yildirimm-cpp\src\tests\Heap\Heap_test.cpp(137): error: Expected: (lastExtracted) &gt;= (current), actual: 222 vs 223

C:\Users\ahmet\OneDrive\Masa[NON-UTF-8-BYTE-0xFC]st[NON-UTF-8-BYTE-0xFC]\DataStructure\cen207-2025-2026-5-Mustafa-Yildirimm-cpp\src\tests\Heap\Heap_test.cpp(137): error: Expected: (lastExtracted) &gt;= (current), actual: 223 vs 224

C:\Users\ahmet\OneDrive\Masa[NON-UTF-8-BYTE-0xFC]st[NON-UTF-8-BYTE-0xFC]\DataStructure\cen207-2025-2026-5-Mustafa-Yildirimm-cpp\src\tests\Heap\Heap_test.cpp(137): error: Expected: (lastExtracted) &gt;= (current), actual: 224 vs 225

C:\Users\ahmet\OneDrive\Masa[NON-UTF-8-BYTE-0xFC]st[NON-UTF-8-BYTE-0xFC]\DataStructure\cen207-2025-2026-5-Mustafa-Yildirimm-cpp\src\tests\Heap\Heap_test.cpp(137): error: Expected: (lastExtracted) &gt;= (current), actual: 225 vs 226

C:\Users\ahmet\OneDrive\Masa[NON-UTF-8-BYTE-0xFC]st[NON-UTF-8-BYTE-0xFC]\DataStructure\cen207-2025-2026-5-Mustafa-Yildirimm-cpp\src\tests\Heap\Heap_test.cpp(137): error: Expected: (lastExtracted) &gt;= (current), actual: 226 vs 227

C:\Users\ahmet\OneDrive\Masa[NON-UTF-8-BYTE-0xFC]st[NON-UTF-8-BYTE-0xFC]\DataStructure\cen207-2025-2026-5-Mustafa-Yildirimm-cpp\src\tests\Heap\Heap_test.cpp(137): error: Expected: (lastExtracted) &gt;= (current), actual: 227 vs 228

C:\Users\ahmet\OneDrive\Masa[NON-UTF-8-BYTE-0xFC]st[NON-UTF-8-BYTE-0xFC]\DataStructure\cen207-2025-2026-5-Mustafa-Yildirimm-cpp\src\tests\Heap\Heap_test.cpp(137): error: Expected: (lastExtracted) &gt;= (current), actual: 228 vs 229

C:\Users\ahmet\OneDrive\Masa[NON-UTF-8-BYTE-0xFC]st[NON-UTF-8-BYTE-0xFC]\DataStructure\cen207-2025-2026-5-Mustafa-Yildirimm-cpp\src\tests\Heap\Heap_test.cpp(137): error: Expected: (lastExtracted) &gt;= (current), actual: 229 vs 230

C:\Users\ahmet\OneDrive\Masa[NON-UTF-8-BYTE-0xFC]st[NON-UTF-8-BYTE-0xFC]\DataStructure\cen207-2025-2026-5-Mustafa-Yildirimm-cpp\src\tests\Heap\Heap_test.cpp(137): error: Expected: (lastExtracted) &gt;= (current), actual: 230 vs 231

C:\Users\ahmet\OneDrive\Masa[NON-UTF-8-BYTE-0xFC]st[NON-UTF-8-BYTE-0xFC]\DataStructure\cen207-2025-2026-5-Mustafa-Yildirimm-cpp\src\tests\Heap\Heap_test.cpp(137): error: Expected: (lastExtracted) &gt;= (current), actual: 231 vs 232

C:\Users\ahmet\OneDrive\Masa[NON-UTF-8-BYTE-0xFC]st[NON-UTF-8-BYTE-0xFC]\DataStructure\cen207-2025-2026-5-Mustafa-Yildirimm-cpp\src\tests\Heap\Heap_test.cpp(137): error: Expected: (lastExtracted) &gt;= (current), actual: 232 vs 233

C:\Users\ahmet\OneDrive\Masa[NON-UTF-8-BYTE-0xFC]st[NON-UTF-8-BYTE-0xFC]\DataStructure\cen207-2025-2026-5-Mustafa-Yildirimm-cpp\src\tests\Heap\Heap_test.cpp(137): error: Expected: (lastExtracted) &gt;= (current), actual: 233 vs 234

C:\Users\ahmet\OneDrive\Masa[NON-UTF-8-BYTE-0xFC]st[NON-UTF-8-BYTE-0xFC]\DataStructure\cen207-2025-2026-5-Mustafa-Yildirimm-cpp\src\tests\Heap\Heap_test.cpp(137): error: Expected: (lastExtracted) &gt;= (current), actual: 234 vs 235

C:\Users\ahmet\OneDrive\Masa[NON-UTF-8-BYTE-0xFC]st[NON-UTF-8-BYTE-0xFC]\DataStructure\cen207-2025-2026-5-Mustafa-Yildirimm-cpp\src\tests\Heap\Heap_test.cpp(137): error: Expected: (lastExtracted) &gt;= (current), actual: 235 vs 236

C:\Users\ahmet\OneDrive\Masa[NON-UTF-8-BYTE-0xFC]st[NON-UTF-8-BYTE-0xFC]\DataStructure\cen207-2025-2026-5-Mustafa-Yildirimm-cpp\src\tests\Heap\Heap_test.cpp(137): error: Expected: (lastExtracted) &gt;= (current), actual: 236 vs 237

C:\Users\ahmet\OneDrive\Masa[NON-UTF-8-BYTE-0xFC]st[NON-UTF-8-BYTE-0xFC]\DataStructure\cen207-2025-2026-5-Mustafa-Yildirimm-cpp\src\tests\Heap\Heap_test.cpp(137): error: Expected: (lastExtracted) &gt;= (current), actual: 237 vs 238

C:\Users\ahmet\OneDrive\Masa[NON-UTF-8-BYTE-0xFC]st[NON-UTF-8-BYTE-0xFC]\DataStructure\cen207-2025-2026-5-Mustafa-Yildirimm-cpp\src\tests\Heap\Heap_test.cpp(137): error: Expected: (lastExtracted) &gt;= (current), actual: 238 vs 239

C:\Users\ahmet\OneDrive\Masa[NON-UTF-8-BYTE-0xFC]st[NON-UTF-8-BYTE-0xFC]\DataStructure\cen207-2025-2026-5-Mustafa-Yildirimm-cpp\src\tests\Heap\Heap_test.cpp(137): error: Expected: (lastExtracted) &gt;= (current), actual: 239 vs 240

C:\Users\ahmet\OneDrive\Masa[NON-UTF-8-BYTE-0xFC]st[NON-UTF-8-BYTE-0xFC]\DataStructure\cen207-2025-2026-5-Mustafa-Yildirimm-cpp\src\tests\Heap\Heap_test.cpp(137): error: Expected: (lastExtracted) &gt;= (current), actual: 240 vs 241

C:\Users\ahmet\OneDrive\Masa[NON-UTF-8-BYTE-0xFC]st[NON-UTF-8-BYTE-0xFC]\DataStructure\cen207-2025-2026-5-Mustafa-Yildirimm-cpp\src\tests\Heap\Heap_test.cpp(137): error: Expected: (lastExtracted) &gt;= (current), actual: 241 vs 242

C:\Users\ahmet\OneDrive\Masa[NON-UTF-8-BYTE-0xFC]st[NON-UTF-8-BYTE-0xFC]\DataStructure\cen207-2025-2026-5-Mustafa-Yildirimm-cpp\src\tests\Heap\Heap_test.cpp(137): error: Expected: (lastExtracted) &gt;= (current), actual: 242 vs 243

C:\Users\ahmet\OneDrive\Masa[NON-UTF-8-BYTE-0xFC]st[NON-UTF-8-BYTE-0xFC]\DataStructure\cen207-2025-2026-5-Mustafa-Yildirimm-cpp\src\tests\Heap\Heap_test.cpp(137): error: Expected: (lastExtracted) &gt;= (current), actual: 243 vs 244

C:\Users\ahmet\OneDrive\Masa[NON-UTF-8-BYTE-0xFC]st[NON-UTF-8-BYTE-0xFC]\DataStructure\cen207-2025-2026-5-Mustafa-Yildirimm-cpp\src\tests\Heap\Heap_test.cpp(137): error: Expected: (lastExtracted) &gt;= (current), actual: 244 vs 245

C:\Users\ahmet\OneDrive\Masa[NON-UTF-8-BYTE-0xFC]st[NON-UTF-8-BYTE-0xFC]\DataStructure\cen207-2025-2026-5-Mustafa-Yildirimm-cpp\src\tests\Heap\Heap_test.cpp(137): error: Expected: (lastExtracted) &gt;= (current), actual: 245 vs 246

C:\Users\ahmet\OneDrive\Masa[NON-UTF-8-BYTE-0xFC]st[NON-UTF-8-BYTE-0xFC]\DataStructure\cen207-2025-2026-5-Mustafa-Yildirimm-cpp\src\tests\Heap\Heap_test.cpp(137): error: Expected: (lastExtracted) &gt;= (current), actual: 246 vs 247

C:\Users\ahmet\OneDrive\Masa[NON-UTF-8-BYTE-0xFC]st[NON-UTF-8-BYTE-0xFC]\DataStructure\cen207-2025-2026-5-Mustafa-Yildirimm-cpp\src\tests\Heap\Heap_test.cpp(137): error: Expected: (lastExtracted) &gt;= (current), actual: 247 vs 248

C:\Users\ahmet\OneDrive\Masa[NON-UTF-8-BYTE-0xFC]st[NON-UTF-8-BYTE-0xFC]\DataStructure\cen207-2025-2026-5-Mustafa-Yildirimm-cpp\src\tests\Heap\Heap_test.cpp(137): error: Expected: (lastExtracted) &gt;= (current), actual: 248 vs 249

C:\Users\ahmet\OneDrive\Masa[NON-UTF-8-BYTE-0xFC]st[NON-UTF-8-BYTE-0xFC]\DataStructure\cen207-2025-2026-5-Mustafa-Yildirimm-cpp\src\tests\Heap\Heap_test.cpp(137): error: Expected: (lastExtracted) &gt;= (current), actual: 249 vs 250

C:\Users\ahmet\OneDrive\Masa[NON-UTF-8-BYTE-0xFC]st[NON-UTF-8-BYTE-0xFC]\DataStructure\cen207-2025-2026-5-Mustafa-Yildirimm-cpp\src\tests\Heap\Heap_test.cpp(137): error: Expected: (lastExtracted) &gt;= (current), actual: 250 vs 251

C:\Users\ahmet\OneDrive\Masa[NON-UTF-8-BYTE-0xFC]st[NON-UTF-8-BYTE-0xFC]\DataStructure\cen207-2025-2026-5-Mustafa-Yildirimm-cpp\src\tests\Heap\Heap_test.cpp(137): error: Expected: (lastExtracted) &gt;= (current), actual: 251 vs 252

C:\Users\ahmet\OneDrive\Masa[NON-UTF-8-BYTE-0xFC]st[NON-UTF-8-BYTE-0xFC]\DataStructure\cen207-2025-2026-5-Mustafa-Yildirimm-cpp\src\tests\Heap\Heap_test.cpp(137): error: Expected: (lastExtracted) &gt;= (current), actual: 252 vs 253

C:\Users\ahmet\OneDrive\Masa[NON-UTF-8-BYTE-0xFC]st[NON-UTF-8-BYTE-0xFC]\DataStructure\cen207-2025-2026-5-Mustafa-Yildirimm-cpp\src\tests\Heap\Heap_test.cpp(137): error: Expected: (lastExtracted) &gt;= (current), actual: 253 vs 254

C:\Users\ahmet\OneDrive\Masa[NON-UTF-8-BYTE-0xFC]st[NON-UTF-8-BYTE-0xFC]\DataStructure\cen207-2025-2026-5-Mustafa-Yildirimm-cpp\src\tests\Heap\Heap_test.cpp(137): error: Expected: (lastExtracted) &gt;= (current), actual: 254 vs 255

C:\Users\ahmet\OneDrive\Masa[NON-UTF-8-BYTE-0xFC]st[NON-UTF-8-BYTE-0xFC]\DataStructure\cen207-2025-2026-5-Mustafa-Yildirimm-cpp\src\tests\Heap\Heap_test.cpp(137): error: Expected: (lastExtracted) &gt;= (current), actual: 255 vs 256

C:\Users\ahmet\OneDrive\Masa[NON-UTF-8-BYTE-0xFC]st[NON-UTF-8-BYTE-0xFC]\DataStructure\cen207-2025-2026-5-Mustafa-Yildirimm-cpp\src\tests\Heap\Heap_test.cpp(137): error: Expected: (lastExtracted) &gt;= (current), actual: 256 vs 257

C:\Users\ahmet\OneDrive\Masa[NON-UTF-8-BYTE-0xFC]st[NON-UTF-8-BYTE-0xFC]\DataStructure\cen207-2025-2026-5-Mustafa-Yildirimm-cpp\src\tests\Heap\Heap_test.cpp(137): error: Expected: (lastExtracted) &gt;= (current), actual: 257 vs 258

C:\Users\ahmet\OneDrive\Masa[NON-UTF-8-BYTE-0xFC]st[NON-UTF-8-BYTE-0xFC]\DataStructure\cen207-2025-2026-5-Mustafa-Yildirimm-cpp\src\tests\Heap\Heap_test.cpp(137): error: Expected: (lastExtracted) &gt;= (current), actual: 258 vs 259

C:\Users\ahmet\OneDrive\Masa[NON-UTF-8-BYTE-0xFC]st[NON-UTF-8-BYTE-0xFC]\DataStructure\cen207-2025-2026-5-Mustafa-Yildirimm-cpp\src\tests\Heap\Heap_test.cpp(137): error: Expected: (lastExtracted) &gt;= (current), actual: 259 vs 260

C:\Users\ahmet\OneDrive\Masa[NON-UTF-8-BYTE-0xFC]st[NON-UTF-8-BYTE-0xFC]\DataStructure\cen207-2025-2026-5-Mustafa-Yildirimm-cpp\src\tests\Heap\Heap_test.cpp(137): error: Expected: (lastExtracted) &gt;= (current), actual: 260 vs 261

C:\Users\ahmet\OneDrive\Masa[NON-UTF-8-BYTE-0xFC]st[NON-UTF-8-BYTE-0xFC]\DataStructure\cen207-2025-2026-5-Mustafa-Yildirimm-cpp\src\tests\Heap\Heap_test.cpp(137): error: Expected: (lastExtracted) &gt;= (current), actual: 261 vs 262

C:\Users\ahmet\OneDrive\Masa[NON-UTF-8-BYTE-0xFC]st[NON-UTF-8-BYTE-0xFC]\DataStructure\cen207-2025-2026-5-Mustafa-Yildirimm-cpp\src\tests\Heap\Heap_test.cpp(137): error: Expected: (lastExtracted) &gt;= (current), actual: 262 vs 263

C:\Users\ahmet\OneDrive\Masa[NON-UTF-8-BYTE-0xFC]st[NON-UTF-8-BYTE-0xFC]\DataStructure\cen207-2025-2026-5-Mustafa-Yildirimm-cpp\src\tests\Heap\Heap_test.cpp(137): error: Expected: (lastExtracted) &gt;= (current), actual: 263 vs 264

[...]

C:\Users\ahmet\OneDrive\Masa[NON-UTF-8-BYTE-0xFC]st[NON-UTF-8-BYTE-0xFC]\DataStructure\cen207-2025-2026-5-Mustafa-Yildirimm-cpp\src\tests\Heap\Heap_test.cpp(137): error: Expected: (lastExtracted) &gt;= (current), actual: 922 vs 923

C:\Users\ahmet\OneDrive\Masa[NON-UTF-8-BYTE-0xFC]st[NON-UTF-8-BYTE-0xFC]\DataStructure\cen207-2025-2026-5-Mustafa-Yildirimm-cpp\src\tests\Heap\Heap_test.cpp(137): error: Expected: (lastExtracted) &gt;= (current), actual: 923 vs 924

C:\Users\ahmet\OneDrive\Masa[NON-UTF-8-BYTE-0xFC]st[NON-UTF-8-BYTE-0xFC]\DataStructure\cen207-2025-2026-5-Mustafa-Yildirimm-cpp\src\tests\Heap\Heap_test.cpp(137): error: Expected: (lastExtracted) &gt;= (current), actual: 924 vs 925

C:\Users\ahmet\OneDrive\Masa[NON-UTF-8-BYTE-0xFC]st[NON-UTF-8-BYTE-0xFC]\DataStructure\cen207-2025-2026-5-Mustafa-Yildirimm-cpp\src\tests\Heap\Heap_test.cpp(137): error: Expected: (lastExtracted) &gt;= (current), actual: 925 vs 926

C:\Users\ahmet\OneDrive\Masa[NON-UTF-8-BYTE-0xFC]st[NON-UTF-8-BYTE-0xFC]\DataStructure\cen207-2025-2026-5-Mustafa-Yildirimm-cpp\src\tests\Heap\Heap_test.cpp(137): error: Expected: (lastExtracted) &gt;= (current), actual: 926 vs 927

C:\Users\ahmet\OneDrive\Masa[NON-UTF-8-BYTE-0xFC]st[NON-UTF-8-BYTE-0xFC]\DataStructure\cen207-2025-2026-5-Mustafa-Yildirimm-cpp\src\tests\Heap\Heap_test.cpp(137): error: Expected: (lastExtracted) &gt;= (current), actual: 927 vs 928

C:\Users\ahmet\OneDrive\Masa[NON-UTF-8-BYTE-0xFC]st[NON-UTF-8-BYTE-0xFC]\DataStructure\cen207-2025-2026-5-Mustafa-Yildirimm-cpp\src\tests\Heap\Heap_test.cpp(137): error: Expected: (lastExtracted) &gt;= (current), actual: 928 vs 929

C:\Users\ahmet\OneDrive\Masa[NON-UTF-8-BYTE-0xFC]st[NON-UTF-8-BYTE-0xFC]\DataStructure\cen207-2025-2026-5-Mustafa-Yildirimm-cpp\src\tests\Heap\Heap_test.cpp(137): error: Expected: (lastExtracted) &gt;= (current), actual: 929 vs 930

C:\Users\ahmet\OneDrive\Masa[NON-UTF-8-BYTE-0xFC]st[NON-UTF-8-BYTE-0xFC]\DataStructure\cen207-2025-2026-5-Mustafa-Yildirimm-cpp\src\tests\Heap\Heap_test.cpp(137): error: Expected: (lastExtracted) &gt;= (current), actual: 930 vs 931

C:\Users\ahmet\OneDrive\Masa[NON-UTF-8-BYTE-0xFC]st[NON-UTF-8-BYTE-0xFC]\DataStructure\cen207-2025-2026-5-Mustafa-Yildirimm-cpp\src\tests\Heap\Heap_test.cpp(137): error: Expected: (lastExtracted) &gt;= (current), actual: 931 vs 932

C:\Users\ahmet\OneDrive\Masa[NON-UTF-8-BYTE-0xFC]st[NON-UTF-8-BYTE-0xFC]\DataStructure\cen207-2025-2026-5-Mustafa-Yildirimm-cpp\src\tests\Heap\Heap_test.cpp(137): error: Expected: (lastExtracted) &gt;= (current), actual: 932 vs 933

C:\Users\ahmet\OneDrive\Masa[NON-UTF-8-BYTE-0xFC]st[NON-UTF-8-BYTE-0xFC]\DataStructure\cen207-2025-2026-5-Mustafa-Yildirimm-cpp\src\tests\Heap\Heap_test.cpp(137): error: Expected: (lastExtracted) &gt;= (current), actual: 933 vs 934

C:\Users\ahmet\OneDrive\Masa[NON-UTF-8-BYTE-0xFC]st[NON-UTF-8-BYTE-0xFC]\DataStructure\cen207-2025-2026-5-Mustafa-Yildirimm-cpp\src\tests\Heap\Heap_test.cpp(137): error: Expected: (lastExtracted) &gt;= (current), actual: 934 vs 935

C:\Users\ahmet\OneDrive\Masa[NON-UTF-8-BYTE-0xFC]st[NON-UTF-8-BYTE-0xFC]\DataStructure\cen207-2025-2026-5-Mustafa-Yildirimm-cpp\src\tests\Heap\Heap_test.cpp(137): error: Expected: (lastExtracted) &gt;= (current), actual: 935 vs 936

C:\Users\ahmet\OneDrive\Masa[NON-UTF-8-BYTE-0xFC]st[NON-UTF-8-BYTE-0xFC]\DataStructure\cen207-2025-2026-5-Mustafa-Yildirimm-cpp\src\tests\Heap\Heap_test.cpp(137): error: Expected: (lastExtracted) &gt;= (current), actual: 936 vs 937

C:\Users\ahmet\OneDrive\Masa[NON-UTF-8-BYTE-0xFC]st[NON-UTF-8-BYTE-0xFC]\DataStructure\cen207-2025-2026-5-Mustafa-Yildirimm-cpp\src\tests\Heap\Heap_test.cpp(137): error: Expected: (lastExtracted) &gt;= (current), actual: 937 vs 938

C:\Users\ahmet\OneDrive\Masa[NON-UTF-8-BYTE-0xFC]st[NON-UTF-8-BYTE-0xFC]\DataStructure\cen207-2025-2026-5-Mustafa-Yildirimm-cpp\src\tests\Heap\Heap_test.cpp(137): error: Expected: (lastExtracted) &gt;= (current), actual: 938 vs 939

C:\Users\ahmet\OneDrive\Masa[NON-UTF-8-BYTE-0xFC]st[NON-UTF-8-BYTE-0xFC]\DataStructure\cen207-2025-2026-5-Mustafa-Yildirimm-cpp\src\tests\Heap\Heap_test.cpp(137): error: Expected: (lastExtracted) &gt;= (current), actual: 939 vs 940

C:\Users\ahmet\OneDrive\Masa[NON-UTF-8-BYTE-0xFC]st[NON-UTF-8-BYTE-0xFC]\DataStructure\cen207-2025-2026-5-Mustafa-Yildirimm-cpp\src\tests\Heap\Heap_test.cpp(137): error: Expected: (lastExtracted) &gt;= (current), actual: 940 vs 941

C:\Users\ahmet\OneDrive\Masa[NON-UTF-8-BYTE-0xFC]st[NON-UTF-8-BYTE-0xFC]\DataStructure\cen207-2025-2026-5-Mustafa-Yildirimm-cpp\src\tests\Heap\Heap_test.cpp(137): error: Expected: (lastExtracted) &gt;= (current), actual: 941 vs 942

C:\Users\ahmet\OneDrive\Masa[NON-UTF-8-BYTE-0xFC]st[NON-UTF-8-BYTE-0xFC]\DataStructure\cen207-2025-2026-5-Mustafa-Yildirimm-cpp\src\tests\Heap\Heap_test.cpp(137): error: Expected: (lastExtracted) &gt;= (current), actual: 942 vs 943

C:\Users\ahmet\OneDrive\Masa[NON-UTF-8-BYTE-0xFC]st[NON-UTF-8-BYTE-0xFC]\DataStructure\cen207-2025-2026-5-Mustafa-Yildirimm-cpp\src\tests\Heap\Heap_test.cpp(137): error: Expected: (lastExtracted) &gt;= (current), actual: 943 vs 944

C:\Users\ahmet\OneDrive\Masa[NON-UTF-8-BYTE-0xFC]st[NON-UTF-8-BYTE-0xFC]\DataStructure\cen207-2025-2026-5-Mustafa-Yildirimm-cpp\src\tests\Heap\Heap_test.cpp(137): error: Expected: (lastExtracted) &gt;= (current), actual: 944 vs 945

C:\Users\ahmet\OneDrive\Masa[NON-UTF-8-BYTE-0xFC]st[NON-UTF-8-BYTE-0xFC]\DataStructure\cen207-2025-2026-5-Mustafa-Yildirimm-cpp\src\tests\Heap\Heap_test.cpp(137): error: Expected: (lastExtracted) &gt;= (current), actual: 945 vs 946

C:\Users\ahmet\OneDrive\Masa[NON-UTF-8-BYTE-0xFC]st[NON-UTF-8-BYTE-0xFC]\DataStructure\cen207-2025-2026-5-Mustafa-Yildirimm-cpp\src\tests\Heap\Heap_test.cpp(137): error: Expected: (lastExtracted) &gt;= (current), actual: 946 vs 947

C:\Users\ahmet\OneDrive\Masa[NON-UTF-8-BYTE-0xFC]st[NON-UTF-8-BYTE-0xFC]\DataStructure\cen207-2025-2026-5-Mustafa-Yildirimm-cpp\src\tests\Heap\Heap_test.cpp(137): error: Expected: (lastExtracted) &gt;= (current), actual: 947 vs 948

C:\Users\ahmet\OneDrive\Masa[NON-UTF-8-BYTE-0xFC]st[NON-UTF-8-BYTE-0xFC]\DataStructure\cen207-2025-2026-5-Mustafa-Yildirimm-cpp\src\tests\Heap\Heap_test.cpp(137): error: Expected: (lastExtracted) &gt;= (current), actual: 948 vs 949

C:\Users\ahmet\OneDrive\Masa[NON-UTF-8-BYTE-0xFC]st[NON-UTF-8-BYTE-0xFC]\DataStructure\cen207-2025-2026-5-Mustafa-Yildirimm-cpp\src\tests\Heap\Heap_test.cpp(137): error: Expected: (lastExtracted) &gt;= (current), actual: 949 vs 950

C:\Users\ahmet\OneDrive\Masa[NON-UTF-8-BYTE-0xFC]st[NON-UTF-8-BYTE-0xFC]\DataStructure\cen207-2025-2026-5-Mustafa-Yildirimm-cpp\src\tests\Heap\Heap_test.cpp(137): error: Expected: (lastExtracted) &gt;= (current), actual: 950 vs 951

C:\Users\ahmet\OneDrive\Masa[NON-UTF-8-BYTE-0xFC]st[NON-UTF-8-BYTE-0xFC]\DataStructure\cen207-2025-2026-5-Mustafa-Yildirimm-cpp\src\tests\Heap\Heap_test.cpp(137): error: Expected: (lastExtracted) &gt;= (current), actual: 951 vs 952

C:\Users\ahmet\OneDrive\Masa[NON-UTF-8-BYTE-0xFC]st[NON-UTF-8-BYTE-0xFC]\DataStructure\cen207-2025-2026-5-Mustafa-Yildirimm-cpp\src\tests\Heap\Heap_test.cpp(137): error: Expected: (lastExtracted) &gt;= (current), actual: 952 vs 953

C:\Users\ahmet\OneDrive\Masa[NON-UTF-8-BYTE-0xFC]st[NON-UTF-8-BYTE-0xFC]\DataStructure\cen207-2025-2026-5-Mustafa-Yildirimm-cpp\src\tests\Heap\Heap_test.cpp(137): error: Expected: (lastExtracted) &gt;= (current), actual: 953 vs 954

C:\Users\ahmet\OneDrive\Masa[NON-UTF-8-BYTE-0xFC]st[NON-UTF-8-BYTE-0xFC]\DataStructure\cen207-2025-2026-5-Mustafa-Yildirimm-cpp\src\tests\Heap\Heap_test.cpp(137): error: Expected: (lastExtracted) &gt;= (current), actual: 954 vs 955

C:\Users\ahmet\OneDrive\Masa[NON-UTF-8-BYTE-0xFC]st[NON-UTF-8-BYTE-0xFC]\DataStructure\cen207-2025-2026-5-Mustafa-Yildirimm-cpp\src\tests\Heap\Heap_test.cpp(137): error: Expected: (lastExtracted) &gt;= (current), actual: 955 vs 956

C:\Users\ahmet\OneDrive\Masa[NON-UTF-8-BYTE-0xFC]st[NON-UTF-8-BYTE-0xFC]\DataStructure\cen207-2025-2026-5-Mustafa-Yildirimm-cpp\src\tests\Heap\Heap_test.cpp(137): error: Expected: (lastExtracted) &gt;= (current), actual: 956 vs 957

C:\Users\ahmet\OneDrive\Masa[NON-UTF-8-BYTE-0xFC]st[NON-UTF-8-BYTE-0xFC]\DataStructure\cen207-2025-2026-5-Mustafa-Yildirimm-cpp\src\tests\Heap\Heap_test.cpp(137): error: Expected: (lastExtracted) &gt;= (current), actual: 957 vs 958

C:\Users\ahmet\OneDrive\Masa[NON-UTF-8-BYTE-0xFC]st[NON-UTF-8-BYTE-0xFC]\DataStructure\cen207-2025-2026-5-Mustafa-Yildirimm-cpp\src\tests\Heap\Heap_test.cpp(137): error: Expected: (lastExtracted) &gt;= (current), actual: 958 vs 959

C:\Users\ahmet\OneDrive\Masa[NON-UTF-8-BYTE-0xFC]st[NON-UTF-8-BYTE-0xFC]\DataStructure\cen207-2025-2026-5-Mustafa-Yildirimm-cpp\src\tests\Heap\Heap_test.cpp(137): error: Expected: (lastExtracted) &gt;= (current), actual: 959 vs 960

C:\Users\ahmet\OneDrive\Masa[NON-UTF-8-BYTE-0xFC]st[NON-UTF-8-BYTE-0xFC]\DataStructure\cen207-2025-2026-5-Mustafa-Yildirimm-cpp\src\tests\Heap\Heap_test.cpp(137): error: Expected: (lastExtracted) &gt;= (current), actual: 960 vs 961

C:\Users\ahmet\OneDrive\Masa[NON-UTF-8-BYTE-0xFC]st[NON-UTF-8-BYTE-0xFC]\DataStructure\cen207-2025-2026-5-Mustafa-Yildirimm-cpp\src\tests\Heap\Heap_test.cpp(137): error: Expected: (lastExtracted) &gt;= (current), actual: 961 vs 962

C:\Users\ahmet\OneDrive\Masa[NON-UTF-8-BYTE-0xFC]st[NON-UTF-8-BYTE-0xFC]\DataStructure\cen207-2025-2026-5-Mustafa-Yildirimm-cpp\src\tests\Heap\Heap_test.cpp(137): error: Expected: (lastExtracted) &gt;= (current), actual: 962 vs 963

C:\Users\ahmet\OneDrive\Masa[NON-UTF-8-BYTE-0xFC]st[NON-UTF-8-BYTE-0xFC]\DataStructure\cen207-2025-2026-5-Mustafa-Yildirimm-cpp\src\tests\Heap\Heap_test.cpp(137): error: Expected: (lastExtracted) &gt;= (current), actual: 963 vs 964

C:\Users\ahmet\OneDrive\Masa[NON-UTF-8-BYTE-0xFC]st[NON-UTF-8-BYTE-0xFC]\DataStructure\cen207-2025-2026-5-Mustafa-Yildirimm-cpp\src\tests\Heap\Heap_test.cpp(137): error: Expected: (lastExtracted) &gt;= (current), actual: 964 vs 965

C:\Users\ahmet\OneDrive\Masa[NON-UTF-8-BYTE-0xFC]st[NON-UTF-8-BYTE-0xFC]\DataStructure\cen207-2025-2026-5-Mustafa-Yildirimm-cpp\src\tests\Heap\Heap_test.cpp(137): error: Expected: (lastExtracted) &gt;= (current), actual: 965 vs 966

C:\Users\ahmet\OneDrive\Masa[NON-UTF-8-BYTE-0xFC]st[NON-UTF-8-BYTE-0xFC]\DataStructure\cen207-2025-2026-5-Mustafa-Yildirimm-cpp\src\tests\Heap\Heap_test.cpp(137): error: Expected: (lastExtracted) &gt;= (current), actual: 966 vs 967

C:\Users\ahmet\OneDrive\Masa[NON-UTF-8-BYTE-0xFC]st[NON-UTF-8-BYTE-0xFC]\DataStructure\cen207-2025-2026-5-Mustafa-Yildirimm-cpp\src\tests\Heap\Heap_test.cpp(137): error: Expected: (lastExtracted) &gt;= (current), actual: 967 vs 968

C:\Users\ahmet\OneDrive\Masa[NON-UTF-8-BYTE-0xFC]st[NON-UTF-8-BYTE-0xFC]\DataStructure\cen207-2025-2026-5-Mustafa-Yildirimm-cpp\src\tests\Heap\Heap_test.cpp(137): error: Expected: (lastExtracted) &gt;= (current), actual: 968 vs 969

C:\Users\ahmet\OneDrive\Masa[NON-UTF-8-BYTE-0xFC]st[NON-UTF-8-BYTE-0xFC]\DataStructure\cen207-2025-2026-5-Mustafa-Yildirimm-cpp\src\tests\Heap\Heap_test.cpp(137): error: Expected: (lastExtracted) &gt;= (current), actual: 969 vs 970

C:\Users\ahmet\OneDrive\Masa[NON-UTF-8-BYTE-0xFC]st[NON-UTF-8-BYTE-0xFC]\DataStructure\cen207-2025-2026-5-Mustafa-Yildirimm-cpp\src\tests\Heap\Heap_test.cpp(137): error: Expected: (lastExtracted) &gt;= (current), actual: 970 vs 971

C:\Users\ahmet\OneDrive\Masa[NON-UTF-8-BYTE-0xFC]st[NON-UTF-8-BYTE-0xFC]\DataStructure\cen207-2025-2026-5-Mustafa-Yildirimm-cpp\src\tests\Heap\Heap_test.cpp(137): error: Expected: (lastExtracted) &gt;= (current), actual: 971 vs 972

C:\Users\ahmet\OneDrive\Masa[NON-UTF-8-BYTE-0xFC]st[NON-UTF-8-BYTE-0xFC]\DataStructure\cen207-2025-2026-5-Mustafa-Yildirimm-cpp\src\tests\Heap\Heap_test.cpp(137): error: Expected: (lastExtracted) &gt;= (current), actual: 972 vs 973

C:\Users\ahmet\OneDrive\Masa[NON-UTF-8-BYTE-0xFC]st[NON-UTF-8-BYTE-0xFC]\DataStructure\cen207-2025-2026-5-Mustafa-Yildirimm-cpp\src\tests\Heap\Heap_test.cpp(137): error: Expected: (lastExtracted) &gt;= (current), actual: 973 vs 974

C:\Users\ahmet\OneDrive\Masa[NON-UTF-8-BYTE-0xFC]st[NON-UTF-8-BYTE-0xFC]\DataStructure\cen207-2025-2026-5-Mustafa-Yildirimm-cpp\src\tests\Heap\Heap_test.cpp(137): error: Expected: (lastExtracted) &gt;= (current), actual: 974 vs 975

C:\Users\ahmet\OneDrive\Masa[NON-UTF-8-BYTE-0xFC]st[NON-UTF-8-BYTE-0xFC]\DataStructure\cen207-2025-2026-5-Mustafa-Yildirimm-cpp\src\tests\Heap\Heap_test.cpp(137): error: Expected: (lastExtracted) &gt;= (current), actual: 975 vs 976

C:\Users\ahmet\OneDrive\Masa[NON-UTF-8-BYTE-0xFC]st[NON-UTF-8-BYTE-0xFC]\DataStructure\cen207-2025-2026-5-Mustafa-Yildirimm-cpp\src\tests\Heap\Heap_test.cpp(137): error: Expected: (lastExtracted) &gt;= (current), actual: 976 vs 977

C:\Users\ahmet\OneDrive\Masa[NON-UTF-8-BYTE-0xFC]st[NON-UTF-8-BYTE-0xFC]\DataStructure\cen207-2025-2026-5-Mustafa-Yildirimm-cpp\src\tests\Heap\Heap_test.cpp(137): error: Expected: (lastExtracted) &gt;= (current), actual: 977 vs 978

C:\Users\ahmet\OneDrive\Masa[NON-UTF-8-BYTE-0xFC]st[NON-UTF-8-BYTE-0xFC]\DataStructure\cen207-2025-2026-5-Mustafa-Yildirimm-cpp\src\tests\Heap\Heap_test.cpp(137): error: Expected: (lastExtracted) &gt;= (current), actual: 978 vs 979

C:\Users\ahmet\OneDrive\Masa[NON-UTF-8-BYTE-0xFC]st[NON-UTF-8-BYTE-0xFC]\DataStructure\cen207-2025-2026-5-Mustafa-Yildirimm-cpp\src\tests\Heap\Heap_test.cpp(137): error: Expected: (lastExtracted) &gt;= (current), actual: 979 vs 980

C:\Users\ahmet\OneDrive\Masa[NON-UTF-8-BYTE-0xFC]st[NON-UTF-8-BYTE-0xFC]\DataStructure\cen207-2025-2026-5-Mustafa-Yildirimm-cpp\src\tests\Heap\Heap_test.cpp(137): error: Expected: (lastExtracted) &gt;= (current), actual: 980 vs 981

C:\Users\ahmet\OneDrive\Masa[NON-UTF-8-BYTE-0xFC]st[NON-UTF-8-BYTE-0xFC]\DataStructure\cen207-2025-2026-5-Mustafa-Yildirimm-cpp\src\tests\Heap\Heap_test.cpp(137): error: Expected: (lastExtracted) &gt;= (current), actual: 981 vs 982

C:\Users\ahmet\OneDrive\Masa[NON-UTF-8-BYTE-0xFC]st[NON-UTF-8-BYTE-0xFC]\DataStructure\cen207-2025-2026-5-Mustafa-Yildirimm-cpp\src\tests\Heap\Heap_test.cpp(137): error: Expected: (lastExtracted) &gt;= (current), actual: 982 vs 983

C:\Users\ahmet\OneDrive\Masa[NON-UTF-8-BYTE-0xFC]st[NON-UTF-8-BYTE-0xFC]\DataStructure\cen207-2025-2026-5-Mustafa-Yildirimm-cpp\src\tests\Heap\Heap_test.cpp(137): error: Expected: (lastExtracted) &gt;= (current), actual: 983 vs 984

C:\Users\ahmet\OneDrive\Masa[NON-UTF-8-BYTE-0xFC]st[NON-UTF-8-BYTE-0xFC]\DataStructure\cen207-2025-2026-5-Mustafa-Yildirimm-cpp\src\tests\Heap\Heap_test.cpp(137): error: Expected: (lastExtracted) &gt;= (current), actual: 984 vs 985

C:\Users\ahmet\OneDrive\Masa[NON-UTF-8-BYTE-0xFC]st[NON-UTF-8-BYTE-0xFC]\DataStructure\cen207-2025-2026-5-Mustafa-Yildirimm-cpp\src\tests\Heap\Heap_test.cpp(137): error: Expected: (lastExtracted) &gt;= (current), actual: 985 vs 986

C:\Users\ahmet\OneDrive\Masa[NON-UTF-8-BYTE-0xFC]st[NON-UTF-8-BYTE-0xFC]\DataStructure\cen207-2025-2026-5-Mustafa-Yildirimm-cpp\src\tests\Heap\Heap_test.cpp(137): error: Expected: (lastExtracted) &gt;= (current), actual: 986 vs 987

C:\Users\ahmet\OneDrive\Masa[NON-UTF-8-BYTE-0xFC]st[NON-UTF-8-BYTE-0xFC]\DataStructure\cen207-2025-2026-5-Mustafa-Yildirimm-cpp\src\tests\Heap\Heap_test.cpp(137): error: Expected: (lastExtracted) &gt;= (current), actual: 987 vs 988

C:\Users\ahmet\OneDrive\Masa[NON-UTF-8-BYTE-0xFC]st[NON-UTF-8-BYTE-0xFC]\DataStructure\cen207-2025-2026-5-Mustafa-Yildirimm-cpp\src\tests\Heap\Heap_test.cpp(137): error: Expected: (lastExtracted) &gt;= (current), actual: 988 vs 989

C:\Users\ahmet\OneDrive\Masa[NON-UTF-8-BYTE-0xFC]st[NON-UTF-8-BYTE-0xFC]\DataStructure\cen207-2025-2026-5-Mustafa-Yildirimm-cpp\src\tests\Heap\Heap_test.cpp(137): error: Expected: (lastExtracted) &gt;= (current), actual: 989 vs 990

C:\Users\ahmet\OneDrive\Masa[NON-UTF-8-BYTE-0xFC]st[NON-UTF-8-BYTE-0xFC]\DataStructure\cen207-2025-2026-5-Mustafa-Yildirimm-cpp\src\tests\Heap\Heap_test.cpp(137): error: Expected: (lastExtracted) &gt;= (current), actual: 990 vs 991

C:\Users\ahmet\OneDrive\Masa[NON-UTF-8-BYTE-0xFC]st[NON-UTF-8-BYTE-0xFC]\DataStructure\cen207-2025-2026-5-Mustafa-Yildirimm-cpp\src\tests\Heap\Heap_test.cpp(137): error: Expected: (lastExtracted) &gt;= (current), actual: 991 vs 992

C:\Users\ahmet\OneDrive\Masa[NON-UTF-8-BYTE-0xFC]st[NON-UTF-8-BYTE-0xFC]\DataStructure\cen207-2025-2026-5-Mustafa-Yildirimm-cpp\src\tests\Heap\Heap_test.cpp(137): error: Expected: (lastExtracted) &gt;= (current), actual: 992 vs 993

C:\Users\ahmet\OneDrive\Masa[NON-UTF-8-BYTE-0xFC]st[NON-UTF-8-BYTE-0xFC]\DataStructure\cen207-2025-2026-5-Mustafa-Yildirimm-cpp\src\tests\Heap\Heap_test.cpp(137): error: Expected: (lastExtracted) &gt;= (current), actual: 993 vs 994

C:\Users\ahmet\OneDrive\Masa[NON-UTF-8-BYTE-0xFC]st[NON-UTF-8-BYTE-0xFC]\DataStructure\cen207-2025-2026-5-Mustafa-Yildirimm-cpp\src\tests\Heap\Heap_test.cpp(137): error: Expected: (lastExtracted) &gt;= (current), actual: 994 vs 995

C:\Users\ahmet\OneDrive\Masa[NON-UTF-8-BYTE-0xFC]st[NON-UTF-8-BYTE-0xFC]\DataStructure\cen207-2025-2026-5-Mustafa-Yildirimm-cpp\src\tests\Heap\Heap_test.cpp(137): error: Expected: (lastExtracted) &gt;= (current), actual: 995 vs 996

C:\Users\ahmet\OneDrive\Masa[NON-UTF-8-BYTE-0xFC]st[NON-UTF-8-BYTE-0xFC]\DataStructure\cen207-2025-2026-5-Mustafa-Yildirimm-cpp\src\tests\Heap\Heap_test.cpp(137): error: Expected: (lastExtracted) &gt;= (current), actual: 996 vs 997

C:\Users\ahmet\OneDrive\Masa[NON-UTF-8-BYTE-0xFC]st[NON-UTF-8-BYTE-0xFC]\DataStructure\cen207-2025-2026-5-Mustafa-Yildirimm-cpp\src\tests\Heap\Heap_test.cpp(137): error: Expected: (lastExtracted) &gt;= (current), actual: 997 vs 998

C:\Users\ahmet\OneDrive\Masa[NON-UTF-8-BYTE-0xFC]st[NON-UTF-8-BYTE-0xFC]\DataStructure\cen207-2025-2026-5-Mustafa-Yildirimm-cpp\src\tests\Heap\Heap_test.cpp(137): error: Expected: (lastExtracted) &gt;= (current), actual: 998 vs 999

[  FAILED  ] HeapTest.LargeHeap (214 ms)
[ RUN      ] HeapTest.CustomComparator
[       OK ] HeapTest.CustomComparator (0 ms)
[----------] 10 tests from HeapTest (220 ms total)

[----------] Global test environment tear-down
[==========] 10 tests from 1 test suite ran. (220 ms total)
[  PASSED  ] 5 tests.
[  FAILED  ] 5 tests, listed below:
[  FAILED  ] HeapTest.MaxHeapInsertAndExtract
[  FAILED  ] HeapTest.MinHeapInsertAndExtract
[  FAILED  ] HeapTest.PrioritySorting
[  FAILED  ] HeapTest.MinHeapPrioritySorting
[  FAILED  ] HeapTest.LargeHeap

 5 FAILED TESTS
</system-out>
	</testcase>
	<testcase name="hashtable_tests" classname="hashtable_tests" time="0.0404132" status="run">
		<properties/>
		<system-out>Running main() from C:\Users\ahmet\OneDrive\Masaüstü\DataStructure\cen207-2025-2026-5-Mustafa-Yildirimm-cpp\src\tests\googletest\googletest\src\gtest_main.cc
[==========] Running 13 tests from 1 test suite.
[----------] Global test environment set-up.
[----------] 13 tests from HashTableTest
[ RUN      ] HashTableTest.EmptyHashTable
[       OK ] HashTableTest.EmptyHashTable (0 ms)
[ RUN      ] HashTableTest.InsertAndGet
[       OK ] HashTableTest.InsertAndGet (0 ms)
[ RUN      ] HashTableTest.MultipleInsertions
[       OK ] HashTableTest.MultipleInsertions (0 ms)
[ RUN      ] HashTableTest.UpdateValue
[       OK ] HashTableTest.UpdateValue (0 ms)
[ RUN      ] HashTableTest.RemoveKey
[       OK ] HashTableTest.RemoveKey (0 ms)
[ RUN      ] HashTableTest.KeyNotFound
[       OK ] HashTableTest.KeyNotFound (0 ms)
[ RUN      ] HashTableTest.LoadFactor
[       OK ] HashTableTest.LoadFactor (0 ms)
[ RUN      ] HashTableTest.CollisionHandling
[       OK ] HashTableTest.CollisionHandling (0 ms)
[ RUN      ] HashTabl...
[This part of the test output was removed since it exceeds the threshold of 1024 bytes.]
</system-out>
	</testcase>
</testsuite>
