<?xml version="1.0" encoding="UTF-8"?>
<testsuite name="(empty)"
	tests="52"
	failures="3"
	disabled="0"
	skipped="0"
	hostname=""
	time="0"
	timestamp="2025-10-23T19:58:07"
	>
	<testcase name="ChronoAdvancedCoverageTest.TestChronoTypeTraits" classname="ChronoAdvancedCoverageTest.TestChronoTypeTraits" time="0.0304509" status="run">
		<properties/>
		<system-out>Running main() from C:\Users\ahmet\OneDrive\Masaüstü\DataStructure\cen207-2025-2026-5-Mustafa-Yildirimm-cpp\build_win\_deps\googletest-src\googletest\src\gtest_main.cc
Note: Google Test filter = ChronoAdvancedCoverageTest.TestChronoTypeTraits
[==========] Running 1 test from 1 test suite.
[----------] Global test environment set-up.
[----------] 1 test from ChronoAdvancedCoverageTest
[ RUN      ] ChronoAdvancedCoverageTest.TestChronoTypeTraits
[       OK ] ChronoAdvancedCoverageTest.TestChronoTypeTraits (0 ms)
[----------] 1 test from ChronoAdvancedCoverageTest (0 ms total)

[----------] Global test environment tear-down
[==========] 1 test from 1 test suite ran. (0 ms total)
[  PASSED  ] 1 test.
</system-out>
	</testcase>
	<testcase name="ChronoAdvancedCoverageTest.TestChronoRatioOperations" classname="ChronoAdvancedCoverageTest.TestChronoRatioOperations" time="0.0212504" status="run">
		<properties/>
		<system-out>Running main() from C:\Users\ahmet\OneDrive\Masaüstü\DataStructure\cen207-2025-2026-5-Mustafa-Yildirimm-cpp\build_win\_deps\googletest-src\googletest\src\gtest_main.cc
Note: Google Test filter = ChronoAdvancedCoverageTest.TestChronoRatioOperations
[==========] Running 1 test from 1 test suite.
[----------] Global test environment set-up.
[----------] 1 test from ChronoAdvancedCoverageTest
[ RUN      ] ChronoAdvancedCoverageTest.TestChronoRatioOperations
[       OK ] ChronoAdvancedCoverageTest.TestChronoRatioOperations (0 ms)
[----------] 1 test from ChronoAdvancedCoverageTest (0 ms total)

[----------] Global test environment tear-down
[==========] 1 test from 1 test suite ran. (0 ms total)
[  PASSED  ] 1 test.
</system-out>
	</testcase>
	<testcase name="ChronoAdvancedCoverageTest.TestChronoClockComparison" classname="ChronoAdvancedCoverageTest.TestChronoClockComparison" time="0.0198288" status="run">
		<properties/>
		<system-out>Running main() from C:\Users\ahmet\OneDrive\Masaüstü\DataStructure\cen207-2025-2026-5-Mustafa-Yildirimm-cpp\build_win\_deps\googletest-src\googletest\src\gtest_main.cc
Note: Google Test filter = ChronoAdvancedCoverageTest.TestChronoClockComparison
[==========] Running 1 test from 1 test suite.
[----------] Global test environment set-up.
[----------] 1 test from ChronoAdvancedCoverageTest
[ RUN      ] ChronoAdvancedCoverageTest.TestChronoClockComparison
[       OK ] ChronoAdvancedCoverageTest.TestChronoClockComparison (3 ms)
[----------] 1 test from ChronoAdvancedCoverageTest (3 ms total)

[----------] Global test environment tear-down
[==========] 1 test from 1 test suite ran. (3 ms total)
[  PASSED  ] 1 test.
</system-out>
	</testcase>
	<testcase name="ChronoAdvancedCoverageTest.TestChronoDurationComparison" classname="ChronoAdvancedCoverageTest.TestChronoDurationComparison" time="0.0316111" status="run">
		<properties/>
		<system-out>Running main() from C:\Users\ahmet\OneDrive\Masaüstü\DataStructure\cen207-2025-2026-5-Mustafa-Yildirimm-cpp\build_win\_deps\googletest-src\googletest\src\gtest_main.cc
Note: Google Test filter = ChronoAdvancedCoverageTest.TestChronoDurationComparison
[==========] Running 1 test from 1 test suite.
[----------] Global test environment set-up.
[----------] 1 test from ChronoAdvancedCoverageTest
[ RUN      ] ChronoAdvancedCoverageTest.TestChronoDurationComparison
[       OK ] ChronoAdvancedCoverageTest.TestChronoDurationComparison (0 ms)
[----------] 1 test from ChronoAdvancedCoverageTest (0 ms total)

[----------] Global test environment tear-down
[==========] 1 test from 1 test suite ran. (0 ms total)
[  PASSED  ] 1 test.
</system-out>
	</testcase>
	<testcase name="ChronoAdvancedCoverageTest.TestChronoDurationArithmeticAdvanced" classname="ChronoAdvancedCoverageTest.TestChronoDurationArithmeticAdvanced" time="0.0139892" status="run">
		<properties/>
		<system-out>Running main() from C:\Users\ahmet\OneDrive\Masaüstü\DataStructure\cen207-2025-2026-5-Mustafa-Yildirimm-cpp\build_win\_deps\googletest-src\googletest\src\gtest_main.cc
Note: Google Test filter = ChronoAdvancedCoverageTest.TestChronoDurationArithmeticAdvanced
[==========] Running 1 test from 1 test suite.
[----------] Global test environment set-up.
[----------] 1 test from ChronoAdvancedCoverageTest
[ RUN      ] ChronoAdvancedCoverageTest.TestChronoDurationArithmeticAdvanced
[       OK ] ChronoAdvancedCoverageTest.TestChronoDurationArithmeticAdvanced (0 ms)
[----------] 1 test from ChronoAdvancedCoverageTest (0 ms total)

[----------] Global test environment tear-down
[==========] 1 test from 1 test suite ran. (0 ms total)
[  PASSED  ] 1 test.
</system-out>
	</testcase>
	<testcase name="ChronoAdvancedCoverageTest.TestChronoTimePointArithmeticAdvanced" classname="ChronoAdvancedCoverageTest.TestChronoTimePointArithmeticAdvanced" time="0.014338" status="run">
		<properties/>
		<system-out>Running main() from C:\Users\ahmet\OneDrive\Masaüstü\DataStructure\cen207-2025-2026-5-Mustafa-Yildirimm-cpp\build_win\_deps\googletest-src\googletest\src\gtest_main.cc
Note: Google Test filter = ChronoAdvancedCoverageTest.TestChronoTimePointArithmeticAdvanced
[==========] Running 1 test from 1 test suite.
[----------] Global test environment set-up.
[----------] 1 test from ChronoAdvancedCoverageTest
[ RUN      ] ChronoAdvancedCoverageTest.TestChronoTimePointArithmeticAdvanced
[       OK ] ChronoAdvancedCoverageTest.TestChronoTimePointArithmeticAdvanced (0 ms)
[----------] 1 test from ChronoAdvancedCoverageTest (0 ms total)

[----------] Global test environment tear-down
[==========] 1 test from 1 test suite ran. (0 ms total)
[  PASSED  ] 1 test.
</system-out>
	</testcase>
	<testcase name="ChronoAdvancedCoverageTest.TestChronoDurationCastAdvanced" classname="ChronoAdvancedCoverageTest.TestChronoDurationCastAdvanced" time="0.0299151" status="run">
		<properties/>
		<system-out>Running main() from C:\Users\ahmet\OneDrive\Masaüstü\DataStructure\cen207-2025-2026-5-Mustafa-Yildirimm-cpp\build_win\_deps\googletest-src\googletest\src\gtest_main.cc
Note: Google Test filter = ChronoAdvancedCoverageTest.TestChronoDurationCastAdvanced
[==========] Running 1 test from 1 test suite.
[----------] Global test environment set-up.
[----------] 1 test from ChronoAdvancedCoverageTest
[ RUN      ] ChronoAdvancedCoverageTest.TestChronoDurationCastAdvanced
[       OK ] ChronoAdvancedCoverageTest.TestChronoDurationCastAdvanced (0 ms)
[----------] 1 test from ChronoAdvancedCoverageTest (0 ms total)

[----------] Global test environment tear-down
[==========] 1 test from 1 test suite ran. (0 ms total)
[  PASSED  ] 1 test.
</system-out>
	</testcase>
	<testcase name="ChronoAdvancedCoverageTest.TestChronoClockResolution" classname="ChronoAdvancedCoverageTest.TestChronoClockResolution" time="0.02676" status="run">
		<properties/>
		<system-out>Running main() from C:\Users\ahmet\OneDrive\Masaüstü\DataStructure\cen207-2025-2026-5-Mustafa-Yildirimm-cpp\build_win\_deps\googletest-src\googletest\src\gtest_main.cc
Note: Google Test filter = ChronoAdvancedCoverageTest.TestChronoClockResolution
[==========] Running 1 test from 1 test suite.
[----------] Global test environment set-up.
[----------] 1 test from ChronoAdvancedCoverageTest
[ RUN      ] ChronoAdvancedCoverageTest.TestChronoClockResolution
[       OK ] ChronoAdvancedCoverageTest.TestChronoClockResolution (0 ms)
[----------] 1 test from ChronoAdvancedCoverageTest (0 ms total)

[----------] Global test environment tear-down
[==========] 1 test from 1 test suite ran. (0 ms total)
[  PASSED  ] 1 test.
</system-out>
	</testcase>
	<testcase name="ChronoAdvancedCoverageTest.TestChronoDurationLimits" classname="ChronoAdvancedCoverageTest.TestChronoDurationLimits" time="0.0251691" status="run">
		<properties/>
		<system-out>Running main() from C:\Users\ahmet\OneDrive\Masaüstü\DataStructure\cen207-2025-2026-5-Mustafa-Yildirimm-cpp\build_win\_deps\googletest-src\googletest\src\gtest_main.cc
Note: Google Test filter = ChronoAdvancedCoverageTest.TestChronoDurationLimits
[==========] Running 1 test from 1 test suite.
[----------] Global test environment set-up.
[----------] 1 test from ChronoAdvancedCoverageTest
[ RUN      ] ChronoAdvancedCoverageTest.TestChronoDurationLimits
[       OK ] ChronoAdvancedCoverageTest.TestChronoDurationLimits (0 ms)
[----------] 1 test from ChronoAdvancedCoverageTest (0 ms total)

[----------] Global test environment tear-down
[==========] 1 test from 1 test suite ran. (0 ms total)
[  PASSED  ] 1 test.
</system-out>
	</testcase>
	<testcase name="ChronoAdvancedCoverageTest.TestChronoDurationArithmeticOverflow" classname="ChronoAdvancedCoverageTest.TestChronoDurationArithmeticOverflow" time="0.0300912" status="run">
		<properties/>
		<system-out>Running main() from C:\Users\ahmet\OneDrive\Masaüstü\DataStructure\cen207-2025-2026-5-Mustafa-Yildirimm-cpp\build_win\_deps\googletest-src\googletest\src\gtest_main.cc
Note: Google Test filter = ChronoAdvancedCoverageTest.TestChronoDurationArithmeticOverflow
[==========] Running 1 test from 1 test suite.
[----------] Global test environment set-up.
[----------] 1 test from ChronoAdvancedCoverageTest
[ RUN      ] ChronoAdvancedCoverageTest.TestChronoDurationArithmeticOverflow
[       OK ] ChronoAdvancedCoverageTest.TestChronoDurationArithmeticOverflow (0 ms)
[----------] 1 test from ChronoAdvancedCoverageTest (0 ms total)

[----------] Global test environment tear-down
[==========] 1 test from 1 test suite ran. (0 ms total)
[  PASSED  ] 1 test.
</system-out>
	</testcase>
	<testcase name="ChronoAdvancedCoverageTest.TestChronoTimePointConversion" classname="ChronoAdvancedCoverageTest.TestChronoTimePointConversion" time="0.0327315" status="run">
		<properties/>
		<system-out>Running main() from C:\Users\ahmet\OneDrive\Masaüstü\DataStructure\cen207-2025-2026-5-Mustafa-Yildirimm-cpp\build_win\_deps\googletest-src\googletest\src\gtest_main.cc
Note: Google Test filter = ChronoAdvancedCoverageTest.TestChronoTimePointConversion
[==========] Running 1 test from 1 test suite.
[----------] Global test environment set-up.
[----------] 1 test from ChronoAdvancedCoverageTest
[ RUN      ] ChronoAdvancedCoverageTest.TestChronoTimePointConversion
[       OK ] ChronoAdvancedCoverageTest.TestChronoTimePointConversion (0 ms)
[----------] 1 test from ChronoAdvancedCoverageTest (0 ms total)

[----------] Global test environment tear-down
[==========] 1 test from 1 test suite ran. (0 ms total)
[  PASSED  ] 1 test.
</system-out>
	</testcase>
	<testcase name="ChronoAdvancedCoverageTest.TestChronoDurationSpecialValues" classname="ChronoAdvancedCoverageTest.TestChronoDurationSpecialValues" time="0.0306429" status="run">
		<properties/>
		<system-out>Running main() from C:\Users\ahmet\OneDrive\Masaüstü\DataStructure\cen207-2025-2026-5-Mustafa-Yildirimm-cpp\build_win\_deps\googletest-src\googletest\src\gtest_main.cc
Note: Google Test filter = ChronoAdvancedCoverageTest.TestChronoDurationSpecialValues
[==========] Running 1 test from 1 test suite.
[----------] Global test environment set-up.
[----------] 1 test from ChronoAdvancedCoverageTest
[ RUN      ] ChronoAdvancedCoverageTest.TestChronoDurationSpecialValues
[       OK ] ChronoAdvancedCoverageTest.TestChronoDurationSpecialValues (0 ms)
[----------] 1 test from ChronoAdvancedCoverageTest (0 ms total)

[----------] Global test environment tear-down
[==========] 1 test from 1 test suite ran. (0 ms total)
[  PASSED  ] 1 test.
</system-out>
	</testcase>
	<testcase name="ChronoAdvancedCoverageTest.TestChronoDurationArithmeticPrecision" classname="ChronoAdvancedCoverageTest.TestChronoDurationArithmeticPrecision" time="0.02958" status="run">
		<properties/>
		<system-out>Running main() from C:\Users\ahmet\OneDrive\Masaüstü\DataStructure\cen207-2025-2026-5-Mustafa-Yildirimm-cpp\build_win\_deps\googletest-src\googletest\src\gtest_main.cc
Note: Google Test filter = ChronoAdvancedCoverageTest.TestChronoDurationArithmeticPrecision
[==========] Running 1 test from 1 test suite.
[----------] Global test environment set-up.
[----------] 1 test from ChronoAdvancedCoverageTest
[ RUN      ] ChronoAdvancedCoverageTest.TestChronoDurationArithmeticPrecision
[       OK ] ChronoAdvancedCoverageTest.TestChronoDurationArithmeticPrecision (0 ms)
[----------] 1 test from ChronoAdvancedCoverageTest (0 ms total)

[----------] Global test environment tear-down
[==========] 1 test from 1 test suite ran. (0 ms total)
[  PASSED  ] 1 test.
</system-out>
	</testcase>
	<testcase name="ChronoCoverageTest.TestHighResolutionClock" classname="ChronoCoverageTest.TestHighResolutionClock" time="0.0260507" status="run">
		<properties/>
		<system-out>Running main() from C:\Users\ahmet\OneDrive\Masaüstü\DataStructure\cen207-2025-2026-5-Mustafa-Yildirimm-cpp\build_win\_deps\googletest-src\googletest\src\gtest_main.cc
Note: Google Test filter = ChronoCoverageTest.TestHighResolutionClock
[==========] Running 1 test from 1 test suite.
[----------] Global test environment set-up.
[----------] 1 test from ChronoCoverageTest
[ RUN      ] ChronoCoverageTest.TestHighResolutionClock
[       OK ] ChronoCoverageTest.TestHighResolutionClock (5 ms)
[----------] 1 test from ChronoCoverageTest (5 ms total)

[----------] Global test environment tear-down
[==========] 1 test from 1 test suite ran. (5 ms total)
[  PASSED  ] 1 test.
</system-out>
	</testcase>
	<testcase name="ChronoCoverageTest.TestSteadyClock" classname="ChronoCoverageTest.TestSteadyClock" time="0.0176586" status="run">
		<properties/>
		<system-out>Running main() from C:\Users\ahmet\OneDrive\Masaüstü\DataStructure\cen207-2025-2026-5-Mustafa-Yildirimm-cpp\build_win\_deps\googletest-src\googletest\src\gtest_main.cc
Note: Google Test filter = ChronoCoverageTest.TestSteadyClock
[==========] Running 1 test from 1 test suite.
[----------] Global test environment set-up.
[----------] 1 test from ChronoCoverageTest
[ RUN      ] ChronoCoverageTest.TestSteadyClock
[       OK ] ChronoCoverageTest.TestSteadyClock (2 ms)
[----------] 1 test from ChronoCoverageTest (2 ms total)

[----------] Global test environment tear-down
[==========] 1 test from 1 test suite ran. (2 ms total)
[  PASSED  ] 1 test.
</system-out>
	</testcase>
	<testcase name="ChronoCoverageTest.TestSystemClock" classname="ChronoCoverageTest.TestSystemClock" time="0.0333094" status="run">
		<properties/>
		<system-out>Running main() from C:\Users\ahmet\OneDrive\Masaüstü\DataStructure\cen207-2025-2026-5-Mustafa-Yildirimm-cpp\build_win\_deps\googletest-src\googletest\src\gtest_main.cc
Note: Google Test filter = ChronoCoverageTest.TestSystemClock
[==========] Running 1 test from 1 test suite.
[----------] Global test environment set-up.
[----------] 1 test from ChronoCoverageTest
[ RUN      ] ChronoCoverageTest.TestSystemClock
[       OK ] ChronoCoverageTest.TestSystemClock (0 ms)
[----------] 1 test from ChronoCoverageTest (0 ms total)

[----------] Global test environment tear-down
[==========] 1 test from 1 test suite ran. (0 ms total)
[  PASSED  ] 1 test.
</system-out>
	</testcase>
	<testcase name="ChronoCoverageTest.TestDurationOperations" classname="ChronoCoverageTest.TestDurationOperations" time="0.0309768" status="run">
		<properties/>
		<system-out>Running main() from C:\Users\ahmet\OneDrive\Masaüstü\DataStructure\cen207-2025-2026-5-Mustafa-Yildirimm-cpp\build_win\_deps\googletest-src\googletest\src\gtest_main.cc
Note: Google Test filter = ChronoCoverageTest.TestDurationOperations
[==========] Running 1 test from 1 test suite.
[----------] Global test environment set-up.
[----------] 1 test from ChronoCoverageTest
[ RUN      ] ChronoCoverageTest.TestDurationOperations
[       OK ] ChronoCoverageTest.TestDurationOperations (0 ms)
[----------] 1 test from ChronoCoverageTest (0 ms total)

[----------] Global test environment tear-down
[==========] 1 test from 1 test suite ran. (0 ms total)
[  PASSED  ] 1 test.
</system-out>
	</testcase>
	<testcase name="ChronoCoverageTest.TestTimePointOperations" classname="ChronoCoverageTest.TestTimePointOperations" time="0.022066" status="run">
		<properties/>
		<system-out>Running main() from C:\Users\ahmet\OneDrive\Masaüstü\DataStructure\cen207-2025-2026-5-Mustafa-Yildirimm-cpp\build_win\_deps\googletest-src\googletest\src\gtest_main.cc
Note: Google Test filter = ChronoCoverageTest.TestTimePointOperations
[==========] Running 1 test from 1 test suite.
[----------] Global test environment set-up.
[----------] 1 test from ChronoCoverageTest
[ RUN      ] ChronoCoverageTest.TestTimePointOperations
[       OK ] ChronoCoverageTest.TestTimePointOperations (0 ms)
[----------] 1 test from ChronoCoverageTest (0 ms total)

[----------] Global test environment tear-down
[==========] 1 test from 1 test suite ran. (0 ms total)
[  PASSED  ] 1 test.
</system-out>
	</testcase>
	<testcase name="ChronoCoverageTest.TestDurationCast" classname="ChronoCoverageTest.TestDurationCast" time="0.0293433" status="run">
		<properties/>
		<system-out>Running main() from C:\Users\ahmet\OneDrive\Masaüstü\DataStructure\cen207-2025-2026-5-Mustafa-Yildirimm-cpp\build_win\_deps\googletest-src\googletest\src\gtest_main.cc
Note: Google Test filter = ChronoCoverageTest.TestDurationCast
[==========] Running 1 test from 1 test suite.
[----------] Global test environment set-up.
[----------] 1 test from ChronoCoverageTest
[ RUN      ] ChronoCoverageTest.TestDurationCast
[       OK ] ChronoCoverageTest.TestDurationCast (0 ms)
[----------] 1 test from ChronoCoverageTest (0 ms total)

[----------] Global test environment tear-down
[==========] 1 test from 1 test suite ran. (0 ms total)
[  PASSED  ] 1 test.
</system-out>
	</testcase>
	<testcase name="ChronoCoverageTest.TestClockProperties" classname="ChronoCoverageTest.TestClockProperties" time="0.0302411" status="run">
		<properties/>
		<system-out>Running main() from C:\Users\ahmet\OneDrive\Masaüstü\DataStructure\cen207-2025-2026-5-Mustafa-Yildirimm-cpp\build_win\_deps\googletest-src\googletest\src\gtest_main.cc
Note: Google Test filter = ChronoCoverageTest.TestClockProperties
[==========] Running 1 test from 1 test suite.
[----------] Global test environment set-up.
[----------] 1 test from ChronoCoverageTest
[ RUN      ] ChronoCoverageTest.TestClockProperties
[       OK ] ChronoCoverageTest.TestClockProperties (0 ms)
[----------] 1 test from ChronoCoverageTest (0 ms total)

[----------] Global test environment tear-down
[==========] 1 test from 1 test suite ran. (0 ms total)
[  PASSED  ] 1 test.
</system-out>
	</testcase>
	<testcase name="ChronoCoverageTest.TestEdgeCases" classname="ChronoCoverageTest.TestEdgeCases" time="0.0330707" status="run">
		<properties/>
		<system-out>Running main() from C:\Users\ahmet\OneDrive\Masaüstü\DataStructure\cen207-2025-2026-5-Mustafa-Yildirimm-cpp\build_win\_deps\googletest-src\googletest\src\gtest_main.cc
Note: Google Test filter = ChronoCoverageTest.TestEdgeCases
[==========] Running 1 test from 1 test suite.
[----------] Global test environment set-up.
[----------] 1 test from ChronoCoverageTest
[ RUN      ] ChronoCoverageTest.TestEdgeCases
[       OK ] ChronoCoverageTest.TestEdgeCases (0 ms)
[----------] 1 test from ChronoCoverageTest (0 ms total)

[----------] Global test environment tear-down
[==========] 1 test from 1 test suite ran. (0 ms total)
[  PASSED  ] 1 test.
</system-out>
	</testcase>
	<testcase name="ChronoCoverageTest.TestChronoLiterals" classname="ChronoCoverageTest.TestChronoLiterals" time="0.0286203" status="run">
		<properties/>
		<system-out>Running main() from C:\Users\ahmet\OneDrive\Masaüstü\DataStructure\cen207-2025-2026-5-Mustafa-Yildirimm-cpp\build_win\_deps\googletest-src\googletest\src\gtest_main.cc
Note: Google Test filter = ChronoCoverageTest.TestChronoLiterals
[==========] Running 1 test from 1 test suite.
[----------] Global test environment set-up.
[----------] 1 test from ChronoCoverageTest
[ RUN      ] ChronoCoverageTest.TestChronoLiterals
[       OK ] ChronoCoverageTest.TestChronoLiterals (0 ms)
[----------] 1 test from ChronoCoverageTest (0 ms total)

[----------] Global test environment tear-down
[==========] 1 test from 1 test suite ran. (0 ms total)
[  PASSED  ] 1 test.
</system-out>
	</testcase>
	<testcase name="ChronoCoverageTest.TestChronoComparison" classname="ChronoCoverageTest.TestChronoComparison" time="0.0300036" status="run">
		<properties/>
		<system-out>Running main() from C:\Users\ahmet\OneDrive\Masaüstü\DataStructure\cen207-2025-2026-5-Mustafa-Yildirimm-cpp\build_win\_deps\googletest-src\googletest\src\gtest_main.cc
Note: Google Test filter = ChronoCoverageTest.TestChronoComparison
[==========] Running 1 test from 1 test suite.
[----------] Global test environment set-up.
[----------] 1 test from ChronoCoverageTest
[ RUN      ] ChronoCoverageTest.TestChronoComparison
[       OK ] ChronoCoverageTest.TestChronoComparison (0 ms)
[----------] 1 test from ChronoCoverageTest (0 ms total)

[----------] Global test environment tear-down
[==========] 1 test from 1 test suite ran. (0 ms total)
[  PASSED  ] 1 test.
</system-out>
	</testcase>
	<testcase name="ChronoCoverageTest.TestChronoArithmetic" classname="ChronoCoverageTest.TestChronoArithmetic" time="0.0211335" status="run">
		<properties/>
		<system-out>Running main() from C:\Users\ahmet\OneDrive\Masaüstü\DataStructure\cen207-2025-2026-5-Mustafa-Yildirimm-cpp\build_win\_deps\googletest-src\googletest\src\gtest_main.cc
Note: Google Test filter = ChronoCoverageTest.TestChronoArithmetic
[==========] Running 1 test from 1 test suite.
[----------] Global test environment set-up.
[----------] 1 test from ChronoCoverageTest
[ RUN      ] ChronoCoverageTest.TestChronoArithmetic
[       OK ] ChronoCoverageTest.TestChronoArithmetic (0 ms)
[----------] 1 test from ChronoCoverageTest (0 ms total)

[----------] Global test environment tear-down
[==========] 1 test from 1 test suite ran. (0 ms total)
[  PASSED  ] 1 test.
</system-out>
	</testcase>
	<testcase name="ChronoCoverageTest.TestAdvancedDurationOperations" classname="ChronoCoverageTest.TestAdvancedDurationOperations" time="0.0220788" status="run">
		<properties/>
		<system-out>Running main() from C:\Users\ahmet\OneDrive\Masaüstü\DataStructure\cen207-2025-2026-5-Mustafa-Yildirimm-cpp\build_win\_deps\googletest-src\googletest\src\gtest_main.cc
Note: Google Test filter = ChronoCoverageTest.TestAdvancedDurationOperations
[==========] Running 1 test from 1 test suite.
[----------] Global test environment set-up.
[----------] 1 test from ChronoCoverageTest
[ RUN      ] ChronoCoverageTest.TestAdvancedDurationOperations
[       OK ] ChronoCoverageTest.TestAdvancedDurationOperations (0 ms)
[----------] 1 test from ChronoCoverageTest (0 ms total)

[----------] Global test environment tear-down
[==========] 1 test from 1 test suite ran. (0 ms total)
[  PASSED  ] 1 test.
</system-out>
	</testcase>
	<testcase name="ChronoCoverageTest.TestClockPrecision" classname="ChronoCoverageTest.TestClockPrecision" time="0.0308695" status="run">
		<properties/>
		<system-out>Running main() from C:\Users\ahmet\OneDrive\Masaüstü\DataStructure\cen207-2025-2026-5-Mustafa-Yildirimm-cpp\build_win\_deps\googletest-src\googletest\src\gtest_main.cc
Note: Google Test filter = ChronoCoverageTest.TestClockPrecision
[==========] Running 1 test from 1 test suite.
[----------] Global test environment set-up.
[----------] 1 test from ChronoCoverageTest
[ RUN      ] ChronoCoverageTest.TestClockPrecision
[       OK ] ChronoCoverageTest.TestClockPrecision (17 ms)
[----------] 1 test from ChronoCoverageTest (17 ms total)

[----------] Global test environment tear-down
[==========] 1 test from 1 test suite ran. (17 ms total)
[  PASSED  ] 1 test.
</system-out>
	</testcase>
	<testcase name="ChronoCoverageTest.TestTimePointArithmetic" classname="ChronoCoverageTest.TestTimePointArithmetic" time="0.0234136" status="run">
		<properties/>
		<system-out>Running main() from C:\Users\ahmet\OneDrive\Masaüstü\DataStructure\cen207-2025-2026-5-Mustafa-Yildirimm-cpp\build_win\_deps\googletest-src\googletest\src\gtest_main.cc
Note: Google Test filter = ChronoCoverageTest.TestTimePointArithmetic
[==========] Running 1 test from 1 test suite.
[----------] Global test environment set-up.
[----------] 1 test from ChronoCoverageTest
[ RUN      ] ChronoCoverageTest.TestTimePointArithmetic
[       OK ] ChronoCoverageTest.TestTimePointArithmetic (0 ms)
[----------] 1 test from ChronoCoverageTest (0 ms total)

[----------] Global test environment tear-down
[==========] 1 test from 1 test suite ran. (0 ms total)
[  PASSED  ] 1 test.
</system-out>
	</testcase>
	<testcase name="ChronoCoverageTest.TestDurationSpecialCases" classname="ChronoCoverageTest.TestDurationSpecialCases" time="0.022174" status="run">
		<properties/>
		<system-out>Running main() from C:\Users\ahmet\OneDrive\Masaüstü\DataStructure\cen207-2025-2026-5-Mustafa-Yildirimm-cpp\build_win\_deps\googletest-src\googletest\src\gtest_main.cc
Note: Google Test filter = ChronoCoverageTest.TestDurationSpecialCases
[==========] Running 1 test from 1 test suite.
[----------] Global test environment set-up.
[----------] 1 test from ChronoCoverageTest
[ RUN      ] ChronoCoverageTest.TestDurationSpecialCases
[       OK ] ChronoCoverageTest.TestDurationSpecialCases (0 ms)
[----------] 1 test from ChronoCoverageTest (0 ms total)

[----------] Global test environment tear-down
[==========] 1 test from 1 test suite ran. (0 ms total)
[  PASSED  ] 1 test.
</system-out>
	</testcase>
	<testcase name="ChronoCoverageTest.TestClockConversion" classname="ChronoCoverageTest.TestClockConversion" time="0.0299715" status="run">
		<properties/>
		<system-out>Running main() from C:\Users\ahmet\OneDrive\Masaüstü\DataStructure\cen207-2025-2026-5-Mustafa-Yildirimm-cpp\build_win\_deps\googletest-src\googletest\src\gtest_main.cc
Note: Google Test filter = ChronoCoverageTest.TestClockConversion
[==========] Running 1 test from 1 test suite.
[----------] Global test environment set-up.
[----------] 1 test from ChronoCoverageTest
[ RUN      ] ChronoCoverageTest.TestClockConversion
[       OK ] ChronoCoverageTest.TestClockConversion (0 ms)
[----------] 1 test from ChronoCoverageTest (0 ms total)

[----------] Global test environment tear-down
[==========] 1 test from 1 test suite ran. (0 ms total)
[  PASSED  ] 1 test.
</system-out>
	</testcase>
	<testcase name="ChronoCoverageTest.TestChronoLiteralsAdvanced" classname="ChronoCoverageTest.TestChronoLiteralsAdvanced" time="0.029563" status="run">
		<properties/>
		<system-out>Running main() from C:\Users\ahmet\OneDrive\Masaüstü\DataStructure\cen207-2025-2026-5-Mustafa-Yildirimm-cpp\build_win\_deps\googletest-src\googletest\src\gtest_main.cc
Note: Google Test filter = ChronoCoverageTest.TestChronoLiteralsAdvanced
[==========] Running 1 test from 1 test suite.
[----------] Global test environment set-up.
[----------] 1 test from ChronoCoverageTest
[ RUN      ] ChronoCoverageTest.TestChronoLiteralsAdvanced
[       OK ] ChronoCoverageTest.TestChronoLiteralsAdvanced (0 ms)
[----------] 1 test from ChronoCoverageTest (0 ms total)

[----------] Global test environment tear-down
[==========] 1 test from 1 test suite ran. (0 ms total)
[  PASSED  ] 1 test.
</system-out>
	</testcase>
	<testcase name="ChronoCoverageTest.TestClockPropertiesAdvanced" classname="ChronoCoverageTest.TestClockPropertiesAdvanced" time="0.029686" status="run">
		<properties/>
		<system-out>Running main() from C:\Users\ahmet\OneDrive\Masaüstü\DataStructure\cen207-2025-2026-5-Mustafa-Yildirimm-cpp\build_win\_deps\googletest-src\googletest\src\gtest_main.cc
Note: Google Test filter = ChronoCoverageTest.TestClockPropertiesAdvanced
[==========] Running 1 test from 1 test suite.
[----------] Global test environment set-up.
[----------] 1 test from ChronoCoverageTest
[ RUN      ] ChronoCoverageTest.TestClockPropertiesAdvanced
[       OK ] ChronoCoverageTest.TestClockPropertiesAdvanced (0 ms)
[----------] 1 test from ChronoCoverageTest (0 ms total)

[----------] Global test environment tear-down
[==========] 1 test from 1 test suite ran. (0 ms total)
[  PASSED  ] 1 test.
</system-out>
	</testcase>
	<testcase name="ChronoCoverageTest.TestChronoErrorHandling" classname="ChronoCoverageTest.TestChronoErrorHandling" time="0.0291008" status="run">
		<properties/>
		<system-out>Running main() from C:\Users\ahmet\OneDrive\Masaüstü\DataStructure\cen207-2025-2026-5-Mustafa-Yildirimm-cpp\build_win\_deps\googletest-src\googletest\src\gtest_main.cc
Note: Google Test filter = ChronoCoverageTest.TestChronoErrorHandling
[==========] Running 1 test from 1 test suite.
[----------] Global test environment set-up.
[----------] 1 test from ChronoCoverageTest
[ RUN      ] ChronoCoverageTest.TestChronoErrorHandling
[       OK ] ChronoCoverageTest.TestChronoErrorHandling (0 ms)
[----------] 1 test from ChronoCoverageTest (0 ms total)

[----------] Global test environment tear-down
[==========] 1 test from 1 test suite ran. (0 ms total)
[  PASSED  ] 1 test.
</system-out>
	</testcase>
	<testcase name="ChronoCoverageTest.TestChronoPerformance" classname="ChronoCoverageTest.TestChronoPerformance" time="0.0967761" status="run">
		<properties/>
		<system-out>Running main() from C:\Users\ahmet\OneDrive\Masaüstü\DataStructure\cen207-2025-2026-5-Mustafa-Yildirimm-cpp\build_win\_deps\googletest-src\googletest\src\gtest_main.cc
Note: Google Test filter = ChronoCoverageTest.TestChronoPerformance
[==========] Running 1 test from 1 test suite.
[----------] Global test environment set-up.
[----------] 1 test from ChronoCoverageTest
[ RUN      ] ChronoCoverageTest.TestChronoPerformance
[       OK ] ChronoCoverageTest.TestChronoPerformance (69 ms)
[----------] 1 test from ChronoCoverageTest (69 ms total)

[----------] Global test environment tear-down
[==========] 1 test from 1 test suite ran. (69 ms total)
[  PASSED  ] 1 test.
</system-out>
	</testcase>
	<testcase name="DoublyLinkedList.InsertAndTraverse" classname="DoublyLinkedList.InsertAndTraverse" time="0.02077" status="run">
		<properties/>
		<system-out>Running main() from C:\Users\ahmet\OneDrive\Masaüstü\DataStructure\cen207-2025-2026-5-Mustafa-Yildirimm-cpp\build_win\_deps\googletest-src\googletest\src\gtest_main.cc
Note: Google Test filter = DoublyLinkedList.InsertAndTraverse
[==========] Running 1 test from 1 test suite.
[----------] Global test environment set-up.
[----------] 1 test from DoublyLinkedList
[ RUN      ] DoublyLinkedList.InsertAndTraverse
[       OK ] DoublyLinkedList.InsertAndTraverse (0 ms)
[----------] 1 test from DoublyLinkedList (0 ms total)

[----------] Global test environment tear-down
[==========] 1 test from 1 test suite ran. (0 ms total)
[  PASSED  ] 1 test.
</system-out>
	</testcase>
	<testcase name="DoublyLinkedList.EdgeCases" classname="DoublyLinkedList.EdgeCases" time="0.0313458" status="run">
		<properties/>
		<system-out>Running main() from C:\Users\ahmet\OneDrive\Masaüstü\DataStructure\cen207-2025-2026-5-Mustafa-Yildirimm-cpp\build_win\_deps\googletest-src\googletest\src\gtest_main.cc
Note: Google Test filter = DoublyLinkedList.EdgeCases
[==========] Running 1 test from 1 test suite.
[----------] Global test environment set-up.
[----------] 1 test from DoublyLinkedList
[ RUN      ] DoublyLinkedList.EdgeCases
[       OK ] DoublyLinkedList.EdgeCases (0 ms)
[----------] 1 test from DoublyLinkedList (0 ms total)

[----------] Global test environment tear-down
[==========] 1 test from 1 test suite ran. (0 ms total)
[  PASSED  ] 1 test.
</system-out>
	</testcase>
	<testcase name="Graph.BFSandDFS" classname="Graph.BFSandDFS" time="0.0302938" status="run">
		<properties/>
		<system-out>Running main() from C:\Users\ahmet\OneDrive\Masaüstü\DataStructure\cen207-2025-2026-5-Mustafa-Yildirimm-cpp\build_win\_deps\googletest-src\googletest\src\gtest_main.cc
Note: Google Test filter = Graph.BFSandDFS
[==========] Running 1 test from 1 test suite.
[----------] Global test environment set-up.
[----------] 1 test from Graph
[ RUN      ] Graph.BFSandDFS
[       OK ] Graph.BFSandDFS (0 ms)
[----------] 1 test from Graph (0 ms total)

[----------] Global test environment tear-down
[==========] 1 test from 1 test suite ran. (0 ms total)
[  PASSED  ] 1 test.
</system-out>
	</testcase>
	<testcase name="HashTable.InsertFindErase" classname="HashTable.InsertFindErase" time="0.0229583" status="run">
		<properties/>
		<system-out>Running main() from C:\Users\ahmet\OneDrive\Masaüstü\DataStructure\cen207-2025-2026-5-Mustafa-Yildirimm-cpp\build_win\_deps\googletest-src\googletest\src\gtest_main.cc
Note: Google Test filter = HashTable.InsertFindErase
[==========] Running 1 test from 1 test suite.
[----------] Global test environment set-up.
[----------] 1 test from HashTable
[ RUN      ] HashTable.InsertFindErase
[       OK ] HashTable.InsertFindErase (0 ms)
[----------] 1 test from HashTable (0 ms total)

[----------] Global test environment tear-down
[==========] 1 test from 1 test suite ran. (0 ms total)
[  PASSED  ] 1 test.
</system-out>
	</testcase>
	<testcase name="BinaryHeap.PushPopOrder" classname="BinaryHeap.PushPopOrder" time="0.0247918" status="run">
		<properties/>
		<system-out>Running main() from C:\Users\ahmet\OneDrive\Masaüstü\DataStructure\cen207-2025-2026-5-Mustafa-Yildirimm-cpp\build_win\_deps\googletest-src\googletest\src\gtest_main.cc
Note: Google Test filter = BinaryHeap.PushPopOrder
[==========] Running 1 test from 1 test suite.
[----------] Global test environment set-up.
[----------] 1 test from BinaryHeap
[ RUN      ] BinaryHeap.PushPopOrder
[       OK ] BinaryHeap.PushPopOrder (0 ms)
[----------] 1 test from BinaryHeap (0 ms total)

[----------] Global test environment tear-down
[==========] 1 test from 1 test suite ran. (0 ms total)
[  PASSED  ] 1 test.
</system-out>
	</testcase>
	<testcase name="BinaryHeap.HeapSort" classname="BinaryHeap.HeapSort" time="0.0329974" status="run">
		<properties/>
		<system-out>Running main() from C:\Users\ahmet\OneDrive\Masaüstü\DataStructure\cen207-2025-2026-5-Mustafa-Yildirimm-cpp\build_win\_deps\googletest-src\googletest\src\gtest_main.cc
Note: Google Test filter = BinaryHeap.HeapSort
[==========] Running 1 test from 1 test suite.
[----------] Global test environment set-up.
[----------] 1 test from BinaryHeap
[ RUN      ] BinaryHeap.HeapSort
[       OK ] BinaryHeap.HeapSort (0 ms)
[----------] 1 test from BinaryHeap (0 ms total)

[----------] Global test environment tear-down
[==========] 1 test from 1 test suite ran. (0 ms total)
[  PASSED  ] 1 test.
</system-out>
	</testcase>
	<testcase name="LexerParser.BasicProgramParse" classname="LexerParser.BasicProgramParse" time="0.0216854" status="run">
		<properties/>
		<system-out>Running main() from C:\Users\ahmet\OneDrive\Masaüstü\DataStructure\cen207-2025-2026-5-Mustafa-Yildirimm-cpp\build_win\_deps\googletest-src\googletest\src\gtest_main.cc
Note: Google Test filter = LexerParser.BasicProgramParse
[==========] Running 1 test from 1 test suite.
[----------] Global test environment set-up.
[----------] 1 test from LexerParser
[ RUN      ] LexerParser.BasicProgramParse
[       OK ] LexerParser.BasicProgramParse (0 ms)
[----------] 1 test from LexerParser (0 ms total)

[----------] Global test environment tear-down
[==========] 1 test from 1 test suite ran. (0 ms total)
[  PASSED  ] 1 test.
</system-out>
	</testcase>
	<testcase name="Codegen.EmitsCPP" classname="Codegen.EmitsCPP" time="0.0286956" status="run">
		<properties/>
		<system-out>Running main() from C:\Users\ahmet\OneDrive\Masaüstü\DataStructure\cen207-2025-2026-5-Mustafa-Yildirimm-cpp\build_win\_deps\googletest-src\googletest\src\gtest_main.cc
Note: Google Test filter = Codegen.EmitsCPP
[==========] Running 1 test from 1 test suite.
[----------] Global test environment set-up.
[----------] 1 test from Codegen
[ RUN      ] Codegen.EmitsCPP
[       OK ] Codegen.EmitsCPP (0 ms)
[----------] 1 test from Codegen (0 ms total)

[----------] Global test environment tear-down
[==========] 1 test from 1 test suite ran. (0 ms total)
[  PASSED  ] 1 test.
</system-out>
	</testcase>
	<testcase name="OverflowProtectionTest.TestSafeMultiplication" classname="OverflowProtectionTest.TestSafeMultiplication" time="0.0212367" status="run">
		<properties/>
		<system-out>Running main() from C:\Users\ahmet\OneDrive\Masaüstü\DataStructure\cen207-2025-2026-5-Mustafa-Yildirimm-cpp\build_win\_deps\googletest-src\googletest\src\gtest_main.cc
Note: Google Test filter = OverflowProtectionTest.TestSafeMultiplication
[==========] Running 1 test from 1 test suite.
[----------] Global test environment set-up.
[----------] 1 test from OverflowProtectionTest
[ RUN      ] OverflowProtectionTest.TestSafeMultiplication
[       OK ] OverflowProtectionTest.TestSafeMultiplication (0 ms)
[----------] 1 test from OverflowProtectionTest (0 ms total)

[----------] Global test environment tear-down
[==========] 1 test from 1 test suite ran. (0 ms total)
[  PASSED  ] 1 test.
</system-out>
	</testcase>
	<testcase name="OverflowProtectionTest.TestOverflowDetection" classname="OverflowProtectionTest.TestOverflowDetection" time="0.029257" status="run">
		<properties/>
		<system-out>Running main() from C:\Users\ahmet\OneDrive\Masaüstü\DataStructure\cen207-2025-2026-5-Mustafa-Yildirimm-cpp\build_win\_deps\googletest-src\googletest\src\gtest_main.cc
Note: Google Test filter = OverflowProtectionTest.TestOverflowDetection
[==========] Running 1 test from 1 test suite.
[----------] Global test environment set-up.
[----------] 1 test from OverflowProtectionTest
[ RUN      ] OverflowProtectionTest.TestOverflowDetection
[       OK ] OverflowProtectionTest.TestOverflowDetection (0 ms)
[----------] 1 test from OverflowProtectionTest (0 ms total)

[----------] Global test environment tear-down
[==========] 1 test from 1 test suite ran. (0 ms total)
[  PASSED  ] 1 test.
</system-out>
	</testcase>
	<testcase name="OverflowProtectionTest.TestChronoOverflowProtection" classname="OverflowProtectionTest.TestChronoOverflowProtection" time="0.0293333" status="run">
		<properties/>
		<system-out>Running main() from C:\Users\ahmet\OneDrive\Masaüstü\DataStructure\cen207-2025-2026-5-Mustafa-Yildirimm-cpp\build_win\_deps\googletest-src\googletest\src\gtest_main.cc
Note: Google Test filter = OverflowProtectionTest.TestChronoOverflowProtection
[==========] Running 1 test from 1 test suite.
[----------] Global test environment set-up.
[----------] 1 test from OverflowProtectionTest
[ RUN      ] OverflowProtectionTest.TestChronoOverflowProtection
[       OK ] OverflowProtectionTest.TestChronoOverflowProtection (0 ms)
[----------] 1 test from OverflowProtectionTest (0 ms total)

[----------] Global test environment tear-down
[==========] 1 test from 1 test suite ran. (0 ms total)
[  PASSED  ] 1 test.
</system-out>
	</testcase>
	<testcase name="OverflowProtectionTest.TestLargeValueHandling" classname="OverflowProtectionTest.TestLargeValueHandling" time="0.0216267" status="fail">
		<failure message="Failed"/>
		<properties/>
		<system-out>Running main() from C:\Users\ahmet\OneDrive\Masaüstü\DataStructure\cen207-2025-2026-5-Mustafa-Yildirimm-cpp\build_win\_deps\googletest-src\googletest\src\gtest_main.cc
Note: Google Test filter = OverflowProtectionTest.TestLargeValueHandling
[==========] Running 1 test from 1 test suite.
[----------] Global test environment set-up.
[----------] 1 test from OverflowProtectionTest
[ RUN      ] OverflowProtectionTest.TestLargeValueHandling
C:\Users\ahmet\OneDrive\Masa[NON-UTF-8-BYTE-0xFC]st[NON-UTF-8-BYTE-0xFC]\DataStructure\cen207-2025-2026-5-Mustafa-Yildirimm-cpp\tests\test_overflow_protection.cpp(139): error: Expected: (result) &gt; (0), actual: -1000 vs 0

[  FAILED  ] OverflowProtectionTest.TestLargeValueHandling (0 ms)
[----------] 1 test from OverflowProtectionTest (0 ms total)

[----------] Global test environment tear-down
[==========] 1 test from 1 test suite ran. (0 ms total)
[  PASSED  ] 0 tests.
[  FAILED  ] 1 test, listed below:
[  FAILED  ] OverflowProtectionTest.TestLargeValueHandling

 1 FAILED TEST
</system-out>
	</testcase>
	<testcase name="OverflowProtectionTest.TestFrequencySpecificCalculations" classname="OverflowProtectionTest.TestFrequencySpecificCalculations" time="0.0249427" status="run">
		<properties/>
		<system-out>Running main() from C:\Users\ahmet\OneDrive\Masaüstü\DataStructure\cen207-2025-2026-5-Mustafa-Yildirimm-cpp\build_win\_deps\googletest-src\googletest\src\gtest_main.cc
Note: Google Test filter = OverflowProtectionTest.TestFrequencySpecificCalculations
[==========] Running 1 test from 1 test suite.
[----------] Global test environment set-up.
[----------] 1 test from OverflowProtectionTest
[ RUN      ] OverflowProtectionTest.TestFrequencySpecificCalculations
[       OK ] OverflowProtectionTest.TestFrequencySpecificCalculations (0 ms)
[----------] 1 test from OverflowProtectionTest (0 ms total)

[----------] Global test environment tear-down
[==========] 1 test from 1 test suite ran. (0 ms total)
[  PASSED  ] 1 test.
</system-out>
	</testcase>
	<testcase name="OverflowProtectionTest.TestOverflowPreventionAlgorithm" classname="OverflowProtectionTest.TestOverflowPreventionAlgorithm" time="0.0181582" status="fail">
		<failure message="Failed"/>
		<properties/>
		<system-out>Running main() from C:\Users\ahmet\OneDrive\Masaüstü\DataStructure\cen207-2025-2026-5-Mustafa-Yildirimm-cpp\build_win\_deps\googletest-src\googletest\src\gtest_main.cc
Note: Google Test filter = OverflowProtectionTest.TestOverflowPreventionAlgorithm
[==========] Running 1 test from 1 test suite.
[----------] Global test environment set-up.
[----------] 1 test from OverflowProtectionTest
[ RUN      ] OverflowProtectionTest.TestOverflowPreventionAlgorithm
C:\Users\ahmet\OneDrive\Masa[NON-UTF-8-BYTE-0xFC]st[NON-UTF-8-BYTE-0xFC]\DataStructure\cen207-2025-2026-5-Mustafa-Yildirimm-cpp\tests\test_overflow_protection.cpp(234): error: Expected: (result) &gt;= (0), actual: -1000 vs 0

C:\Users\ahmet\OneDrive\Masa[NON-UTF-8-BYTE-0xFC]st[NON-UTF-8-BYTE-0xFC]\DataStructure\cen207-2025-2026-5-Mustafa-Yildirimm-cpp\tests\test_overflow_protection.cpp(238): error: Expected: { overflowSafeCalculation(testCase.counter, testCase.frequency, testCase.periodDen); } throws an exception of type std::overflow_error.
  Actual: it throws nothing.

[  FAILED  ] OverflowProtectionTest.TestOverflowPreventionAlgorithm (0 ms)
[----------] 1 test from OverflowProtectionTest (0 ms total)

[----------] Global test environment tear-down
[==========] 1 test from 1 test suite ran. (0 ms total)
[  PASSED  ] 0 tests.
[  FAILED  ] 1 test, listed below:
[  FAILED  ] OverflowProtectionTest.TestOverflowPreventionAlgorithm

 1 FAILED TEST
</system-out>
	</testcase>
	<testcase name="OverflowProtectionTest.TestEdgeCases" classname="OverflowProtectionTest.TestEdgeCases" time="0.020423" status="fail">
		<failure message="Failed"/>
		<properties/>
		<system-out>Running main() from C:\Users\ahmet\OneDrive\Masaüstü\DataStructure\cen207-2025-2026-5-Mustafa-Yildirimm-cpp\build_win\_deps\googletest-src\googletest\src\gtest_main.cc
Note: Google Test filter = OverflowProtectionTest.TestEdgeCases
[==========] Running 1 test from 1 test suite.
[----------] Global test environment set-up.
[----------] 1 test from OverflowProtectionTest
[ RUN      ] OverflowProtectionTest.TestEdgeCases
C:\Users\ahmet\OneDrive\Masa[NON-UTF-8-BYTE-0xFC]st[NON-UTF-8-BYTE-0xFC]\DataStructure\cen207-2025-2026-5-Mustafa-Yildirimm-cpp\tests\test_overflow_protection.cpp(271): error: Value of: testEdgeCase(std::numeric_limits&lt;long long&gt;::max() / 4, 1000000, 1000000000)
  Actual: false
Expected: true

unknown file: error: SEH exception with code 0xc0000094 thrown in the test body.
Stack trace:


[  FAILED  ] OverflowProtectionTest.TestEdgeCases (1 ms)
[----------] 1 test from OverflowProtectionTest (1 ms total)

[----------] Global test environment tear-down
[==========] 1 test from 1 test suite ran. (1 ms total)
[  PASSED  ] 0 tests.
[  FAILED  ] 1 test, listed below:
[  FAILED  ] OverflowProtectionTest.TestEdgeCases

 1 FAILED TEST
</system-out>
	</testcase>
	<testcase name="SparseMatrix.InsertAndLookup" classname="SparseMatrix.InsertAndLookup" time="0.0299693" status="run">
		<properties/>
		<system-out>Running main() from C:\Users\ahmet\OneDrive\Masaüstü\DataStructure\cen207-2025-2026-5-Mustafa-Yildirimm-cpp\build_win\_deps\googletest-src\googletest\src\gtest_main.cc
Note: Google Test filter = SparseMatrix.InsertAndLookup
[==========] Running 1 test from 1 test suite.
[----------] Global test environment set-up.
[----------] 1 test from SparseMatrix
[ RUN      ] SparseMatrix.InsertAndLookup
[       OK ] SparseMatrix.InsertAndLookup (0 ms)
[----------] 1 test from SparseMatrix (0 ms total)

[----------] Global test environment tear-down
[==========] 1 test from 1 test suite ran. (0 ms total)
[  PASSED  ] 1 test.
</system-out>
	</testcase>
	<testcase name="StackQueue.StackLIFO" classname="StackQueue.StackLIFO" time="0.022928" status="run">
		<properties/>
		<system-out>Running main() from C:\Users\ahmet\OneDrive\Masaüstü\DataStructure\cen207-2025-2026-5-Mustafa-Yildirimm-cpp\build_win\_deps\googletest-src\googletest\src\gtest_main.cc
Note: Google Test filter = StackQueue.StackLIFO
[==========] Running 1 test from 1 test suite.
[----------] Global test environment set-up.
[----------] 1 test from StackQueue
[ RUN      ] StackQueue.StackLIFO
[       OK ] StackQueue.StackLIFO (0 ms)
[----------] 1 test from StackQueue (0 ms total)

[----------] Global test environment tear-down
[==========] 1 test from 1 test suite ran. (0 ms total)
[  PASSED  ] 1 test.
</system-out>
	</testcase>
	<testcase name="StackQueue.QueueFIFO" classname="StackQueue.QueueFIFO" time="0.022006" status="run">
		<properties/>
		<system-out>Running main() from C:\Users\ahmet\OneDrive\Masaüstü\DataStructure\cen207-2025-2026-5-Mustafa-Yildirimm-cpp\build_win\_deps\googletest-src\googletest\src\gtest_main.cc
Note: Google Test filter = StackQueue.QueueFIFO
[==========] Running 1 test from 1 test suite.
[----------] Global test environment set-up.
[----------] 1 test from StackQueue
[ RUN      ] StackQueue.QueueFIFO
[       OK ] StackQueue.QueueFIFO (0 ms)
[----------] 1 test from StackQueue (0 ms total)

[----------] Global test environment tear-down
[==========] 1 test from 1 test suite ran. (0 ms total)
[  PASSED  ] 1 test.
</system-out>
	</testcase>
	<testcase name="XORLinkedList.InsertDeleteNavigate" classname="XORLinkedList.InsertDeleteNavigate" time="0.0299723" status="run">
		<properties/>
		<system-out>Running main() from C:\Users\ahmet\OneDrive\Masaüstü\DataStructure\cen207-2025-2026-5-Mustafa-Yildirimm-cpp\build_win\_deps\googletest-src\googletest\src\gtest_main.cc
Note: Google Test filter = XORLinkedList.InsertDeleteNavigate
[==========] Running 1 test from 1 test suite.
[----------] Global test environment set-up.
[----------] 1 test from XORLinkedList
[ RUN      ] XORLinkedList.InsertDeleteNavigate
[       OK ] XORLinkedList.InsertDeleteNavigate (0 ms)
[----------] 1 test from XORLinkedList (0 ms total)

[----------] Global test environment tear-down
[==========] 1 test from 1 test suite ran. (0 ms total)
[  PASSED  ] 1 test.
</system-out>
	</testcase>
</testsuite>
