SF:C:\Users\ahmet\OneDrive\Masaüstü\DataStructure\cen207-2025-2026-5-Mustafa-Yildirimm-cpp\tests\test_string_view_internal_utilities.cpp
DA:20,0
DA:1,1
end_of_record
SF:C:\Users\ahmet\OneDrive\Masaüstü\DataStructure\cen207-2025-2026-5-Mustafa-Yildirimm-cpp\tests\test_chrono_coverage.cpp
DA:14,0
DA:1,1
end_of_record
SF:C:\Users\ahmet\OneDrive\Masaüstü\DataStructure\cen207-2025-2026-5-Mustafa-Yildirimm-cpp\tests\test_string_view_coverage.cpp
DA:18,0
DA:1,1
end_of_record
SF:C:\Users\ahmet\OneDrive\Masaüstü\DataStructure\cen207-2025-2026-5-Mustafa-Yildirimm-cpp\tests\test_chrono_advanced_coverage.cpp
DA:17,0
DA:1,1
end_of_record
SF:C:\Users\ahmet\OneDrive\Masaüstü\DataStructure\cen207-2025-2026-5-Mustafa-Yildirimm-cpp\tests\test_string_view_advanced_coverage.cpp
DA:20,0
DA:1,1
end_of_record
SF:C:\Users\ahmet\OneDrive\Masaüstü\DataStructure\cen207-2025-2026-5-Mustafa-Yildirimm-cpp\tests\test_overflow_protection.cpp
DA:14,0
DA:1,1
end_of_record
SF:C:\Users\ahmet\OneDrive\Masaüstü\DataStructure\cen207-2025-2026-5-Mustafa-Yildirimm-cpp\README.md
DA:1,0
end_of_record
SF:C:\Users\ahmet\OneDrive\Masaüstü\DataStructure\cen207-2025-2026-5-Mustafa-Yildirimm-cpp\tests\test_doubly_linked_list.cpp
DA:4,0
DA:19,0
DA:1,0
end_of_record
SF:C:\Users\ahmet\OneDrive\Masaüstü\DataStructure\cen207-2025-2026-5-Mustafa-Yildirimm-cpp\tests\test_graph_bfs_dfs.cpp
DA:4,0
DA:1,0
end_of_record
SF:C:\Users\ahmet\OneDrive\Masaüstü\DataStructure\cen207-2025-2026-5-Mustafa-Yildirimm-cpp\tests\test_hash_table.cpp
DA:5,0
DA:1,0
end_of_record
SF:C:\Users\ahmet\OneDrive\Masaüstü\DataStructure\cen207-2025-2026-5-Mustafa-Yildirimm-cpp\tests\test_heap.cpp
DA:4,0
DA:9,0
DA:1,0
end_of_record
SF:C:\Users\ahmet\OneDrive\Masaüstü\DataStructure\cen207-2025-2026-5-Mustafa-Yildirimm-cpp\tests\test_lexer_parser_codegen.cpp
DA:7,0
DA:24,0
DA:1,0
end_of_record
SF:C:\Users\ahmet\OneDrive\Masaüstü\DataStructure\cen207-2025-2026-5-Mustafa-Yildirimm-cpp\tests\test_sparse_matrix.cpp
DA:4,0
DA:1,0
end_of_record
SF:C:\Users\ahmet\OneDrive\Masaüstü\DataStructure\cen207-2025-2026-5-Mustafa-Yildirimm-cpp\tests\test_stack_queue.cpp
DA:5,0
DA:10,0
DA:1,0
end_of_record
SF:C:\Users\ahmet\OneDrive\Masaüstü\DataStructure\cen207-2025-2026-5-Mustafa-Yildirimm-cpp\tests\test_xor_linked_list.cpp
DA:4,0
DA:1,0
end_of_record
