SF:C:\Users\ahmet\OneDrive\Masaüstü\DataStructure\cen207-2025-2026-5-Mustafa-Yildirimm-cpp\tests\test_advanced_coverage_boost.cpp
DA:35,0
DA:39,0
DA:33,0
DA:31,0
DA:29,0
DA:45,0
DA:80,0
DA:168,0
DA:213,0
DA:252,0
DA:292,0
DA:327,0
DA:358,0
DA:399,0
DA:436,0
DA:481,0
DA:509,0
DA:538,0
DA:1,1
end_of_record
SF:C:\Users\ahmet\OneDrive\Masaüstü\DataStructure\cen207-2025-2026-5-Mustafa-Yildirimm-cpp\tests\test_comprehensive_edge_cases.cpp
DA:28,0
DA:32,0
DA:26,0
DA:38,0
DA:119,0
DA:222,0
DA:237,0
DA:273,0
DA:306,0
DA:337,0
DA:393,0
DA:1,1
end_of_record
SF:C:\Users\ahmet\OneDrive\Masaüstü\DataStructure\cen207-2025-2026-5-Mustafa-Yildirimm-cpp\tests\test_language_translator_comprehensive.cpp
DA:27,0
DA:19,0
DA:23,0
DA:17,0
DA:31,0
DA:40,0
DA:52,0
DA:71,0
DA:83,0
DA:94,0
DA:105,0
DA:117,0
DA:137,0
DA:158,0
DA:183,0
DA:203,0
DA:216,0
DA:222,0
DA:228,0
DA:255,0
DA:1,1
end_of_record
SF:C:\Users\ahmet\OneDrive\Masaüstü\DataStructure\cen207-2025-2026-5-Mustafa-Yildirimm-cpp\tests\LanguageTranslator_test.cpp
DA:21,0
DA:13,0
DA:17,0
DA:11,0
DA:9,0
DA:25,0
DA:33,0
DA:40,0
DA:47,0
DA:55,0
DA:64,0
DA:74,0
DA:81,0
DA:88,0
DA:96,0
DA:104,0
DA:110,0
DA:116,0
DA:122,0
DA:129,0
DA:142,0
DA:153,0
DA:159,0
DA:165,0
DA:172,0
DA:180,0
DA:186,0
DA:196,0
DA:205,0
DA:214,0
DA:230,0
DA:238,0
DA:1,1
end_of_record
SF:C:\Users\ahmet\OneDrive\Masaüstü\DataStructure\cen207-2025-2026-5-Mustafa-Yildirimm-cpp\tests\test_safe_chrono_calculator.cpp
DA:19,0
DA:23,0
DA:17,0
DA:29,0
DA:44,0
DA:56,0
DA:68,0
DA:97,0
DA:108,0
DA:124,0
DA:141,0
DA:160,0
DA:172,0
DA:185,0
DA:1,1
end_of_record
SF:C:\Users\ahmet\OneDrive\Masaüstü\DataStructure\cen207-2025-2026-5-Mustafa-Yildirimm-cpp\tests\test_simple_coverage_boost.cpp
DA:22,0
DA:26,0
DA:20,0
DA:32,0
DA:60,0
DA:71,0
DA:87,0
DA:104,0
DA:124,0
DA:143,0
DA:154,0
DA:173,0
DA:186,0
DA:198,0
DA:210,0
DA:221,0
DA:239,0
DA:254,0
DA:279,0
DA:290,0
DA:1,1
end_of_record
SF:C:\Users\ahmet\OneDrive\Masaüstü\DataStructure\cen207-2025-2026-5-Mustafa-Yildirimm-cpp\tests\test_string_view_comprehensive.cpp
DA:18,0
DA:19,0
DA:22,0
DA:24,0
DA:26,0
DA:28,0
DA:30,0
DA:31,0
DA:32,0
DA:33,0
DA:35,0
DA:40,0
DA:45,0
DA:51,0
DA:58,0
DA:68,0
DA:73,0
DA:78,0
DA:82,0
DA:88,0
DA:93,0
DA:98,0
DA:99,0
DA:102,0
DA:107,0
DA:111,0
DA:117,0
DA:121,0
DA:125,0
DA:130,0
DA:16,0
DA:141,0
DA:145,0
DA:139,0
DA:151,0
DA:186,0
DA:211,0
DA:240,0
DA:272,0
DA:301,0
DA:340,0
DA:354,0
DA:378,0
DA:423,0
DA:440,0
DA:469,0
DA:493,0
DA:506,0
DA:1,1
end_of_record
SF:C:\Users\ahmet\OneDrive\Masaüstü\DataStructure\cen207-2025-2026-5-Mustafa-Yildirimm-cpp\tests\test_string_view_internal_utilities.cpp
DA:20,0
DA:1,1
end_of_record
SF:C:\Users\ahmet\OneDrive\Masaüstü\DataStructure\cen207-2025-2026-5-Mustafa-Yildirimm-cpp\tests\test_chrono_coverage.cpp
DA:14,0
DA:1,1
end_of_record
SF:C:\Users\ahmet\OneDrive\Masaüstü\DataStructure\cen207-2025-2026-5-Mustafa-Yildirimm-cpp\tests\test_string_view_coverage.cpp
DA:18,0
DA:1,1
end_of_record
SF:C:\Users\ahmet\OneDrive\Masaüstü\DataStructure\cen207-2025-2026-5-Mustafa-Yildirimm-cpp\tests\test_chrono_advanced_coverage.cpp
DA:17,0
DA:1,1
end_of_record
SF:C:\Users\ahmet\OneDrive\Masaüstü\DataStructure\cen207-2025-2026-5-Mustafa-Yildirimm-cpp\tests\test_string_view_advanced_coverage.cpp
DA:20,0
DA:1,1
end_of_record
SF:C:\Users\ahmet\OneDrive\Masaüstü\DataStructure\cen207-2025-2026-5-Mustafa-Yildirimm-cpp\tests\test_overflow_protection.cpp
DA:14,0
DA:1,1
end_of_record
SF:C:\Users\ahmet\OneDrive\Masaüstü\DataStructure\cen207-2025-2026-5-Mustafa-Yildirimm-cpp\tests\test_math_utility.cpp
DA:8,0
DA:10,0
DA:21,0
DA:1,0
end_of_record
SF:C:\Users\ahmet\OneDrive\Masaüstü\DataStructure\cen207-2025-2026-5-Mustafa-Yildirimm-cpp\tests\[generated]
DA:1,0
end_of_record
SF:C:\Users\ahmet\OneDrive\Masaüstü\DataStructure\cen207-2025-2026-5-Mustafa-Yildirimm-cpp\tests\test_translator_additional.cpp
DA:11,0
DA:14,0
DA:21,0
DA:29,0
DA:37,0
DA:45,0
DA:53,0
DA:61,0
DA:69,0
DA:77,0
DA:87,0
DA:97,0
DA:105,0
DA:1,0
end_of_record
SF:C:\Users\ahmet\OneDrive\Masaüstü\DataStructure\cen207-2025-2026-5-Mustafa-Yildirimm-cpp\README.md
DA:1,0
end_of_record
SF:C:\Users\ahmet\OneDrive\Masaüstü\DataStructure\cen207-2025-2026-5-Mustafa-Yildirimm-cpp\tests\test_doubly_linked_list.cpp
DA:4,0
DA:19,0
DA:1,0
end_of_record
SF:C:\Users\ahmet\OneDrive\Masaüstü\DataStructure\cen207-2025-2026-5-Mustafa-Yildirimm-cpp\tests\test_graph_bfs_dfs.cpp
DA:4,0
DA:1,0
end_of_record
SF:C:\Users\ahmet\OneDrive\Masaüstü\DataStructure\cen207-2025-2026-5-Mustafa-Yildirimm-cpp\tests\test_hash_table.cpp
DA:5,0
DA:1,0
end_of_record
SF:C:\Users\ahmet\OneDrive\Masaüstü\DataStructure\cen207-2025-2026-5-Mustafa-Yildirimm-cpp\tests\test_heap.cpp
DA:4,0
DA:9,0
DA:1,0
end_of_record
SF:C:\Users\ahmet\OneDrive\Masaüstü\DataStructure\cen207-2025-2026-5-Mustafa-Yildirimm-cpp\tests\test_language_translator_extra.cpp
DA:10,0
DA:16,0
DA:38,0
DA:1,0
end_of_record
SF:C:\Users\ahmet\OneDrive\Masaüstü\DataStructure\cen207-2025-2026-5-Mustafa-Yildirimm-cpp\tests\test_lexer_parser_codegen.cpp
DA:7,0
DA:24,0
DA:1,0
end_of_record
SF:C:\Users\ahmet\OneDrive\Masaüstü\DataStructure\cen207-2025-2026-5-Mustafa-Yildirimm-cpp\tests\test_sparse_matrix.cpp
DA:4,0
DA:1,0
end_of_record
SF:C:\Users\ahmet\OneDrive\Masaüstü\DataStructure\cen207-2025-2026-5-Mustafa-Yildirimm-cpp\tests\test_stack_queue.cpp
DA:5,0
DA:10,0
DA:1,0
end_of_record
SF:C:\Users\ahmet\OneDrive\Masaüstü\DataStructure\cen207-2025-2026-5-Mustafa-Yildirimm-cpp\tests\test_translator_coverage_topoff.cpp
DA:16,0
DA:44,0
DA:58,0
DA:68,0
DA:87,0
DA:1,1
end_of_record
SF:C:\Users\ahmet\OneDrive\Masaüstü\DataStructure\cen207-2025-2026-5-Mustafa-Yildirimm-cpp\tests\test_xor_linked_list.cpp
DA:4,0
DA:1,0
end_of_record
