SF:C:\Users\ahmet\OneDrive\Masaüstü\DataStructure\cen207-2025-2026-5-Mustafa-Yildirimm-cpp\src\utility\header\mathUtility.h
DA:33,1
DA:45,1
DA:59,1
DA:72,1
DA:20,1
DA:12,0
DA:14,0
DA:1,1
end_of_record
SF:C:\Users\ahmet\OneDrive\Masaüstü\DataStructure\cen207-2025-2026-5-Mustafa-Yildirimm-cpp\README.md
DA:1,0
end_of_record
SF:C:\Users\ahmet\OneDrive\Masaüstü\DataStructure\cen207-2025-2026-5-Mustafa-Yildirimm-cpp\src\utility\header\commonTypes.h
DA:1,1
end_of_record
SF:C:\Users\ahmet\OneDrive\Masaüstü\DataStructure\cen207-2025-2026-5-Mustafa-Yildirimm-cpp\src\utility\src\mathUtility.cpp
DA:1,1
end_of_record
