SF:C:\Users\ahmet\OneDrive\Masaüstü\DataStructure\cen207-2025-2026-5-Mustafa-Yildirimm-cpp\src\translator\ast.h
DA:28,0
DA:29,0
DA:30,0
DA:31,0
DA:33,0
DA:27,0
DA:11,0
DA:12,0
DA:10,0
DA:69,0
DA:70,0
DA:68,0
DA:58,0
DA:59,0
DA:57,0
DA:63,0
DA:64,0
DA:65,0
DA:62,0
DA:53,0
DA:54,0
DA:52,0
DA:41,0
DA:42,0
DA:43,0
DA:40,0
DA:16,0
DA:17,0
DA:18,0
DA:15,0
DA:47,0
DA:48,0
DA:49,0
DA:46,0
DA:79,0
DA:80,0
DA:77,0
DA:74,0
DA:73,0
DA:38,0
DA:22,0
DA:23,0
DA:24,0
DA:21,0
DA:8,0
DA:36,0
DA:6,0
DA:1,0
end_of_record
SF:C:\Users\ahmet\OneDrive\Masaüstü\DataStructure\cen207-2025-2026-5-Mustafa-Yildirimm-cpp\include\ds\heap.h
DA:9,0
DA:10,0
DA:11,0
DA:14,0
DA:19,0
DA:20,0
DA:21,0
DA:22,0
DA:23,0
DA:24,0
DA:8,0
DA:1,0
end_of_record
SF:C:\Users\ahmet\OneDrive\Masaüstü\DataStructure\cen207-2025-2026-5-Mustafa-Yildirimm-cpp\src\translator\cfg.h
DA:9,0
DA:11,0
DA:8,0
DA:14,0
DA:1,0
end_of_record
SF:C:\Users\ahmet\OneDrive\Masaüstü\DataStructure\cen207-2025-2026-5-Mustafa-Yildirimm-cpp\src\translator\codegen.h
DA:9,0
DA:7,0
DA:1,0
end_of_record
SF:C:\Users\ahmet\OneDrive\Masaüstü\DataStructure\cen207-2025-2026-5-Mustafa-Yildirimm-cpp\include\ds\doubly_linked_list.h
DA:10,0
DA:11,0
DA:12,0
DA:15,0
DA:16,0
DA:17,0
DA:18,0
DA:34,0
DA:35,0
DA:36,0
DA:38,0
DA:39,0
DA:41,0
DA:47,0
DA:55,0
DA:63,0
DA:71,0
DA:8,0
DA:21,0
DA:22,0
DA:23,0
DA:24,0
DA:25,0
DA:26,0
DA:27,0
DA:28,0
DA:29,0
DA:30,0
DA:31,0
DA:20,0
DA:9,0
DA:5,0
DA:1,0
end_of_record
SF:C:\Users\ahmet\OneDrive\Masaüstü\DataStructure\cen207-2025-2026-5-Mustafa-Yildirimm-cpp\include\ds\hash_table.h
DA:13,0
DA:14,0
DA:15,0
DA:16,0
DA:17,0
DA:19,0
DA:20,0
DA:25,0
DA:28,0
DA:29,0
DA:30,0
DA:32,0
DA:40,0
DA:41,0
DA:42,0
DA:43,0
DA:12,0
DA:9,0
DA:1,0
end_of_record
SF:C:\Users\ahmet\OneDrive\Masaüstü\DataStructure\cen207-2025-2026-5-Mustafa-Yildirimm-cpp\include\ds\graph.h
DA:8,0
DA:10,0
DA:11,0
DA:12,0
DA:13,0
DA:14,0
DA:16,0
DA:22,0
DA:25,0
DA:7,0
DA:1,0
end_of_record
SF:C:\Users\ahmet\OneDrive\Masaüstü\DataStructure\cen207-2025-2026-5-Mustafa-Yildirimm-cpp\src\LanguageTranslator\header\LanguageTranslator.h
DA:28,0
DA:29,0
DA:32,0
DA:33,0
DA:34,0
DA:37,0
DA:38,0
DA:39,0
DA:41,0
DA:42,0
DA:43,0
DA:44,0
DA:47,0
DA:48,0
DA:49,0
DA:53,1
DA:54,0
DA:57,1
DA:59,1
DA:61,1
DA:65,1
DA:67,1
DA:69,1
DA:73,1
DA:75,1
DA:77,1
DA:79,1
DA:81,1
DA:85,1
DA:87,1
DA:89,1
DA:91,1
DA:92,0
DA:96,1
DA:98,1
DA:102,1
DA:104,1
DA:108,1
DA:110,1
DA:114,1
DA:116,1
DA:120,1
DA:122,1
DA:124,1
DA:128,1
DA:130,1
DA:134,1
DA:136,1
DA:138,1
DA:140,1
DA:142,1
DA:24,1
DA:16,0
DA:18,0
DA:1,1
end_of_record
SF:C:\Users\ahmet\OneDrive\Masaüstü\DataStructure\cen207-2025-2026-5-Mustafa-Yildirimm-cpp\src\translator\lexer.h
DA:9,0
DA:11,0
DA:12,0
DA:8,0
DA:1,0
end_of_record
SF:C:\Users\ahmet\OneDrive\Masaüstü\DataStructure\cen207-2025-2026-5-Mustafa-Yildirimm-cpp\include\ds\queue.h
DA:8,0
DA:9,0
DA:11,0
DA:12,0
DA:13,0
DA:14,0
DA:15,0
DA:16,0
DA:7,0
DA:1,0
end_of_record
SF:C:\Users\ahmet\OneDrive\Masaüstü\DataStructure\cen207-2025-2026-5-Mustafa-Yildirimm-cpp\include\ds\stack.h
DA:8,0
DA:9,0
DA:11,0
DA:12,0
DA:13,0
DA:14,0
DA:15,0
DA:16,0
DA:7,0
DA:1,0
end_of_record
SF:C:\Users\ahmet\OneDrive\Masaüstü\DataStructure\cen207-2025-2026-5-Mustafa-Yildirimm-cpp\include\ds\xor_linked_list.h
DA:10,0
DA:11,0
DA:12,0
DA:13,0
DA:15,0
DA:20,0
DA:21,0
DA:22,0
DA:23,0
DA:25,0
DA:31,0
DA:32,0
DA:34,0
DA:45,0
DA:56,0
DA:64,0
DA:74,0
DA:80,0
DA:86,0
DA:9,0
DA:1,0
end_of_record
SF:C:\Users\ahmet\OneDrive\Masaüstü\DataStructure\cen207-2025-2026-5-Mustafa-Yildirimm-cpp\src\translator\parser.h
DA:11,0
DA:12,0
DA:14,0
DA:15,0
DA:16,0
DA:17,0
DA:20,0
DA:21,0
DA:22,0
DA:24,0
DA:27,0
DA:28,0
DA:10,0
DA:1,0
end_of_record
SF:C:\Users\ahmet\OneDrive\Masaüstü\DataStructure\cen207-2025-2026-5-Mustafa-Yildirimm-cpp\src\LanguageTranslator\header\Persistence.h
DA:36,0
DA:38,0
DA:34,0
DA:26,0
DA:27,0
DA:28,0
DA:29,0
DA:30,0
DA:25,1
DA:17,0
DA:18,0
DA:19,0
DA:20,0
DA:21,0
DA:16,1
DA:43,1
DA:45,1
DA:48,1
DA:50,1
DA:52,0
DA:53,0
DA:55,0
DA:56,0
DA:58,0
DA:59,0
DA:63,1
DA:65,1
DA:40,0
DA:1,1
end_of_record
SF:C:\Users\ahmet\OneDrive\Masaüstü\DataStructure\cen207-2025-2026-5-Mustafa-Yildirimm-cpp\include\ds\sparse_matrix.h
DA:11,0
DA:12,0
DA:10,0
DA:14,0
DA:15,0
DA:16,0
DA:17,0
DA:18,0
DA:19,0
DA:8,0
DA:1,0
end_of_record
SF:C:\Users\ahmet\OneDrive\Masaüstü\DataStructure\cen207-2025-2026-5-Mustafa-Yildirimm-cpp\src\translator\symbol_table.h
DA:8,0
DA:10,0
DA:11,0
DA:12,0
DA:7,0
DA:1,0
end_of_record
SF:C:\Users\ahmet\OneDrive\Masaüstü\DataStructure\cen207-2025-2026-5-Mustafa-Yildirimm-cpp\src\translator\token.h
DA:12,0
DA:6,0
DA:1,0
end_of_record
SF:C:\Users\ahmet\OneDrive\Masaüstü\DataStructure\cen207-2025-2026-5-Mustafa-Yildirimm-cpp\src\translator\codegen.cpp
DA:6,0
DA:1,0
end_of_record
SF:C:\Users\ahmet\OneDrive\Masaüstü\DataStructure\cen207-2025-2026-5-Mustafa-Yildirimm-cpp\src\translator\lexer.cpp
DA:6,0
DA:7,0
DA:1,0
end_of_record
SF:C:\Users\ahmet\OneDrive\Masaüstü\DataStructure\cen207-2025-2026-5-Mustafa-Yildirimm-cpp\src\translator\parser.cpp
DA:6,0
DA:7,0
DA:1,0
end_of_record
SF:C:\Users\ahmet\OneDrive\Masaüstü\DataStructure\cen207-2025-2026-5-Mustafa-Yildirimm-cpp\README.md
DA:1,0
end_of_record
